[2024-12-08T23:59:46.380770+00:00] neuffer.test_task.INFO: Started plus operation   [] []
[2024-12-08T23:59:46.381772+00:00] neuffer.test_task.INFO: numbers 19 and -40 are wrong [] []
[2024-12-08T23:59:46.381805+00:00] neuffer.test_task.INFO: numbers -2 and -55 are wrong [] []
[2024-12-08T23:59:46.381856+00:00] neuffer.test_task.INFO: numbers -38 and -50 are wrong [] []
[2024-12-08T23:59:46.381926+00:00] neuffer.test_task.INFO: numbers -39 and -23 are wrong [] []
[2024-12-08T23:59:46.381944+00:00] neuffer.test_task.INFO: numbers -44 and -59 are wrong [] []
[2024-12-08T23:59:46.381979+00:00] neuffer.test_task.INFO: numbers -88 and -77 are wrong [] []
[2024-12-08T23:59:46.382005+00:00] neuffer.test_task.INFO: numbers -22 and 16 are wrong [] []
[2024-12-08T23:59:46.382023+00:00] neuffer.test_task.INFO: numbers -69 and -71 are wrong [] []
[2024-12-08T23:59:46.382036+00:00] neuffer.test_task.INFO: numbers -48 and 41 are wrong [] []
[2024-12-08T23:59:46.382055+00:00] neuffer.test_task.INFO: numbers -41 and -6 are wrong [] []
[2024-12-08T23:59:46.382075+00:00] neuffer.test_task.INFO: numbers -26 and 8 are wrong [] []
[2024-12-08T23:59:46.382119+00:00] neuffer.test_task.INFO: numbers -4 and -16 are wrong [] []
[2024-12-08T23:59:46.382133+00:00] neuffer.test_task.INFO: numbers -55 and 33 are wrong [] []
[2024-12-08T23:59:46.382189+00:00] neuffer.test_task.INFO: numbers -99 and 39 are wrong [] []
[2024-12-08T23:59:46.382203+00:00] neuffer.test_task.INFO: numbers -52 and -91 are wrong [] []
[2024-12-08T23:59:46.382216+00:00] neuffer.test_task.INFO: numbers -83 and 40 are wrong [] []
[2024-12-08T23:59:46.382238+00:00] neuffer.test_task.INFO: numbers -91 and 70 are wrong [] []
[2024-12-08T23:59:46.382252+00:00] neuffer.test_task.INFO: numbers -36 and 35 are wrong [] []
[2024-12-08T23:59:46.382269+00:00] neuffer.test_task.INFO: numbers -93 and 92 are wrong [] []
[2024-12-08T23:59:46.382284+00:00] neuffer.test_task.INFO: numbers -3 and -92 are wrong [] []
[2024-12-08T23:59:46.382299+00:00] neuffer.test_task.INFO: numbers -24 and -85 are wrong [] []
[2024-12-08T23:59:46.382318+00:00] neuffer.test_task.INFO: numbers 3 and -78 are wrong [] []
[2024-12-08T23:59:46.382333+00:00] neuffer.test_task.INFO: numbers 6 and -44 are wrong [] []
[2024-12-08T23:59:46.382344+00:00] neuffer.test_task.INFO: numbers -61 and -88 are wrong [] []
[2024-12-08T23:59:46.382356+00:00] neuffer.test_task.INFO: numbers -25 and -18 are wrong [] []
[2024-12-08T23:59:46.382367+00:00] neuffer.test_task.INFO: numbers 17 and -65 are wrong [] []
[2024-12-08T23:59:46.382382+00:00] neuffer.test_task.INFO: numbers -18 and 3 are wrong [] []
[2024-12-08T23:59:46.382393+00:00] neuffer.test_task.INFO: numbers 33 and -62 are wrong [] []
[2024-12-08T23:59:46.382408+00:00] neuffer.test_task.INFO: numbers -86 and 56 are wrong [] []
[2024-12-08T23:59:46.382419+00:00] neuffer.test_task.INFO: numbers 15 and -27 are wrong [] []
[2024-12-08T23:59:46.382430+00:00] neuffer.test_task.INFO: numbers -71 and -81 are wrong [] []
[2024-12-08T23:59:46.382441+00:00] neuffer.test_task.INFO: numbers -98 and -37 are wrong [] []
[2024-12-08T23:59:46.382456+00:00] neuffer.test_task.INFO: numbers -11 and -76 are wrong [] []
[2024-12-08T23:59:46.382467+00:00] neuffer.test_task.INFO: numbers -5 and -29 are wrong [] []
[2024-12-08T23:59:46.382478+00:00] neuffer.test_task.INFO: numbers -96 and 32 are wrong [] []
[2024-12-08T23:59:46.382509+00:00] neuffer.test_task.INFO: numbers 10 and -24 are wrong [] []
[2024-12-08T23:59:46.382520+00:00] neuffer.test_task.INFO: numbers -64 and 59 are wrong [] []
[2024-12-08T23:59:46.382535+00:00] neuffer.test_task.INFO: numbers -5 and -28 are wrong [] []
[2024-12-08T23:59:46.382546+00:00] neuffer.test_task.INFO: numbers -87 and 70 are wrong [] []
[2024-12-08T23:59:46.382561+00:00] neuffer.test_task.INFO: numbers -94 and 33 are wrong [] []
[2024-12-08T23:59:46.382576+00:00] neuffer.test_task.INFO: numbers -84 and -57 are wrong [] []
[2024-12-08T23:59:46.382587+00:00] neuffer.test_task.INFO: numbers -64 and 11 are wrong [] []
[2024-12-08T23:59:46.382606+00:00] neuffer.test_task.INFO: numbers -89 and 1 are wrong [] []
[2024-12-08T23:59:46.382635+00:00] neuffer.test_task.INFO: numbers -67 and 40 are wrong [] []
[2024-12-08T23:59:46.382650+00:00] neuffer.test_task.INFO: numbers -42 and -34 are wrong [] []
[2024-12-08T23:59:46.382669+00:00] neuffer.test_task.INFO: numbers -44 and 34 are wrong [] []
[2024-12-08T23:59:46.382683+00:00] neuffer.test_task.INFO: numbers -89 and -40 are wrong [] []
[2024-12-08T23:59:46.382693+00:00] neuffer.test_task.INFO: numbers 23 and -63 are wrong [] []
[2024-12-08T23:59:46.382706+00:00] neuffer.test_task.INFO: numbers 67 and -98 are wrong [] []
[2024-12-08T23:59:46.382716+00:00] neuffer.test_task.INFO: numbers -96 and -55 are wrong [] []
[2024-12-08T23:59:46.382726+00:00] neuffer.test_task.INFO: numbers -46 and -33 are wrong [] []
[2024-12-08T23:59:46.382736+00:00] neuffer.test_task.INFO: numbers -46 and -45 are wrong [] []
[2024-12-08T23:59:46.382754+00:00] neuffer.test_task.INFO: numbers -51 and 19 are wrong [] []
[2024-12-08T23:59:46.382768+00:00] neuffer.test_task.INFO: numbers 1 and -81 are wrong [] []
[2024-12-08T23:59:46.382790+00:00] neuffer.test_task.INFO: numbers -82 and 61 are wrong [] []
[2024-12-08T23:59:46.382800+00:00] neuffer.test_task.INFO: numbers -71 and -87 are wrong [] []
[2024-12-08T23:59:46.382810+00:00] neuffer.test_task.INFO: numbers -73 and 9 are wrong [] []
[2024-12-08T23:59:46.382820+00:00] neuffer.test_task.INFO: numbers 31 and -73 are wrong [] []
[2024-12-08T23:59:46.382830+00:00] neuffer.test_task.INFO: numbers -80 and -29 are wrong [] []
[2024-12-08T23:59:46.382852+00:00] neuffer.test_task.INFO: numbers -54 and -77 are wrong [] []
[2024-12-08T23:59:46.382865+00:00] neuffer.test_task.INFO: numbers 57 and -94 are wrong [] []
[2024-12-08T23:59:46.382875+00:00] neuffer.test_task.INFO: numbers -30 and -21 are wrong [] []
[2024-12-08T23:59:46.382897+00:00] neuffer.test_task.INFO: numbers 22 and -62 are wrong [] []
[2024-12-08T23:59:46.382907+00:00] neuffer.test_task.INFO: numbers 24 and -62 are wrong [] []
[2024-12-08T23:59:46.382917+00:00] neuffer.test_task.INFO: numbers -55 and 44 are wrong [] []
[2024-12-08T23:59:46.382931+00:00] neuffer.test_task.INFO: numbers 60 and -74 are wrong [] []
[2024-12-08T23:59:46.382949+00:00] neuffer.test_task.INFO: numbers -68 and 61 are wrong [] []
[2024-12-08T23:59:46.382959+00:00] neuffer.test_task.INFO: numbers -100 and 15 are wrong [] []
[2024-12-08T23:59:46.382969+00:00] neuffer.test_task.INFO: numbers -49 and -55 are wrong [] []
[2024-12-08T23:59:46.382986+00:00] neuffer.test_task.INFO: numbers 28 and -62 are wrong [] []
[2024-12-08T23:59:46.382996+00:00] neuffer.test_task.INFO: numbers -38 and 10 are wrong [] []
[2024-12-08T23:59:46.383006+00:00] neuffer.test_task.INFO: numbers -50 and 1 are wrong [] []
[2024-12-08T23:59:46.383015+00:00] neuffer.test_task.INFO: numbers -8 and -32 are wrong [] []
[2024-12-08T23:59:46.383033+00:00] neuffer.test_task.INFO: numbers -88 and 28 are wrong [] []
[2024-12-08T23:59:46.383066+00:00] neuffer.test_task.INFO: numbers 5 and -16 are wrong [] []
[2024-12-08T23:59:46.383081+00:00] neuffer.test_task.INFO: numbers -45 and -31 are wrong [] []
[2024-12-08T23:59:46.383096+00:00] neuffer.test_task.INFO: numbers -66 and -75 are wrong [] []
[2024-12-08T23:59:46.383114+00:00] neuffer.test_task.INFO: numbers 42 and -84 are wrong [] []
[2024-12-08T23:59:46.383124+00:00] neuffer.test_task.INFO: numbers -55 and -17 are wrong [] []
[2024-12-08T23:59:46.383152+00:00] neuffer.test_task.INFO: numbers -55 and -76 are wrong [] []
[2024-12-08T23:59:46.383162+00:00] neuffer.test_task.INFO: numbers -68 and -31 are wrong [] []
[2024-12-08T23:59:46.383172+00:00] neuffer.test_task.INFO: numbers 4 and -77 are wrong [] []
[2024-12-08T23:59:46.383182+00:00] neuffer.test_task.INFO: numbers -51 and -84 are wrong [] []
[2024-12-08T23:59:46.383196+00:00] neuffer.test_task.INFO: numbers -85 and 13 are wrong [] []
[2024-12-08T23:59:46.383206+00:00] neuffer.test_task.INFO: numbers -51 and -30 are wrong [] []
[2024-12-08T23:59:46.383228+00:00] neuffer.test_task.INFO: numbers -82 and -98 are wrong [] []
[2024-12-08T23:59:46.383244+00:00] neuffer.test_task.INFO: numbers -40 and -75 are wrong [] []
[2024-12-08T23:59:46.383254+00:00] neuffer.test_task.INFO: numbers 85 and -89 are wrong [] []
[2024-12-08T23:59:46.383268+00:00] neuffer.test_task.INFO: numbers -88 and -21 are wrong [] []
[2024-12-08T23:59:46.383277+00:00] neuffer.test_task.INFO: numbers -28 and -42 are wrong [] []
[2024-12-08T23:59:46.383295+00:00] neuffer.test_task.INFO: numbers -45 and -89 are wrong [] []
[2024-12-08T23:59:46.383309+00:00] neuffer.test_task.INFO: numbers 13 and -54 are wrong [] []
[2024-12-08T23:59:46.383319+00:00] neuffer.test_task.INFO: numbers 38 and -51 are wrong [] []
[2024-12-08T23:59:46.383337+00:00] neuffer.test_task.INFO: numbers -70 and -77 are wrong [] []
[2024-12-08T23:59:46.383351+00:00] neuffer.test_task.INFO: numbers 27 and -76 are wrong [] []
[2024-12-08T23:59:46.383361+00:00] neuffer.test_task.INFO: numbers -97 and -70 are wrong [] []
[2024-12-08T23:59:46.383370+00:00] neuffer.test_task.INFO: numbers -83 and 32 are wrong [] []
[2024-12-08T23:59:46.383380+00:00] neuffer.test_task.INFO: numbers -54 and 50 are wrong [] []
[2024-12-08T23:59:46.383390+00:00] neuffer.test_task.INFO: numbers -77 and -27 are wrong [] []
[2024-12-08T23:59:46.383411+00:00] neuffer.test_task.INFO: numbers -54 and 46 are wrong [] []
[2024-12-08T23:59:46.383421+00:00] neuffer.test_task.INFO: numbers -96 and -54 are wrong [] []
[2024-12-08T23:59:46.383431+00:00] neuffer.test_task.INFO: numbers -5 and -62 are wrong [] []
[2024-12-08T23:59:46.383445+00:00] neuffer.test_task.INFO: numbers -9 and -73 are wrong [] []
[2024-12-08T23:59:46.383463+00:00] neuffer.test_task.INFO: numbers -39 and -33 are wrong [] []
[2024-12-08T23:59:46.383477+00:00] neuffer.test_task.INFO: numbers -88 and 0 are wrong [] []
[2024-12-08T23:59:46.383487+00:00] neuffer.test_task.INFO: numbers -38 and 18 are wrong [] []
[2024-12-08T23:59:46.383500+00:00] neuffer.test_task.INFO: numbers -21 and -55 are wrong [] []
[2024-12-08T23:59:46.383534+00:00] neuffer.test_task.INFO: numbers -31 and -45 are wrong [] []
[2024-12-08T23:59:46.383548+00:00] neuffer.test_task.INFO: numbers -48 and -49 are wrong [] []
[2024-12-08T23:59:46.383558+00:00] neuffer.test_task.INFO: numbers 71 and -71 are wrong [] []
[2024-12-08T23:59:46.383567+00:00] neuffer.test_task.INFO: numbers -32 and 32 are wrong [] []
[2024-12-08T23:59:46.383577+00:00] neuffer.test_task.INFO: numbers -54 and -84 are wrong [] []
[2024-12-08T23:59:46.383591+00:00] neuffer.test_task.INFO: numbers -71 and -78 are wrong [] []
[2024-12-08T23:59:46.383601+00:00] neuffer.test_task.INFO: numbers -29 and -79 are wrong [] []
[2024-12-08T23:59:46.383611+00:00] neuffer.test_task.INFO: numbers -28 and -41 are wrong [] []
[2024-12-08T23:59:46.383620+00:00] neuffer.test_task.INFO: numbers -6 and -68 are wrong [] []
[2024-12-08T23:59:46.383650+00:00] neuffer.test_task.INFO: numbers -76 and -44 are wrong [] []
[2024-12-08T23:59:46.383660+00:00] neuffer.test_task.INFO: numbers -41 and 4 are wrong [] []
[2024-12-08T23:59:46.383674+00:00] neuffer.test_task.INFO: numbers -36 and -78 are wrong [] []
[2024-12-08T23:59:46.383684+00:00] neuffer.test_task.INFO: numbers -24 and -85 are wrong [] []
[2024-12-08T23:59:46.383693+00:00] neuffer.test_task.INFO: numbers -31 and -68 are wrong [] []
[2024-12-08T23:59:46.383707+00:00] neuffer.test_task.INFO: numbers 10 and -53 are wrong [] []
[2024-12-08T23:59:46.383721+00:00] neuffer.test_task.INFO: numbers 55 and -92 are wrong [] []
[2024-12-08T23:59:46.383743+00:00] neuffer.test_task.INFO: numbers 10 and -25 are wrong [] []
[2024-12-08T23:59:46.383753+00:00] neuffer.test_task.INFO: numbers -5 and -20 are wrong [] []
[2024-12-08T23:59:46.383763+00:00] neuffer.test_task.INFO: numbers -53 and 25 are wrong [] []
[2024-12-08T23:59:46.383789+00:00] neuffer.test_task.INFO: numbers -69 and 43 are wrong [] []
[2024-12-08T23:59:46.383803+00:00] neuffer.test_task.INFO: numbers -86 and -91 are wrong [] []
[2024-12-08T23:59:46.383813+00:00] neuffer.test_task.INFO: numbers -64 and -12 are wrong [] []
[2024-12-08T23:59:46.383823+00:00] neuffer.test_task.INFO: numbers 12 and -51 are wrong [] []
[2024-12-08T23:59:46.383837+00:00] neuffer.test_task.INFO: numbers -44 and -87 are wrong [] []
[2024-12-08T23:59:46.383859+00:00] neuffer.test_task.INFO: numbers -14 and -31 are wrong [] []
[2024-12-08T23:59:46.383877+00:00] neuffer.test_task.INFO: numbers -16 and -5 are wrong [] []
[2024-12-08T23:59:46.383899+00:00] neuffer.test_task.INFO: numbers 66 and -68 are wrong [] []
[2024-12-08T23:59:46.383913+00:00] neuffer.test_task.INFO: numbers -33 and 7 are wrong [] []
[2024-12-08T23:59:46.383922+00:00] neuffer.test_task.INFO: numbers -9 and -56 are wrong [] []
[2024-12-08T23:59:46.383943+00:00] neuffer.test_task.INFO: numbers -52 and -55 are wrong [] []
[2024-12-08T23:59:46.383954+00:00] neuffer.test_task.INFO: numbers -29 and -7 are wrong [] []
[2024-12-08T23:59:46.383979+00:00] neuffer.test_task.INFO: numbers 35 and -93 are wrong [] []
[2024-12-08T23:59:46.383993+00:00] neuffer.test_task.INFO: numbers 57 and -71 are wrong [] []
[2024-12-08T23:59:46.384010+00:00] neuffer.test_task.INFO: numbers 27 and -70 are wrong [] []
[2024-12-08T23:59:46.384020+00:00] neuffer.test_task.INFO: numbers -53 and -63 are wrong [] []
[2024-12-08T23:59:46.384045+00:00] neuffer.test_task.INFO: numbers 26 and -81 are wrong [] []
[2024-12-08T23:59:46.384056+00:00] neuffer.test_task.INFO: numbers -5 and -51 are wrong [] []
[2024-12-08T23:59:46.384086+00:00] neuffer.test_task.INFO: numbers -5 and -32 are wrong [] []
[2024-12-08T23:59:46.384096+00:00] neuffer.test_task.INFO: numbers 58 and -71 are wrong [] []
[2024-12-08T23:59:46.384106+00:00] neuffer.test_task.INFO: numbers 56 and -59 are wrong [] []
[2024-12-08T23:59:46.384116+00:00] neuffer.test_task.INFO: numbers -56 and -62 are wrong [] []
[2024-12-08T23:59:46.384134+00:00] neuffer.test_task.INFO: numbers -48 and 31 are wrong [] []
[2024-12-08T23:59:46.384171+00:00] neuffer.test_task.INFO: numbers -95 and 2 are wrong [] []
[2024-12-08T23:59:46.384181+00:00] neuffer.test_task.INFO: numbers 71 and -83 are wrong [] []
[2024-12-08T23:59:46.384227+00:00] neuffer.test_task.INFO: numbers -47 and 44 are wrong [] []
[2024-12-08T23:59:46.384241+00:00] neuffer.test_task.INFO: numbers -62 and 48 are wrong [] []
[2024-12-08T23:59:46.384251+00:00] neuffer.test_task.INFO: numbers -11 and -76 are wrong [] []
[2024-12-08T23:59:46.384265+00:00] neuffer.test_task.INFO: numbers -52 and -62 are wrong [] []
[2024-12-08T23:59:46.384275+00:00] neuffer.test_task.INFO: numbers -76 and 27 are wrong [] []
[2024-12-08T23:59:46.384289+00:00] neuffer.test_task.INFO: numbers -97 and 20 are wrong [] []
[2024-12-08T23:59:46.384308+00:00] neuffer.test_task.INFO: numbers -25 and -95 are wrong [] []
[2024-12-08T23:59:46.384318+00:00] neuffer.test_task.INFO: numbers 84 and -100 are wrong [] []
[2024-12-08T23:59:46.384328+00:00] neuffer.test_task.INFO: numbers -88 and 75 are wrong [] []
[2024-12-08T23:59:46.384338+00:00] neuffer.test_task.INFO: numbers 51 and -97 are wrong [] []
[2024-12-08T23:59:46.384347+00:00] neuffer.test_task.INFO: numbers 6 and -26 are wrong [] []
[2024-12-08T23:59:46.384361+00:00] neuffer.test_task.INFO: numbers -97 and 67 are wrong [] []
[2024-12-08T23:59:46.384382+00:00] neuffer.test_task.INFO: numbers -59 and 32 are wrong [] []
[2024-12-08T23:59:46.384392+00:00] neuffer.test_task.INFO: numbers 23 and -33 are wrong [] []
[2024-12-08T23:59:46.384402+00:00] neuffer.test_task.INFO: numbers -86 and 69 are wrong [] []
[2024-12-08T23:59:46.384412+00:00] neuffer.test_task.INFO: numbers -12 and -70 are wrong [] []
[2024-12-08T23:59:46.384421+00:00] neuffer.test_task.INFO: numbers -86 and -29 are wrong [] []
[2024-12-08T23:59:46.384431+00:00] neuffer.test_task.INFO: numbers -23 and 1 are wrong [] []
[2024-12-08T23:59:46.384441+00:00] neuffer.test_task.INFO: numbers 93 and -96 are wrong [] []
[2024-12-08T23:59:46.384458+00:00] neuffer.test_task.INFO: numbers -92 and -57 are wrong [] []
[2024-12-08T23:59:46.384468+00:00] neuffer.test_task.INFO: numbers -89 and -83 are wrong [] []
[2024-12-08T23:59:46.384486+00:00] neuffer.test_task.INFO: numbers -90 and -67 are wrong [] []
[2024-12-08T23:59:46.384510+00:00] neuffer.test_task.INFO: numbers -54 and -11 are wrong [] []
[2024-12-08T23:59:46.384528+00:00] neuffer.test_task.INFO: numbers -4 and -19 are wrong [] []
[2024-12-08T23:59:46.384563+00:00] neuffer.test_task.INFO: numbers -69 and -28 are wrong [] []
[2024-12-08T23:59:46.384573+00:00] neuffer.test_task.INFO: numbers -92 and 69 are wrong [] []
[2024-12-08T23:59:46.384591+00:00] neuffer.test_task.INFO: numbers -62 and 12 are wrong [] []
[2024-12-08T23:59:46.384601+00:00] neuffer.test_task.INFO: numbers -70 and -14 are wrong [] []
[2024-12-08T23:59:46.384611+00:00] neuffer.test_task.INFO: numbers -13 and -30 are wrong [] []
[2024-12-08T23:59:46.384638+00:00] neuffer.test_task.INFO: numbers -31 and -17 are wrong [] []
[2024-12-08T23:59:46.384655+00:00] neuffer.test_task.INFO: numbers -88 and -73 are wrong [] []
[2024-12-08T23:59:46.384665+00:00] neuffer.test_task.INFO: numbers -84 and -70 are wrong [] []
[2024-12-08T23:59:46.384675+00:00] neuffer.test_task.INFO: numbers 70 and -98 are wrong [] []
[2024-12-08T23:59:46.384685+00:00] neuffer.test_task.INFO: numbers -93 and 38 are wrong [] []
[2024-12-08T23:59:46.384694+00:00] neuffer.test_task.INFO: numbers -79 and -45 are wrong [] []
[2024-12-08T23:59:46.384716+00:00] neuffer.test_task.INFO: numbers -55 and -39 are wrong [] []
[2024-12-08T23:59:46.384730+00:00] neuffer.test_task.INFO: numbers -62 and -28 are wrong [] []
[2024-12-08T23:59:46.384780+00:00] neuffer.test_task.INFO: numbers -39 and 36 are wrong [] []
[2024-12-08T23:59:46.384790+00:00] neuffer.test_task.INFO: numbers -39 and -33 are wrong [] []
[2024-12-08T23:59:46.384804+00:00] neuffer.test_task.INFO: numbers -88 and 64 are wrong [] []
[2024-12-08T23:59:46.384818+00:00] neuffer.test_task.INFO: numbers -82 and 26 are wrong [] []
[2024-12-08T23:59:46.384832+00:00] neuffer.test_task.INFO: numbers -94 and 67 are wrong [] []
[2024-12-08T23:59:46.384845+00:00] neuffer.test_task.INFO: numbers 6 and -77 are wrong [] []
[2024-12-08T23:59:46.384855+00:00] neuffer.test_task.INFO: numbers -50 and 42 are wrong [] []
[2024-12-08T23:59:46.384869+00:00] neuffer.test_task.INFO: numbers -97 and -80 are wrong [] []
[2024-12-08T23:59:46.384890+00:00] neuffer.test_task.INFO: numbers -13 and 5 are wrong [] []
[2024-12-08T23:59:46.384908+00:00] neuffer.test_task.INFO: numbers -78 and -88 are wrong [] []
[2024-12-08T23:59:46.384926+00:00] neuffer.test_task.INFO: numbers 27 and -69 are wrong [] []
[2024-12-08T23:59:46.384936+00:00] neuffer.test_task.INFO: numbers -91 and -33 are wrong [] []
[2024-12-08T23:59:46.384945+00:00] neuffer.test_task.INFO: numbers -63 and -50 are wrong [] []
[2024-12-08T23:59:46.384955+00:00] neuffer.test_task.INFO: numbers -16 and -9 are wrong [] []
[2024-12-08T23:59:46.384965+00:00] neuffer.test_task.INFO: numbers -41 and -82 are wrong [] []
[2024-12-08T23:59:46.384974+00:00] neuffer.test_task.INFO: numbers -20 and -13 are wrong [] []
[2024-12-08T23:59:46.384988+00:00] neuffer.test_task.INFO: numbers 86 and -94 are wrong [] []
[2024-12-08T23:59:46.384997+00:00] neuffer.test_task.INFO: numbers -96 and 2 are wrong [] []
[2024-12-08T23:59:46.385016+00:00] neuffer.test_task.INFO: numbers -54 and 43 are wrong [] []
[2024-12-08T23:59:46.385025+00:00] neuffer.test_task.INFO: numbers -98 and -76 are wrong [] []
[2024-12-08T23:59:46.385055+00:00] neuffer.test_task.INFO: numbers -15 and -11 are wrong [] []
[2024-12-08T23:59:46.385073+00:00] neuffer.test_task.INFO: numbers -58 and 53 are wrong [] []
[2024-12-08T23:59:46.385083+00:00] neuffer.test_task.INFO: numbers -20 and -43 are wrong [] []
[2024-12-08T23:59:46.385092+00:00] neuffer.test_task.INFO: numbers -81 and -94 are wrong [] []
[2024-12-08T23:59:46.385110+00:00] neuffer.test_task.INFO: numbers -69 and 2 are wrong [] []
[2024-12-08T23:59:46.385128+00:00] neuffer.test_task.INFO: numbers -71 and 27 are wrong [] []
[2024-12-08T23:59:46.385142+00:00] neuffer.test_task.INFO: numbers -78 and 17 are wrong [] []
[2024-12-08T23:59:46.385152+00:00] neuffer.test_task.INFO: numbers -57 and -56 are wrong [] []
[2024-12-08T23:59:46.385162+00:00] neuffer.test_task.INFO: numbers -69 and 62 are wrong [] []
[2024-12-08T23:59:46.385179+00:00] neuffer.test_task.INFO: numbers 83 and -89 are wrong [] []
[2024-12-08T23:59:46.385189+00:00] neuffer.test_task.INFO: numbers -32 and 9 are wrong [] []
[2024-12-08T23:59:46.385199+00:00] neuffer.test_task.INFO: numbers -52 and 44 are wrong [] []
[2024-12-08T23:59:46.385209+00:00] neuffer.test_task.INFO: numbers -12 and 11 are wrong [] []
[2024-12-08T23:59:46.385218+00:00] neuffer.test_task.INFO: numbers 45 and -54 are wrong [] []
[2024-12-08T23:59:46.385228+00:00] neuffer.test_task.INFO: numbers -87 and -87 are wrong [] []
[2024-12-08T23:59:46.385237+00:00] neuffer.test_task.INFO: numbers -64 and 38 are wrong [] []
[2024-12-08T23:59:46.385247+00:00] neuffer.test_task.INFO: numbers 2 and -40 are wrong [] []
[2024-12-08T23:59:46.385265+00:00] neuffer.test_task.INFO: numbers -80 and -10 are wrong [] []
[2024-12-08T23:59:46.385287+00:00] neuffer.test_task.INFO: numbers 89 and -100 are wrong [] []
[2024-12-08T23:59:46.385301+00:00] neuffer.test_task.INFO: numbers -83 and -39 are wrong [] []
[2024-12-08T23:59:46.385311+00:00] neuffer.test_task.INFO: numbers -93 and -74 are wrong [] []
[2024-12-08T23:59:46.385320+00:00] neuffer.test_task.INFO: numbers -96 and -98 are wrong [] []
[2024-12-08T23:59:46.385334+00:00] neuffer.test_task.INFO: numbers 47 and -56 are wrong [] []
[2024-12-08T23:59:46.385344+00:00] neuffer.test_task.INFO: numbers -89 and 79 are wrong [] []
[2024-12-08T23:59:46.385365+00:00] neuffer.test_task.INFO: numbers -18 and -96 are wrong [] []
[2024-12-08T23:59:46.385379+00:00] neuffer.test_task.INFO: numbers 95 and -98 are wrong [] []
[2024-12-08T23:59:46.385393+00:00] neuffer.test_task.INFO: numbers 50 and -85 are wrong [] []
[2024-12-08T23:59:46.385419+00:00] neuffer.test_task.INFO: numbers -71 and 6 are wrong [] []
[2024-12-08T23:59:46.385433+00:00] neuffer.test_task.INFO: numbers -44 and -80 are wrong [] []
[2024-12-08T23:59:46.385443+00:00] neuffer.test_task.INFO: numbers -46 and 29 are wrong [] []
[2024-12-08T23:59:46.385461+00:00] neuffer.test_task.INFO: numbers -75 and 68 are wrong [] []
[2024-12-08T23:59:46.385471+00:00] neuffer.test_task.INFO: numbers 22 and -71 are wrong [] []
[2024-12-08T23:59:46.385480+00:00] neuffer.test_task.INFO: numbers -68 and 39 are wrong [] []
[2024-12-08T23:59:46.385490+00:00] neuffer.test_task.INFO: numbers -14 and 13 are wrong [] []
[2024-12-08T23:59:46.385500+00:00] neuffer.test_task.INFO: numbers -14 and -54 are wrong [] []
[2024-12-08T23:59:46.385509+00:00] neuffer.test_task.INFO: numbers -73 and -45 are wrong [] []
[2024-12-08T23:59:46.385519+00:00] neuffer.test_task.INFO: numbers -68 and -81 are wrong [] []
[2024-12-08T23:59:46.385536+00:00] neuffer.test_task.INFO: numbers -44 and 29 are wrong [] []
[2024-12-08T23:59:46.385546+00:00] neuffer.test_task.INFO: numbers -99 and -36 are wrong [] []
[2024-12-08T23:59:46.385556+00:00] neuffer.test_task.INFO: numbers -99 and -54 are wrong [] []
[2024-12-08T23:59:46.385569+00:00] neuffer.test_task.INFO: numbers -57 and -8 are wrong [] []
[2024-12-08T23:59:46.385591+00:00] neuffer.test_task.INFO: numbers 14 and -47 are wrong [] []
[2024-12-08T23:59:46.385609+00:00] neuffer.test_task.INFO: numbers 10 and -80 are wrong [] []
[2024-12-08T23:59:46.385622+00:00] neuffer.test_task.INFO: numbers -67 and 40 are wrong [] []
[2024-12-08T23:59:46.385632+00:00] neuffer.test_task.INFO: numbers 31 and -48 are wrong [] []
[2024-12-08T23:59:46.385642+00:00] neuffer.test_task.INFO: numbers -3 and -62 are wrong [] []
[2024-12-08T23:59:46.385659+00:00] neuffer.test_task.INFO: numbers 17 and -32 are wrong [] []
[2024-12-08T23:59:46.385673+00:00] neuffer.test_task.INFO: numbers -89 and 43 are wrong [] []
[2024-12-08T23:59:46.385691+00:00] neuffer.test_task.INFO: numbers -25 and 17 are wrong [] []
[2024-12-08T23:59:46.385704+00:00] neuffer.test_task.INFO: numbers -68 and 38 are wrong [] []
[2024-12-08T23:59:46.385718+00:00] neuffer.test_task.INFO: numbers -33 and -69 are wrong [] []
[2024-12-08T23:59:46.385728+00:00] neuffer.test_task.INFO: numbers -55 and -83 are wrong [] []
[2024-12-08T23:59:46.385745+00:00] neuffer.test_task.INFO: numbers 31 and -73 are wrong [] []
[2024-12-08T23:59:46.385755+00:00] neuffer.test_task.INFO: numbers -53 and -7 are wrong [] []
[2024-12-08T23:59:46.385781+00:00] neuffer.test_task.INFO: numbers -77 and -11 are wrong [] []
[2024-12-08T23:59:46.385798+00:00] neuffer.test_task.INFO: numbers -52 and 22 are wrong [] []
[2024-12-08T23:59:46.385808+00:00] neuffer.test_task.INFO: numbers -69 and -4 are wrong [] []
[2024-12-08T23:59:46.385818+00:00] neuffer.test_task.INFO: numbers 4 and -32 are wrong [] []
[2024-12-08T23:59:46.385827+00:00] neuffer.test_task.INFO: numbers 3 and -11 are wrong [] []
[2024-12-08T23:59:46.385853+00:00] neuffer.test_task.INFO: numbers -99 and -93 are wrong [] []
[2024-12-08T23:59:46.385863+00:00] neuffer.test_task.INFO: numbers 33 and -76 are wrong [] []
[2024-12-08T23:59:46.385872+00:00] neuffer.test_task.INFO: numbers -40 and -87 are wrong [] []
[2024-12-08T23:59:46.385882+00:00] neuffer.test_task.INFO: numbers -19 and -24 are wrong [] []
[2024-12-08T23:59:46.385892+00:00] neuffer.test_task.INFO: numbers -92 and 69 are wrong [] []
[2024-12-08T23:59:46.385901+00:00] neuffer.test_task.INFO: numbers -78 and 59 are wrong [] []
[2024-12-08T23:59:46.385911+00:00] neuffer.test_task.INFO: numbers 77 and -95 are wrong [] []
[2024-12-08T23:59:46.385925+00:00] neuffer.test_task.INFO: numbers -6 and -4 are wrong [] []
[2024-12-08T23:59:46.385935+00:00] neuffer.test_task.INFO: numbers -19 and -34 are wrong [] []
[2024-12-08T23:59:46.385948+00:00] neuffer.test_task.INFO: numbers -55 and -64 are wrong [] []
[2024-12-08T23:59:46.385958+00:00] neuffer.test_task.INFO: numbers 21 and -54 are wrong [] []
[2024-12-08T23:59:46.385976+00:00] neuffer.test_task.INFO: numbers -74 and 68 are wrong [] []
[2024-12-08T23:59:46.385990+00:00] neuffer.test_task.INFO: numbers -16 and -39 are wrong [] []
[2024-12-08T23:59:46.386000+00:00] neuffer.test_task.INFO: numbers 82 and -90 are wrong [] []
[2024-12-08T23:59:46.386013+00:00] neuffer.test_task.INFO: numbers 50 and -85 are wrong [] []
[2024-12-08T23:59:46.386027+00:00] neuffer.test_task.INFO: numbers -67 and 18 are wrong [] []
[2024-12-08T23:59:46.386045+00:00] neuffer.test_task.INFO: numbers -2 and -100 are wrong [] []
[2024-12-08T23:59:46.386062+00:00] neuffer.test_task.INFO: numbers -98 and -39 are wrong [] []
[2024-12-08T23:59:46.386080+00:00] neuffer.test_task.INFO: numbers -78 and -37 are wrong [] []
[2024-12-08T23:59:46.386094+00:00] neuffer.test_task.INFO: numbers 69 and -72 are wrong [] []
[2024-12-08T23:59:46.386104+00:00] neuffer.test_task.INFO: numbers -47 and 42 are wrong [] []
[2024-12-08T23:59:46.386113+00:00] neuffer.test_task.INFO: numbers -72 and -42 are wrong [] []
[2024-12-08T23:59:46.386123+00:00] neuffer.test_task.INFO: numbers -42 and -5 are wrong [] []
[2024-12-08T23:59:46.386133+00:00] neuffer.test_task.INFO: numbers -61 and -50 are wrong [] []
[2024-12-08T23:59:46.386151+00:00] neuffer.test_task.INFO: numbers 9 and -10 are wrong [] []
[2024-12-08T23:59:46.386165+00:00] neuffer.test_task.INFO: numbers 1 and -92 are wrong [] []
[2024-12-08T23:59:46.386178+00:00] neuffer.test_task.INFO: numbers -22 and -47 are wrong [] []
[2024-12-08T23:59:46.386192+00:00] neuffer.test_task.INFO: numbers -3 and -75 are wrong [] []
[2024-12-08T23:59:46.386202+00:00] neuffer.test_task.INFO: numbers -48 and -67 are wrong [] []
[2024-12-08T23:59:46.386212+00:00] neuffer.test_task.INFO: numbers -2 and -43 are wrong [] []
[2024-12-08T23:59:46.386221+00:00] neuffer.test_task.INFO: numbers -46 and -69 are wrong [] []
[2024-12-08T23:59:46.386231+00:00] neuffer.test_task.INFO: numbers -48 and -29 are wrong [] []
[2024-12-08T23:59:46.386240+00:00] neuffer.test_task.INFO: numbers -30 and -10 are wrong [] []
[2024-12-08T23:59:46.386271+00:00] neuffer.test_task.INFO: numbers -35 and -4 are wrong [] []
[2024-12-08T23:59:46.386281+00:00] neuffer.test_task.INFO: numbers -76 and -38 are wrong [] []
[2024-12-08T23:59:46.386295+00:00] neuffer.test_task.INFO: numbers 3 and -98 are wrong [] []
[2024-12-08T23:59:46.386304+00:00] neuffer.test_task.INFO: numbers -67 and -90 are wrong [] []
[2024-12-08T23:59:46.386318+00:00] neuffer.test_task.INFO: numbers -93 and 73 are wrong [] []
[2024-12-08T23:59:46.386355+00:00] neuffer.test_task.INFO: numbers 11 and -94 are wrong [] []
[2024-12-08T23:59:46.386377+00:00] neuffer.test_task.INFO: numbers -70 and 21 are wrong [] []
[2024-12-08T23:59:46.386394+00:00] neuffer.test_task.INFO: numbers 30 and -49 are wrong [] []
[2024-12-08T23:59:46.386404+00:00] neuffer.test_task.INFO: numbers -74 and 33 are wrong [] []
[2024-12-08T23:59:46.386414+00:00] neuffer.test_task.INFO: numbers -53 and -62 are wrong [] []
[2024-12-08T23:59:46.386424+00:00] neuffer.test_task.INFO: numbers -17 and -62 are wrong [] []
[2024-12-08T23:59:46.386445+00:00] neuffer.test_task.INFO: numbers 1 and -78 are wrong [] []
[2024-12-08T23:59:46.386459+00:00] neuffer.test_task.INFO: numbers 3 and -96 are wrong [] []
[2024-12-08T23:59:46.386469+00:00] neuffer.test_task.INFO: numbers -55 and 25 are wrong [] []
[2024-12-08T23:59:46.386483+00:00] neuffer.test_task.INFO: numbers -36 and 8 are wrong [] []
[2024-12-08T23:59:46.386497+00:00] neuffer.test_task.INFO: numbers -4 and -14 are wrong [] []
[2024-12-08T23:59:46.386506+00:00] neuffer.test_task.INFO: numbers 39 and -83 are wrong [] []
[2024-12-08T23:59:46.386516+00:00] neuffer.test_task.INFO: numbers -80 and -61 are wrong [] []
[2024-12-08T23:59:46.386530+00:00] neuffer.test_task.INFO: numbers -52 and -83 are wrong [] []
[2024-12-08T23:59:46.386540+00:00] neuffer.test_task.INFO: numbers -81 and -6 are wrong [] []
[2024-12-08T23:59:46.386557+00:00] neuffer.test_task.INFO: numbers -90 and -55 are wrong [] []
[2024-12-08T23:59:46.386571+00:00] neuffer.test_task.INFO: numbers -54 and -5 are wrong [] []
[2024-12-08T23:59:46.386589+00:00] neuffer.test_task.INFO: numbers -11 and -25 are wrong [] []
[2024-12-08T23:59:46.386603+00:00] neuffer.test_task.INFO: numbers 7 and -66 are wrong [] []
[2024-12-08T23:59:46.386613+00:00] neuffer.test_task.INFO: numbers -51 and -89 are wrong [] []
[2024-12-08T23:59:46.386630+00:00] neuffer.test_task.INFO: numbers 3 and -60 are wrong [] []
[2024-12-08T23:59:46.386640+00:00] neuffer.test_task.INFO: numbers 0 and -14 are wrong [] []
[2024-12-08T23:59:46.386654+00:00] neuffer.test_task.INFO: numbers -91 and 62 are wrong [] []
[2024-12-08T23:59:46.386664+00:00] neuffer.test_task.INFO: numbers 24 and -97 are wrong [] []
[2024-12-08T23:59:46.386674+00:00] neuffer.test_task.INFO: numbers 60 and -68 are wrong [] []
[2024-12-08T23:59:46.386683+00:00] neuffer.test_task.INFO: numbers -64 and -71 are wrong [] []
[2024-12-08T23:59:46.386709+00:00] neuffer.test_task.INFO: numbers 40 and -77 are wrong [] []
[2024-12-08T23:59:46.386723+00:00] neuffer.test_task.INFO: numbers -16 and -80 are wrong [] []
[2024-12-08T23:59:46.386752+00:00] neuffer.test_task.INFO: numbers -68 and -93 are wrong [] []
[2024-12-08T23:59:46.386762+00:00] neuffer.test_task.INFO: numbers -26 and -29 are wrong [] []
[2024-12-08T23:59:46.386772+00:00] neuffer.test_task.INFO: numbers -68 and -41 are wrong [] []
[2024-12-08T23:59:46.386782+00:00] neuffer.test_task.INFO: numbers -36 and -58 are wrong [] []
[2024-12-08T23:59:46.386795+00:00] neuffer.test_task.INFO: numbers -93 and -91 are wrong [] []
[2024-12-08T23:59:46.386805+00:00] neuffer.test_task.INFO: numbers -62 and -61 are wrong [] []
[2024-12-08T23:59:46.386815+00:00] neuffer.test_task.INFO: numbers 25 and -59 are wrong [] []
[2024-12-08T23:59:46.386825+00:00] neuffer.test_task.INFO: numbers 24 and -71 are wrong [] []
[2024-12-08T23:59:46.386854+00:00] neuffer.test_task.INFO: numbers -99 and 1 are wrong [] []
[2024-12-08T23:59:46.386864+00:00] neuffer.test_task.INFO: numbers -42 and 41 are wrong [] []
[2024-12-08T23:59:46.386874+00:00] neuffer.test_task.INFO: numbers -41 and -38 are wrong [] []
[2024-12-08T23:59:46.386887+00:00] neuffer.test_task.INFO: numbers 9 and -40 are wrong [] []
[2024-12-08T23:59:46.386897+00:00] neuffer.test_task.INFO: numbers -67 and -36 are wrong [] []
[2024-12-08T23:59:46.386907+00:00] neuffer.test_task.INFO: numbers -82 and 26 are wrong [] []
[2024-12-08T23:59:46.386926+00:00] neuffer.test_task.INFO: numbers -43 and -72 are wrong [] []
[2024-12-08T23:59:46.386944+00:00] neuffer.test_task.INFO: numbers -29 and -44 are wrong [] []
[2024-12-08T23:59:46.386953+00:00] neuffer.test_task.INFO: numbers 31 and -71 are wrong [] []
[2024-12-08T23:59:46.386963+00:00] neuffer.test_task.INFO: numbers -77 and -45 are wrong [] []
[2024-12-08T23:59:46.386981+00:00] neuffer.test_task.INFO: numbers 11 and -33 are wrong [] []
[2024-12-08T23:59:46.386991+00:00] neuffer.test_task.INFO: numbers -3 and -19 are wrong [] []
[2024-12-08T23:59:46.387008+00:00] neuffer.test_task.INFO: numbers -46 and -84 are wrong [] []
[2024-12-08T23:59:46.387018+00:00] neuffer.test_task.INFO: numbers -67 and -31 are wrong [] []
[2024-12-08T23:59:46.387032+00:00] neuffer.test_task.INFO: numbers -65 and 19 are wrong [] []
[2024-12-08T23:59:46.387046+00:00] neuffer.test_task.INFO: numbers 82 and -100 are wrong [] []
[2024-12-08T23:59:46.387059+00:00] neuffer.test_task.INFO: numbers 4 and -8 are wrong [] []
[2024-12-08T23:59:46.387069+00:00] neuffer.test_task.INFO: numbers -48 and -25 are wrong [] []
[2024-12-08T23:59:46.387097+00:00] neuffer.test_task.INFO: numbers -17 and -62 are wrong [] []
[2024-12-08T23:59:46.387111+00:00] neuffer.test_task.INFO: numbers -15 and -73 are wrong [] []
[2024-12-08T23:59:46.387125+00:00] neuffer.test_task.INFO: numbers -93 and -26 are wrong [] []
[2024-12-08T23:59:46.387143+00:00] neuffer.test_task.INFO: numbers -95 and -78 are wrong [] []
[2024-12-08T23:59:46.387165+00:00] neuffer.test_task.INFO: numbers -66 and 32 are wrong [] []
[2024-12-08T23:59:46.387175+00:00] neuffer.test_task.INFO: numbers -90 and 55 are wrong [] []
[2024-12-08T23:59:46.387184+00:00] neuffer.test_task.INFO: numbers -41 and -47 are wrong [] []
[2024-12-08T23:59:46.387194+00:00] neuffer.test_task.INFO: numbers -9 and -75 are wrong [] []
[2024-12-08T23:59:46.387212+00:00] neuffer.test_task.INFO: numbers -78 and 4 are wrong [] []
[2024-12-08T23:59:46.387226+00:00] neuffer.test_task.INFO: numbers 51 and -89 are wrong [] []
[2024-12-08T23:59:46.387251+00:00] neuffer.test_task.INFO: numbers -100 and -78 are wrong [] []
[2024-12-08T23:59:46.387261+00:00] neuffer.test_task.INFO: numbers -79 and 58 are wrong [] []
[2024-12-08T23:59:46.387294+00:00] neuffer.test_task.INFO: numbers 58 and -97 are wrong [] []
[2024-12-08T23:59:46.387311+00:00] neuffer.test_task.INFO: numbers 46 and -53 are wrong [] []
[2024-12-08T23:59:46.387332+00:00] neuffer.test_task.INFO: numbers 32 and -85 are wrong [] []
[2024-12-08T23:59:46.387342+00:00] neuffer.test_task.INFO: numbers 22 and -64 are wrong [] []
[2024-12-08T23:59:46.387375+00:00] neuffer.test_task.INFO: numbers 49 and -78 are wrong [] []
[2024-12-08T23:59:46.387393+00:00] neuffer.test_task.INFO: numbers -18 and -70 are wrong [] []
[2024-12-08T23:59:46.387411+00:00] neuffer.test_task.INFO: numbers -18 and -89 are wrong [] []
[2024-12-08T23:59:46.387432+00:00] neuffer.test_task.INFO: numbers -57 and 39 are wrong [] []
[2024-12-08T23:59:46.387442+00:00] neuffer.test_task.INFO: numbers 16 and -69 are wrong [] []
[2024-12-08T23:59:46.387456+00:00] neuffer.test_task.INFO: numbers 6 and -62 are wrong [] []
[2024-12-08T23:59:46.387470+00:00] neuffer.test_task.INFO: numbers -89 and 75 are wrong [] []
[2024-12-08T23:59:46.387483+00:00] neuffer.test_task.INFO: numbers -82 and -20 are wrong [] []
[2024-12-08T23:59:46.387493+00:00] neuffer.test_task.INFO: numbers 51 and -52 are wrong [] []
[2024-12-08T23:59:46.387507+00:00] neuffer.test_task.INFO: numbers -18 and -9 are wrong [] []
[2024-12-08T23:59:46.387528+00:00] neuffer.test_task.INFO: numbers 64 and -82 are wrong [] []
[2024-12-08T23:59:46.387547+00:00] neuffer.test_task.INFO: numbers -41 and 7 are wrong [] []
[2024-12-08T23:59:46.387575+00:00] neuffer.test_task.INFO: numbers -42 and -56 are wrong [] []
[2024-12-08T23:59:46.387584+00:00] neuffer.test_task.INFO: numbers 43 and -84 are wrong [] []
[2024-12-08T23:59:46.387598+00:00] neuffer.test_task.INFO: numbers -92 and 16 are wrong [] []
[2024-12-08T23:59:46.387636+00:00] neuffer.test_task.INFO: numbers -90 and -43 are wrong [] []
[2024-12-08T23:59:46.387646+00:00] neuffer.test_task.INFO: numbers 42 and -70 are wrong [] []
[2024-12-08T23:59:46.387687+00:00] neuffer.test_task.INFO: numbers -28 and -70 are wrong [] []
[2024-12-08T23:59:46.387698+00:00] neuffer.test_task.INFO: numbers -59 and 47 are wrong [] []
[2024-12-08T23:59:46.387707+00:00] neuffer.test_task.INFO: numbers 3 and -97 are wrong [] []
[2024-12-08T23:59:46.387717+00:00] neuffer.test_task.INFO: numbers -29 and -88 are wrong [] []
[2024-12-08T23:59:46.387727+00:00] neuffer.test_task.INFO: numbers -5 and -56 are wrong [] []
[2024-12-08T23:59:46.387737+00:00] neuffer.test_task.INFO: numbers 0 and -91 are wrong [] []
[2024-12-08T23:59:46.387755+00:00] neuffer.test_task.INFO: numbers 25 and -64 are wrong [] []
[2024-12-08T23:59:46.387767+00:00] neuffer.test_task.INFO: numbers -66 and 53 are wrong [] []
[2024-12-08T23:59:46.387785+00:00] neuffer.test_task.INFO: numbers -61 and -52 are wrong [] []
[2024-12-08T23:59:46.387795+00:00] neuffer.test_task.INFO: numbers -27 and -84 are wrong [] []
[2024-12-08T23:59:46.387813+00:00] neuffer.test_task.INFO: numbers -55 and -4 are wrong [] []
[2024-12-08T23:59:46.387823+00:00] neuffer.test_task.INFO: numbers -78 and 47 are wrong [] []
[2024-12-08T23:59:46.387836+00:00] neuffer.test_task.INFO: numbers -61 and 28 are wrong [] []
[2024-12-08T23:59:46.387856+00:00] neuffer.test_task.INFO: numbers -99 and 96 are wrong [] []
[2024-12-08T23:59:46.387866+00:00] neuffer.test_task.INFO: numbers -81 and 79 are wrong [] []
[2024-12-08T23:59:46.387879+00:00] neuffer.test_task.INFO: numbers -45 and -63 are wrong [] []
[2024-12-08T23:59:46.387907+00:00] neuffer.test_task.INFO: numbers -23 and -82 are wrong [] []
[2024-12-08T23:59:46.387920+00:00] neuffer.test_task.INFO: numbers -34 and -80 are wrong [] []
[2024-12-08T23:59:46.387935+00:00] neuffer.test_task.INFO: numbers -73 and 8 are wrong [] []
[2024-12-08T23:59:46.387948+00:00] neuffer.test_task.INFO: numbers -99 and -86 are wrong [] []
[2024-12-08T23:59:46.387960+00:00] neuffer.test_task.INFO: numbers -76 and -80 are wrong [] []
[2024-12-08T23:59:46.387970+00:00] neuffer.test_task.INFO: numbers -30 and -61 are wrong [] []
[2024-12-08T23:59:46.387980+00:00] neuffer.test_task.INFO: numbers -89 and -94 are wrong [] []
[2024-12-08T23:59:46.387990+00:00] neuffer.test_task.INFO: numbers -60 and -62 are wrong [] []
[2024-12-08T23:59:46.387999+00:00] neuffer.test_task.INFO: numbers -89 and -40 are wrong [] []
[2024-12-08T23:59:46.388009+00:00] neuffer.test_task.INFO: numbers -32 and -24 are wrong [] []
[2024-12-08T23:59:46.388019+00:00] neuffer.test_task.INFO: numbers 54 and -63 are wrong [] []
[2024-12-08T23:59:46.388028+00:00] neuffer.test_task.INFO: numbers -96 and -71 are wrong [] []
[2024-12-08T23:59:46.388038+00:00] neuffer.test_task.INFO: numbers 5 and -98 are wrong [] []
[2024-12-08T23:59:46.388048+00:00] neuffer.test_task.INFO: numbers 7 and -21 are wrong [] []
[2024-12-08T23:59:46.388066+00:00] neuffer.test_task.INFO: numbers -67 and 62 are wrong [] []
[2024-12-08T23:59:46.388076+00:00] neuffer.test_task.INFO: numbers -50 and -70 are wrong [] []
[2024-12-08T23:59:46.388088+00:00] neuffer.test_task.INFO: numbers -99 and 40 are wrong [] []
[2024-12-08T23:59:46.388106+00:00] neuffer.test_task.INFO: numbers -38 and -65 are wrong [] []
[2024-12-08T23:59:46.388116+00:00] neuffer.test_task.INFO: numbers -25 and 17 are wrong [] []
[2024-12-08T23:59:46.388134+00:00] neuffer.test_task.INFO: numbers 34 and -43 are wrong [] []
[2024-12-08T23:59:46.388144+00:00] neuffer.test_task.INFO: numbers -12 and -33 are wrong [] []
[2024-12-08T23:59:46.388153+00:00] neuffer.test_task.INFO: numbers 25 and -54 are wrong [] []
[2024-12-08T23:59:46.388163+00:00] neuffer.test_task.INFO: numbers -66 and -69 are wrong [] []
[2024-12-08T23:59:46.388175+00:00] neuffer.test_task.INFO: numbers -43 and -23 are wrong [] []
[2024-12-08T23:59:46.388185+00:00] neuffer.test_task.INFO: numbers 19 and -62 are wrong [] []
[2024-12-08T23:59:46.388200+00:00] neuffer.test_task.INFO: numbers -11 and -65 are wrong [] []
[2024-12-08T23:59:46.388214+00:00] neuffer.test_task.INFO: numbers -7 and -92 are wrong [] []
[2024-12-08T23:59:46.388244+00:00] neuffer.test_task.INFO: numbers -88 and -27 are wrong [] []
[2024-12-08T23:59:46.388253+00:00] neuffer.test_task.INFO: numbers -85 and -59 are wrong [] []
[2024-12-08T23:59:46.388263+00:00] neuffer.test_task.INFO: numbers -25 and -94 are wrong [] []
[2024-12-08T23:59:46.388278+00:00] neuffer.test_task.INFO: numbers -4 and -7 are wrong [] []
[2024-12-08T23:59:46.388288+00:00] neuffer.test_task.INFO: numbers -81 and -85 are wrong [] []
[2024-12-08T23:59:46.388301+00:00] neuffer.test_task.INFO: numbers -36 and -70 are wrong [] []
[2024-12-08T23:59:46.388313+00:00] neuffer.test_task.INFO: numbers -90 and 70 are wrong [] []
[2024-12-08T23:59:46.388323+00:00] neuffer.test_task.INFO: numbers -2 and -86 are wrong [] []
[2024-12-08T23:59:46.388344+00:00] neuffer.test_task.INFO: numbers -58 and -3 are wrong [] []
[2024-12-08T23:59:46.388365+00:00] neuffer.test_task.INFO: numbers -59 and -76 are wrong [] []
[2024-12-08T23:59:46.388375+00:00] neuffer.test_task.INFO: numbers 29 and -100 are wrong [] []
[2024-12-08T23:59:46.388385+00:00] neuffer.test_task.INFO: numbers 40 and -50 are wrong [] []
[2024-12-08T23:59:46.388394+00:00] neuffer.test_task.INFO: numbers -1 and -78 are wrong [] []
[2024-12-08T23:59:46.388404+00:00] neuffer.test_task.INFO: numbers -23 and -62 are wrong [] []
[2024-12-08T23:59:46.388417+00:00] neuffer.test_task.INFO: numbers -87 and -81 are wrong [] []
[2024-12-08T23:59:46.388435+00:00] neuffer.test_task.INFO: numbers -78 and 14 are wrong [] []
[2024-12-08T23:59:46.388453+00:00] neuffer.test_task.INFO: numbers -13 and -36 are wrong [] []
[2024-12-08T23:59:46.388471+00:00] neuffer.test_task.INFO: numbers -69 and 45 are wrong [] []
[2024-12-08T23:59:46.388481+00:00] neuffer.test_task.INFO: numbers -68 and 68 are wrong [] []
[2024-12-08T23:59:46.388490+00:00] neuffer.test_task.INFO: numbers -12 and -96 are wrong [] []
[2024-12-08T23:59:46.388508+00:00] neuffer.test_task.INFO: numbers -100 and 67 are wrong [] []
[2024-12-08T23:59:46.388521+00:00] neuffer.test_task.INFO: numbers -68 and -43 are wrong [] []
[2024-12-08T23:59:46.388547+00:00] neuffer.test_task.INFO: numbers -94 and 12 are wrong [] []
[2024-12-08T23:59:46.388560+00:00] neuffer.test_task.INFO: numbers -77 and -66 are wrong [] []
[2024-12-08T23:59:46.388577+00:00] neuffer.test_task.INFO: numbers -53 and -79 are wrong [] []
[2024-12-08T23:59:46.388587+00:00] neuffer.test_task.INFO: numbers 19 and -57 are wrong [] []
[2024-12-08T23:59:46.388600+00:00] neuffer.test_task.INFO: numbers 21 and -67 are wrong [] []
[2024-12-08T23:59:46.388618+00:00] neuffer.test_task.INFO: numbers -39 and -20 are wrong [] []
[2024-12-08T23:59:46.388628+00:00] neuffer.test_task.INFO: numbers -28 and -57 are wrong [] []
[2024-12-08T23:59:46.388643+00:00] neuffer.test_task.INFO: numbers -63 and 36 are wrong [] []
[2024-12-08T23:59:46.388662+00:00] neuffer.test_task.INFO: numbers -37 and -100 are wrong [] []
[2024-12-08T23:59:46.388672+00:00] neuffer.test_task.INFO: numbers 13 and -88 are wrong [] []
[2024-12-08T23:59:46.388682+00:00] neuffer.test_task.INFO: numbers 53 and -99 are wrong [] []
[2024-12-08T23:59:46.388697+00:00] neuffer.test_task.INFO: numbers -93 and 85 are wrong [] []
[2024-12-08T23:59:46.388720+00:00] neuffer.test_task.INFO: numbers -80 and 71 are wrong [] []
[2024-12-08T23:59:46.388730+00:00] neuffer.test_task.INFO: numbers -56 and -99 are wrong [] []
[2024-12-08T23:59:46.388750+00:00] neuffer.test_task.INFO: numbers -19 and -20 are wrong [] []
[2024-12-08T23:59:46.388765+00:00] neuffer.test_task.INFO: numbers -26 and -68 are wrong [] []
[2024-12-08T23:59:46.388781+00:00] neuffer.test_task.INFO: numbers 65 and -79 are wrong [] []
[2024-12-08T23:59:46.388793+00:00] neuffer.test_task.INFO: numbers -26 and -63 are wrong [] []
[2024-12-08T23:59:46.388803+00:00] neuffer.test_task.INFO: numbers 19 and -30 are wrong [] []
[2024-12-08T23:59:46.388813+00:00] neuffer.test_task.INFO: numbers -66 and -26 are wrong [] []
[2024-12-08T23:59:46.388826+00:00] neuffer.test_task.INFO: numbers 22 and -30 are wrong [] []
[2024-12-08T23:59:46.388836+00:00] neuffer.test_task.INFO: numbers -30 and -70 are wrong [] []
[2024-12-08T23:59:46.388846+00:00] neuffer.test_task.INFO: numbers -56 and -73 are wrong [] []
[2024-12-08T23:59:46.388859+00:00] neuffer.test_task.INFO: numbers -80 and -2 are wrong [] []
[2024-12-08T23:59:46.388872+00:00] neuffer.test_task.INFO: numbers -84 and -14 are wrong [] []
[2024-12-08T23:59:46.388881+00:00] neuffer.test_task.INFO: numbers 30 and -88 are wrong [] []
[2024-12-08T23:59:46.388897+00:00] neuffer.test_task.INFO: numbers -9 and 0 are wrong [] []
[2024-12-08T23:59:46.388917+00:00] neuffer.test_task.INFO: numbers 17 and -17 are wrong [] []
[2024-12-08T23:59:46.388930+00:00] neuffer.test_task.INFO: numbers 24 and -60 are wrong [] []
[2024-12-08T23:59:46.388942+00:00] neuffer.test_task.INFO: numbers -17 and -100 are wrong [] []
[2024-12-08T23:59:46.388958+00:00] neuffer.test_task.INFO: numbers -70 and -71 are wrong [] []
[2024-12-08T23:59:46.388970+00:00] neuffer.test_task.INFO: numbers -14 and -95 are wrong [] []
[2024-12-08T23:59:46.388980+00:00] neuffer.test_task.INFO: numbers 61 and -85 are wrong [] []
[2024-12-08T23:59:46.388990+00:00] neuffer.test_task.INFO: numbers -43 and 17 are wrong [] []
[2024-12-08T23:59:46.389000+00:00] neuffer.test_task.INFO: numbers -13 and -77 are wrong [] []
[2024-12-08T23:59:46.389012+00:00] neuffer.test_task.INFO: numbers 59 and -74 are wrong [] []
[2024-12-08T23:59:46.389027+00:00] neuffer.test_task.INFO: numbers -56 and 10 are wrong [] []
[2024-12-08T23:59:46.389052+00:00] neuffer.test_task.INFO: numbers -80 and -9 are wrong [] []
[2024-12-08T23:59:46.389070+00:00] neuffer.test_task.INFO: numbers -66 and -67 are wrong [] []
[2024-12-08T23:59:46.389079+00:00] neuffer.test_task.INFO: numbers -86 and 31 are wrong [] []
[2024-12-08T23:59:46.389089+00:00] neuffer.test_task.INFO: numbers 75 and -85 are wrong [] []
[2024-12-08T23:59:46.389104+00:00] neuffer.test_task.INFO: numbers -30 and -88 are wrong [] []
[2024-12-08T23:59:46.389114+00:00] neuffer.test_task.INFO: numbers -69 and -96 are wrong [] []
[2024-12-08T23:59:46.389129+00:00] neuffer.test_task.INFO: numbers 10 and -80 are wrong [] []
[2024-12-08T23:59:46.389139+00:00] neuffer.test_task.INFO: numbers -5 and -74 are wrong [] []
[2024-12-08T23:59:46.389168+00:00] neuffer.test_task.INFO: numbers -81 and 74 are wrong [] []
[2024-12-08T23:59:46.389180+00:00] neuffer.test_task.INFO: numbers -97 and -83 are wrong [] []
[2024-12-08T23:59:46.389198+00:00] neuffer.test_task.INFO: numbers -97 and 20 are wrong [] []
[2024-12-08T23:59:46.389216+00:00] neuffer.test_task.INFO: numbers -95 and -64 are wrong [] []
[2024-12-08T23:59:46.389225+00:00] neuffer.test_task.INFO: numbers -79 and -99 are wrong [] []
[2024-12-08T23:59:46.389238+00:00] neuffer.test_task.INFO: numbers -85 and -3 are wrong [] []
[2024-12-08T23:59:46.389253+00:00] neuffer.test_task.INFO: numbers -46 and 3 are wrong [] []
[2024-12-08T23:59:46.389263+00:00] neuffer.test_task.INFO: numbers 8 and -47 are wrong [] []
[2024-12-08T23:59:46.389273+00:00] neuffer.test_task.INFO: numbers -53 and -60 are wrong [] []
[2024-12-08T23:59:46.389282+00:00] neuffer.test_task.INFO: numbers 55 and -78 are wrong [] []
[2024-12-08T23:59:46.389292+00:00] neuffer.test_task.INFO: numbers -13 and -24 are wrong [] []
[2024-12-08T23:59:46.389319+00:00] neuffer.test_task.INFO: numbers -1 and -15 are wrong [] []
[2024-12-08T23:59:46.389345+00:00] neuffer.test_task.INFO: numbers -96 and 20 are wrong [] []
[2024-12-08T23:59:46.389360+00:00] neuffer.test_task.INFO: numbers 53 and -61 are wrong [] []
[2024-12-08T23:59:46.389373+00:00] neuffer.test_task.INFO: numbers -68 and -19 are wrong [] []
[2024-12-08T23:59:46.389382+00:00] neuffer.test_task.INFO: numbers -15 and -12 are wrong [] []
[2024-12-08T23:59:46.389392+00:00] neuffer.test_task.INFO: numbers -84 and 54 are wrong [] []
[2024-12-08T23:59:46.389402+00:00] neuffer.test_task.INFO: numbers -59 and 34 are wrong [] []
[2024-12-08T23:59:46.389420+00:00] neuffer.test_task.INFO: numbers 1 and -70 are wrong [] []
[2024-12-08T23:59:46.389438+00:00] neuffer.test_task.INFO: numbers 53 and -87 are wrong [] []
[2024-12-08T23:59:46.389448+00:00] neuffer.test_task.INFO: numbers -44 and -80 are wrong [] []
[2024-12-08T23:59:46.389458+00:00] neuffer.test_task.INFO: numbers -31 and -34 are wrong [] []
[2024-12-08T23:59:46.389467+00:00] neuffer.test_task.INFO: numbers 75 and -91 are wrong [] []
[2024-12-08T23:59:46.389480+00:00] neuffer.test_task.INFO: numbers -10 and -66 are wrong [] []
[2024-12-08T23:59:46.389490+00:00] neuffer.test_task.INFO: numbers -20 and 11 are wrong [] []
[2024-12-08T23:59:46.389505+00:00] neuffer.test_task.INFO: numbers -72 and 72 are wrong [] []
[2024-12-08T23:59:46.389515+00:00] neuffer.test_task.INFO: numbers -39 and -81 are wrong [] []
[2024-12-08T23:59:46.389524+00:00] neuffer.test_task.INFO: numbers -10 and -10 are wrong [] []
[2024-12-08T23:59:46.389534+00:00] neuffer.test_task.INFO: numbers -34 and -63 are wrong [] []
[2024-12-08T23:59:46.389543+00:00] neuffer.test_task.INFO: numbers 3 and -84 are wrong [] []
[2024-12-08T23:59:46.389575+00:00] neuffer.test_task.INFO: numbers -99 and -42 are wrong [] []
[2024-12-08T23:59:46.389591+00:00] neuffer.test_task.INFO: numbers -61 and -91 are wrong [] []
[2024-12-08T23:59:46.389603+00:00] neuffer.test_task.INFO: numbers -1 and -97 are wrong [] []
[2024-12-08T23:59:46.389613+00:00] neuffer.test_task.INFO: numbers -62 and 47 are wrong [] []
[2024-12-08T23:59:46.389628+00:00] neuffer.test_task.INFO: numbers -66 and -81 are wrong [] []
[2024-12-08T23:59:46.389641+00:00] neuffer.test_task.INFO: numbers -61 and 26 are wrong [] []
[2024-12-08T23:59:46.389651+00:00] neuffer.test_task.INFO: numbers 21 and -84 are wrong [] []
[2024-12-08T23:59:46.389660+00:00] neuffer.test_task.INFO: numbers -91 and 69 are wrong [] []
[2024-12-08T23:59:46.389673+00:00] neuffer.test_task.INFO: numbers -89 and 23 are wrong [] []
[2024-12-08T23:59:46.389682+00:00] neuffer.test_task.INFO: numbers -29 and -41 are wrong [] []
[2024-12-08T23:59:46.389695+00:00] neuffer.test_task.INFO: numbers -91 and -28 are wrong [] []
[2024-12-08T23:59:46.389713+00:00] neuffer.test_task.INFO: numbers -91 and 89 are wrong [] []
[2024-12-08T23:59:46.389723+00:00] neuffer.test_task.INFO: numbers -25 and -51 are wrong [] []
[2024-12-08T23:59:46.389743+00:00] neuffer.test_task.INFO: numbers -73 and -62 are wrong [] []
[2024-12-08T23:59:46.389763+00:00] neuffer.test_task.INFO: numbers -20 and -51 are wrong [] []
[2024-12-08T23:59:46.389779+00:00] neuffer.test_task.INFO: numbers -47 and -73 are wrong [] []
[2024-12-08T23:59:46.389794+00:00] neuffer.test_task.INFO: numbers 56 and -75 are wrong [] []
[2024-12-08T23:59:46.389804+00:00] neuffer.test_task.INFO: numbers -43 and -73 are wrong [] []
[2024-12-08T23:59:46.389816+00:00] neuffer.test_task.INFO: numbers -78 and -22 are wrong [] []
[2024-12-08T23:59:46.389829+00:00] neuffer.test_task.INFO: numbers -21 and -49 are wrong [] []
[2024-12-08T23:59:46.389839+00:00] neuffer.test_task.INFO: numbers -35 and -38 are wrong [] []
[2024-12-08T23:59:46.389851+00:00] neuffer.test_task.INFO: numbers 34 and -79 are wrong [] []
[2024-12-08T23:59:46.389861+00:00] neuffer.test_task.INFO: numbers -90 and 89 are wrong [] []
[2024-12-08T23:59:46.389871+00:00] neuffer.test_task.INFO: numbers -16 and -75 are wrong [] []
[2024-12-08T23:59:46.389883+00:00] neuffer.test_task.INFO: numbers 34 and -35 are wrong [] []
[2024-12-08T23:59:46.389899+00:00] neuffer.test_task.INFO: numbers -11 and -31 are wrong [] []
[2024-12-08T23:59:46.389908+00:00] neuffer.test_task.INFO: numbers -38 and -80 are wrong [] []
[2024-12-08T23:59:46.389918+00:00] neuffer.test_task.INFO: numbers 24 and -99 are wrong [] []
[2024-12-08T23:59:46.389928+00:00] neuffer.test_task.INFO: numbers -93 and -47 are wrong [] []
[2024-12-08T23:59:46.389940+00:00] neuffer.test_task.INFO: numbers -34 and -39 are wrong [] []
[2024-12-08T23:59:46.389950+00:00] neuffer.test_task.INFO: numbers -20 and -17 are wrong [] []
[2024-12-08T23:59:46.389959+00:00] neuffer.test_task.INFO: numbers -67 and -42 are wrong [] []
[2024-12-08T23:59:46.389973+00:00] neuffer.test_task.INFO: numbers -76 and -12 are wrong [] []
[2024-12-08T23:59:46.389985+00:00] neuffer.test_task.INFO: numbers -55 and -65 are wrong [] []
[2024-12-08T23:59:46.390003+00:00] neuffer.test_task.INFO: numbers 1 and -97 are wrong [] []
[2024-12-08T23:59:46.390016+00:00] neuffer.test_task.INFO: numbers -34 and -10 are wrong [] []
[2024-12-08T23:59:46.390026+00:00] neuffer.test_task.INFO: numbers -76 and -36 are wrong [] []
[2024-12-08T23:59:46.390043+00:00] neuffer.test_task.INFO: numbers 51 and -94 are wrong [] []
[2024-12-08T23:59:46.390062+00:00] neuffer.test_task.INFO: numbers -68 and 44 are wrong [] []
[2024-12-08T23:59:46.390074+00:00] neuffer.test_task.INFO: numbers -62 and -65 are wrong [] []
[2024-12-08T23:59:46.390086+00:00] neuffer.test_task.INFO: numbers 65 and -73 are wrong [] []
[2024-12-08T23:59:46.390095+00:00] neuffer.test_task.INFO: numbers -68 and -84 are wrong [] []
[2024-12-08T23:59:46.390104+00:00] neuffer.test_task.INFO: numbers -51 and -40 are wrong [] []
[2024-12-08T23:59:46.390113+00:00] neuffer.test_task.INFO: numbers -79 and -85 are wrong [] []
[2024-12-08T23:59:46.390122+00:00] neuffer.test_task.INFO: numbers 29 and -54 are wrong [] []
[2024-12-08T23:59:46.390131+00:00] neuffer.test_task.INFO: numbers 76 and -97 are wrong [] []
[2024-12-08T23:59:46.390148+00:00] neuffer.test_task.INFO: numbers -50 and 18 are wrong [] []
[2024-12-08T23:59:46.390162+00:00] neuffer.test_task.INFO: numbers -68 and 46 are wrong [] []
[2024-12-08T23:59:46.390171+00:00] neuffer.test_task.INFO: numbers 43 and -85 are wrong [] []
[2024-12-08T23:59:46.390188+00:00] neuffer.test_task.INFO: numbers -87 and -4 are wrong [] []
[2024-12-08T23:59:46.390197+00:00] neuffer.test_task.INFO: numbers 48 and -72 are wrong [] []
[2024-12-08T23:59:46.390206+00:00] neuffer.test_task.INFO: numbers -88 and 14 are wrong [] []
[2024-12-08T23:59:46.390217+00:00] neuffer.test_task.INFO: numbers -83 and -95 are wrong [] []
[2024-12-08T23:59:46.390226+00:00] neuffer.test_task.INFO: numbers 35 and -98 are wrong [] []
[2024-12-08T23:59:46.390235+00:00] neuffer.test_task.INFO: numbers 28 and -86 are wrong [] []
[2024-12-08T23:59:46.390247+00:00] neuffer.test_task.INFO: numbers 9 and -76 are wrong [] []
[2024-12-08T23:59:46.390256+00:00] neuffer.test_task.INFO: numbers -87 and 6 are wrong [] []
[2024-12-08T23:59:46.390268+00:00] neuffer.test_task.INFO: numbers -34 and -1 are wrong [] []
[2024-12-08T23:59:46.390279+00:00] neuffer.test_task.INFO: numbers 5 and -70 are wrong [] []
[2024-12-08T23:59:46.390289+00:00] neuffer.test_task.INFO: numbers -97 and -63 are wrong [] []
[2024-12-08T23:59:46.390298+00:00] neuffer.test_task.INFO: numbers -86 and -74 are wrong [] []
[2024-12-08T23:59:46.390315+00:00] neuffer.test_task.INFO: numbers -40 and -32 are wrong [] []
[2024-12-08T23:59:46.390332+00:00] neuffer.test_task.INFO: numbers -25 and -49 are wrong [] []
[2024-12-08T23:59:46.390341+00:00] neuffer.test_task.INFO: numbers -48 and 44 are wrong [] []
[2024-12-08T23:59:46.390350+00:00] neuffer.test_task.INFO: numbers -94 and -49 are wrong [] []
[2024-12-08T23:59:46.390362+00:00] neuffer.test_task.INFO: numbers -9 and -38 are wrong [] []
[2024-12-08T23:59:46.390371+00:00] neuffer.test_task.INFO: numbers 62 and -87 are wrong [] []
[2024-12-08T23:59:46.390380+00:00] neuffer.test_task.INFO: numbers -92 and -12 are wrong [] []
[2024-12-08T23:59:46.390394+00:00] neuffer.test_task.INFO: numbers -97 and 53 are wrong [] []
[2024-12-08T23:59:46.390403+00:00] neuffer.test_task.INFO: numbers -34 and -19 are wrong [] []
[2024-12-08T23:59:46.390415+00:00] neuffer.test_task.INFO: numbers 60 and -96 are wrong [] []
[2024-12-08T23:59:46.390424+00:00] neuffer.test_task.INFO: numbers -75 and 17 are wrong [] []
[2024-12-08T23:59:46.390441+00:00] neuffer.test_task.INFO: numbers -31 and -96 are wrong [] []
[2024-12-08T23:59:46.390450+00:00] neuffer.test_task.INFO: numbers -59 and 28 are wrong [] []
[2024-12-08T23:59:46.390459+00:00] neuffer.test_task.INFO: numbers 66 and -82 are wrong [] []
[2024-12-08T23:59:46.390477+00:00] neuffer.test_task.INFO: numbers -7 and -16 are wrong [] []
[2024-12-08T23:59:46.390486+00:00] neuffer.test_task.INFO: numbers -20 and -81 are wrong [] []
[2024-12-08T23:59:46.390497+00:00] neuffer.test_task.INFO: numbers -79 and 50 are wrong [] []
[2024-12-08T23:59:46.390507+00:00] neuffer.test_task.INFO: numbers -13 and -59 are wrong [] []
[2024-12-08T23:59:46.390524+00:00] neuffer.test_task.INFO: numbers -48 and -73 are wrong [] []
[2024-12-08T23:59:46.390554+00:00] neuffer.test_task.INFO: numbers 68 and -75 are wrong [] []
[2024-12-08T23:59:46.390566+00:00] neuffer.test_task.INFO: numbers -35 and -46 are wrong [] []
[2024-12-08T23:59:46.390575+00:00] neuffer.test_task.INFO: numbers -85 and 50 are wrong [] []
[2024-12-08T23:59:46.390588+00:00] neuffer.test_task.INFO: numbers -93 and -58 are wrong [] []
[2024-12-08T23:59:46.390626+00:00] neuffer.test_task.INFO: numbers -13 and -82 are wrong [] []
[2024-12-08T23:59:46.390648+00:00] neuffer.test_task.INFO: numbers -95 and -88 are wrong [] []
[2024-12-08T23:59:46.390662+00:00] neuffer.test_task.INFO: numbers -87 and -22 are wrong [] []
[2024-12-08T23:59:46.390672+00:00] neuffer.test_task.INFO: numbers -65 and -42 are wrong [] []
[2024-12-08T23:59:46.390681+00:00] neuffer.test_task.INFO: numbers -94 and 72 are wrong [] []
[2024-12-08T23:59:46.390690+00:00] neuffer.test_task.INFO: numbers 29 and -56 are wrong [] []
[2024-12-08T23:59:46.390701+00:00] neuffer.test_task.INFO: numbers -19 and -57 are wrong [] []
[2024-12-08T23:59:46.390713+00:00] neuffer.test_task.INFO: numbers -43 and 5 are wrong [] []
[2024-12-08T23:59:46.390727+00:00] neuffer.test_task.INFO: numbers -20 and -15 are wrong [] []
[2024-12-08T23:59:46.390737+00:00] neuffer.test_task.INFO: numbers -43 and 28 are wrong [] []
[2024-12-08T23:59:46.390748+00:00] neuffer.test_task.INFO: numbers -92 and 32 are wrong [] []
[2024-12-08T23:59:46.390760+00:00] neuffer.test_task.INFO: numbers 67 and -99 are wrong [] []
[2024-12-08T23:59:46.390769+00:00] neuffer.test_task.INFO: numbers -70 and -45 are wrong [] []
[2024-12-08T23:59:46.390778+00:00] neuffer.test_task.INFO: numbers -36 and -54 are wrong [] []
[2024-12-08T23:59:46.390790+00:00] neuffer.test_task.INFO: numbers -48 and -88 are wrong [] []
[2024-12-08T23:59:46.390799+00:00] neuffer.test_task.INFO: numbers -43 and -32 are wrong [] []
[2024-12-08T23:59:46.390808+00:00] neuffer.test_task.INFO: numbers -76 and 51 are wrong [] []
[2024-12-08T23:59:46.390820+00:00] neuffer.test_task.INFO: numbers 26 and -48 are wrong [] []
[2024-12-08T23:59:46.390831+00:00] neuffer.test_task.INFO: numbers -57 and 31 are wrong [] []
[2024-12-08T23:59:46.390840+00:00] neuffer.test_task.INFO: numbers 43 and -87 are wrong [] []
[2024-12-08T23:59:46.390849+00:00] neuffer.test_task.INFO: numbers 51 and -57 are wrong [] []
[2024-12-08T23:59:46.390861+00:00] neuffer.test_task.INFO: numbers -46 and -37 are wrong [] []
[2024-12-08T23:59:46.390870+00:00] neuffer.test_task.INFO: numbers -50 and -73 are wrong [] []
[2024-12-08T23:59:46.390884+00:00] neuffer.test_task.INFO: numbers -51 and 39 are wrong [] []
[2024-12-08T23:59:46.390901+00:00] neuffer.test_task.INFO: numbers -49 and -10 are wrong [] []
[2024-12-08T23:59:46.390913+00:00] neuffer.test_task.INFO: numbers 54 and -98 are wrong [] []
[2024-12-08T23:59:46.390922+00:00] neuffer.test_task.INFO: numbers -30 and 21 are wrong [] []
[2024-12-08T23:59:46.390931+00:00] neuffer.test_task.INFO: numbers -95 and 52 are wrong [] []
[2024-12-08T23:59:46.390943+00:00] neuffer.test_task.INFO: numbers -5 and 0 are wrong [] []
[2024-12-08T23:59:46.390963+00:00] neuffer.test_task.INFO: numbers -20 and -100 are wrong [] []
[2024-12-08T23:59:46.390972+00:00] neuffer.test_task.INFO: numbers -36 and -20 are wrong [] []
[2024-12-08T23:59:46.390986+00:00] neuffer.test_task.INFO: numbers -48 and -46 are wrong [] []
[2024-12-08T23:59:46.390996+00:00] neuffer.test_task.INFO: numbers -15 and -11 are wrong [] []
[2024-12-08T23:59:46.391012+00:00] neuffer.test_task.INFO: numbers 11 and -27 are wrong [] []
[2024-12-08T23:59:46.391022+00:00] neuffer.test_task.INFO: numbers -48 and -71 are wrong [] []
[2024-12-08T23:59:46.391034+00:00] neuffer.test_task.INFO: numbers -56 and -88 are wrong [] []
[2024-12-08T23:59:46.391046+00:00] neuffer.test_task.INFO: numbers -90 and 43 are wrong [] []
[2024-12-08T23:59:46.391058+00:00] neuffer.test_task.INFO: numbers 0 and -32 are wrong [] []
[2024-12-08T23:59:46.391068+00:00] neuffer.test_task.INFO: numbers -43 and 4 are wrong [] []
[2024-12-08T23:59:46.391077+00:00] neuffer.test_task.INFO: numbers -63 and 28 are wrong [] []
[2024-12-08T23:59:46.391091+00:00] neuffer.test_task.INFO: numbers 38 and -50 are wrong [] []
[2024-12-08T23:59:46.391116+00:00] neuffer.test_task.INFO: numbers -97 and 33 are wrong [] []
[2024-12-08T23:59:46.391132+00:00] neuffer.test_task.INFO: numbers -57 and -73 are wrong [] []
[2024-12-08T23:59:46.391146+00:00] neuffer.test_task.INFO: numbers -52 and -35 are wrong [] []
[2024-12-08T23:59:46.391156+00:00] neuffer.test_task.INFO: numbers -97 and -54 are wrong [] []
[2024-12-08T23:59:46.391165+00:00] neuffer.test_task.INFO: numbers -8 and -66 are wrong [] []
[2024-12-08T23:59:46.391174+00:00] neuffer.test_task.INFO: numbers -68 and -25 are wrong [] []
[2024-12-08T23:59:46.391186+00:00] neuffer.test_task.INFO: numbers -83 and 4 are wrong [] []
[2024-12-08T23:59:46.391195+00:00] neuffer.test_task.INFO: numbers -91 and -62 are wrong [] []
[2024-12-08T23:59:46.391204+00:00] neuffer.test_task.INFO: numbers -6 and -23 are wrong [] []
[2024-12-08T23:59:46.391213+00:00] neuffer.test_task.INFO: numbers -94 and -7 are wrong [] []
[2024-12-08T23:59:46.391222+00:00] neuffer.test_task.INFO: numbers -97 and -8 are wrong [] []
[2024-12-08T23:59:46.391235+00:00] neuffer.test_task.INFO: numbers -75 and -14 are wrong [] []
[2024-12-08T23:59:46.391246+00:00] neuffer.test_task.INFO: numbers -10 and -90 are wrong [] []
[2024-12-08T23:59:46.391255+00:00] neuffer.test_task.INFO: numbers -74 and 59 are wrong [] []
[2024-12-08T23:59:46.391271+00:00] neuffer.test_task.INFO: numbers -60 and 29 are wrong [] []
[2024-12-08T23:59:46.391281+00:00] neuffer.test_task.INFO: numbers -79 and 78 are wrong [] []
[2024-12-08T23:59:46.391291+00:00] neuffer.test_task.INFO: numbers -90 and 11 are wrong [] []
[2024-12-08T23:59:46.391303+00:00] neuffer.test_task.INFO: numbers 32 and -57 are wrong [] []
[2024-12-08T23:59:46.391313+00:00] neuffer.test_task.INFO: numbers 36 and -89 are wrong [] []
[2024-12-08T23:59:46.391333+00:00] neuffer.test_task.INFO: numbers -4 and -24 are wrong [] []
[2024-12-08T23:59:46.391343+00:00] neuffer.test_task.INFO: numbers -68 and -63 are wrong [] []
[2024-12-08T23:59:46.391367+00:00] neuffer.test_task.INFO: numbers -34 and -81 are wrong [] []
[2024-12-08T23:59:46.391380+00:00] neuffer.test_task.INFO: numbers -94 and -7 are wrong [] []
[2024-12-08T23:59:46.391394+00:00] neuffer.test_task.INFO: numbers 46 and -97 are wrong [] []
[2024-12-08T23:59:46.391414+00:00] neuffer.test_task.INFO: numbers 1 and -97 are wrong [] []
[2024-12-08T23:59:46.391426+00:00] neuffer.test_task.INFO: numbers 16 and -83 are wrong [] []
[2024-12-08T23:59:46.391435+00:00] neuffer.test_task.INFO: numbers -58 and 30 are wrong [] []
[2024-12-08T23:59:46.391447+00:00] neuffer.test_task.INFO: numbers 27 and -46 are wrong [] []
[2024-12-08T23:59:46.391462+00:00] neuffer.test_task.INFO: numbers -21 and -68 are wrong [] []
[2024-12-08T23:59:46.391474+00:00] neuffer.test_task.INFO: numbers -56 and 54 are wrong [] []
[2024-12-08T23:59:46.391484+00:00] neuffer.test_task.INFO: numbers -88 and 58 are wrong [] []
[2024-12-08T23:59:46.391504+00:00] neuffer.test_task.INFO: numbers -56 and -18 are wrong [] []
[2024-12-08T23:59:46.391513+00:00] neuffer.test_task.INFO: numbers -98 and -59 are wrong [] []
[2024-12-08T23:59:46.391525+00:00] neuffer.test_task.INFO: numbers -3 and -46 are wrong [] []
[2024-12-08T23:59:46.391548+00:00] neuffer.test_task.INFO: numbers 2 and -77 are wrong [] []
[2024-12-08T23:59:46.391568+00:00] neuffer.test_task.INFO: numbers -1 and -14 are wrong [] []
[2024-12-08T23:59:46.391580+00:00] neuffer.test_task.INFO: numbers -36 and -36 are wrong [] []
[2024-12-08T23:59:46.391597+00:00] neuffer.test_task.INFO: numbers 20 and -30 are wrong [] []
[2024-12-08T23:59:46.391609+00:00] neuffer.test_task.INFO: numbers -72 and -9 are wrong [] []
[2024-12-08T23:59:46.391634+00:00] neuffer.test_task.INFO: numbers -29 and -17 are wrong [] []
[2024-12-08T23:59:46.391654+00:00] neuffer.test_task.INFO: numbers -55 and 20 are wrong [] []
[2024-12-08T23:59:46.391665+00:00] neuffer.test_task.INFO: numbers -74 and 65 are wrong [] []
[2024-12-08T23:59:46.391675+00:00] neuffer.test_task.INFO: numbers -12 and -71 are wrong [] []
[2024-12-08T23:59:46.391684+00:00] neuffer.test_task.INFO: numbers 44 and -92 are wrong [] []
[2024-12-08T23:59:46.391701+00:00] neuffer.test_task.INFO: numbers -45 and -85 are wrong [] []
[2024-12-08T23:59:46.391717+00:00] neuffer.test_task.INFO: numbers -44 and -97 are wrong [] []
[2024-12-08T23:59:46.391729+00:00] neuffer.test_task.INFO: numbers -57 and -44 are wrong [] []
[2024-12-08T23:59:46.391743+00:00] neuffer.test_task.INFO: numbers -22 and -9 are wrong [] []
[2024-12-08T23:59:46.391761+00:00] neuffer.test_task.INFO: numbers -74 and -93 are wrong [] []
[2024-12-08T23:59:46.391779+00:00] neuffer.test_task.INFO: numbers 39 and -42 are wrong [] []
[2024-12-08T23:59:46.391789+00:00] neuffer.test_task.INFO: numbers -25 and -51 are wrong [] []
[2024-12-08T23:59:46.391801+00:00] neuffer.test_task.INFO: numbers -97 and 42 are wrong [] []
[2024-12-08T23:59:46.391814+00:00] neuffer.test_task.INFO: numbers -16 and -32 are wrong [] []
[2024-12-08T23:59:46.391823+00:00] neuffer.test_task.INFO: numbers -68 and 57 are wrong [] []
[2024-12-08T23:59:46.391835+00:00] neuffer.test_task.INFO: numbers -4 and -56 are wrong [] []
[2024-12-08T23:59:46.391847+00:00] neuffer.test_task.INFO: numbers 63 and -77 are wrong [] []
[2024-12-08T23:59:46.391861+00:00] neuffer.test_task.INFO: numbers -72 and 66 are wrong [] []
[2024-12-08T23:59:46.391871+00:00] neuffer.test_task.INFO: numbers 67 and -74 are wrong [] []
[2024-12-08T23:59:46.391883+00:00] neuffer.test_task.INFO: numbers -74 and -16 are wrong [] []
[2024-12-08T23:59:46.391897+00:00] neuffer.test_task.INFO: numbers -81 and -61 are wrong [] []
[2024-12-08T23:59:46.391909+00:00] neuffer.test_task.INFO: numbers -74 and -23 are wrong [] []
[2024-12-08T23:59:46.391923+00:00] neuffer.test_task.INFO: numbers -75 and -32 are wrong [] []
[2024-12-08T23:59:46.391935+00:00] neuffer.test_task.INFO: numbers -25 and -85 are wrong [] []
[2024-12-08T23:59:46.391952+00:00] neuffer.test_task.INFO: numbers -42 and -20 are wrong [] []
[2024-12-08T23:59:46.391962+00:00] neuffer.test_task.INFO: numbers -93 and 62 are wrong [] []
[2024-12-08T23:59:46.391975+00:00] neuffer.test_task.INFO: numbers -43 and -24 are wrong [] []
[2024-12-08T23:59:46.391990+00:00] neuffer.test_task.INFO: numbers -70 and -25 are wrong [] []
[2024-12-08T23:59:46.392001+00:00] neuffer.test_task.INFO: numbers -36 and 34 are wrong [] []
[2024-12-08T23:59:46.392010+00:00] neuffer.test_task.INFO: numbers -50 and -99 are wrong [] []
[2024-12-08T23:59:46.392027+00:00] neuffer.test_task.INFO: numbers 19 and -57 are wrong [] []
[2024-12-08T23:59:46.392042+00:00] neuffer.test_task.INFO: numbers -78 and -43 are wrong [] []
[2024-12-08T23:59:46.392051+00:00] neuffer.test_task.INFO: numbers -51 and -91 are wrong [] []
[2024-12-08T23:59:46.392063+00:00] neuffer.test_task.INFO: numbers 77 and -82 are wrong [] []
[2024-12-08T23:59:46.392073+00:00] neuffer.test_task.INFO: numbers 67 and -93 are wrong [] []
[2024-12-08T23:59:46.392082+00:00] neuffer.test_task.INFO: numbers -83 and 36 are wrong [] []
[2024-12-08T23:59:46.392094+00:00] neuffer.test_task.INFO: numbers 24 and -52 are wrong [] []
[2024-12-08T23:59:46.392104+00:00] neuffer.test_task.INFO: numbers -21 and 17 are wrong [] []
[2024-12-08T23:59:46.392114+00:00] neuffer.test_task.INFO: numbers 90 and -93 are wrong [] []
[2024-12-08T23:59:46.392126+00:00] neuffer.test_task.INFO: numbers -13 and -74 are wrong [] []
[2024-12-08T23:59:46.392138+00:00] neuffer.test_task.INFO: numbers -29 and -2 are wrong [] []
[2024-12-08T23:59:46.392154+00:00] neuffer.test_task.INFO: numbers -68 and -88 are wrong [] []
[2024-12-08T23:59:46.392176+00:00] neuffer.test_task.INFO: numbers 54 and -65 are wrong [] []
[2024-12-08T23:59:46.392187+00:00] neuffer.test_task.INFO: numbers 57 and -64 are wrong [] []
[2024-12-08T23:59:46.392197+00:00] neuffer.test_task.INFO: numbers -18 and -27 are wrong [] []
[2024-12-08T23:59:46.392213+00:00] neuffer.test_task.INFO: numbers -11 and -57 are wrong [] []
[2024-12-08T23:59:46.392230+00:00] neuffer.test_task.INFO: numbers -40 and -71 are wrong [] []
[2024-12-08T23:59:46.392240+00:00] neuffer.test_task.INFO: numbers 62 and -79 are wrong [] []
[2024-12-08T23:59:46.392249+00:00] neuffer.test_task.INFO: numbers -2 and -51 are wrong [] []
[2024-12-08T23:59:46.392263+00:00] neuffer.test_task.INFO: numbers -45 and 24 are wrong [] []
[2024-12-08T23:59:46.392275+00:00] neuffer.test_task.INFO: numbers -79 and 3 are wrong [] []
[2024-12-08T23:59:46.392290+00:00] neuffer.test_task.INFO: numbers -71 and -95 are wrong [] []
[2024-12-08T23:59:46.392299+00:00] neuffer.test_task.INFO: numbers -29 and -23 are wrong [] []
[2024-12-08T23:59:46.392308+00:00] neuffer.test_task.INFO: numbers -8 and -35 are wrong [] []
[2024-12-08T23:59:46.392320+00:00] neuffer.test_task.INFO: numbers 89 and -92 are wrong [] []
[2024-12-08T23:59:46.392330+00:00] neuffer.test_task.INFO: numbers -84 and 22 are wrong [] []
[2024-12-08T23:59:46.392339+00:00] neuffer.test_task.INFO: numbers -64 and 60 are wrong [] []
[2024-12-08T23:59:46.392351+00:00] neuffer.test_task.INFO: numbers 67 and -70 are wrong [] []
[2024-12-08T23:59:46.392360+00:00] neuffer.test_task.INFO: numbers -28 and -55 are wrong [] []
[2024-12-08T23:59:46.392369+00:00] neuffer.test_task.INFO: numbers -36 and 22 are wrong [] []
[2024-12-08T23:59:46.392378+00:00] neuffer.test_task.INFO: numbers -27 and -11 are wrong [] []
[2024-12-08T23:59:46.392388+00:00] neuffer.test_task.INFO: numbers -68 and -24 are wrong [] []
[2024-12-08T23:59:46.392401+00:00] neuffer.test_task.INFO: numbers -39 and -36 are wrong [] []
[2024-12-08T23:59:46.392411+00:00] neuffer.test_task.INFO: numbers -27 and 9 are wrong [] []
[2024-12-08T23:59:46.392424+00:00] neuffer.test_task.INFO: numbers -31 and -58 are wrong [] []
[2024-12-08T23:59:46.392434+00:00] neuffer.test_task.INFO: numbers 57 and -99 are wrong [] []
[2024-12-08T23:59:46.392443+00:00] neuffer.test_task.INFO: numbers -99 and -22 are wrong [] []
[2024-12-08T23:59:46.392458+00:00] neuffer.test_task.INFO: numbers -65 and 11 are wrong [] []
[2024-12-08T23:59:46.392469+00:00] neuffer.test_task.INFO: numbers -56 and -50 are wrong [] []
[2024-12-08T23:59:46.392477+00:00] neuffer.test_task.INFO: numbers 21 and -25 are wrong [] []
[2024-12-08T23:59:46.392495+00:00] neuffer.test_task.INFO: numbers -65 and -19 are wrong [] []
[2024-12-08T23:59:46.392506+00:00] neuffer.test_task.INFO: numbers -18 and -76 are wrong [] []
[2024-12-08T23:59:46.392518+00:00] neuffer.test_task.INFO: numbers 11 and -80 are wrong [] []
[2024-12-08T23:59:46.392529+00:00] neuffer.test_task.INFO: numbers 11 and -61 are wrong [] []
[2024-12-08T23:59:46.392539+00:00] neuffer.test_task.INFO: numbers -55 and 24 are wrong [] []
[2024-12-08T23:59:46.392552+00:00] neuffer.test_task.INFO: numbers -95 and -39 are wrong [] []
[2024-12-08T23:59:46.392561+00:00] neuffer.test_task.INFO: numbers -85 and -50 are wrong [] []
[2024-12-08T23:59:46.392570+00:00] neuffer.test_task.INFO: numbers -86 and 78 are wrong [] []
[2024-12-08T23:59:46.392579+00:00] neuffer.test_task.INFO: numbers 51 and -94 are wrong [] []
[2024-12-08T23:59:46.392597+00:00] neuffer.test_task.INFO: numbers -57 and 5 are wrong [] []
[2024-12-08T23:59:46.392606+00:00] neuffer.test_task.INFO: numbers -88 and -7 are wrong [] []
[2024-12-08T23:59:46.392615+00:00] neuffer.test_task.INFO: numbers -88 and 19 are wrong [] []
[2024-12-08T23:59:46.392634+00:00] neuffer.test_task.INFO: numbers -25 and -40 are wrong [] []
[2024-12-08T23:59:46.392643+00:00] neuffer.test_task.INFO: numbers -73 and 2 are wrong [] []
[2024-12-08T23:59:46.392655+00:00] neuffer.test_task.INFO: numbers -38 and -16 are wrong [] []
[2024-12-08T23:59:46.392670+00:00] neuffer.test_task.INFO: numbers 0 and -72 are wrong [] []
[2024-12-08T23:59:46.392682+00:00] neuffer.test_task.INFO: numbers -70 and -52 are wrong [] []
[2024-12-08T23:59:46.392692+00:00] neuffer.test_task.INFO: numbers -31 and -38 are wrong [] []
[2024-12-08T23:59:46.392704+00:00] neuffer.test_task.INFO: numbers -55 and -12 are wrong [] []
[2024-12-08T23:59:46.392713+00:00] neuffer.test_task.INFO: numbers -81 and 45 are wrong [] []
[2024-12-08T23:59:46.392734+00:00] neuffer.test_task.INFO: numbers -15 and -34 are wrong [] []
[2024-12-08T23:59:46.392747+00:00] neuffer.test_task.INFO: numbers 80 and -92 are wrong [] []
[2024-12-08T23:59:46.392762+00:00] neuffer.test_task.INFO: numbers -54 and -22 are wrong [] []
[2024-12-08T23:59:46.392771+00:00] neuffer.test_task.INFO: numbers -25 and -94 are wrong [] []
[2024-12-08T23:59:46.392782+00:00] neuffer.test_task.INFO: numbers 62 and -67 are wrong [] []
[2024-12-08T23:59:46.392791+00:00] neuffer.test_task.INFO: numbers 42 and -63 are wrong [] []
[2024-12-08T23:59:46.392813+00:00] neuffer.test_task.INFO: numbers 23 and -31 are wrong [] []
[2024-12-08T23:59:46.392826+00:00] neuffer.test_task.INFO: numbers 41 and -72 are wrong [] []
[2024-12-08T23:59:46.392849+00:00] neuffer.test_task.INFO: numbers -83 and 62 are wrong [] []
[2024-12-08T23:59:46.392863+00:00] neuffer.test_task.INFO: numbers -44 and -57 are wrong [] []
[2024-12-08T23:59:46.392877+00:00] neuffer.test_task.INFO: numbers -91 and -75 are wrong [] []
[2024-12-08T23:59:46.392888+00:00] neuffer.test_task.INFO: numbers -88 and 74 are wrong [] []
[2024-12-08T23:59:46.392900+00:00] neuffer.test_task.INFO: numbers -42 and -87 are wrong [] []
[2024-12-08T23:59:46.392914+00:00] neuffer.test_task.INFO: numbers -7 and -60 are wrong [] []
[2024-12-08T23:59:46.392923+00:00] neuffer.test_task.INFO: numbers -57 and -100 are wrong [] []
[2024-12-08T23:59:46.392940+00:00] neuffer.test_task.INFO: numbers -10 and -48 are wrong [] []
[2024-12-08T23:59:46.392952+00:00] neuffer.test_task.INFO: numbers -11 and -44 are wrong [] []
[2024-12-08T23:59:46.392961+00:00] neuffer.test_task.INFO: numbers -65 and -6 are wrong [] []
[2024-12-08T23:59:46.392973+00:00] neuffer.test_task.INFO: numbers -70 and 38 are wrong [] []
[2024-12-08T23:59:46.392983+00:00] neuffer.test_task.INFO: numbers -10 and -33 are wrong [] []
[2024-12-08T23:59:46.392994+00:00] neuffer.test_task.INFO: numbers -3 and -8 are wrong [] []
[2024-12-08T23:59:46.393006+00:00] neuffer.test_task.INFO: numbers -76 and 10 are wrong [] []
[2024-12-08T23:59:46.393028+00:00] neuffer.test_task.INFO: numbers 1 and -13 are wrong [] []
[2024-12-08T23:59:46.393042+00:00] neuffer.test_task.INFO: numbers -79 and 22 are wrong [] []
[2024-12-08T23:59:46.393057+00:00] neuffer.test_task.INFO: numbers 19 and -45 are wrong [] []
[2024-12-08T23:59:46.393068+00:00] neuffer.test_task.INFO: numbers -49 and 31 are wrong [] []
[2024-12-08T23:59:46.393080+00:00] neuffer.test_task.INFO: numbers 10 and -11 are wrong [] []
[2024-12-08T23:59:46.393092+00:00] neuffer.test_task.INFO: numbers 26 and -83 are wrong [] []
[2024-12-08T23:59:46.393104+00:00] neuffer.test_task.INFO: numbers -99 and -96 are wrong [] []
[2024-12-08T23:59:46.393113+00:00] neuffer.test_task.INFO: numbers 30 and -76 are wrong [] []
[2024-12-08T23:59:46.393122+00:00] neuffer.test_task.INFO: numbers 32 and -89 are wrong [] []
[2024-12-08T23:59:46.393136+00:00] neuffer.test_task.INFO: numbers 4 and -11 are wrong [] []
[2024-12-08T23:59:46.393153+00:00] neuffer.test_task.INFO: numbers -46 and -27 are wrong [] []
[2024-12-08T23:59:46.393162+00:00] neuffer.test_task.INFO: numbers -90 and -53 are wrong [] []
[2024-12-08T23:59:46.393177+00:00] neuffer.test_task.INFO: numbers 6 and -82 are wrong [] []
[2024-12-08T23:59:46.393193+00:00] neuffer.test_task.INFO: numbers 20 and -39 are wrong [] []
[2024-12-08T23:59:46.393202+00:00] neuffer.test_task.INFO: numbers -86 and 26 are wrong [] []
[2024-12-08T23:59:46.393213+00:00] neuffer.test_task.INFO: numbers 19 and -43 are wrong [] []
[2024-12-08T23:59:46.393229+00:00] neuffer.test_task.INFO: numbers 26 and -33 are wrong [] []
[2024-12-08T23:59:46.393243+00:00] neuffer.test_task.INFO: numbers -85 and 4 are wrong [] []
[2024-12-08T23:59:46.393253+00:00] neuffer.test_task.INFO: numbers -34 and -14 are wrong [] []
[2024-12-08T23:59:46.393264+00:00] neuffer.test_task.INFO: numbers -51 and -21 are wrong [] []
[2024-12-08T23:59:46.393273+00:00] neuffer.test_task.INFO: numbers 6 and -58 are wrong [] []
[2024-12-08T23:59:46.393282+00:00] neuffer.test_task.INFO: numbers 12 and -82 are wrong [] []
[2024-12-08T23:59:46.393291+00:00] neuffer.test_task.INFO: numbers -93 and -12 are wrong [] []
[2024-12-08T23:59:46.393308+00:00] neuffer.test_task.INFO: numbers -31 and -17 are wrong [] []
[2024-12-08T23:59:46.393317+00:00] neuffer.test_task.INFO: numbers -55 and -14 are wrong [] []
[2024-12-08T23:59:46.393329+00:00] neuffer.test_task.INFO: numbers -70 and -46 are wrong [] []
[2024-12-08T23:59:46.393338+00:00] neuffer.test_task.INFO: numbers 37 and -37 are wrong [] []
[2024-12-08T23:59:46.393347+00:00] neuffer.test_task.INFO: numbers 33 and -83 are wrong [] []
[2024-12-08T23:59:46.393356+00:00] neuffer.test_task.INFO: numbers -61 and -57 are wrong [] []
[2024-12-08T23:59:46.393373+00:00] neuffer.test_task.INFO: numbers 19 and -81 are wrong [] []
[2024-12-08T23:59:46.393384+00:00] neuffer.test_task.INFO: numbers -64 and -18 are wrong [] []
[2024-12-08T23:59:46.393404+00:00] neuffer.test_task.INFO: numbers -15 and -46 are wrong [] []
[2024-12-08T23:59:46.393413+00:00] neuffer.test_task.INFO: numbers -3 and -97 are wrong [] []
[2024-12-08T23:59:46.393422+00:00] neuffer.test_task.INFO: numbers -3 and -27 are wrong [] []
[2024-12-08T23:59:46.393431+00:00] neuffer.test_task.INFO: numbers -27 and -19 are wrong [] []
[2024-12-08T23:59:46.393440+00:00] neuffer.test_task.INFO: numbers -77 and -39 are wrong [] []
[2024-12-08T23:59:46.393449+00:00] neuffer.test_task.INFO: numbers 6 and -39 are wrong [] []
[2024-12-08T23:59:46.393458+00:00] neuffer.test_task.INFO: numbers -39 and -30 are wrong [] []
[2024-12-08T23:59:46.393470+00:00] neuffer.test_task.INFO: numbers 40 and -54 are wrong [] []
[2024-12-08T23:59:46.393485+00:00] neuffer.test_task.INFO: numbers -79 and 17 are wrong [] []
[2024-12-08T23:59:46.393496+00:00] neuffer.test_task.INFO: numbers 13 and -27 are wrong [] []
[2024-12-08T23:59:46.393508+00:00] neuffer.test_task.INFO: numbers 38 and -81 are wrong [] []
[2024-12-08T23:59:46.393520+00:00] neuffer.test_task.INFO: numbers -14 and -44 are wrong [] []
[2024-12-08T23:59:46.393532+00:00] neuffer.test_task.INFO: numbers -62 and -41 are wrong [] []
[2024-12-08T23:59:46.393541+00:00] neuffer.test_task.INFO: numbers 18 and -36 are wrong [] []
[2024-12-08T23:59:46.393550+00:00] neuffer.test_task.INFO: numbers -60 and -34 are wrong [] []
[2024-12-08T23:59:46.393562+00:00] neuffer.test_task.INFO: numbers -75 and 11 are wrong [] []
[2024-12-08T23:59:46.393584+00:00] neuffer.test_task.INFO: numbers -56 and 8 are wrong [] []
[2024-12-08T23:59:46.393594+00:00] neuffer.test_task.INFO: numbers -46 and -22 are wrong [] []
[2024-12-08T23:59:46.393603+00:00] neuffer.test_task.INFO: numbers -89 and -21 are wrong [] []
[2024-12-08T23:59:46.393617+00:00] neuffer.test_task.INFO: numbers -64 and 0 are wrong [] []
[2024-12-08T23:59:46.393629+00:00] neuffer.test_task.INFO: numbers -75 and 38 are wrong [] []
[2024-12-08T23:59:46.393648+00:00] neuffer.test_task.INFO: numbers -52 and 14 are wrong [] []
[2024-12-08T23:59:46.393660+00:00] neuffer.test_task.INFO: numbers -70 and -26 are wrong [] []
[2024-12-08T23:59:46.393677+00:00] neuffer.test_task.INFO: numbers -20 and -36 are wrong [] []
[2024-12-08T23:59:46.393689+00:00] neuffer.test_task.INFO: numbers -11 and -3 are wrong [] []
[2024-12-08T23:59:46.393700+00:00] neuffer.test_task.INFO: numbers -84 and 9 are wrong [] []
[2024-12-08T23:59:46.393709+00:00] neuffer.test_task.INFO: numbers -36 and 8 are wrong [] []
[2024-12-08T23:59:46.393719+00:00] neuffer.test_task.INFO: numbers -39 and -13 are wrong [] []
[2024-12-08T23:59:46.393730+00:00] neuffer.test_task.INFO: numbers -36 and 16 are wrong [] []
[2024-12-08T23:59:46.393747+00:00] neuffer.test_task.INFO: numbers -65 and 30 are wrong [] []
[2024-12-08T23:59:46.393761+00:00] neuffer.test_task.INFO: numbers -85 and 76 are wrong [] []
[2024-12-08T23:59:46.393771+00:00] neuffer.test_task.INFO: numbers -39 and -64 are wrong [] []
[2024-12-08T23:59:46.393787+00:00] neuffer.test_task.INFO: numbers -74 and 27 are wrong [] []
[2024-12-08T23:59:46.393797+00:00] neuffer.test_task.INFO: numbers 5 and -10 are wrong [] []
[2024-12-08T23:59:46.393808+00:00] neuffer.test_task.INFO: numbers -99 and 49 are wrong [] []
[2024-12-08T23:59:46.393820+00:00] neuffer.test_task.INFO: numbers -43 and -88 are wrong [] []
[2024-12-08T23:59:46.393829+00:00] neuffer.test_task.INFO: numbers -90 and -27 are wrong [] []
[2024-12-08T23:59:46.393838+00:00] neuffer.test_task.INFO: numbers 30 and -51 are wrong [] []
[2024-12-08T23:59:46.393847+00:00] neuffer.test_task.INFO: numbers -67 and -59 are wrong [] []
[2024-12-08T23:59:46.393857+00:00] neuffer.test_task.INFO: numbers -16 and -69 are wrong [] []
[2024-12-08T23:59:46.393873+00:00] neuffer.test_task.INFO: numbers -51 and -14 are wrong [] []
[2024-12-08T23:59:46.393882+00:00] neuffer.test_task.INFO: numbers 21 and -45 are wrong [] []
[2024-12-08T23:59:46.393897+00:00] neuffer.test_task.INFO: numbers -52 and -37 are wrong [] []
[2024-12-08T23:59:46.393911+00:00] neuffer.test_task.INFO: numbers -26 and -44 are wrong [] []
[2024-12-08T23:59:46.393920+00:00] neuffer.test_task.INFO: numbers -7 and -27 are wrong [] []
[2024-12-08T23:59:46.393932+00:00] neuffer.test_task.INFO: numbers -96 and -78 are wrong [] []
[2024-12-08T23:59:46.393944+00:00] neuffer.test_task.INFO: numbers 8 and -57 are wrong [] []
[2024-12-08T23:59:46.393956+00:00] neuffer.test_task.INFO: numbers -13 and -80 are wrong [] []
[2024-12-08T23:59:46.393967+00:00] neuffer.test_task.INFO: numbers -14 and -94 are wrong [] []
[2024-12-08T23:59:46.393976+00:00] neuffer.test_task.INFO: numbers -29 and -21 are wrong [] []
[2024-12-08T23:59:46.393986+00:00] neuffer.test_task.INFO: numbers 13 and -45 are wrong [] []
[2024-12-08T23:59:46.393994+00:00] neuffer.test_task.INFO: numbers -59 and -53 are wrong [] []
[2024-12-08T23:59:46.394009+00:00] neuffer.test_task.INFO: numbers 70 and -77 are wrong [] []
[2024-12-08T23:59:46.394028+00:00] neuffer.test_task.INFO: numbers 16 and -18 are wrong [] []
[2024-12-08T23:59:46.394040+00:00] neuffer.test_task.INFO: numbers -75 and -100 are wrong [] []
[2024-12-08T23:59:46.394052+00:00] neuffer.test_task.INFO: numbers -53 and 40 are wrong [] []
[2024-12-08T23:59:46.394063+00:00] neuffer.test_task.INFO: numbers -16 and -71 are wrong [] []
[2024-12-08T23:59:46.394072+00:00] neuffer.test_task.INFO: numbers -15 and -91 are wrong [] []
[2024-12-08T23:59:46.394082+00:00] neuffer.test_task.INFO: numbers 29 and -51 are wrong [] []
[2024-12-08T23:59:46.394091+00:00] neuffer.test_task.INFO: numbers -89 and 68 are wrong [] []
[2024-12-08T23:59:46.394107+00:00] neuffer.test_task.INFO: numbers -25 and -11 are wrong [] []
[2024-12-08T23:59:46.394124+00:00] neuffer.test_task.INFO: numbers -30 and -50 are wrong [] []
[2024-12-08T23:59:46.394133+00:00] neuffer.test_task.INFO: numbers 55 and -59 are wrong [] []
[2024-12-08T23:59:46.394145+00:00] neuffer.test_task.INFO: numbers 5 and -67 are wrong [] []
[2024-12-08T23:59:46.394154+00:00] neuffer.test_task.INFO: numbers -76 and 21 are wrong [] []
[2024-12-08T23:59:46.394163+00:00] neuffer.test_task.INFO: numbers -17 and -82 are wrong [] []
[2024-12-08T23:59:46.394172+00:00] neuffer.test_task.INFO: numbers -35 and -2 are wrong [] []
[2024-12-08T23:59:46.394187+00:00] neuffer.test_task.INFO: numbers 0 and 0 are wrong [] []
[2024-12-08T23:59:46.394196+00:00] neuffer.test_task.INFO: numbers -43 and 16 are wrong [] []
[2024-12-08T23:59:46.394205+00:00] neuffer.test_task.INFO: numbers -59 and -9 are wrong [] []
[2024-12-08T23:59:46.394222+00:00] neuffer.test_task.INFO: numbers 27 and -80 are wrong [] []
[2024-12-08T23:59:46.394231+00:00] neuffer.test_task.INFO: numbers -33 and -55 are wrong [] []
[2024-12-08T23:59:46.394243+00:00] neuffer.test_task.INFO: numbers -13 and -87 are wrong [] []
[2024-12-08T23:59:46.394252+00:00] neuffer.test_task.INFO: numbers -96 and 86 are wrong [] []
[2024-12-08T23:59:46.394264+00:00] neuffer.test_task.INFO: numbers -3 and -15 are wrong [] []
[2024-12-08T23:59:46.394273+00:00] neuffer.test_task.INFO: numbers 48 and -60 are wrong [] []
[2024-12-08T23:59:46.394285+00:00] neuffer.test_task.INFO: numbers 38 and -88 are wrong [] []
[2024-12-08T23:59:46.394296+00:00] neuffer.test_task.INFO: numbers -13 and 6 are wrong [] []
[2024-12-08T23:59:46.394306+00:00] neuffer.test_task.INFO: numbers -75 and -61 are wrong [] []
[2024-12-08T23:59:46.394317+00:00] neuffer.test_task.INFO: numbers -80 and 35 are wrong [] []
[2024-12-08T23:59:46.394326+00:00] neuffer.test_task.INFO: numbers 47 and -57 are wrong [] []
[2024-12-08T23:59:46.394335+00:00] neuffer.test_task.INFO: numbers -76 and -30 are wrong [] []
[2024-12-08T23:59:46.394344+00:00] neuffer.test_task.INFO: numbers -100 and -37 are wrong [] []
[2024-12-08T23:59:46.394353+00:00] neuffer.test_task.INFO: numbers -95 and -47 are wrong [] []
[2024-12-08T23:59:46.394364+00:00] neuffer.test_task.INFO: numbers -14 and -16 are wrong [] []
[2024-12-08T23:59:46.394381+00:00] neuffer.test_task.INFO: numbers -32 and -100 are wrong [] []
[2024-12-08T23:59:46.394390+00:00] neuffer.test_task.INFO: numbers 10 and -20 are wrong [] []
[2024-12-08T23:59:46.394399+00:00] neuffer.test_task.INFO: numbers 53 and -76 are wrong [] []
[2024-12-08T23:59:46.394415+00:00] neuffer.test_task.INFO: numbers -24 and -90 are wrong [] []
[2024-12-08T23:59:46.394433+00:00] neuffer.test_task.INFO: numbers -76 and -47 are wrong [] []
[2024-12-08T23:59:46.394444+00:00] neuffer.test_task.INFO: numbers 59 and -98 are wrong [] []
[2024-12-08T23:59:46.394453+00:00] neuffer.test_task.INFO: numbers -31 and -91 are wrong [] []
[2024-12-08T23:59:46.394462+00:00] neuffer.test_task.INFO: numbers -10 and -53 are wrong [] []
[2024-12-08T23:59:46.394477+00:00] neuffer.test_task.INFO: numbers -71 and 60 are wrong [] []
[2024-12-08T23:59:46.394501+00:00] neuffer.test_task.INFO: numbers -37 and -10 are wrong [] []
[2024-12-08T23:59:46.394511+00:00] neuffer.test_task.INFO: numbers -10 and -83 are wrong [] []
[2024-12-08T23:59:46.394520+00:00] neuffer.test_task.INFO: numbers 41 and -51 are wrong [] []
[2024-12-08T23:59:46.394529+00:00] neuffer.test_task.INFO: numbers -15 and -50 are wrong [] []
[2024-12-08T23:59:46.394540+00:00] neuffer.test_task.INFO: numbers -38 and 20 are wrong [] []
[2024-12-08T23:59:46.394552+00:00] neuffer.test_task.INFO: numbers -22 and 5 are wrong [] []
[2024-12-08T23:59:46.394564+00:00] neuffer.test_task.INFO: numbers -55 and 13 are wrong [] []
[2024-12-08T23:59:46.394576+00:00] neuffer.test_task.INFO: numbers -72 and -14 are wrong [] []
[2024-12-08T23:59:46.394595+00:00] neuffer.test_task.INFO: numbers -57 and 4 are wrong [] []
[2024-12-08T23:59:46.394609+00:00] neuffer.test_task.INFO: numbers 28 and -48 are wrong [] []
[2024-12-08T23:59:46.394618+00:00] neuffer.test_task.INFO: numbers -93 and -95 are wrong [] []
[2024-12-08T23:59:46.394627+00:00] neuffer.test_task.INFO: numbers -74 and 46 are wrong [] []
[2024-12-08T23:59:46.394644+00:00] neuffer.test_task.INFO: numbers -22 and -54 are wrong [] []
[2024-12-08T23:59:46.394666+00:00] neuffer.test_task.INFO: numbers -80 and 11 are wrong [] []
[2024-12-08T23:59:46.394680+00:00] neuffer.test_task.INFO: numbers -34 and -95 are wrong [] []
[2024-12-08T23:59:46.394699+00:00] neuffer.test_task.INFO: numbers 8 and -46 are wrong [] []
[2024-12-08T23:59:46.394719+00:00] neuffer.test_task.INFO: numbers -54 and -59 are wrong [] []
[2024-12-08T23:59:46.394736+00:00] neuffer.test_task.INFO: numbers 31 and -43 are wrong [] []
[2024-12-08T23:59:46.394745+00:00] neuffer.test_task.INFO: numbers 11 and -27 are wrong [] []
[2024-12-08T23:59:46.394754+00:00] neuffer.test_task.INFO: numbers 23 and -23 are wrong [] []
[2024-12-08T23:59:46.394763+00:00] neuffer.test_task.INFO: numbers 18 and -22 are wrong [] []
[2024-12-08T23:59:46.394777+00:00] neuffer.test_task.INFO: numbers -30 and 10 are wrong [] []
[2024-12-08T23:59:46.394795+00:00] neuffer.test_task.INFO: numbers -10 and -16 are wrong [] []
[2024-12-08T23:59:46.394807+00:00] neuffer.test_task.INFO: numbers 17 and -67 are wrong [] []
[2024-12-08T23:59:46.394824+00:00] neuffer.test_task.INFO: numbers -67 and -43 are wrong [] []
[2024-12-08T23:59:46.394838+00:00] neuffer.test_task.INFO: numbers 4 and -52 are wrong [] []
[2024-12-08T23:59:46.394847+00:00] neuffer.test_task.INFO: numbers 39 and -44 are wrong [] []
[2024-12-08T23:59:46.394858+00:00] neuffer.test_task.INFO: numbers 4 and -83 are wrong [] []
[2024-12-08T23:59:46.394868+00:00] neuffer.test_task.INFO: numbers -15 and -65 are wrong [] []
[2024-12-08T23:59:46.394879+00:00] neuffer.test_task.INFO: numbers -97 and -22 are wrong [] []
[2024-12-08T23:59:46.394891+00:00] neuffer.test_task.INFO: numbers -19 and -51 are wrong [] []
[2024-12-08T23:59:46.394902+00:00] neuffer.test_task.INFO: numbers -90 and -3 are wrong [] []
[2024-12-08T23:59:46.394912+00:00] neuffer.test_task.INFO: numbers -44 and 40 are wrong [] []
[2024-12-08T23:59:46.394921+00:00] neuffer.test_task.INFO: numbers -53 and -33 are wrong [] []
[2024-12-08T23:59:46.394930+00:00] neuffer.test_task.INFO: numbers -96 and -85 are wrong [] []
[2024-12-08T23:59:46.394939+00:00] neuffer.test_task.INFO: numbers -20 and 0 are wrong [] []
[2024-12-08T23:59:46.394948+00:00] neuffer.test_task.INFO: numbers -83 and 1 are wrong [] []
[2024-12-08T23:59:46.394965+00:00] neuffer.test_task.INFO: numbers -79 and 4 are wrong [] []
[2024-12-08T23:59:46.394982+00:00] neuffer.test_task.INFO: numbers -66 and 0 are wrong [] []
[2024-12-08T23:59:46.394996+00:00] neuffer.test_task.INFO: numbers -64 and -65 are wrong [] []
[2024-12-08T23:59:46.395020+00:00] neuffer.test_task.INFO: numbers -39 and 26 are wrong [] []
[2024-12-08T23:59:46.395032+00:00] neuffer.test_task.INFO: numbers 22 and -54 are wrong [] []
[2024-12-08T23:59:46.395044+00:00] neuffer.test_task.INFO: numbers 42 and -79 are wrong [] []
[2024-12-08T23:59:46.395053+00:00] neuffer.test_task.INFO: numbers -18 and -71 are wrong [] []
[2024-12-08T23:59:46.395062+00:00] neuffer.test_task.INFO: numbers -47 and -91 are wrong [] []
[2024-12-08T23:59:46.395071+00:00] neuffer.test_task.INFO: numbers -58 and -43 are wrong [] []
[2024-12-08T23:59:46.395083+00:00] neuffer.test_task.INFO: numbers -10 and -45 are wrong [] []
[2024-12-08T23:59:46.395103+00:00] neuffer.test_task.INFO: numbers -52 and -13 are wrong [] []
[2024-12-08T23:59:46.395112+00:00] neuffer.test_task.INFO: numbers -10 and 8 are wrong [] []
[2024-12-08T23:59:46.395121+00:00] neuffer.test_task.INFO: numbers -32 and -31 are wrong [] []
[2024-12-08T23:59:46.395130+00:00] neuffer.test_task.INFO: numbers -75 and -52 are wrong [] []
[2024-12-08T23:59:46.395142+00:00] neuffer.test_task.INFO: numbers -97 and -73 are wrong [] []
[2024-12-08T23:59:46.395151+00:00] neuffer.test_task.INFO: numbers 39 and -69 are wrong [] []
[2024-12-08T23:59:46.395169+00:00] neuffer.test_task.INFO: Finished plus operation   [] []
