[2024-12-09T01:00:11.223420+00:00] neuffer.test_task.INFO: Started division operation   [] []
[2024-12-09T01:00:11.224168+00:00] neuffer.test_task.INFO: numbers 0 and 90 are wrong [] []
[2024-12-09T01:00:11.224201+00:00] neuffer.test_task.INFO: numbers 72 and -58 are wrong [] []
[2024-12-09T01:00:11.224221+00:00] neuffer.test_task.INFO: numbers -1 and 10 are wrong [] []
[2024-12-09T01:00:11.224239+00:00] neuffer.test_task.INFO: numbers 19 and -40 are wrong [] []
[2024-12-09T01:00:11.224283+00:00] neuffer.test_task.INFO: numbers 70 and -2 are wrong [] []
[2024-12-09T01:00:11.224309+00:00] neuffer.test_task.INFO: numbers 78 and -3 are wrong [] []
[2024-12-09T01:00:11.224351+00:00] neuffer.test_task.INFO: numbers 78 and -56 are wrong [] []
[2024-12-09T01:00:11.224364+00:00] neuffer.test_task.INFO: numbers -57 and 60 are wrong [] []
[2024-12-09T01:00:11.224376+00:00] neuffer.test_task.INFO: numbers -22 and 16 are wrong [] []
[2024-12-09T01:00:11.224397+00:00] neuffer.test_task.INFO: numbers -48 and 41 are wrong [] []
[2024-12-09T01:00:11.224410+00:00] neuffer.test_task.INFO: numbers -65 and 73 are wrong [] []
[2024-12-09T01:00:11.224427+00:00] neuffer.test_task.INFO: numbers -67 and 78 are wrong [] []
[2024-12-09T01:00:11.224439+00:00] neuffer.test_task.INFO: numbers -26 and 8 are wrong [] []
[2024-12-09T01:00:11.224456+00:00] neuffer.test_task.INFO: numbers 42 and -5 are wrong [] []
[2024-12-09T01:00:11.224473+00:00] neuffer.test_task.INFO: numbers 83 and -50 are wrong [] []
[2024-12-09T01:00:11.224489+00:00] neuffer.test_task.INFO: numbers -55 and 33 are wrong [] []
[2024-12-09T01:00:11.224501+00:00] neuffer.test_task.INFO: numbers -45 and 91 are wrong [] []
[2024-12-09T01:00:11.224536+00:00] neuffer.test_task.INFO: numbers -99 and 39 are wrong [] []
[2024-12-09T01:00:11.224553+00:00] neuffer.test_task.INFO: numbers -83 and 40 are wrong [] []
[2024-12-09T01:00:11.224565+00:00] neuffer.test_task.INFO: numbers 0 and 88 are wrong [] []
[2024-12-09T01:00:11.224577+00:00] neuffer.test_task.INFO: numbers -91 and 70 are wrong [] []
[2024-12-09T01:00:11.224589+00:00] neuffer.test_task.INFO: numbers -36 and 35 are wrong [] []
[2024-12-09T01:00:11.224601+00:00] neuffer.test_task.INFO: numbers -2 and 13 are wrong [] []
[2024-12-09T01:00:11.224613+00:00] neuffer.test_task.INFO: numbers -93 and 92 are wrong [] []
[2024-12-09T01:00:11.224643+00:00] neuffer.test_task.INFO: numbers 79 and -53 are wrong [] []
[2024-12-09T01:00:11.224660+00:00] neuffer.test_task.INFO: numbers 3 and -78 are wrong [] []
[2024-12-09T01:00:11.224676+00:00] neuffer.test_task.INFO: numbers 6 and -44 are wrong [] []
[2024-12-09T01:00:11.224697+00:00] neuffer.test_task.INFO: numbers 17 and -65 are wrong [] []
[2024-12-09T01:00:11.224714+00:00] neuffer.test_task.INFO: numbers -18 and 3 are wrong [] []
[2024-12-09T01:00:11.224726+00:00] neuffer.test_task.INFO: numbers 33 and -62 are wrong [] []
[2024-12-09T01:00:11.224743+00:00] neuffer.test_task.INFO: numbers -86 and 56 are wrong [] []
[2024-12-09T01:00:11.224755+00:00] neuffer.test_task.INFO: numbers 15 and -27 are wrong [] []
[2024-12-09T01:00:11.224776+00:00] neuffer.test_task.INFO: numbers 61 and -37 are wrong [] []
[2024-12-09T01:00:11.224797+00:00] neuffer.test_task.INFO: numbers -96 and 32 are wrong [] []
[2024-12-09T01:00:11.224809+00:00] neuffer.test_task.INFO: numbers -39 and 90 are wrong [] []
[2024-12-09T01:00:11.224830+00:00] neuffer.test_task.INFO: numbers 76 and -8 are wrong [] []
[2024-12-09T01:00:11.224846+00:00] neuffer.test_task.INFO: numbers 10 and -24 are wrong [] []
[2024-12-09T01:00:11.224858+00:00] neuffer.test_task.INFO: numbers -64 and 59 are wrong [] []
[2024-12-09T01:00:11.224879+00:00] neuffer.test_task.INFO: numbers -87 and 70 are wrong [] []
[2024-12-09T01:00:11.224895+00:00] neuffer.test_task.INFO: numbers -94 and 33 are wrong [] []
[2024-12-09T01:00:11.224907+00:00] neuffer.test_task.INFO: numbers -81 and 93 are wrong [] []
[2024-12-09T01:00:11.224924+00:00] neuffer.test_task.INFO: numbers -64 and 11 are wrong [] []
[2024-12-09T01:00:11.224936+00:00] neuffer.test_task.INFO: numbers -46 and 65 are wrong [] []
[2024-12-09T01:00:11.224959+00:00] neuffer.test_task.INFO: numbers -89 and 1 are wrong [] []
[2024-12-09T01:00:11.224970+00:00] neuffer.test_task.INFO: numbers -67 and 40 are wrong [] []
[2024-12-09T01:00:11.224990+00:00] neuffer.test_task.INFO: numbers -22 and 30 are wrong [] []
[2024-12-09T01:00:11.225001+00:00] neuffer.test_task.INFO: numbers 74 and -27 are wrong [] []
[2024-12-09T01:00:11.225013+00:00] neuffer.test_task.INFO: numbers -44 and 34 are wrong [] []
[2024-12-09T01:00:11.225023+00:00] neuffer.test_task.INFO: numbers 96 and -30 are wrong [] []
[2024-12-09T01:00:11.225038+00:00] neuffer.test_task.INFO: numbers 23 and -63 are wrong [] []
[2024-12-09T01:00:11.225054+00:00] neuffer.test_task.INFO: numbers 67 and -98 are wrong [] []
[2024-12-09T01:00:11.225078+00:00] neuffer.test_task.INFO: numbers -13 and 22 are wrong [] []
[2024-12-09T01:00:11.225089+00:00] neuffer.test_task.INFO: numbers 96 and -55 are wrong [] []
[2024-12-09T01:00:11.225099+00:00] neuffer.test_task.INFO: numbers -51 and 19 are wrong [] []
[2024-12-09T01:00:11.225110+00:00] neuffer.test_task.INFO: numbers -32 and 68 are wrong [] []
[2024-12-09T01:00:11.225120+00:00] neuffer.test_task.INFO: numbers 1 and -81 are wrong [] []
[2024-12-09T01:00:11.225131+00:00] neuffer.test_task.INFO: numbers 92 and -34 are wrong [] []
[2024-12-09T01:00:11.225141+00:00] neuffer.test_task.INFO: numbers -61 and 62 are wrong [] []
[2024-12-09T01:00:11.225156+00:00] neuffer.test_task.INFO: numbers -82 and 61 are wrong [] []
[2024-12-09T01:00:11.225176+00:00] neuffer.test_task.INFO: numbers -73 and 9 are wrong [] []
[2024-12-09T01:00:11.225187+00:00] neuffer.test_task.INFO: numbers 31 and -73 are wrong [] []
[2024-12-09T01:00:11.225206+00:00] neuffer.test_task.INFO: numbers -69 and 79 are wrong [] []
[2024-12-09T01:00:11.225235+00:00] neuffer.test_task.INFO: numbers 57 and -94 are wrong [] []
[2024-12-09T01:00:11.225259+00:00] neuffer.test_task.INFO: numbers -19 and 21 are wrong [] []
[2024-12-09T01:00:11.225281+00:00] neuffer.test_task.INFO: numbers 22 and -62 are wrong [] []
[2024-12-09T01:00:11.225292+00:00] neuffer.test_task.INFO: numbers 24 and -62 are wrong [] []
[2024-12-09T01:00:11.225302+00:00] neuffer.test_task.INFO: numbers -55 and 44 are wrong [] []
[2024-12-09T01:00:11.225318+00:00] neuffer.test_task.INFO: numbers 60 and -74 are wrong [] []
[2024-12-09T01:00:11.225329+00:00] neuffer.test_task.INFO: numbers -10 and 86 are wrong [] []
[2024-12-09T01:00:11.225344+00:00] neuffer.test_task.INFO: numbers -68 and 61 are wrong [] []
[2024-12-09T01:00:11.225354+00:00] neuffer.test_task.INFO: numbers -100 and 15 are wrong [] []
[2024-12-09T01:00:11.225378+00:00] neuffer.test_task.INFO: numbers 28 and -62 are wrong [] []
[2024-12-09T01:00:11.225389+00:00] neuffer.test_task.INFO: numbers -38 and 10 are wrong [] []
[2024-12-09T01:00:11.225400+00:00] neuffer.test_task.INFO: numbers -50 and 1 are wrong [] []
[2024-12-09T01:00:11.225415+00:00] neuffer.test_task.INFO: numbers 33 and -3 are wrong [] []
[2024-12-09T01:00:11.225425+00:00] neuffer.test_task.INFO: numbers 85 and -30 are wrong [] []
[2024-12-09T01:00:11.225436+00:00] neuffer.test_task.INFO: numbers -88 and 28 are wrong [] []
[2024-12-09T01:00:11.225446+00:00] neuffer.test_task.INFO: numbers -42 and 77 are wrong [] []
[2024-12-09T01:00:11.225461+00:00] neuffer.test_task.INFO: numbers -50 and 90 are wrong [] []
[2024-12-09T01:00:11.225471+00:00] neuffer.test_task.INFO: numbers -5 and 46 are wrong [] []
[2024-12-09T01:00:11.225482+00:00] neuffer.test_task.INFO: numbers 86 and -6 are wrong [] []
[2024-12-09T01:00:11.225492+00:00] neuffer.test_task.INFO: numbers 87 and -51 are wrong [] []
[2024-12-09T01:00:11.225502+00:00] neuffer.test_task.INFO: numbers 5 and -16 are wrong [] []
[2024-12-09T01:00:11.225513+00:00] neuffer.test_task.INFO: numbers 99 and -53 are wrong [] []
[2024-12-09T01:00:11.225537+00:00] neuffer.test_task.INFO: numbers 18 and -10 are wrong [] []
[2024-12-09T01:00:11.225552+00:00] neuffer.test_task.INFO: numbers 42 and -84 are wrong [] []
[2024-12-09T01:00:11.225575+00:00] neuffer.test_task.INFO: numbers 90 and -50 are wrong [] []
[2024-12-09T01:00:11.225592+00:00] neuffer.test_task.INFO: numbers 0 and 21 are wrong [] []
[2024-12-09T01:00:11.225611+00:00] neuffer.test_task.INFO: numbers 4 and -77 are wrong [] []
[2024-12-09T01:00:11.225631+00:00] neuffer.test_task.INFO: numbers -85 and 13 are wrong [] []
[2024-12-09T01:00:11.225650+00:00] neuffer.test_task.INFO: numbers 62 and -2 are wrong [] []
[2024-12-09T01:00:11.225674+00:00] neuffer.test_task.INFO: numbers 85 and -89 are wrong [] []
[2024-12-09T01:00:11.225684+00:00] neuffer.test_task.INFO: numbers 48 and -9 are wrong [] []
[2024-12-09T01:00:11.225708+00:00] neuffer.test_task.INFO: numbers 57 and -33 are wrong [] []
[2024-12-09T01:00:11.225727+00:00] neuffer.test_task.INFO: numbers 13 and -54 are wrong [] []
[2024-12-09T01:00:11.225738+00:00] neuffer.test_task.INFO: numbers 38 and -51 are wrong [] []
[2024-12-09T01:00:11.225748+00:00] neuffer.test_task.INFO: numbers 82 and -35 are wrong [] []
[2024-12-09T01:00:11.225771+00:00] neuffer.test_task.INFO: numbers 27 and -76 are wrong [] []
[2024-12-09T01:00:11.225786+00:00] neuffer.test_task.INFO: numbers -83 and 32 are wrong [] []
[2024-12-09T01:00:11.225797+00:00] neuffer.test_task.INFO: numbers -54 and 50 are wrong [] []
[2024-12-09T01:00:11.225825+00:00] neuffer.test_task.INFO: numbers -54 and 46 are wrong [] []
[2024-12-09T01:00:11.225844+00:00] neuffer.test_task.INFO: numbers -12 and 62 are wrong [] []
[2024-12-09T01:00:11.225872+00:00] neuffer.test_task.INFO: numbers -35 and 71 are wrong [] []
[2024-12-09T01:00:11.225883+00:00] neuffer.test_task.INFO: numbers -88 and 0 are wrong, is not allowed [] []
[2024-12-09T01:00:11.225895+00:00] neuffer.test_task.INFO: numbers -38 and 18 are wrong [] []
[2024-12-09T01:00:11.225905+00:00] neuffer.test_task.INFO: numbers -47 and 90 are wrong [] []
[2024-12-09T01:00:11.225925+00:00] neuffer.test_task.INFO: numbers 56 and -12 are wrong [] []
[2024-12-09T01:00:11.225940+00:00] neuffer.test_task.INFO: numbers 41 and -19 are wrong [] []
[2024-12-09T01:00:11.225950+00:00] neuffer.test_task.INFO: numbers 99 and -98 are wrong [] []
[2024-12-09T01:00:11.225969+00:00] neuffer.test_task.INFO: numbers 76 and -39 are wrong [] []
[2024-12-09T01:00:11.225984+00:00] neuffer.test_task.INFO: numbers 71 and -71 are wrong [] []
[2024-12-09T01:00:11.225995+00:00] neuffer.test_task.INFO: numbers -32 and 32 are wrong [] []
[2024-12-09T01:00:11.226010+00:00] neuffer.test_task.INFO: numbers 86 and -57 are wrong [] []
[2024-12-09T01:00:11.226042+00:00] neuffer.test_task.INFO: numbers 60 and -4 are wrong [] []
[2024-12-09T01:00:11.226053+00:00] neuffer.test_task.INFO: numbers 95 and -5 are wrong [] []
[2024-12-09T01:00:11.226063+00:00] neuffer.test_task.INFO: numbers -4 and 22 are wrong [] []
[2024-12-09T01:00:11.226074+00:00] neuffer.test_task.INFO: numbers 54 and -39 are wrong [] []
[2024-12-09T01:00:11.226089+00:00] neuffer.test_task.INFO: numbers -41 and 4 are wrong [] []
[2024-12-09T01:00:11.226120+00:00] neuffer.test_task.INFO: numbers 10 and -53 are wrong [] []
[2024-12-09T01:00:11.226135+00:00] neuffer.test_task.INFO: numbers 55 and -92 are wrong [] []
[2024-12-09T01:00:11.226150+00:00] neuffer.test_task.INFO: numbers 60 and -2 are wrong [] []
[2024-12-09T01:00:11.226165+00:00] neuffer.test_task.INFO: numbers 10 and -25 are wrong [] []
[2024-12-09T01:00:11.226180+00:00] neuffer.test_task.INFO: numbers -53 and 25 are wrong [] []
[2024-12-09T01:00:11.226191+00:00] neuffer.test_task.INFO: numbers 95 and -37 are wrong [] []
[2024-12-09T01:00:11.226209+00:00] neuffer.test_task.INFO: numbers 67 and -52 are wrong [] []
[2024-12-09T01:00:11.226220+00:00] neuffer.test_task.INFO: numbers -69 and 43 are wrong [] []
[2024-12-09T01:00:11.226230+00:00] neuffer.test_task.INFO: numbers -6 and 11 are wrong [] []
[2024-12-09T01:00:11.226250+00:00] neuffer.test_task.INFO: numbers 12 and -51 are wrong [] []
[2024-12-09T01:00:11.226265+00:00] neuffer.test_task.INFO: numbers 86 and 0 are wrong, is not allowed [] []
[2024-12-09T01:00:11.226281+00:00] neuffer.test_task.INFO: numbers -16 and 89 are wrong [] []
[2024-12-09T01:00:11.226305+00:00] neuffer.test_task.INFO: numbers 81 and -15 are wrong [] []
[2024-12-09T01:00:11.226324+00:00] neuffer.test_task.INFO: numbers 51 and -12 are wrong [] []
[2024-12-09T01:00:11.226339+00:00] neuffer.test_task.INFO: numbers 66 and -68 are wrong [] []
[2024-12-09T01:00:11.226349+00:00] neuffer.test_task.INFO: numbers -26 and 43 are wrong [] []
[2024-12-09T01:00:11.226360+00:00] neuffer.test_task.INFO: numbers -33 and 7 are wrong [] []
[2024-12-09T01:00:11.226375+00:00] neuffer.test_task.INFO: numbers 86 and -74 are wrong [] []
[2024-12-09T01:00:11.226386+00:00] neuffer.test_task.INFO: numbers 37 and -34 are wrong [] []
[2024-12-09T01:00:11.226414+00:00] neuffer.test_task.INFO: numbers 49 and -32 are wrong [] []
[2024-12-09T01:00:11.226429+00:00] neuffer.test_task.INFO: numbers 33 and -29 are wrong [] []
[2024-12-09T01:00:11.226439+00:00] neuffer.test_task.INFO: numbers 35 and -93 are wrong [] []
[2024-12-09T01:00:11.226449+00:00] neuffer.test_task.INFO: numbers -18 and 29 are wrong [] []
[2024-12-09T01:00:11.226459+00:00] neuffer.test_task.INFO: numbers 57 and -71 are wrong [] []
[2024-12-09T01:00:11.226470+00:00] neuffer.test_task.INFO: numbers 91 and -56 are wrong [] []
[2024-12-09T01:00:11.226485+00:00] neuffer.test_task.INFO: numbers 93 and -25 are wrong [] []
[2024-12-09T01:00:11.226496+00:00] neuffer.test_task.INFO: numbers 27 and -70 are wrong [] []
[2024-12-09T01:00:11.226515+00:00] neuffer.test_task.INFO: numbers 26 and -81 are wrong [] []
[2024-12-09T01:00:11.226530+00:00] neuffer.test_task.INFO: numbers 82 and -48 are wrong [] []
[2024-12-09T01:00:11.226541+00:00] neuffer.test_task.INFO: numbers -36 and 79 are wrong [] []
[2024-12-09T01:00:11.226551+00:00] neuffer.test_task.INFO: numbers 96 and -46 are wrong [] []
[2024-12-09T01:00:11.226561+00:00] neuffer.test_task.INFO: numbers 21 and -18 are wrong [] []
[2024-12-09T01:00:11.226576+00:00] neuffer.test_task.INFO: numbers 58 and -71 are wrong [] []
[2024-12-09T01:00:11.226586+00:00] neuffer.test_task.INFO: numbers 56 and -59 are wrong [] []
[2024-12-09T01:00:11.226606+00:00] neuffer.test_task.INFO: numbers 89 and -50 are wrong [] []
[2024-12-09T01:00:11.226616+00:00] neuffer.test_task.INFO: numbers -48 and 31 are wrong [] []
[2024-12-09T01:00:11.226627+00:00] neuffer.test_task.INFO: numbers -31 and 54 are wrong [] []
[2024-12-09T01:00:11.226637+00:00] neuffer.test_task.INFO: numbers 69 and -13 are wrong [] []
[2024-12-09T01:00:11.226652+00:00] neuffer.test_task.INFO: numbers -95 and 2 are wrong [] []
[2024-12-09T01:00:11.226662+00:00] neuffer.test_task.INFO: numbers 71 and -83 are wrong [] []
[2024-12-09T01:00:11.226690+00:00] neuffer.test_task.INFO: numbers -30 and 75 are wrong [] []
[2024-12-09T01:00:11.226701+00:00] neuffer.test_task.INFO: numbers -47 and 44 are wrong [] []
[2024-12-09T01:00:11.226711+00:00] neuffer.test_task.INFO: numbers 38 and -3 are wrong [] []
[2024-12-09T01:00:11.226721+00:00] neuffer.test_task.INFO: numbers -62 and 48 are wrong [] []
[2024-12-09T01:00:11.226745+00:00] neuffer.test_task.INFO: numbers -76 and 27 are wrong [] []
[2024-12-09T01:00:11.226760+00:00] neuffer.test_task.INFO: numbers -97 and 20 are wrong [] []
[2024-12-09T01:00:11.226775+00:00] neuffer.test_task.INFO: numbers 84 and -100 are wrong [] []
[2024-12-09T01:00:11.226786+00:00] neuffer.test_task.INFO: numbers -88 and 75 are wrong [] []
[2024-12-09T01:00:11.226796+00:00] neuffer.test_task.INFO: numbers 51 and -97 are wrong [] []
[2024-12-09T01:00:11.226806+00:00] neuffer.test_task.INFO: numbers 6 and -26 are wrong [] []
[2024-12-09T01:00:11.226821+00:00] neuffer.test_task.INFO: numbers -97 and 67 are wrong [] []
[2024-12-09T01:00:11.226836+00:00] neuffer.test_task.INFO: numbers -59 and 32 are wrong [] []
[2024-12-09T01:00:11.226846+00:00] neuffer.test_task.INFO: numbers 23 and -33 are wrong [] []
[2024-12-09T01:00:11.226856+00:00] neuffer.test_task.INFO: numbers -86 and 69 are wrong [] []
[2024-12-09T01:00:11.226875+00:00] neuffer.test_task.INFO: numbers -23 and 1 are wrong [] []
[2024-12-09T01:00:11.226886+00:00] neuffer.test_task.INFO: numbers 93 and -96 are wrong [] []
[2024-12-09T01:00:11.226902+00:00] neuffer.test_task.INFO: numbers -3 and 42 are wrong [] []
[2024-12-09T01:00:11.226926+00:00] neuffer.test_task.INFO: numbers 40 and -27 are wrong [] []
[2024-12-09T01:00:11.226958+00:00] neuffer.test_task.INFO: numbers -3 and 87 are wrong [] []
[2024-12-09T01:00:11.226977+00:00] neuffer.test_task.INFO: numbers -92 and 69 are wrong [] []
[2024-12-09T01:00:11.226988+00:00] neuffer.test_task.INFO: numbers -62 and 12 are wrong [] []
[2024-12-09T01:00:11.227011+00:00] neuffer.test_task.INFO: numbers -2 and 53 are wrong [] []
[2024-12-09T01:00:11.227022+00:00] neuffer.test_task.INFO: numbers 32 and -23 are wrong [] []
[2024-12-09T01:00:11.227037+00:00] neuffer.test_task.INFO: numbers 48 and -36 are wrong [] []
[2024-12-09T01:00:11.227063+00:00] neuffer.test_task.INFO: numbers 70 and -98 are wrong [] []
[2024-12-09T01:00:11.227073+00:00] neuffer.test_task.INFO: numbers -93 and 38 are wrong [] []
[2024-12-09T01:00:11.227118+00:00] neuffer.test_task.INFO: numbers 38 and -19 are wrong [] []
[2024-12-09T01:00:11.227129+00:00] neuffer.test_task.INFO: numbers -89 and 92 are wrong [] []
[2024-12-09T01:00:11.227139+00:00] neuffer.test_task.INFO: numbers -50 and 63 are wrong [] []
[2024-12-09T01:00:11.227153+00:00] neuffer.test_task.INFO: numbers 96 and -5 are wrong [] []
[2024-12-09T01:00:11.227163+00:00] neuffer.test_task.INFO: numbers -39 and 36 are wrong [] []
[2024-12-09T01:00:11.227180+00:00] neuffer.test_task.INFO: numbers -88 and 64 are wrong [] []
[2024-12-09T01:00:11.227194+00:00] neuffer.test_task.INFO: numbers -82 and 26 are wrong [] []
[2024-12-09T01:00:11.227204+00:00] neuffer.test_task.INFO: numbers -21 and 35 are wrong [] []
[2024-12-09T01:00:11.227215+00:00] neuffer.test_task.INFO: numbers -94 and 67 are wrong [] []
[2024-12-09T01:00:11.227225+00:00] neuffer.test_task.INFO: numbers -27 and 85 are wrong [] []
[2024-12-09T01:00:11.227235+00:00] neuffer.test_task.INFO: numbers 6 and -77 are wrong [] []
[2024-12-09T01:00:11.227245+00:00] neuffer.test_task.INFO: numbers -50 and 42 are wrong [] []
[2024-12-09T01:00:11.227256+00:00] neuffer.test_task.INFO: numbers -47 and 62 are wrong [] []
[2024-12-09T01:00:11.227284+00:00] neuffer.test_task.INFO: numbers -14 and 76 are wrong [] []
[2024-12-09T01:00:11.227295+00:00] neuffer.test_task.INFO: numbers -13 and 5 are wrong [] []
[2024-12-09T01:00:11.227305+00:00] neuffer.test_task.INFO: numbers 67 and -55 are wrong [] []
[2024-12-09T01:00:11.227326+00:00] neuffer.test_task.INFO: numbers -36 and 95 are wrong [] []
[2024-12-09T01:00:11.227336+00:00] neuffer.test_task.INFO: numbers 27 and -69 are wrong [] []
[2024-12-09T01:00:11.227366+00:00] neuffer.test_task.INFO: numbers 86 and -94 are wrong [] []
[2024-12-09T01:00:11.227376+00:00] neuffer.test_task.INFO: numbers -96 and 2 are wrong [] []
[2024-12-09T01:00:11.227390+00:00] neuffer.test_task.INFO: numbers 90 and -27 are wrong [] []
[2024-12-09T01:00:11.227410+00:00] neuffer.test_task.INFO: numbers -54 and 43 are wrong [] []
[2024-12-09T01:00:11.227430+00:00] neuffer.test_task.INFO: numbers -23 and 71 are wrong [] []
[2024-12-09T01:00:11.227444+00:00] neuffer.test_task.INFO: numbers 56 and -7 are wrong [] []
[2024-12-09T01:00:11.227458+00:00] neuffer.test_task.INFO: numbers -38 and 96 are wrong [] []
[2024-12-09T01:00:11.227472+00:00] neuffer.test_task.INFO: numbers -58 and 53 are wrong [] []
[2024-12-09T01:00:11.227489+00:00] neuffer.test_task.INFO: numbers -7 and 45 are wrong [] []
[2024-12-09T01:00:11.227499+00:00] neuffer.test_task.INFO: numbers -30 and 64 are wrong [] []
[2024-12-09T01:00:11.227510+00:00] neuffer.test_task.INFO: numbers -69 and 2 are wrong [] []
[2024-12-09T01:00:11.227533+00:00] neuffer.test_task.INFO: numbers -5 and 9 are wrong [] []
[2024-12-09T01:00:11.227544+00:00] neuffer.test_task.INFO: numbers -71 and 27 are wrong [] []
[2024-12-09T01:00:11.227554+00:00] neuffer.test_task.INFO: numbers 58 and -47 are wrong [] []
[2024-12-09T01:00:11.227564+00:00] neuffer.test_task.INFO: numbers -78 and 17 are wrong [] []
[2024-12-09T01:00:11.227578+00:00] neuffer.test_task.INFO: numbers -69 and 62 are wrong [] []
[2024-12-09T01:00:11.227597+00:00] neuffer.test_task.INFO: numbers 83 and -89 are wrong [] []
[2024-12-09T01:00:11.227607+00:00] neuffer.test_task.INFO: numbers -32 and 9 are wrong [] []
[2024-12-09T01:00:11.227618+00:00] neuffer.test_task.INFO: numbers -52 and 44 are wrong [] []
[2024-12-09T01:00:11.227628+00:00] neuffer.test_task.INFO: numbers -12 and 11 are wrong [] []
[2024-12-09T01:00:11.227638+00:00] neuffer.test_task.INFO: numbers 45 and -54 are wrong [] []
[2024-12-09T01:00:11.227652+00:00] neuffer.test_task.INFO: numbers -64 and 38 are wrong [] []
[2024-12-09T01:00:11.227662+00:00] neuffer.test_task.INFO: numbers 2 and -40 are wrong [] []
[2024-12-09T01:00:11.227672+00:00] neuffer.test_task.INFO: numbers -65 and 83 are wrong [] []
[2024-12-09T01:00:11.227683+00:00] neuffer.test_task.INFO: numbers 48 and -10 are wrong [] []
[2024-12-09T01:00:11.227696+00:00] neuffer.test_task.INFO: numbers -8 and 44 are wrong [] []
[2024-12-09T01:00:11.227707+00:00] neuffer.test_task.INFO: numbers 98 and -23 are wrong [] []
[2024-12-09T01:00:11.227717+00:00] neuffer.test_task.INFO: numbers -52 and 68 are wrong [] []
[2024-12-09T01:00:11.227727+00:00] neuffer.test_task.INFO: numbers 89 and -100 are wrong [] []
[2024-12-09T01:00:11.227751+00:00] neuffer.test_task.INFO: numbers 57 and -52 are wrong [] []
[2024-12-09T01:00:11.227761+00:00] neuffer.test_task.INFO: numbers 47 and -56 are wrong [] []
[2024-12-09T01:00:11.227772+00:00] neuffer.test_task.INFO: numbers -89 and 79 are wrong [] []
[2024-12-09T01:00:11.227782+00:00] neuffer.test_task.INFO: numbers -48 and 56 are wrong [] []
[2024-12-09T01:00:11.227792+00:00] neuffer.test_task.INFO: numbers -13 and 14 are wrong [] []
[2024-12-09T01:00:11.227812+00:00] neuffer.test_task.INFO: numbers 95 and -98 are wrong [] []
[2024-12-09T01:00:11.227826+00:00] neuffer.test_task.INFO: numbers 50 and -85 are wrong [] []
[2024-12-09T01:00:11.227843+00:00] neuffer.test_task.INFO: numbers 50 and -35 are wrong [] []
[2024-12-09T01:00:11.227856+00:00] neuffer.test_task.INFO: numbers -71 and 6 are wrong [] []
[2024-12-09T01:00:11.227873+00:00] neuffer.test_task.INFO: numbers -46 and 29 are wrong [] []
[2024-12-09T01:00:11.227883+00:00] neuffer.test_task.INFO: numbers -19 and 38 are wrong [] []
[2024-12-09T01:00:11.227897+00:00] neuffer.test_task.INFO: numbers -75 and 68 are wrong [] []
[2024-12-09T01:00:11.227907+00:00] neuffer.test_task.INFO: numbers 22 and -71 are wrong [] []
[2024-12-09T01:00:11.227918+00:00] neuffer.test_task.INFO: numbers -68 and 39 are wrong [] []
[2024-12-09T01:00:11.227928+00:00] neuffer.test_task.INFO: numbers -14 and 13 are wrong [] []
[2024-12-09T01:00:11.227949+00:00] neuffer.test_task.INFO: numbers 96 and -95 are wrong [] []
[2024-12-09T01:00:11.227959+00:00] neuffer.test_task.INFO: numbers 76 and -2 are wrong [] []
[2024-12-09T01:00:11.227970+00:00] neuffer.test_task.INFO: numbers -44 and 29 are wrong [] []
[2024-12-09T01:00:11.227986+00:00] neuffer.test_task.INFO: numbers -38 and 82 are wrong [] []
[2024-12-09T01:00:11.227999+00:00] neuffer.test_task.INFO: numbers -43 and 74 are wrong [] []
[2024-12-09T01:00:11.228012+00:00] neuffer.test_task.INFO: numbers 69 and -5 are wrong [] []
[2024-12-09T01:00:11.228022+00:00] neuffer.test_task.INFO: numbers 14 and -47 are wrong [] []
[2024-12-09T01:00:11.228034+00:00] neuffer.test_task.INFO: numbers -26 and 57 are wrong [] []
[2024-12-09T01:00:11.228043+00:00] neuffer.test_task.INFO: numbers 10 and -80 are wrong [] []
[2024-12-09T01:00:11.228056+00:00] neuffer.test_task.INFO: numbers -67 and 40 are wrong [] []
[2024-12-09T01:00:11.228065+00:00] neuffer.test_task.INFO: numbers 31 and -48 are wrong [] []
[2024-12-09T01:00:11.228078+00:00] neuffer.test_task.INFO: numbers 17 and 0 are wrong, is not allowed [] []
[2024-12-09T01:00:11.228088+00:00] neuffer.test_task.INFO: numbers -51 and 61 are wrong [] []
[2024-12-09T01:00:11.228098+00:00] neuffer.test_task.INFO: numbers 17 and -32 are wrong [] []
[2024-12-09T01:00:11.228110+00:00] neuffer.test_task.INFO: numbers -89 and 43 are wrong [] []
[2024-12-09T01:00:11.228124+00:00] neuffer.test_task.INFO: numbers -65 and 98 are wrong [] []
[2024-12-09T01:00:11.228133+00:00] neuffer.test_task.INFO: numbers -8 and 50 are wrong [] []
[2024-12-09T01:00:11.228143+00:00] neuffer.test_task.INFO: numbers -25 and 17 are wrong [] []
[2024-12-09T01:00:11.228152+00:00] neuffer.test_task.INFO: numbers 56 and -14 are wrong [] []
[2024-12-09T01:00:11.228161+00:00] neuffer.test_task.INFO: numbers -68 and 38 are wrong [] []
[2024-12-09T01:00:11.228171+00:00] neuffer.test_task.INFO: numbers 99 and -38 are wrong [] []
[2024-12-09T01:00:11.228190+00:00] neuffer.test_task.INFO: numbers 31 and -73 are wrong [] []
[2024-12-09T01:00:11.228211+00:00] neuffer.test_task.INFO: numbers 92 and -91 are wrong [] []
[2024-12-09T01:00:11.228224+00:00] neuffer.test_task.INFO: numbers 71 and -45 are wrong [] []
[2024-12-09T01:00:11.228236+00:00] neuffer.test_task.INFO: numbers -52 and 22 are wrong [] []
[2024-12-09T01:00:11.228249+00:00] neuffer.test_task.INFO: numbers 4 and -32 are wrong [] []
[2024-12-09T01:00:11.228259+00:00] neuffer.test_task.INFO: numbers 3 and -11 are wrong [] []
[2024-12-09T01:00:11.228271+00:00] neuffer.test_task.INFO: numbers -31 and 63 are wrong [] []
[2024-12-09T01:00:11.228281+00:00] neuffer.test_task.INFO: numbers -34 and 79 are wrong [] []
[2024-12-09T01:00:11.228296+00:00] neuffer.test_task.INFO: numbers 33 and -76 are wrong [] []
[2024-12-09T01:00:11.228312+00:00] neuffer.test_task.INFO: numbers -92 and 69 are wrong [] []
[2024-12-09T01:00:11.228321+00:00] neuffer.test_task.INFO: numbers -78 and 59 are wrong [] []
[2024-12-09T01:00:11.228331+00:00] neuffer.test_task.INFO: numbers 77 and -95 are wrong [] []
[2024-12-09T01:00:11.228341+00:00] neuffer.test_task.INFO: numbers 72 and -11 are wrong [] []
[2024-12-09T01:00:11.228362+00:00] neuffer.test_task.INFO: numbers 21 and -54 are wrong [] []
[2024-12-09T01:00:11.228372+00:00] neuffer.test_task.INFO: numbers -60 and 99 are wrong [] []
[2024-12-09T01:00:11.228381+00:00] neuffer.test_task.INFO: numbers 58 and -50 are wrong [] []
[2024-12-09T01:00:11.228391+00:00] neuffer.test_task.INFO: numbers -74 and 68 are wrong [] []
[2024-12-09T01:00:11.228401+00:00] neuffer.test_task.INFO: numbers 58 and -18 are wrong [] []
[2024-12-09T01:00:11.228413+00:00] neuffer.test_task.INFO: numbers 82 and -90 are wrong [] []
[2024-12-09T01:00:11.228423+00:00] neuffer.test_task.INFO: numbers -76 and 95 are wrong [] []
[2024-12-09T01:00:11.228432+00:00] neuffer.test_task.INFO: numbers 50 and -85 are wrong [] []
[2024-12-09T01:00:11.228441+00:00] neuffer.test_task.INFO: numbers -32 and 61 are wrong [] []
[2024-12-09T01:00:11.228451+00:00] neuffer.test_task.INFO: numbers -67 and 18 are wrong [] []
[2024-12-09T01:00:11.228460+00:00] neuffer.test_task.INFO: numbers 96 and -36 are wrong [] []
[2024-12-09T01:00:11.228479+00:00] neuffer.test_task.INFO: numbers 90 and -18 are wrong [] []
[2024-12-09T01:00:11.228495+00:00] neuffer.test_task.INFO: numbers 20 and -4 are wrong [] []
[2024-12-09T01:00:11.228510+00:00] neuffer.test_task.INFO: numbers 69 and -72 are wrong [] []
[2024-12-09T01:00:11.228520+00:00] neuffer.test_task.INFO: numbers -47 and 42 are wrong [] []
[2024-12-09T01:00:11.228541+00:00] neuffer.test_task.INFO: numbers 9 and -10 are wrong [] []
[2024-12-09T01:00:11.228551+00:00] neuffer.test_task.INFO: numbers -1 and 57 are wrong [] []
[2024-12-09T01:00:11.228560+00:00] neuffer.test_task.INFO: numbers 1 and -92 are wrong [] []
[2024-12-09T01:00:11.228595+00:00] neuffer.test_task.INFO: numbers 63 and -62 are wrong [] []
[2024-12-09T01:00:11.228620+00:00] neuffer.test_task.INFO: numbers 3 and -98 are wrong [] []
[2024-12-09T01:00:11.228632+00:00] neuffer.test_task.INFO: numbers -93 and 73 are wrong [] []
[2024-12-09T01:00:11.228648+00:00] neuffer.test_task.INFO: numbers 59 and -39 are wrong [] []
[2024-12-09T01:00:11.228669+00:00] neuffer.test_task.INFO: numbers 11 and -94 are wrong [] []
[2024-12-09T01:00:11.228679+00:00] neuffer.test_task.INFO: numbers -7 and 73 are wrong [] []
[2024-12-09T01:00:11.228694+00:00] neuffer.test_task.INFO: numbers -70 and 21 are wrong [] []
[2024-12-09T01:00:11.228708+00:00] neuffer.test_task.INFO: numbers -22 and 71 are wrong [] []
[2024-12-09T01:00:11.228717+00:00] neuffer.test_task.INFO: numbers -71 and 91 are wrong [] []
[2024-12-09T01:00:11.228727+00:00] neuffer.test_task.INFO: numbers 30 and -49 are wrong [] []
[2024-12-09T01:00:11.228736+00:00] neuffer.test_task.INFO: numbers -74 and 33 are wrong [] []
[2024-12-09T01:00:11.228752+00:00] neuffer.test_task.INFO: numbers -19 and 27 are wrong [] []
[2024-12-09T01:00:11.228761+00:00] neuffer.test_task.INFO: numbers -61 and 89 are wrong [] []
[2024-12-09T01:00:11.228771+00:00] neuffer.test_task.INFO: numbers 28 and -6 are wrong [] []
[2024-12-09T01:00:11.228780+00:00] neuffer.test_task.INFO: numbers 1 and -78 are wrong [] []
[2024-12-09T01:00:11.228793+00:00] neuffer.test_task.INFO: numbers 3 and -96 are wrong [] []
[2024-12-09T01:00:11.228802+00:00] neuffer.test_task.INFO: numbers -55 and 25 are wrong [] []
[2024-12-09T01:00:11.228812+00:00] neuffer.test_task.INFO: numbers -16 and 20 are wrong [] []
[2024-12-09T01:00:11.228821+00:00] neuffer.test_task.INFO: numbers -36 and 8 are wrong [] []
[2024-12-09T01:00:11.228837+00:00] neuffer.test_task.INFO: numbers 39 and -83 are wrong [] []
[2024-12-09T01:00:11.228867+00:00] neuffer.test_task.INFO: numbers 36 and -21 are wrong [] []
[2024-12-09T01:00:11.228880+00:00] neuffer.test_task.INFO: numbers 73 and -12 are wrong [] []
[2024-12-09T01:00:11.228889+00:00] neuffer.test_task.INFO: numbers -44 and 56 are wrong [] []
[2024-12-09T01:00:11.228902+00:00] neuffer.test_task.INFO: numbers 87 and -86 are wrong [] []
[2024-12-09T01:00:11.228911+00:00] neuffer.test_task.INFO: numbers 7 and -66 are wrong [] []
[2024-12-09T01:00:11.228924+00:00] neuffer.test_task.INFO: numbers -20 and 28 are wrong [] []
[2024-12-09T01:00:11.228933+00:00] neuffer.test_task.INFO: numbers -67 and 94 are wrong [] []
[2024-12-09T01:00:11.228943+00:00] neuffer.test_task.INFO: numbers 3 and -60 are wrong [] []
[2024-12-09T01:00:11.228953+00:00] neuffer.test_task.INFO: numbers 0 and -14 are wrong [] []
[2024-12-09T01:00:11.228965+00:00] neuffer.test_task.INFO: numbers -91 and 62 are wrong [] []
[2024-12-09T01:00:11.228975+00:00] neuffer.test_task.INFO: numbers 24 and -97 are wrong [] []
[2024-12-09T01:00:11.228984+00:00] neuffer.test_task.INFO: numbers 60 and -68 are wrong [] []
[2024-12-09T01:00:11.229000+00:00] neuffer.test_task.INFO: numbers -4 and 54 are wrong [] []
[2024-12-09T01:00:11.229009+00:00] neuffer.test_task.INFO: numbers 76 and -48 are wrong [] []
[2024-12-09T01:00:11.229022+00:00] neuffer.test_task.INFO: numbers 40 and -77 are wrong [] []
[2024-12-09T01:00:11.229037+00:00] neuffer.test_task.INFO: numbers -35 and 88 are wrong [] []
[2024-12-09T01:00:11.229079+00:00] neuffer.test_task.INFO: numbers 25 and -59 are wrong [] []
[2024-12-09T01:00:11.229089+00:00] neuffer.test_task.INFO: numbers 24 and -71 are wrong [] []
[2024-12-09T01:00:11.229104+00:00] neuffer.test_task.INFO: numbers -45 and 80 are wrong [] []
[2024-12-09T01:00:11.229114+00:00] neuffer.test_task.INFO: numbers -25 and 30 are wrong [] []
[2024-12-09T01:00:11.229123+00:00] neuffer.test_task.INFO: numbers 81 and -16 are wrong [] []
[2024-12-09T01:00:11.229133+00:00] neuffer.test_task.INFO: numbers -99 and 1 are wrong [] []
[2024-12-09T01:00:11.229143+00:00] neuffer.test_task.INFO: numbers -42 and 41 are wrong [] []
[2024-12-09T01:00:11.229158+00:00] neuffer.test_task.INFO: numbers 9 and -40 are wrong [] []
[2024-12-09T01:00:11.229171+00:00] neuffer.test_task.INFO: numbers -82 and 26 are wrong [] []
[2024-12-09T01:00:11.229192+00:00] neuffer.test_task.INFO: numbers 31 and -71 are wrong [] []
[2024-12-09T01:00:11.229204+00:00] neuffer.test_task.INFO: numbers -27 and 86 are wrong [] []
[2024-12-09T01:00:11.229214+00:00] neuffer.test_task.INFO: numbers 95 and -25 are wrong [] []
[2024-12-09T01:00:11.229223+00:00] neuffer.test_task.INFO: numbers 11 and -33 are wrong [] []
[2024-12-09T01:00:11.229236+00:00] neuffer.test_task.INFO: numbers 81 and -44 are wrong [] []
[2024-12-09T01:00:11.229251+00:00] neuffer.test_task.INFO: numbers -69 and 71 are wrong [] []
[2024-12-09T01:00:11.229267+00:00] neuffer.test_task.INFO: numbers 79 and -64 are wrong [] []
[2024-12-09T01:00:11.229276+00:00] neuffer.test_task.INFO: numbers -65 and 19 are wrong [] []
[2024-12-09T01:00:11.229286+00:00] neuffer.test_task.INFO: numbers -66 and 86 are wrong [] []
[2024-12-09T01:00:11.229295+00:00] neuffer.test_task.INFO: numbers 82 and -100 are wrong [] []
[2024-12-09T01:00:11.229308+00:00] neuffer.test_task.INFO: numbers 4 and -8 are wrong [] []
[2024-12-09T01:00:11.229349+00:00] neuffer.test_task.INFO: numbers -66 and 32 are wrong [] []
[2024-12-09T01:00:11.229359+00:00] neuffer.test_task.INFO: numbers -90 and 55 are wrong [] []
[2024-12-09T01:00:11.229381+00:00] neuffer.test_task.INFO: numbers -78 and 4 are wrong [] []
[2024-12-09T01:00:11.229390+00:00] neuffer.test_task.INFO: numbers -44 and 60 are wrong [] []
[2024-12-09T01:00:11.229400+00:00] neuffer.test_task.INFO: numbers 51 and -89 are wrong [] []
[2024-12-09T01:00:11.229409+00:00] neuffer.test_task.INFO: numbers -7 and 31 are wrong [] []
[2024-12-09T01:00:11.229422+00:00] neuffer.test_task.INFO: numbers 89 and -86 are wrong [] []
[2024-12-09T01:00:11.229437+00:00] neuffer.test_task.INFO: numbers -79 and 58 are wrong [] []
[2024-12-09T01:00:11.229453+00:00] neuffer.test_task.INFO: numbers -42 and 86 are wrong [] []
[2024-12-09T01:00:11.229462+00:00] neuffer.test_task.INFO: numbers -4 and 9 are wrong [] []
[2024-12-09T01:00:11.229472+00:00] neuffer.test_task.INFO: numbers -54 and 55 are wrong [] []
[2024-12-09T01:00:11.229484+00:00] neuffer.test_task.INFO: numbers 58 and -97 are wrong [] []
[2024-12-09T01:00:11.229494+00:00] neuffer.test_task.INFO: numbers 46 and -53 are wrong [] []
[2024-12-09T01:00:11.229509+00:00] neuffer.test_task.INFO: numbers -42 and 76 are wrong [] []
[2024-12-09T01:00:11.229519+00:00] neuffer.test_task.INFO: numbers 32 and -85 are wrong [] []
[2024-12-09T01:00:11.229528+00:00] neuffer.test_task.INFO: numbers 22 and -64 are wrong [] []
[2024-12-09T01:00:11.229538+00:00] neuffer.test_task.INFO: numbers 48 and -39 are wrong [] []
[2024-12-09T01:00:11.229550+00:00] neuffer.test_task.INFO: numbers -4 and 96 are wrong [] []
[2024-12-09T01:00:11.229560+00:00] neuffer.test_task.INFO: numbers -5 and 67 are wrong [] []
[2024-12-09T01:00:11.229569+00:00] neuffer.test_task.INFO: numbers -38 and 53 are wrong [] []
[2024-12-09T01:00:11.229579+00:00] neuffer.test_task.INFO: numbers 49 and -78 are wrong [] []
[2024-12-09T01:00:11.229588+00:00] neuffer.test_task.INFO: numbers -80 and 90 are wrong [] []
[2024-12-09T01:00:11.229597+00:00] neuffer.test_task.INFO: numbers 100 and -82 are wrong [] []
[2024-12-09T01:00:11.229610+00:00] neuffer.test_task.INFO: numbers 46 and -32 are wrong [] []
[2024-12-09T01:00:11.229632+00:00] neuffer.test_task.INFO: numbers 90 and -52 are wrong [] []
[2024-12-09T01:00:11.229641+00:00] neuffer.test_task.INFO: numbers -57 and 39 are wrong [] []
[2024-12-09T01:00:11.229650+00:00] neuffer.test_task.INFO: numbers 16 and -69 are wrong [] []
[2024-12-09T01:00:11.229660+00:00] neuffer.test_task.INFO: numbers -75 and 98 are wrong [] []
[2024-12-09T01:00:11.229669+00:00] neuffer.test_task.INFO: numbers 6 and -62 are wrong [] []
[2024-12-09T01:00:11.229682+00:00] neuffer.test_task.INFO: numbers -89 and 75 are wrong [] []
[2024-12-09T01:00:11.229697+00:00] neuffer.test_task.INFO: numbers 51 and -52 are wrong [] []
[2024-12-09T01:00:11.229707+00:00] neuffer.test_task.INFO: numbers 68 and -65 are wrong [] []
[2024-12-09T01:00:11.229726+00:00] neuffer.test_task.INFO: numbers -59 and 77 are wrong [] []
[2024-12-09T01:00:11.229739+00:00] neuffer.test_task.INFO: numbers 64 and -82 are wrong [] []
[2024-12-09T01:00:11.229748+00:00] neuffer.test_task.INFO: numbers -41 and 7 are wrong [] []
[2024-12-09T01:00:11.229758+00:00] neuffer.test_task.INFO: numbers -10 and 77 are wrong [] []
[2024-12-09T01:00:11.229767+00:00] neuffer.test_task.INFO: numbers -62 and 94 are wrong [] []
[2024-12-09T01:00:11.229777+00:00] neuffer.test_task.INFO: numbers 45 and -25 are wrong [] []
[2024-12-09T01:00:11.229793+00:00] neuffer.test_task.INFO: numbers 43 and -84 are wrong [] []
[2024-12-09T01:00:11.229803+00:00] neuffer.test_task.INFO: numbers -48 and 58 are wrong [] []
[2024-12-09T01:00:11.229812+00:00] neuffer.test_task.INFO: numbers -92 and 16 are wrong [] []
[2024-12-09T01:00:11.229838+00:00] neuffer.test_task.INFO: numbers -37 and 68 are wrong [] []
[2024-12-09T01:00:11.229852+00:00] neuffer.test_task.INFO: numbers -30 and 56 are wrong [] []
[2024-12-09T01:00:11.229861+00:00] neuffer.test_task.INFO: numbers 63 and -27 are wrong [] []
[2024-12-09T01:00:11.229877+00:00] neuffer.test_task.INFO: numbers 42 and -70 are wrong [] []
[2024-12-09T01:00:11.229892+00:00] neuffer.test_task.INFO: numbers -18 and 33 are wrong [] []
[2024-12-09T01:00:11.229902+00:00] neuffer.test_task.INFO: numbers -6 and 85 are wrong [] []
[2024-12-09T01:00:11.229911+00:00] neuffer.test_task.INFO: numbers 91 and -66 are wrong [] []
[2024-12-09T01:00:11.229929+00:00] neuffer.test_task.INFO: numbers -59 and 47 are wrong [] []
[2024-12-09T01:00:11.229938+00:00] neuffer.test_task.INFO: numbers 3 and -97 are wrong [] []
[2024-12-09T01:00:11.229954+00:00] neuffer.test_task.INFO: numbers 0 and -91 are wrong [] []
[2024-12-09T01:00:11.229963+00:00] neuffer.test_task.INFO: numbers -17 and 46 are wrong [] []
[2024-12-09T01:00:11.229979+00:00] neuffer.test_task.INFO: numbers 25 and -64 are wrong [] []
[2024-12-09T01:00:11.229988+00:00] neuffer.test_task.INFO: numbers -20 and 78 are wrong [] []
[2024-12-09T01:00:11.229998+00:00] neuffer.test_task.INFO: numbers -66 and 53 are wrong [] []
[2024-12-09T01:00:11.230008+00:00] neuffer.test_task.INFO: numbers 33 and -15 are wrong [] []
[2024-12-09T01:00:11.230029+00:00] neuffer.test_task.INFO: numbers -28 and 85 are wrong [] []
[2024-12-09T01:00:11.230042+00:00] neuffer.test_task.INFO: numbers 44 and -37 are wrong [] []
[2024-12-09T01:00:11.230054+00:00] neuffer.test_task.INFO: numbers -78 and 47 are wrong [] []
[2024-12-09T01:00:11.230067+00:00] neuffer.test_task.INFO: numbers -61 and 28 are wrong [] []
[2024-12-09T01:00:11.230079+00:00] neuffer.test_task.INFO: numbers -15 and 58 are wrong [] []
[2024-12-09T01:00:11.230089+00:00] neuffer.test_task.INFO: numbers -18 and 47 are wrong [] []
[2024-12-09T01:00:11.230098+00:00] neuffer.test_task.INFO: numbers -26 and 62 are wrong [] []
[2024-12-09T01:00:11.230108+00:00] neuffer.test_task.INFO: numbers -99 and 96 are wrong [] []
[2024-12-09T01:00:11.230117+00:00] neuffer.test_task.INFO: numbers -81 and 79 are wrong [] []
[2024-12-09T01:00:11.230144+00:00] neuffer.test_task.INFO: numbers 48 and -9 are wrong [] []
[2024-12-09T01:00:11.230154+00:00] neuffer.test_task.INFO: numbers -24 and 90 are wrong [] []
[2024-12-09T01:00:11.230169+00:00] neuffer.test_task.INFO: numbers -78 and 99 are wrong [] []
[2024-12-09T01:00:11.230182+00:00] neuffer.test_task.INFO: numbers -79 and 89 are wrong [] []
[2024-12-09T01:00:11.230191+00:00] neuffer.test_task.INFO: numbers 85 and -61 are wrong [] []
[2024-12-09T01:00:11.230201+00:00] neuffer.test_task.INFO: numbers -73 and 8 are wrong [] []
[2024-12-09T01:00:11.230236+00:00] neuffer.test_task.INFO: numbers 54 and -63 are wrong [] []
[2024-12-09T01:00:11.230249+00:00] neuffer.test_task.INFO: numbers 5 and -98 are wrong [] []
[2024-12-09T01:00:11.230258+00:00] neuffer.test_task.INFO: numbers 7 and -21 are wrong [] []
[2024-12-09T01:00:11.230279+00:00] neuffer.test_task.INFO: numbers -16 and 94 are wrong [] []
[2024-12-09T01:00:11.230292+00:00] neuffer.test_task.INFO: numbers -67 and 62 are wrong [] []
[2024-12-09T01:00:11.230304+00:00] neuffer.test_task.INFO: numbers -38 and 53 are wrong [] []
[2024-12-09T01:00:11.230314+00:00] neuffer.test_task.INFO: numbers -99 and 40 are wrong [] []
[2024-12-09T01:00:11.230323+00:00] neuffer.test_task.INFO: numbers -37 and 56 are wrong [] []
[2024-12-09T01:00:11.230336+00:00] neuffer.test_task.INFO: numbers 56 and -15 are wrong [] []
[2024-12-09T01:00:11.230348+00:00] neuffer.test_task.INFO: numbers -25 and 17 are wrong [] []
[2024-12-09T01:00:11.230358+00:00] neuffer.test_task.INFO: numbers -13 and 69 are wrong [] []
[2024-12-09T01:00:11.230371+00:00] neuffer.test_task.INFO: numbers 34 and -43 are wrong [] []
[2024-12-09T01:00:11.230384+00:00] neuffer.test_task.INFO: numbers 25 and -54 are wrong [] []
[2024-12-09T01:00:11.230397+00:00] neuffer.test_task.INFO: numbers 56 and -10 are wrong [] []
[2024-12-09T01:00:11.230409+00:00] neuffer.test_task.INFO: numbers 19 and -62 are wrong [] []
[2024-12-09T01:00:11.230419+00:00] neuffer.test_task.INFO: numbers -49 and 81 are wrong [] []
[2024-12-09T01:00:11.230437+00:00] neuffer.test_task.INFO: numbers -66 and 85 are wrong [] []
[2024-12-09T01:00:11.230447+00:00] neuffer.test_task.INFO: numbers 57 and -35 are wrong [] []
[2024-12-09T01:00:11.230459+00:00] neuffer.test_task.INFO: numbers 95 and -2 are wrong [] []
[2024-12-09T01:00:11.230495+00:00] neuffer.test_task.INFO: numbers -42 and 99 are wrong [] []
[2024-12-09T01:00:11.230505+00:00] neuffer.test_task.INFO: numbers -37 and 39 are wrong [] []
[2024-12-09T01:00:11.230529+00:00] neuffer.test_task.INFO: numbers -90 and 70 are wrong [] []
[2024-12-09T01:00:11.230541+00:00] neuffer.test_task.INFO: numbers -63 and 91 are wrong [] []
[2024-12-09T01:00:11.230558+00:00] neuffer.test_task.INFO: numbers -44 and 51 are wrong [] []
[2024-12-09T01:00:11.230568+00:00] neuffer.test_task.INFO: numbers -53 and 77 are wrong [] []
[2024-12-09T01:00:11.230581+00:00] neuffer.test_task.INFO: numbers 52 and -36 are wrong [] []
[2024-12-09T01:00:11.230590+00:00] neuffer.test_task.INFO: numbers 0 and 73 are wrong [] []
[2024-12-09T01:00:11.230609+00:00] neuffer.test_task.INFO: numbers 29 and -100 are wrong [] []
[2024-12-09T01:00:11.230619+00:00] neuffer.test_task.INFO: numbers 40 and -50 are wrong [] []
[2024-12-09T01:00:11.230640+00:00] neuffer.test_task.INFO: numbers 82 and -25 are wrong [] []
[2024-12-09T01:00:11.230650+00:00] neuffer.test_task.INFO: numbers -75 and 93 are wrong [] []
[2024-12-09T01:00:11.230662+00:00] neuffer.test_task.INFO: numbers -78 and 14 are wrong [] []
[2024-12-09T01:00:11.230672+00:00] neuffer.test_task.INFO: numbers -16 and 64 are wrong [] []
[2024-12-09T01:00:11.230681+00:00] neuffer.test_task.INFO: numbers 84 and -34 are wrong [] []
[2024-12-09T01:00:11.230691+00:00] neuffer.test_task.INFO: numbers 76 and -16 are wrong [] []
[2024-12-09T01:00:11.230703+00:00] neuffer.test_task.INFO: numbers -22 and 87 are wrong [] []
[2024-12-09T01:00:11.230716+00:00] neuffer.test_task.INFO: numbers -6 and 94 are wrong [] []
[2024-12-09T01:00:11.230725+00:00] neuffer.test_task.INFO: numbers -69 and 45 are wrong [] []
[2024-12-09T01:00:11.230735+00:00] neuffer.test_task.INFO: numbers -68 and 68 are wrong [] []
[2024-12-09T01:00:11.230747+00:00] neuffer.test_task.INFO: numbers 65 and -55 are wrong [] []
[2024-12-09T01:00:11.230757+00:00] neuffer.test_task.INFO: numbers -17 and 79 are wrong [] []
[2024-12-09T01:00:11.230770+00:00] neuffer.test_task.INFO: numbers -100 and 67 are wrong [] []
[2024-12-09T01:00:11.230785+00:00] neuffer.test_task.INFO: numbers 96 and -42 are wrong [] []
[2024-12-09T01:00:11.230795+00:00] neuffer.test_task.INFO: numbers 97 and -63 are wrong [] []
[2024-12-09T01:00:11.230816+00:00] neuffer.test_task.INFO: numbers -94 and 12 are wrong [] []
[2024-12-09T01:00:11.230831+00:00] neuffer.test_task.INFO: numbers 50 and -33 are wrong [] []
[2024-12-09T01:00:11.230849+00:00] neuffer.test_task.INFO: numbers 19 and -57 are wrong [] []
[2024-12-09T01:00:11.230862+00:00] neuffer.test_task.INFO: numbers 21 and -67 are wrong [] []
[2024-12-09T01:00:11.230871+00:00] neuffer.test_task.INFO: numbers 9 and -5 are wrong [] []
[2024-12-09T01:00:11.230881+00:00] neuffer.test_task.INFO: numbers -72 and 83 are wrong [] []
[2024-12-09T01:00:11.230902+00:00] neuffer.test_task.INFO: numbers -40 and 71 are wrong [] []
[2024-12-09T01:00:11.230912+00:00] neuffer.test_task.INFO: numbers -63 and 36 are wrong [] []
[2024-12-09T01:00:11.230921+00:00] neuffer.test_task.INFO: numbers -94 and 96 are wrong [] []
[2024-12-09T01:00:11.230931+00:00] neuffer.test_task.INFO: numbers -2 and 51 are wrong [] []
[2024-12-09T01:00:11.230948+00:00] neuffer.test_task.INFO: numbers 13 and -88 are wrong [] []
[2024-12-09T01:00:11.230957+00:00] neuffer.test_task.INFO: numbers 53 and -99 are wrong [] []
[2024-12-09T01:00:11.230973+00:00] neuffer.test_task.INFO: numbers -93 and 85 are wrong [] []
[2024-12-09T01:00:11.230982+00:00] neuffer.test_task.INFO: numbers -5 and 48 are wrong [] []
[2024-12-09T01:00:11.230992+00:00] neuffer.test_task.INFO: numbers 71 and -64 are wrong [] []
[2024-12-09T01:00:11.231001+00:00] neuffer.test_task.INFO: numbers 69 and -62 are wrong [] []
[2024-12-09T01:00:11.231023+00:00] neuffer.test_task.INFO: numbers -80 and 71 are wrong [] []
[2024-12-09T01:00:11.231045+00:00] neuffer.test_task.INFO: numbers -9 and 44 are wrong [] []
[2024-12-09T01:00:11.231058+00:00] neuffer.test_task.INFO: numbers -31 and 79 are wrong [] []
[2024-12-09T01:00:11.231067+00:00] neuffer.test_task.INFO: numbers -77 and 96 are wrong [] []
[2024-12-09T01:00:11.231080+00:00] neuffer.test_task.INFO: numbers 96 and -40 are wrong [] []
[2024-12-09T01:00:11.231092+00:00] neuffer.test_task.INFO: numbers 65 and -79 are wrong [] []
[2024-12-09T01:00:11.231107+00:00] neuffer.test_task.INFO: numbers 19 and -30 are wrong [] []
[2024-12-09T01:00:11.231120+00:00] neuffer.test_task.INFO: numbers 22 and -30 are wrong [] []
[2024-12-09T01:00:11.231135+00:00] neuffer.test_task.INFO: numbers 84 and -25 are wrong [] []
[2024-12-09T01:00:11.231153+00:00] neuffer.test_task.INFO: numbers 30 and -88 are wrong [] []
[2024-12-09T01:00:11.231163+00:00] neuffer.test_task.INFO: numbers 41 and -17 are wrong [] []
[2024-12-09T01:00:11.231176+00:00] neuffer.test_task.INFO: numbers -9 and 0 are wrong, is not allowed [] []
[2024-12-09T01:00:11.231185+00:00] neuffer.test_task.INFO: numbers 59 and -29 are wrong [] []
[2024-12-09T01:00:11.231207+00:00] neuffer.test_task.INFO: numbers 87 and -38 are wrong [] []
[2024-12-09T01:00:11.231217+00:00] neuffer.test_task.INFO: numbers -32 and 34 are wrong [] []
[2024-12-09T01:00:11.231226+00:00] neuffer.test_task.INFO: numbers 17 and -17 are wrong [] []
[2024-12-09T01:00:11.231236+00:00] neuffer.test_task.INFO: numbers 78 and -13 are wrong [] []
[2024-12-09T01:00:11.231245+00:00] neuffer.test_task.INFO: numbers 24 and -60 are wrong [] []
[2024-12-09T01:00:11.231269+00:00] neuffer.test_task.INFO: numbers -13 and 27 are wrong [] []
[2024-12-09T01:00:11.231281+00:00] neuffer.test_task.INFO: numbers 79 and -58 are wrong [] []
[2024-12-09T01:00:11.231294+00:00] neuffer.test_task.INFO: numbers 61 and -85 are wrong [] []
[2024-12-09T01:00:11.231303+00:00] neuffer.test_task.INFO: numbers -43 and 17 are wrong [] []
[2024-12-09T01:00:11.231319+00:00] neuffer.test_task.INFO: numbers 59 and -74 are wrong [] []
[2024-12-09T01:00:11.231328+00:00] neuffer.test_task.INFO: numbers -48 and 50 are wrong [] []
[2024-12-09T01:00:11.231341+00:00] neuffer.test_task.INFO: numbers -56 and 10 are wrong [] []
[2024-12-09T01:00:11.231356+00:00] neuffer.test_task.INFO: numbers 29 and -19 are wrong [] []
[2024-12-09T01:00:11.231372+00:00] neuffer.test_task.INFO: numbers 95 and -71 are wrong [] []
[2024-12-09T01:00:11.231384+00:00] neuffer.test_task.INFO: numbers -86 and 31 are wrong [] []
[2024-12-09T01:00:11.231394+00:00] neuffer.test_task.INFO: numbers 75 and -85 are wrong [] []
[2024-12-09T01:00:11.231403+00:00] neuffer.test_task.INFO: numbers 81 and 0 are wrong, is not allowed [] []
[2024-12-09T01:00:11.231422+00:00] neuffer.test_task.INFO: numbers 89 and -61 are wrong [] []
[2024-12-09T01:00:11.231435+00:00] neuffer.test_task.INFO: numbers 10 and -80 are wrong [] []
[2024-12-09T01:00:11.231453+00:00] neuffer.test_task.INFO: numbers 88 and -15 are wrong [] []
[2024-12-09T01:00:11.231466+00:00] neuffer.test_task.INFO: numbers -12 and 92 are wrong [] []
[2024-12-09T01:00:11.231489+00:00] neuffer.test_task.INFO: numbers -81 and 74 are wrong [] []
[2024-12-09T01:00:11.231498+00:00] neuffer.test_task.INFO: numbers -33 and 88 are wrong [] []
[2024-12-09T01:00:11.231515+00:00] neuffer.test_task.INFO: numbers -96 and 97 are wrong [] []
[2024-12-09T01:00:11.231525+00:00] neuffer.test_task.INFO: numbers 57 and -33 are wrong [] []
[2024-12-09T01:00:11.231543+00:00] neuffer.test_task.INFO: numbers -97 and 20 are wrong [] []
[2024-12-09T01:00:11.231570+00:00] neuffer.test_task.INFO: numbers 90 and -60 are wrong [] []
[2024-12-09T01:00:11.231580+00:00] neuffer.test_task.INFO: numbers -46 and 3 are wrong [] []
[2024-12-09T01:00:11.231590+00:00] neuffer.test_task.INFO: numbers 8 and -47 are wrong [] []
[2024-12-09T01:00:11.231603+00:00] neuffer.test_task.INFO: numbers 55 and -78 are wrong [] []
[2024-12-09T01:00:11.231620+00:00] neuffer.test_task.INFO: numbers 87 and -73 are wrong [] []
[2024-12-09T01:00:11.231636+00:00] neuffer.test_task.INFO: numbers 82 and -68 are wrong [] []
[2024-12-09T01:00:11.231648+00:00] neuffer.test_task.INFO: numbers 82 and -55 are wrong [] []
[2024-12-09T01:00:11.231658+00:00] neuffer.test_task.INFO: numbers 56 and -20 are wrong [] []
[2024-12-09T01:00:11.231671+00:00] neuffer.test_task.INFO: numbers -96 and 20 are wrong [] []
[2024-12-09T01:00:11.231683+00:00] neuffer.test_task.INFO: numbers -2 and 63 are wrong [] []
[2024-12-09T01:00:11.231693+00:00] neuffer.test_task.INFO: numbers 53 and -61 are wrong [] []
[2024-12-09T01:00:11.231711+00:00] neuffer.test_task.INFO: numbers -84 and 54 are wrong [] []
[2024-12-09T01:00:11.231721+00:00] neuffer.test_task.INFO: numbers -59 and 34 are wrong [] []
[2024-12-09T01:00:11.231730+00:00] neuffer.test_task.INFO: numbers 52 and -1 are wrong [] []
[2024-12-09T01:00:11.231740+00:00] neuffer.test_task.INFO: numbers 62 and -46 are wrong [] []
[2024-12-09T01:00:11.231749+00:00] neuffer.test_task.INFO: numbers 76 and -33 are wrong [] []
[2024-12-09T01:00:11.231759+00:00] neuffer.test_task.INFO: numbers 1 and -70 are wrong [] []
[2024-12-09T01:00:11.231768+00:00] neuffer.test_task.INFO: numbers 53 and -87 are wrong [] []
[2024-12-09T01:00:11.231784+00:00] neuffer.test_task.INFO: numbers 75 and -91 are wrong [] []
[2024-12-09T01:00:11.231793+00:00] neuffer.test_task.INFO: numbers 85 and -76 are wrong [] []
[2024-12-09T01:00:11.231806+00:00] neuffer.test_task.INFO: numbers -20 and 11 are wrong [] []
[2024-12-09T01:00:11.231815+00:00] neuffer.test_task.INFO: numbers -4 and 50 are wrong [] []
[2024-12-09T01:00:11.231825+00:00] neuffer.test_task.INFO: numbers 72 and -38 are wrong [] []
[2024-12-09T01:00:11.231834+00:00] neuffer.test_task.INFO: numbers -72 and 72 are wrong [] []
[2024-12-09T01:00:11.231853+00:00] neuffer.test_task.INFO: numbers 3 and -84 are wrong [] []
[2024-12-09T01:00:11.231865+00:00] neuffer.test_task.INFO: numbers 68 and -61 are wrong [] []
[2024-12-09T01:00:11.231875+00:00] neuffer.test_task.INFO: numbers -4 and 41 are wrong [] []
[2024-12-09T01:00:11.231885+00:00] neuffer.test_task.INFO: numbers 53 and -7 are wrong [] []
[2024-12-09T01:00:11.231894+00:00] neuffer.test_task.INFO: numbers -3 and 53 are wrong [] []
[2024-12-09T01:00:11.231922+00:00] neuffer.test_task.INFO: numbers -62 and 47 are wrong [] []
[2024-12-09T01:00:11.231931+00:00] neuffer.test_task.INFO: numbers -4 and 13 are wrong [] []
[2024-12-09T01:00:11.231950+00:00] neuffer.test_task.INFO: numbers -61 and 26 are wrong [] []
[2024-12-09T01:00:11.231960+00:00] neuffer.test_task.INFO: numbers 21 and -84 are wrong [] []
[2024-12-09T01:00:11.231970+00:00] neuffer.test_task.INFO: numbers -91 and 69 are wrong [] []
[2024-12-09T01:00:11.231982+00:00] neuffer.test_task.INFO: numbers -89 and 23 are wrong [] []
[2024-12-09T01:00:11.232001+00:00] neuffer.test_task.INFO: numbers -12 and 95 are wrong [] []
[2024-12-09T01:00:11.232020+00:00] neuffer.test_task.INFO: numbers -60 and 68 are wrong [] []
[2024-12-09T01:00:11.232029+00:00] neuffer.test_task.INFO: numbers 58 and -53 are wrong [] []
[2024-12-09T01:00:11.232039+00:00] neuffer.test_task.INFO: numbers -91 and 89 are wrong [] []
[2024-12-09T01:00:11.232051+00:00] neuffer.test_task.INFO: numbers -42 and 99 are wrong [] []
[2024-12-09T01:00:11.232064+00:00] neuffer.test_task.INFO: numbers -71 and 86 are wrong [] []
[2024-12-09T01:00:11.232076+00:00] neuffer.test_task.INFO: numbers -17 and 67 are wrong [] []
[2024-12-09T01:00:11.232090+00:00] neuffer.test_task.INFO: numbers -35 and 79 are wrong [] []
[2024-12-09T01:00:11.232106+00:00] neuffer.test_task.INFO: numbers -12 and 85 are wrong [] []
[2024-12-09T01:00:11.232119+00:00] neuffer.test_task.INFO: numbers 65 and -50 are wrong [] []
[2024-12-09T01:00:11.232131+00:00] neuffer.test_task.INFO: numbers 56 and -75 are wrong [] []
[2024-12-09T01:00:11.232150+00:00] neuffer.test_task.INFO: numbers 94 and -24 are wrong [] []
[2024-12-09T01:00:11.232172+00:00] neuffer.test_task.INFO: numbers 34 and -79 are wrong [] []
[2024-12-09T01:00:11.232182+00:00] neuffer.test_task.INFO: numbers -90 and 89 are wrong [] []
[2024-12-09T01:00:11.232198+00:00] neuffer.test_task.INFO: numbers 34 and -35 are wrong [] []
[2024-12-09T01:00:11.232211+00:00] neuffer.test_task.INFO: numbers -19 and 53 are wrong [] []
[2024-12-09T01:00:11.232226+00:00] neuffer.test_task.INFO: numbers 24 and -99 are wrong [] []
[2024-12-09T01:00:11.232239+00:00] neuffer.test_task.INFO: numbers -45 and 68 are wrong [] []
[2024-12-09T01:00:11.232267+00:00] neuffer.test_task.INFO: numbers -67 and 93 are wrong [] []
[2024-12-09T01:00:11.232276+00:00] neuffer.test_task.INFO: numbers 62 and -53 are wrong [] []
[2024-12-09T01:00:11.232289+00:00] neuffer.test_task.INFO: numbers 1 and -97 are wrong [] []
[2024-12-09T01:00:11.232308+00:00] neuffer.test_task.INFO: numbers -40 and 48 are wrong [] []
[2024-12-09T01:00:11.232317+00:00] neuffer.test_task.INFO: numbers 51 and -94 are wrong [] []
[2024-12-09T01:00:11.232330+00:00] neuffer.test_task.INFO: numbers -41 and 94 are wrong [] []
[2024-12-09T01:00:11.232339+00:00] neuffer.test_task.INFO: numbers -46 and 61 are wrong [] []
[2024-12-09T01:00:11.232349+00:00] neuffer.test_task.INFO: numbers -17 and 99 are wrong [] []
[2024-12-09T01:00:11.232358+00:00] neuffer.test_task.INFO: numbers -68 and 44 are wrong [] []
[2024-12-09T01:00:11.232377+00:00] neuffer.test_task.INFO: numbers 65 and -73 are wrong [] []
[2024-12-09T01:00:11.232395+00:00] neuffer.test_task.INFO: numbers 29 and -54 are wrong [] []
[2024-12-09T01:00:11.232405+00:00] neuffer.test_task.INFO: numbers 76 and -97 are wrong [] []
[2024-12-09T01:00:11.232414+00:00] neuffer.test_task.INFO: numbers -12 and 58 are wrong [] []
[2024-12-09T01:00:11.232424+00:00] neuffer.test_task.INFO: numbers 69 and -49 are wrong [] []
[2024-12-09T01:00:11.232434+00:00] neuffer.test_task.INFO: numbers 65 and -48 are wrong [] []
[2024-12-09T01:00:11.232443+00:00] neuffer.test_task.INFO: numbers -50 and 18 are wrong [] []
[2024-12-09T01:00:11.232453+00:00] neuffer.test_task.INFO: numbers -68 and 46 are wrong [] []
[2024-12-09T01:00:11.232464+00:00] neuffer.test_task.INFO: numbers 43 and -85 are wrong [] []
[2024-12-09T01:00:11.232485+00:00] neuffer.test_task.INFO: numbers 48 and -72 are wrong [] []
[2024-12-09T01:00:11.232495+00:00] neuffer.test_task.INFO: numbers -88 and 14 are wrong [] []
[2024-12-09T01:00:11.232504+00:00] neuffer.test_task.INFO: numbers 58 and -51 are wrong [] []
[2024-12-09T01:00:11.232519+00:00] neuffer.test_task.INFO: numbers 35 and -98 are wrong [] []
[2024-12-09T01:00:11.232528+00:00] neuffer.test_task.INFO: numbers 28 and -86 are wrong [] []
[2024-12-09T01:00:11.232539+00:00] neuffer.test_task.INFO: numbers -47 and 80 are wrong [] []
[2024-12-09T01:00:11.232549+00:00] neuffer.test_task.INFO: numbers 9 and -76 are wrong [] []
[2024-12-09T01:00:11.232559+00:00] neuffer.test_task.INFO: numbers -87 and 6 are wrong [] []
[2024-12-09T01:00:11.232576+00:00] neuffer.test_task.INFO: numbers 58 and -44 are wrong [] []
[2024-12-09T01:00:11.232620+00:00] neuffer.test_task.INFO: numbers 5 and -70 are wrong [] []
[2024-12-09T01:00:11.232651+00:00] neuffer.test_task.INFO: numbers -23 and 99 are wrong [] []
[2024-12-09T01:00:11.232679+00:00] neuffer.test_task.INFO: numbers -15 and 88 are wrong [] []
[2024-12-09T01:00:11.232691+00:00] neuffer.test_task.INFO: numbers 93 and -10 are wrong [] []
[2024-12-09T01:00:11.232705+00:00] neuffer.test_task.INFO: numbers -48 and 44 are wrong [] []
[2024-12-09T01:00:11.232719+00:00] neuffer.test_task.INFO: numbers -18 and 45 are wrong [] []
[2024-12-09T01:00:11.232742+00:00] neuffer.test_task.INFO: numbers 62 and -87 are wrong [] []
[2024-12-09T01:00:11.232756+00:00] neuffer.test_task.INFO: numbers 87 and -66 are wrong [] []
[2024-12-09T01:00:11.232767+00:00] neuffer.test_task.INFO: numbers -30 and 41 are wrong [] []
[2024-12-09T01:00:11.232777+00:00] neuffer.test_task.INFO: numbers -97 and 53 are wrong [] []
[2024-12-09T01:00:11.232791+00:00] neuffer.test_task.INFO: numbers -9 and 77 are wrong [] []
[2024-12-09T01:00:11.232801+00:00] neuffer.test_task.INFO: numbers 60 and -96 are wrong [] []
[2024-12-09T01:00:11.232812+00:00] neuffer.test_task.INFO: numbers -75 and 17 are wrong [] []
[2024-12-09T01:00:11.232835+00:00] neuffer.test_task.INFO: numbers -59 and 28 are wrong [] []
[2024-12-09T01:00:11.232845+00:00] neuffer.test_task.INFO: numbers 66 and -82 are wrong [] []
[2024-12-09T01:00:11.232859+00:00] neuffer.test_task.INFO: numbers -55 and 93 are wrong [] []
[2024-12-09T01:00:11.232875+00:00] neuffer.test_task.INFO: numbers 60 and -22 are wrong [] []
[2024-12-09T01:00:11.232885+00:00] neuffer.test_task.INFO: numbers -79 and 50 are wrong [] []
[2024-12-09T01:00:11.232899+00:00] neuffer.test_task.INFO: numbers 16 and -7 are wrong [] []
[2024-12-09T01:00:11.232909+00:00] neuffer.test_task.INFO: numbers -30 and 59 are wrong [] []
[2024-12-09T01:00:11.232919+00:00] neuffer.test_task.INFO: numbers -70 and 81 are wrong [] []
[2024-12-09T01:00:11.232941+00:00] neuffer.test_task.INFO: numbers 68 and -75 are wrong [] []
[2024-12-09T01:00:11.232958+00:00] neuffer.test_task.INFO: numbers -85 and 50 are wrong [] []
[2024-12-09T01:00:11.232971+00:00] neuffer.test_task.INFO: numbers -4 and 67 are wrong [] []
[2024-12-09T01:00:11.232984+00:00] neuffer.test_task.INFO: numbers -17 and 37 are wrong [] []
[2024-12-09T01:00:11.233003+00:00] neuffer.test_task.INFO: numbers 94 and -49 are wrong [] []
[2024-12-09T01:00:11.233013+00:00] neuffer.test_task.INFO: numbers -7 and 96 are wrong [] []
[2024-12-09T01:00:11.233023+00:00] neuffer.test_task.INFO: numbers -37 and 53 are wrong [] []
[2024-12-09T01:00:11.233033+00:00] neuffer.test_task.INFO: numbers -56 and 90 are wrong [] []
[2024-12-09T01:00:11.233062+00:00] neuffer.test_task.INFO: numbers -64 and 75 are wrong [] []
[2024-12-09T01:00:11.233075+00:00] neuffer.test_task.INFO: numbers 89 and -26 are wrong [] []
[2024-12-09T01:00:11.233094+00:00] neuffer.test_task.INFO: numbers -94 and 72 are wrong [] []
[2024-12-09T01:00:11.233104+00:00] neuffer.test_task.INFO: numbers 29 and -56 are wrong [] []
[2024-12-09T01:00:11.233119+00:00] neuffer.test_task.INFO: numbers -41 and 65 are wrong [] []
[2024-12-09T01:00:11.233129+00:00] neuffer.test_task.INFO: numbers -43 and 5 are wrong [] []
[2024-12-09T01:00:11.233142+00:00] neuffer.test_task.INFO: numbers -43 and 28 are wrong [] []
[2024-12-09T01:00:11.233155+00:00] neuffer.test_task.INFO: numbers -92 and 32 are wrong [] []
[2024-12-09T01:00:11.233164+00:00] neuffer.test_task.INFO: numbers -19 and 92 are wrong [] []
[2024-12-09T01:00:11.233174+00:00] neuffer.test_task.INFO: numbers 67 and -99 are wrong [] []
[2024-12-09T01:00:11.233198+00:00] neuffer.test_task.INFO: numbers -76 and 51 are wrong [] []
[2024-12-09T01:00:11.233211+00:00] neuffer.test_task.INFO: numbers 26 and -48 are wrong [] []
[2024-12-09T01:00:11.233223+00:00] neuffer.test_task.INFO: numbers -57 and 31 are wrong [] []
[2024-12-09T01:00:11.233233+00:00] neuffer.test_task.INFO: numbers 43 and -87 are wrong [] []
[2024-12-09T01:00:11.233243+00:00] neuffer.test_task.INFO: numbers 51 and -57 are wrong [] []
[2024-12-09T01:00:11.233252+00:00] neuffer.test_task.INFO: numbers 82 and -77 are wrong [] []
[2024-12-09T01:00:11.233272+00:00] neuffer.test_task.INFO: numbers 80 and -69 are wrong [] []
[2024-12-09T01:00:11.233281+00:00] neuffer.test_task.INFO: numbers -51 and 39 are wrong [] []
[2024-12-09T01:00:11.233291+00:00] neuffer.test_task.INFO: numbers -9 and 20 are wrong [] []
[2024-12-09T01:00:11.233301+00:00] neuffer.test_task.INFO: numbers 91 and -49 are wrong [] []
[2024-12-09T01:00:11.233317+00:00] neuffer.test_task.INFO: numbers -21 and 35 are wrong [] []
[2024-12-09T01:00:11.233332+00:00] neuffer.test_task.INFO: numbers 54 and -98 are wrong [] []
[2024-12-09T01:00:11.233342+00:00] neuffer.test_task.INFO: numbers -30 and 21 are wrong [] []
[2024-12-09T01:00:11.233351+00:00] neuffer.test_task.INFO: numbers -95 and 52 are wrong [] []
[2024-12-09T01:00:11.233365+00:00] neuffer.test_task.INFO: numbers -5 and 0 are wrong, is not allowed [] []
[2024-12-09T01:00:11.233382+00:00] neuffer.test_task.INFO: numbers 31 and -5 are wrong [] []
[2024-12-09T01:00:11.233403+00:00] neuffer.test_task.INFO: numbers -5 and 33 are wrong [] []
[2024-12-09T01:00:11.233419+00:00] neuffer.test_task.INFO: numbers 26 and -19 are wrong [] []
[2024-12-09T01:00:11.233429+00:00] neuffer.test_task.INFO: numbers -11 and 44 are wrong [] []
[2024-12-09T01:00:11.233442+00:00] neuffer.test_task.INFO: numbers 11 and -27 are wrong [] []
[2024-12-09T01:00:11.233460+00:00] neuffer.test_task.INFO: numbers -90 and 43 are wrong [] []
[2024-12-09T01:00:11.233473+00:00] neuffer.test_task.INFO: numbers 0 and -32 are wrong [] []
[2024-12-09T01:00:11.233483+00:00] neuffer.test_task.INFO: numbers -43 and 4 are wrong [] []
[2024-12-09T01:00:11.233493+00:00] neuffer.test_task.INFO: numbers -63 and 28 are wrong [] []
[2024-12-09T01:00:11.233505+00:00] neuffer.test_task.INFO: numbers -33 and 75 are wrong [] []
[2024-12-09T01:00:11.233515+00:00] neuffer.test_task.INFO: numbers 38 and -50 are wrong [] []
[2024-12-09T01:00:11.233525+00:00] neuffer.test_task.INFO: numbers 98 and -51 are wrong [] []
[2024-12-09T01:00:11.233537+00:00] neuffer.test_task.INFO: numbers 92 and -73 are wrong [] []
[2024-12-09T01:00:11.233551+00:00] neuffer.test_task.INFO: numbers -62 and 79 are wrong [] []
[2024-12-09T01:00:11.233560+00:00] neuffer.test_task.INFO: numbers -34 and 47 are wrong [] []
[2024-12-09T01:00:11.233570+00:00] neuffer.test_task.INFO: numbers -97 and 33 are wrong [] []
[2024-12-09T01:00:11.233583+00:00] neuffer.test_task.INFO: numbers 83 and -26 are wrong [] []
[2024-12-09T01:00:11.233592+00:00] neuffer.test_task.INFO: numbers -55 and 92 are wrong [] []
[2024-12-09T01:00:11.233605+00:00] neuffer.test_task.INFO: numbers -27 and 66 are wrong [] []
[2024-12-09T01:00:11.233614+00:00] neuffer.test_task.INFO: numbers -3 and 56 are wrong [] []
[2024-12-09T01:00:11.233636+00:00] neuffer.test_task.INFO: numbers 30 and -26 are wrong [] []
[2024-12-09T01:00:11.233646+00:00] neuffer.test_task.INFO: numbers -83 and 4 are wrong [] []
[2024-12-09T01:00:11.233668+00:00] neuffer.test_task.INFO: numbers -39 and 82 are wrong [] []
[2024-12-09T01:00:11.233683+00:00] neuffer.test_task.INFO: numbers -74 and 59 are wrong [] []
[2024-12-09T01:00:11.233696+00:00] neuffer.test_task.INFO: numbers 66 and -44 are wrong [] []
[2024-12-09T01:00:11.233706+00:00] neuffer.test_task.INFO: numbers -60 and 29 are wrong [] []
[2024-12-09T01:00:11.233715+00:00] neuffer.test_task.INFO: numbers -79 and 78 are wrong [] []
[2024-12-09T01:00:11.233725+00:00] neuffer.test_task.INFO: numbers -90 and 11 are wrong [] []
[2024-12-09T01:00:11.233734+00:00] neuffer.test_task.INFO: numbers 32 and -57 are wrong [] []
[2024-12-09T01:00:11.233744+00:00] neuffer.test_task.INFO: numbers 36 and -89 are wrong [] []
[2024-12-09T01:00:11.233757+00:00] neuffer.test_task.INFO: numbers -28 and 42 are wrong [] []
[2024-12-09T01:00:11.233766+00:00] neuffer.test_task.INFO: numbers -61 and 89 are wrong [] []
[2024-12-09T01:00:11.233791+00:00] neuffer.test_task.INFO: numbers -55 and 81 are wrong [] []
[2024-12-09T01:00:11.233804+00:00] neuffer.test_task.INFO: numbers 27 and -20 are wrong [] []
[2024-12-09T01:00:11.233820+00:00] neuffer.test_task.INFO: numbers 46 and -97 are wrong [] []
[2024-12-09T01:00:11.233833+00:00] neuffer.test_task.INFO: numbers 62 and -41 are wrong [] []
[2024-12-09T01:00:11.233849+00:00] neuffer.test_task.INFO: numbers 1 and -97 are wrong [] []
[2024-12-09T01:00:11.233862+00:00] neuffer.test_task.INFO: numbers 16 and -83 are wrong [] []
[2024-12-09T01:00:11.233871+00:00] neuffer.test_task.INFO: numbers -58 and 30 are wrong [] []
[2024-12-09T01:00:11.233891+00:00] neuffer.test_task.INFO: numbers 27 and -46 are wrong [] []
[2024-12-09T01:00:11.233901+00:00] neuffer.test_task.INFO: numbers 53 and -3 are wrong [] []
[2024-12-09T01:00:11.233911+00:00] neuffer.test_task.INFO: numbers 89 and -26 are wrong [] []
[2024-12-09T01:00:11.233927+00:00] neuffer.test_task.INFO: numbers -56 and 54 are wrong [] []
[2024-12-09T01:00:11.233937+00:00] neuffer.test_task.INFO: numbers -88 and 58 are wrong [] []
[2024-12-09T01:00:11.233947+00:00] neuffer.test_task.INFO: numbers 66 and -33 are wrong [] []
[2024-12-09T01:00:11.233971+00:00] neuffer.test_task.INFO: numbers 65 and -63 are wrong [] []
[2024-12-09T01:00:11.233998+00:00] neuffer.test_task.INFO: numbers 2 and -77 are wrong [] []
[2024-12-09T01:00:11.234013+00:00] neuffer.test_task.INFO: numbers -33 and 61 are wrong [] []
[2024-12-09T01:00:11.234023+00:00] neuffer.test_task.INFO: numbers 80 and -77 are wrong [] []
[2024-12-09T01:00:11.234036+00:00] neuffer.test_task.INFO: numbers -34 and 88 are wrong [] []
[2024-12-09T01:00:11.234048+00:00] neuffer.test_task.INFO: numbers -39 and 98 are wrong [] []
[2024-12-09T01:00:11.234058+00:00] neuffer.test_task.INFO: numbers 20 and -30 are wrong [] []
[2024-12-09T01:00:11.234068+00:00] neuffer.test_task.INFO: numbers 40 and -23 are wrong [] []
[2024-12-09T01:00:11.234083+00:00] neuffer.test_task.INFO: numbers 12 and -6 are wrong [] []
[2024-12-09T01:00:11.234093+00:00] neuffer.test_task.INFO: numbers 20 and -2 are wrong [] []
[2024-12-09T01:00:11.234105+00:00] neuffer.test_task.INFO: numbers -14 and 33 are wrong [] []
[2024-12-09T01:00:11.234119+00:00] neuffer.test_task.INFO: numbers -14 and 88 are wrong [] []
[2024-12-09T01:00:11.234134+00:00] neuffer.test_task.INFO: numbers -3 and 92 are wrong [] []
[2024-12-09T01:00:11.234148+00:00] neuffer.test_task.INFO: numbers -30 and 62 are wrong [] []
[2024-12-09T01:00:11.234158+00:00] neuffer.test_task.INFO: numbers -12 and 22 are wrong [] []
[2024-12-09T01:00:11.234169+00:00] neuffer.test_task.INFO: numbers -55 and 20 are wrong [] []
[2024-12-09T01:00:11.234181+00:00] neuffer.test_task.INFO: numbers -74 and 65 are wrong [] []
[2024-12-09T01:00:11.234193+00:00] neuffer.test_task.INFO: numbers 44 and -92 are wrong [] []
[2024-12-09T01:00:11.234210+00:00] neuffer.test_task.INFO: numbers -55 and 67 are wrong [] []
[2024-12-09T01:00:11.234223+00:00] neuffer.test_task.INFO: numbers 96 and -56 are wrong [] []
[2024-12-09T01:00:11.234232+00:00] neuffer.test_task.INFO: numbers -71 and 97 are wrong [] []
[2024-12-09T01:00:11.234259+00:00] neuffer.test_task.INFO: numbers 87 and -1 are wrong [] []
[2024-12-09T01:00:11.234283+00:00] neuffer.test_task.INFO: numbers 70 and -18 are wrong [] []
[2024-12-09T01:00:11.234294+00:00] neuffer.test_task.INFO: numbers 39 and -42 are wrong [] []
[2024-12-09T01:00:11.234307+00:00] neuffer.test_task.INFO: numbers -10 and 52 are wrong [] []
[2024-12-09T01:00:11.234316+00:00] neuffer.test_task.INFO: numbers -97 and 42 are wrong [] []
[2024-12-09T01:00:11.234332+00:00] neuffer.test_task.INFO: numbers -68 and 57 are wrong [] []
[2024-12-09T01:00:11.234342+00:00] neuffer.test_task.INFO: numbers 59 and -57 are wrong [] []
[2024-12-09T01:00:11.234355+00:00] neuffer.test_task.INFO: numbers -6 and 73 are wrong [] []
[2024-12-09T01:00:11.234365+00:00] neuffer.test_task.INFO: numbers 63 and -77 are wrong [] []
[2024-12-09T01:00:11.234374+00:00] neuffer.test_task.INFO: numbers 71 and -45 are wrong [] []
[2024-12-09T01:00:11.234388+00:00] neuffer.test_task.INFO: numbers -72 and 66 are wrong [] []
[2024-12-09T01:00:11.234397+00:00] neuffer.test_task.INFO: numbers 67 and -74 are wrong [] []
[2024-12-09T01:00:11.234417+00:00] neuffer.test_task.INFO: numbers 93 and -76 are wrong [] []
[2024-12-09T01:00:11.234447+00:00] neuffer.test_task.INFO: numbers -3 and 21 are wrong [] []
[2024-12-09T01:00:11.234459+00:00] neuffer.test_task.INFO: numbers -8 and 72 are wrong [] []
[2024-12-09T01:00:11.234473+00:00] neuffer.test_task.INFO: numbers -93 and 62 are wrong [] []
[2024-12-09T01:00:11.234488+00:00] neuffer.test_task.INFO: numbers 84 and -1 are wrong [] []
[2024-12-09T01:00:11.234503+00:00] neuffer.test_task.INFO: numbers 19 and 0 are wrong, is not allowed [] []
[2024-12-09T01:00:11.234521+00:00] neuffer.test_task.INFO: numbers -36 and 34 are wrong [] []
[2024-12-09T01:00:11.234534+00:00] neuffer.test_task.INFO: numbers 66 and -30 are wrong [] []
[2024-12-09T01:00:11.234550+00:00] neuffer.test_task.INFO: numbers 19 and -57 are wrong [] []
[2024-12-09T01:00:11.234560+00:00] neuffer.test_task.INFO: numbers 79 and -42 are wrong [] []
[2024-12-09T01:00:11.234570+00:00] neuffer.test_task.INFO: numbers 99 and -22 are wrong [] []
[2024-12-09T01:00:11.234596+00:00] neuffer.test_task.INFO: numbers 77 and -82 are wrong [] []
[2024-12-09T01:00:11.234607+00:00] neuffer.test_task.INFO: numbers 67 and -93 are wrong [] []
[2024-12-09T01:00:11.234617+00:00] neuffer.test_task.INFO: numbers -83 and 36 are wrong [] []
[2024-12-09T01:00:11.234630+00:00] neuffer.test_task.INFO: numbers 24 and -52 are wrong [] []
[2024-12-09T01:00:11.234640+00:00] neuffer.test_task.INFO: numbers -21 and 17 are wrong [] []
[2024-12-09T01:00:11.234650+00:00] neuffer.test_task.INFO: numbers 90 and -93 are wrong [] []
[2024-12-09T01:00:11.234666+00:00] neuffer.test_task.INFO: numbers 32 and -13 are wrong [] []
[2024-12-09T01:00:11.234691+00:00] neuffer.test_task.INFO: numbers 93 and -56 are wrong [] []
[2024-12-09T01:00:11.234703+00:00] neuffer.test_task.INFO: numbers 54 and -65 are wrong [] []
[2024-12-09T01:00:11.234713+00:00] neuffer.test_task.INFO: numbers 74 and -56 are wrong [] []
[2024-12-09T01:00:11.234722+00:00] neuffer.test_task.INFO: numbers 57 and -64 are wrong [] []
[2024-12-09T01:00:11.234741+00:00] neuffer.test_task.INFO: numbers -38 and 81 are wrong [] []
[2024-12-09T01:00:11.234751+00:00] neuffer.test_task.INFO: numbers 86 and -46 are wrong [] []
[2024-12-09T01:00:11.234766+00:00] neuffer.test_task.INFO: numbers 62 and -79 are wrong [] []
[2024-12-09T01:00:11.234785+00:00] neuffer.test_task.INFO: numbers -45 and 24 are wrong [] []
[2024-12-09T01:00:11.234795+00:00] neuffer.test_task.INFO: numbers 78 and -62 are wrong [] []
[2024-12-09T01:00:11.234805+00:00] neuffer.test_task.INFO: numbers -79 and 3 are wrong [] []
[2024-12-09T01:00:11.234816+00:00] neuffer.test_task.INFO: numbers -12 and 98 are wrong [] []
[2024-12-09T01:00:11.234826+00:00] neuffer.test_task.INFO: numbers 49 and -6 are wrong [] []
[2024-12-09T01:00:11.234853+00:00] neuffer.test_task.INFO: numbers 89 and -92 are wrong [] []
[2024-12-09T01:00:11.234863+00:00] neuffer.test_task.INFO: numbers -84 and 22 are wrong [] []
[2024-12-09T01:00:11.234872+00:00] neuffer.test_task.INFO: numbers -64 and 60 are wrong [] []
[2024-12-09T01:00:11.234882+00:00] neuffer.test_task.INFO: numbers 77 and -30 are wrong [] []
[2024-12-09T01:00:11.234892+00:00] neuffer.test_task.INFO: numbers 67 and -70 are wrong [] []
[2024-12-09T01:00:11.234905+00:00] neuffer.test_task.INFO: numbers -36 and 22 are wrong [] []
[2024-12-09T01:00:11.234922+00:00] neuffer.test_task.INFO: numbers -2 and 55 are wrong [] []
[2024-12-09T01:00:11.234934+00:00] neuffer.test_task.INFO: numbers -27 and 9 are wrong [] []
[2024-12-09T01:00:11.234951+00:00] neuffer.test_task.INFO: numbers 57 and -99 are wrong [] []
[2024-12-09T01:00:11.234969+00:00] neuffer.test_task.INFO: numbers -65 and 11 are wrong [] []
[2024-12-09T01:00:11.234982+00:00] neuffer.test_task.INFO: numbers 21 and -25 are wrong [] []
[2024-12-09T01:00:11.234992+00:00] neuffer.test_task.INFO: numbers 38 and -32 are wrong [] []
[2024-12-09T01:00:11.235002+00:00] neuffer.test_task.INFO: numbers -77 and 80 are wrong [] []
[2024-12-09T01:00:11.235013+00:00] neuffer.test_task.INFO: numbers 71 and -68 are wrong [] []
[2024-12-09T01:00:11.235030+00:00] neuffer.test_task.INFO: numbers 96 and -40 are wrong [] []
[2024-12-09T01:00:11.235039+00:00] neuffer.test_task.INFO: numbers 11 and -80 are wrong [] []
[2024-12-09T01:00:11.235052+00:00] neuffer.test_task.INFO: numbers 11 and -61 are wrong [] []
[2024-12-09T01:00:11.235061+00:00] neuffer.test_task.INFO: numbers -55 and 24 are wrong [] []
[2024-12-09T01:00:11.235081+00:00] neuffer.test_task.INFO: numbers -86 and 78 are wrong [] []
[2024-12-09T01:00:11.235091+00:00] neuffer.test_task.INFO: numbers 51 and -94 are wrong [] []
[2024-12-09T01:00:11.235100+00:00] neuffer.test_task.INFO: numbers 83 and -57 are wrong [] []
[2024-12-09T01:00:11.235110+00:00] neuffer.test_task.INFO: numbers -57 and 5 are wrong [] []
[2024-12-09T01:00:11.235122+00:00] neuffer.test_task.INFO: numbers -88 and 19 are wrong [] []
[2024-12-09T01:00:11.235135+00:00] neuffer.test_task.INFO: numbers -62 and 64 are wrong [] []
[2024-12-09T01:00:11.235150+00:00] neuffer.test_task.INFO: numbers -73 and 2 are wrong [] []
[2024-12-09T01:00:11.235160+00:00] neuffer.test_task.INFO: numbers 81 and -75 are wrong [] []
[2024-12-09T01:00:11.235172+00:00] neuffer.test_task.INFO: numbers 0 and -72 are wrong [] []
[2024-12-09T01:00:11.235182+00:00] neuffer.test_task.INFO: numbers -83 and 92 are wrong [] []
[2024-12-09T01:00:11.235200+00:00] neuffer.test_task.INFO: numbers -81 and 45 are wrong [] []
[2024-12-09T01:00:11.235213+00:00] neuffer.test_task.INFO: numbers -44 and 46 are wrong [] []
[2024-12-09T01:00:11.235223+00:00] neuffer.test_task.INFO: numbers 80 and -92 are wrong [] []
[2024-12-09T01:00:11.235232+00:00] neuffer.test_task.INFO: numbers -21 and 47 are wrong [] []
[2024-12-09T01:00:11.235251+00:00] neuffer.test_task.INFO: numbers 78 and -70 are wrong [] []
[2024-12-09T01:00:11.235262+00:00] neuffer.test_task.INFO: numbers 62 and -67 are wrong [] []
[2024-12-09T01:00:11.235272+00:00] neuffer.test_task.INFO: numbers 42 and -63 are wrong [] []
[2024-12-09T01:00:11.235289+00:00] neuffer.test_task.INFO: numbers 23 and -31 are wrong [] []
[2024-12-09T01:00:11.235299+00:00] neuffer.test_task.INFO: numbers -19 and 32 are wrong [] []
[2024-12-09T01:00:11.235310+00:00] neuffer.test_task.INFO: numbers 41 and -72 are wrong [] []
[2024-12-09T01:00:11.235326+00:00] neuffer.test_task.INFO: numbers 56 and -24 are wrong [] []
[2024-12-09T01:00:11.235336+00:00] neuffer.test_task.INFO: numbers 75 and -59 are wrong [] []
[2024-12-09T01:00:11.235346+00:00] neuffer.test_task.INFO: numbers 77 and -57 are wrong [] []
[2024-12-09T01:00:11.235356+00:00] neuffer.test_task.INFO: numbers -83 and 62 are wrong [] []
[2024-12-09T01:00:11.235367+00:00] neuffer.test_task.INFO: numbers -32 and 34 are wrong [] []
[2024-12-09T01:00:11.235388+00:00] neuffer.test_task.INFO: numbers -88 and 74 are wrong [] []
[2024-12-09T01:00:11.235405+00:00] neuffer.test_task.INFO: numbers -19 and 66 are wrong [] []
[2024-12-09T01:00:11.235447+00:00] neuffer.test_task.INFO: numbers 82 and -74 are wrong [] []
[2024-12-09T01:00:11.235457+00:00] neuffer.test_task.INFO: numbers -70 and 38 are wrong [] []
[2024-12-09T01:00:11.235470+00:00] neuffer.test_task.INFO: numbers -58 and 74 are wrong [] []
[2024-12-09T01:00:11.235482+00:00] neuffer.test_task.INFO: numbers 74 and -6 are wrong [] []
[2024-12-09T01:00:11.235492+00:00] neuffer.test_task.INFO: numbers -76 and 10 are wrong [] []
[2024-12-09T01:00:11.235502+00:00] neuffer.test_task.INFO: numbers 51 and -4 are wrong [] []
[2024-12-09T01:00:11.235511+00:00] neuffer.test_task.INFO: numbers 95 and -42 are wrong [] []
[2024-12-09T01:00:11.235524+00:00] neuffer.test_task.INFO: numbers 68 and -40 are wrong [] []
[2024-12-09T01:00:11.235537+00:00] neuffer.test_task.INFO: numbers 1 and -13 are wrong [] []
[2024-12-09T01:00:11.235547+00:00] neuffer.test_task.INFO: numbers 23 and -8 are wrong [] []
[2024-12-09T01:00:11.235557+00:00] neuffer.test_task.INFO: numbers 55 and -31 are wrong [] []
[2024-12-09T01:00:11.235566+00:00] neuffer.test_task.INFO: numbers -79 and 22 are wrong [] []
[2024-12-09T01:00:11.235576+00:00] neuffer.test_task.INFO: numbers 62 and -5 are wrong [] []
[2024-12-09T01:00:11.235590+00:00] neuffer.test_task.INFO: numbers 19 and -45 are wrong [] []
[2024-12-09T01:00:11.235600+00:00] neuffer.test_task.INFO: numbers 90 and -57 are wrong [] []
[2024-12-09T01:00:11.235610+00:00] neuffer.test_task.INFO: numbers -49 and 31 are wrong [] []
[2024-12-09T01:00:11.235623+00:00] neuffer.test_task.INFO: numbers 10 and -11 are wrong [] []
[2024-12-09T01:00:11.235640+00:00] neuffer.test_task.INFO: numbers -18 and 52 are wrong [] []
[2024-12-09T01:00:11.235650+00:00] neuffer.test_task.INFO: numbers 26 and -83 are wrong [] []
[2024-12-09T01:00:11.235667+00:00] neuffer.test_task.INFO: numbers 30 and -76 are wrong [] []
[2024-12-09T01:00:11.235678+00:00] neuffer.test_task.INFO: numbers 32 and -89 are wrong [] []
[2024-12-09T01:00:11.235689+00:00] neuffer.test_task.INFO: numbers 13 and -5 are wrong [] []
[2024-12-09T01:00:11.235699+00:00] neuffer.test_task.INFO: numbers 81 and -11 are wrong [] []
[2024-12-09T01:00:11.235709+00:00] neuffer.test_task.INFO: numbers 4 and -11 are wrong [] []
[2024-12-09T01:00:11.235731+00:00] neuffer.test_task.INFO: numbers 6 and -82 are wrong [] []
[2024-12-09T01:00:11.235741+00:00] neuffer.test_task.INFO: numbers 58 and -8 are wrong [] []
[2024-12-09T01:00:11.235751+00:00] neuffer.test_task.INFO: numbers 20 and -39 are wrong [] []
[2024-12-09T01:00:11.235760+00:00] neuffer.test_task.INFO: numbers -86 and 26 are wrong [] []
[2024-12-09T01:00:11.235771+00:00] neuffer.test_task.INFO: numbers -50 and 89 are wrong [] []
[2024-12-09T01:00:11.235781+00:00] neuffer.test_task.INFO: numbers 19 and -43 are wrong [] []
[2024-12-09T01:00:11.235794+00:00] neuffer.test_task.INFO: numbers 26 and -33 are wrong [] []
[2024-12-09T01:00:11.235806+00:00] neuffer.test_task.INFO: numbers -37 and 91 are wrong [] []
[2024-12-09T01:00:11.235816+00:00] neuffer.test_task.INFO: numbers -85 and 4 are wrong [] []
[2024-12-09T01:00:11.235828+00:00] neuffer.test_task.INFO: numbers 95 and -53 are wrong [] []
[2024-12-09T01:00:11.235841+00:00] neuffer.test_task.INFO: numbers 6 and -58 are wrong [] []
[2024-12-09T01:00:11.235850+00:00] neuffer.test_task.INFO: numbers 12 and -82 are wrong [] []
[2024-12-09T01:00:11.235879+00:00] neuffer.test_task.INFO: numbers 85 and -40 are wrong [] []
[2024-12-09T01:00:11.235892+00:00] neuffer.test_task.INFO: numbers 37 and -37 are wrong [] []
[2024-12-09T01:00:11.235902+00:00] neuffer.test_task.INFO: numbers 33 and -83 are wrong [] []
[2024-12-09T01:00:11.235919+00:00] neuffer.test_task.INFO: numbers 22 and -7 are wrong [] []
[2024-12-09T01:00:11.235933+00:00] neuffer.test_task.INFO: numbers 19 and -81 are wrong [] []
[2024-12-09T01:00:11.235942+00:00] neuffer.test_task.INFO: numbers 97 and -82 are wrong [] []
[2024-12-09T01:00:11.235959+00:00] neuffer.test_task.INFO: numbers 75 and -27 are wrong [] []
[2024-12-09T01:00:11.235984+00:00] neuffer.test_task.INFO: numbers 6 and -39 are wrong [] []
[2024-12-09T01:00:11.235996+00:00] neuffer.test_task.INFO: numbers -15 and 37 are wrong [] []
[2024-12-09T01:00:11.236005+00:00] neuffer.test_task.INFO: numbers 40 and -54 are wrong [] []
[2024-12-09T01:00:11.236024+00:00] neuffer.test_task.INFO: numbers -79 and 17 are wrong [] []
[2024-12-09T01:00:11.236036+00:00] neuffer.test_task.INFO: numbers 13 and -27 are wrong [] []
[2024-12-09T01:00:11.236048+00:00] neuffer.test_task.INFO: numbers 38 and -81 are wrong [] []
[2024-12-09T01:00:11.236062+00:00] neuffer.test_task.INFO: numbers 0 and 28 are wrong [] []
[2024-12-09T01:00:11.236074+00:00] neuffer.test_task.INFO: numbers 18 and -36 are wrong [] []
[2024-12-09T01:00:11.236086+00:00] neuffer.test_task.INFO: numbers 45 and -36 are wrong [] []
[2024-12-09T01:00:11.236095+00:00] neuffer.test_task.INFO: numbers -75 and 11 are wrong [] []
[2024-12-09T01:00:11.236104+00:00] neuffer.test_task.INFO: numbers 91 and -55 are wrong [] []
[2024-12-09T01:00:11.236116+00:00] neuffer.test_task.INFO: numbers 34 and 0 are wrong, is not allowed [] []
[2024-12-09T01:00:11.236136+00:00] neuffer.test_task.INFO: numbers -56 and 8 are wrong [] []
[2024-12-09T01:00:11.236156+00:00] neuffer.test_task.INFO: numbers -64 and 0 are wrong, is not allowed [] []
[2024-12-09T01:00:11.236169+00:00] neuffer.test_task.INFO: numbers -75 and 38 are wrong [] []
[2024-12-09T01:00:11.236180+00:00] neuffer.test_task.INFO: numbers 99 and -86 are wrong [] []
[2024-12-09T01:00:11.236189+00:00] neuffer.test_task.INFO: numbers -6 and 30 are wrong [] []
[2024-12-09T01:00:11.236208+00:00] neuffer.test_task.INFO: numbers -52 and 14 are wrong [] []
[2024-12-09T01:00:11.236223+00:00] neuffer.test_task.INFO: numbers 86 and -66 are wrong [] []
[2024-12-09T01:00:11.236239+00:00] neuffer.test_task.INFO: numbers 60 and -55 are wrong [] []
[2024-12-09T01:00:11.236256+00:00] neuffer.test_task.INFO: numbers 32 and -6 are wrong [] []
[2024-12-09T01:00:11.236271+00:00] neuffer.test_task.INFO: numbers -84 and 9 are wrong [] []
[2024-12-09T01:00:11.236281+00:00] neuffer.test_task.INFO: numbers -36 and 8 are wrong [] []
[2024-12-09T01:00:11.236297+00:00] neuffer.test_task.INFO: numbers -36 and 16 are wrong [] []
[2024-12-09T01:00:11.236308+00:00] neuffer.test_task.INFO: numbers -65 and 30 are wrong [] []
[2024-12-09T01:00:11.236323+00:00] neuffer.test_task.INFO: numbers -85 and 76 are wrong [] []
[2024-12-09T01:00:11.236335+00:00] neuffer.test_task.INFO: numbers 52 and -48 are wrong [] []
[2024-12-09T01:00:11.236344+00:00] neuffer.test_task.INFO: numbers 90 and -49 are wrong [] []
[2024-12-09T01:00:11.236356+00:00] neuffer.test_task.INFO: numbers -74 and 27 are wrong [] []
[2024-12-09T01:00:11.236365+00:00] neuffer.test_task.INFO: numbers 5 and -10 are wrong [] []
[2024-12-09T01:00:11.236377+00:00] neuffer.test_task.INFO: numbers -99 and 49 are wrong [] []
[2024-12-09T01:00:11.236386+00:00] neuffer.test_task.INFO: numbers 73 and -30 are wrong [] []
[2024-12-09T01:00:11.236400+00:00] neuffer.test_task.INFO: numbers 30 and -51 are wrong [] []
[2024-12-09T01:00:11.236426+00:00] neuffer.test_task.INFO: numbers 21 and -45 are wrong [] []
[2024-12-09T01:00:11.236435+00:00] neuffer.test_task.INFO: numbers -4 and 18 are wrong [] []
[2024-12-09T01:00:11.236452+00:00] neuffer.test_task.INFO: numbers -45 and 61 are wrong [] []
[2024-12-09T01:00:11.236474+00:00] neuffer.test_task.INFO: numbers 8 and -57 are wrong [] []
[2024-12-09T01:00:11.236497+00:00] neuffer.test_task.INFO: numbers 13 and -45 are wrong [] []
[2024-12-09T01:00:11.236509+00:00] neuffer.test_task.INFO: numbers -4 and 88 are wrong [] []
[2024-12-09T01:00:11.236521+00:00] neuffer.test_task.INFO: numbers 70 and -77 are wrong [] []
[2024-12-09T01:00:11.236530+00:00] neuffer.test_task.INFO: numbers -43 and 45 are wrong [] []
[2024-12-09T01:00:11.236541+00:00] neuffer.test_task.INFO: numbers -2 and 96 are wrong [] []
[2024-12-09T01:00:11.236553+00:00] neuffer.test_task.INFO: numbers 16 and -18 are wrong [] []
[2024-12-09T01:00:11.236571+00:00] neuffer.test_task.INFO: numbers -53 and 40 are wrong [] []
[2024-12-09T01:00:11.236588+00:00] neuffer.test_task.INFO: numbers 29 and -51 are wrong [] []
[2024-12-09T01:00:11.236597+00:00] neuffer.test_task.INFO: numbers -89 and 68 are wrong [] []
[2024-12-09T01:00:11.236609+00:00] neuffer.test_task.INFO: numbers -64 and 65 are wrong [] []
[2024-12-09T01:00:11.236624+00:00] neuffer.test_task.INFO: numbers 97 and -80 are wrong [] []
[2024-12-09T01:00:11.236641+00:00] neuffer.test_task.INFO: numbers 55 and -59 are wrong [] []
[2024-12-09T01:00:11.236653+00:00] neuffer.test_task.INFO: numbers 5 and -67 are wrong [] []
[2024-12-09T01:00:11.236662+00:00] neuffer.test_task.INFO: numbers -76 and 21 are wrong [] []
[2024-12-09T01:00:11.236682+00:00] neuffer.test_task.INFO: numbers 0 and 0 are wrong, is not allowed [] []
[2024-12-09T01:00:11.236691+00:00] neuffer.test_task.INFO: numbers -43 and 16 are wrong [] []
[2024-12-09T01:00:11.236706+00:00] neuffer.test_task.INFO: numbers 20 and -4 are wrong [] []
[2024-12-09T01:00:11.236718+00:00] neuffer.test_task.INFO: numbers 27 and -80 are wrong [] []
[2024-12-09T01:00:11.236732+00:00] neuffer.test_task.INFO: numbers -96 and 86 are wrong [] []
[2024-12-09T01:00:11.236741+00:00] neuffer.test_task.INFO: numbers 25 and -9 are wrong [] []
[2024-12-09T01:00:11.236753+00:00] neuffer.test_task.INFO: numbers 48 and -60 are wrong [] []
[2024-12-09T01:00:11.236762+00:00] neuffer.test_task.INFO: numbers -12 and 70 are wrong [] []
[2024-12-09T01:00:11.236771+00:00] neuffer.test_task.INFO: numbers 38 and -88 are wrong [] []
[2024-12-09T01:00:11.236783+00:00] neuffer.test_task.INFO: numbers -13 and 6 are wrong [] []
[2024-12-09T01:00:11.236799+00:00] neuffer.test_task.INFO: numbers -55 and 60 are wrong [] []
[2024-12-09T01:00:11.236808+00:00] neuffer.test_task.INFO: numbers -80 and 35 are wrong [] []
[2024-12-09T01:00:11.236817+00:00] neuffer.test_task.INFO: numbers 47 and -57 are wrong [] []
[2024-12-09T01:00:11.236841+00:00] neuffer.test_task.INFO: numbers 77 and -46 are wrong [] []
[2024-12-09T01:00:11.236850+00:00] neuffer.test_task.INFO: numbers 44 and 0 are wrong, is not allowed [] []
[2024-12-09T01:00:11.236865+00:00] neuffer.test_task.INFO: numbers 10 and -20 are wrong [] []
[2024-12-09T01:00:11.236874+00:00] neuffer.test_task.INFO: numbers 53 and -76 are wrong [] []
[2024-12-09T01:00:11.236886+00:00] neuffer.test_task.INFO: numbers 87 and -2 are wrong [] []
[2024-12-09T01:00:11.236900+00:00] neuffer.test_task.INFO: numbers 77 and -23 are wrong [] []
[2024-12-09T01:00:11.236912+00:00] neuffer.test_task.INFO: numbers 77 and -29 are wrong [] []
[2024-12-09T01:00:11.236921+00:00] neuffer.test_task.INFO: numbers 59 and -98 are wrong [] []
[2024-12-09T01:00:11.236939+00:00] neuffer.test_task.INFO: numbers 83 and -58 are wrong [] []
[2024-12-09T01:00:11.236948+00:00] neuffer.test_task.INFO: numbers -71 and 60 are wrong [] []
[2024-12-09T01:00:11.236957+00:00] neuffer.test_task.INFO: numbers -68 and 93 are wrong [] []
[2024-12-09T01:00:11.236965+00:00] neuffer.test_task.INFO: numbers -2 and 36 are wrong [] []
[2024-12-09T01:00:11.236980+00:00] neuffer.test_task.INFO: numbers 65 and -62 are wrong [] []
[2024-12-09T01:00:11.236989+00:00] neuffer.test_task.INFO: numbers 87 and -17 are wrong [] []
[2024-12-09T01:00:11.237003+00:00] neuffer.test_task.INFO: numbers 41 and -51 are wrong [] []
[2024-12-09T01:00:11.237018+00:00] neuffer.test_task.INFO: numbers -38 and 20 are wrong [] []
[2024-12-09T01:00:11.237030+00:00] neuffer.test_task.INFO: numbers -22 and 5 are wrong [] []
[2024-12-09T01:00:11.237041+00:00] neuffer.test_task.INFO: numbers -55 and 13 are wrong [] []
[2024-12-09T01:00:11.237050+00:00] neuffer.test_task.INFO: numbers -50 and 96 are wrong [] []
[2024-12-09T01:00:11.237065+00:00] neuffer.test_task.INFO: numbers 93 and -10 are wrong [] []
[2024-12-09T01:00:11.237074+00:00] neuffer.test_task.INFO: numbers -57 and 4 are wrong [] []
[2024-12-09T01:00:11.237085+00:00] neuffer.test_task.INFO: numbers 49 and -39 are wrong [] []
[2024-12-09T01:00:11.237094+00:00] neuffer.test_task.INFO: numbers 28 and -48 are wrong [] []
[2024-12-09T01:00:11.237106+00:00] neuffer.test_task.INFO: numbers -74 and 46 are wrong [] []
[2024-12-09T01:00:11.237120+00:00] neuffer.test_task.INFO: numbers -33 and 90 are wrong [] []
[2024-12-09T01:00:11.237137+00:00] neuffer.test_task.INFO: numbers -36 and 65 are wrong [] []
[2024-12-09T01:00:11.237149+00:00] neuffer.test_task.INFO: numbers -22 and 97 are wrong [] []
[2024-12-09T01:00:11.237158+00:00] neuffer.test_task.INFO: numbers -80 and 11 are wrong [] []
[2024-12-09T01:00:11.237167+00:00] neuffer.test_task.INFO: numbers -8 and 52 are wrong [] []
[2024-12-09T01:00:11.237176+00:00] neuffer.test_task.INFO: numbers -39 and 86 are wrong [] []
[2024-12-09T01:00:11.237193+00:00] neuffer.test_task.INFO: numbers -63 and 81 are wrong [] []
[2024-12-09T01:00:11.237202+00:00] neuffer.test_task.INFO: numbers 50 and -12 are wrong [] []
[2024-12-09T01:00:11.237211+00:00] neuffer.test_task.INFO: numbers 8 and -46 are wrong [] []
[2024-12-09T01:00:11.237234+00:00] neuffer.test_task.INFO: numbers 57 and -37 are wrong [] []
[2024-12-09T01:00:11.237252+00:00] neuffer.test_task.INFO: numbers -63 and 71 are wrong [] []
[2024-12-09T01:00:11.237262+00:00] neuffer.test_task.INFO: numbers 31 and -43 are wrong [] []
[2024-12-09T01:00:11.237271+00:00] neuffer.test_task.INFO: numbers 11 and -27 are wrong [] []
[2024-12-09T01:00:11.237280+00:00] neuffer.test_task.INFO: numbers 23 and -23 are wrong [] []
[2024-12-09T01:00:11.237289+00:00] neuffer.test_task.INFO: numbers 18 and -22 are wrong [] []
[2024-12-09T01:00:11.237297+00:00] neuffer.test_task.INFO: numbers -52 and 64 are wrong [] []
[2024-12-09T01:00:11.237310+00:00] neuffer.test_task.INFO: numbers -9 and 98 are wrong [] []
[2024-12-09T01:00:11.237319+00:00] neuffer.test_task.INFO: numbers -30 and 10 are wrong [] []
[2024-12-09T01:00:11.237328+00:00] neuffer.test_task.INFO: numbers -36 and 73 are wrong [] []
[2024-12-09T01:00:11.237345+00:00] neuffer.test_task.INFO: numbers 17 and -67 are wrong [] []
[2024-12-09T01:00:11.237354+00:00] neuffer.test_task.INFO: numbers -51 and 74 are wrong [] []
[2024-12-09T01:00:11.237363+00:00] neuffer.test_task.INFO: numbers -32 and 66 are wrong [] []
[2024-12-09T01:00:11.237378+00:00] neuffer.test_task.INFO: numbers 86 and -24 are wrong [] []
[2024-12-09T01:00:11.237389+00:00] neuffer.test_task.INFO: numbers 4 and -52 are wrong [] []
[2024-12-09T01:00:11.237398+00:00] neuffer.test_task.INFO: numbers 39 and -44 are wrong [] []
[2024-12-09T01:00:11.237410+00:00] neuffer.test_task.INFO: numbers 4 and -83 are wrong [] []
[2024-12-09T01:00:11.237432+00:00] neuffer.test_task.INFO: numbers -9 and 70 are wrong [] []
[2024-12-09T01:00:11.237444+00:00] neuffer.test_task.INFO: numbers -44 and 40 are wrong [] []
[2024-12-09T01:00:11.237459+00:00] neuffer.test_task.INFO: numbers -20 and 0 are wrong, is not allowed [] []
[2024-12-09T01:00:11.237468+00:00] neuffer.test_task.INFO: numbers -83 and 1 are wrong [] []
[2024-12-09T01:00:11.237477+00:00] neuffer.test_task.INFO: numbers 95 and -68 are wrong [] []
[2024-12-09T01:00:11.237486+00:00] neuffer.test_task.INFO: numbers 59 and -36 are wrong [] []
[2024-12-09T01:00:11.237497+00:00] neuffer.test_task.INFO: numbers -79 and 4 are wrong [] []
[2024-12-09T01:00:11.237506+00:00] neuffer.test_task.INFO: numbers 32 and -11 are wrong [] []
[2024-12-09T01:00:11.237515+00:00] neuffer.test_task.INFO: numbers 77 and -64 are wrong [] []
[2024-12-09T01:00:11.237527+00:00] neuffer.test_task.INFO: numbers -66 and 0 are wrong, is not allowed [] []
[2024-12-09T01:00:11.237539+00:00] neuffer.test_task.INFO: numbers -11 and 26 are wrong [] []
[2024-12-09T01:00:11.237553+00:00] neuffer.test_task.INFO: numbers -86 and 90 are wrong [] []
[2024-12-09T01:00:11.237562+00:00] neuffer.test_task.INFO: numbers -16 and 53 are wrong [] []
[2024-12-09T01:00:11.237571+00:00] neuffer.test_task.INFO: numbers 58 and -24 are wrong [] []
[2024-12-09T01:00:11.237580+00:00] neuffer.test_task.INFO: numbers -74 and 96 are wrong [] []
[2024-12-09T01:00:11.237589+00:00] neuffer.test_task.INFO: numbers 98 and -4 are wrong [] []
[2024-12-09T01:00:11.237598+00:00] neuffer.test_task.INFO: numbers -39 and 26 are wrong [] []
[2024-12-09T01:00:11.237606+00:00] neuffer.test_task.INFO: numbers -58 and 88 are wrong [] []
[2024-12-09T01:00:11.237615+00:00] neuffer.test_task.INFO: numbers 22 and -54 are wrong [] []
[2024-12-09T01:00:11.237624+00:00] neuffer.test_task.INFO: numbers 70 and -62 are wrong [] []
[2024-12-09T01:00:11.237633+00:00] neuffer.test_task.INFO: numbers 42 and -79 are wrong [] []
[2024-12-09T01:00:11.237650+00:00] neuffer.test_task.INFO: numbers -14 and 46 are wrong [] []
[2024-12-09T01:00:11.237667+00:00] neuffer.test_task.INFO: numbers -13 and 60 are wrong [] []
[2024-12-09T01:00:11.237676+00:00] neuffer.test_task.INFO: numbers 66 and -22 are wrong [] []
[2024-12-09T01:00:11.237685+00:00] neuffer.test_task.INFO: numbers -22 and 93 are wrong [] []
[2024-12-09T01:00:11.237694+00:00] neuffer.test_task.INFO: numbers -25 and 76 are wrong [] []
[2024-12-09T01:00:11.237706+00:00] neuffer.test_task.INFO: numbers -10 and 8 are wrong [] []
[2024-12-09T01:00:11.237720+00:00] neuffer.test_task.INFO: numbers -15 and 60 are wrong [] []
[2024-12-09T01:00:11.237732+00:00] neuffer.test_task.INFO: numbers 39 and -69 are wrong [] []
[2024-12-09T01:00:11.237756+00:00] neuffer.test_task.INFO: Finished division operation   [] []
