[2024-12-09T00:21:06.473445+00:00] neuffer.test_task.INFO: Started division operation   [] []
[2024-12-09T00:21:06.474573+00:00] neuffer.test_task.INFO: numbers 0 and 90 are wrong [] []
[2024-12-09T00:21:06.474607+00:00] neuffer.test_task.INFO: numbers 72 and -58 are wrong [] []
[2024-12-09T00:21:06.474632+00:00] neuffer.test_task.INFO: numbers -1 and 10 are wrong [] []
[2024-12-09T00:21:06.474647+00:00] neuffer.test_task.INFO: numbers 19 and -40 are wrong [] []
[2024-12-09T00:21:06.474695+00:00] neuffer.test_task.INFO: numbers 70 and -2 are wrong [] []
[2024-12-09T00:21:06.474720+00:00] neuffer.test_task.INFO: numbers 78 and -3 are wrong [] []
[2024-12-09T00:21:06.474762+00:00] neuffer.test_task.INFO: numbers 78 and -56 are wrong [] []
[2024-12-09T00:21:06.474776+00:00] neuffer.test_task.INFO: numbers -57 and 60 are wrong [] []
[2024-12-09T00:21:06.474795+00:00] neuffer.test_task.INFO: numbers -22 and 16 are wrong [] []
[2024-12-09T00:21:06.474817+00:00] neuffer.test_task.INFO: numbers -48 and 41 are wrong [] []
[2024-12-09T00:21:06.474830+00:00] neuffer.test_task.INFO: numbers -65 and 73 are wrong [] []
[2024-12-09T00:21:06.474847+00:00] neuffer.test_task.INFO: numbers -67 and 78 are wrong [] []
[2024-12-09T00:21:06.474860+00:00] neuffer.test_task.INFO: numbers -26 and 8 are wrong [] []
[2024-12-09T00:21:06.474877+00:00] neuffer.test_task.INFO: numbers 42 and -5 are wrong [] []
[2024-12-09T00:21:06.474894+00:00] neuffer.test_task.INFO: numbers 83 and -50 are wrong [] []
[2024-12-09T00:21:06.474911+00:00] neuffer.test_task.INFO: numbers -55 and 33 are wrong [] []
[2024-12-09T00:21:06.474932+00:00] neuffer.test_task.INFO: numbers -45 and 91 are wrong [] []
[2024-12-09T00:21:06.474969+00:00] neuffer.test_task.INFO: numbers -99 and 39 are wrong [] []
[2024-12-09T00:21:06.474986+00:00] neuffer.test_task.INFO: numbers -83 and 40 are wrong [] []
[2024-12-09T00:21:06.474999+00:00] neuffer.test_task.INFO: numbers 0 and 88 are wrong [] []
[2024-12-09T00:21:06.475011+00:00] neuffer.test_task.INFO: numbers -91 and 70 are wrong [] []
[2024-12-09T00:21:06.475023+00:00] neuffer.test_task.INFO: numbers -36 and 35 are wrong [] []
[2024-12-09T00:21:06.475035+00:00] neuffer.test_task.INFO: numbers -2 and 13 are wrong [] []
[2024-12-09T00:21:06.475046+00:00] neuffer.test_task.INFO: numbers -93 and 92 are wrong [] []
[2024-12-09T00:21:06.475077+00:00] neuffer.test_task.INFO: numbers 79 and -53 are wrong [] []
[2024-12-09T00:21:06.475094+00:00] neuffer.test_task.INFO: numbers 3 and -78 are wrong [] []
[2024-12-09T00:21:06.475111+00:00] neuffer.test_task.INFO: numbers 6 and -44 are wrong [] []
[2024-12-09T00:21:06.475132+00:00] neuffer.test_task.INFO: numbers 17 and -65 are wrong [] []
[2024-12-09T00:21:06.475148+00:00] neuffer.test_task.INFO: numbers -18 and 3 are wrong [] []
[2024-12-09T00:21:06.475160+00:00] neuffer.test_task.INFO: numbers 33 and -62 are wrong [] []
[2024-12-09T00:21:06.475177+00:00] neuffer.test_task.INFO: numbers -86 and 56 are wrong [] []
[2024-12-09T00:21:06.475189+00:00] neuffer.test_task.INFO: numbers 15 and -27 are wrong [] []
[2024-12-09T00:21:06.475211+00:00] neuffer.test_task.INFO: numbers 61 and -37 are wrong [] []
[2024-12-09T00:21:06.475232+00:00] neuffer.test_task.INFO: numbers -96 and 32 are wrong [] []
[2024-12-09T00:21:06.475244+00:00] neuffer.test_task.INFO: numbers -39 and 90 are wrong [] []
[2024-12-09T00:21:06.475265+00:00] neuffer.test_task.INFO: numbers 76 and -8 are wrong [] []
[2024-12-09T00:21:06.475284+00:00] neuffer.test_task.INFO: numbers 10 and -24 are wrong [] []
[2024-12-09T00:21:06.475297+00:00] neuffer.test_task.INFO: numbers -64 and 59 are wrong [] []
[2024-12-09T00:21:06.475324+00:00] neuffer.test_task.INFO: numbers -87 and 70 are wrong [] []
[2024-12-09T00:21:06.475341+00:00] neuffer.test_task.INFO: numbers -94 and 33 are wrong [] []
[2024-12-09T00:21:06.475355+00:00] neuffer.test_task.INFO: numbers -81 and 93 are wrong [] []
[2024-12-09T00:21:06.475372+00:00] neuffer.test_task.INFO: numbers -64 and 11 are wrong [] []
[2024-12-09T00:21:06.475384+00:00] neuffer.test_task.INFO: numbers -46 and 65 are wrong [] []
[2024-12-09T00:21:06.475409+00:00] neuffer.test_task.INFO: numbers -89 and 1 are wrong [] []
[2024-12-09T00:21:06.475420+00:00] neuffer.test_task.INFO: numbers -67 and 40 are wrong [] []
[2024-12-09T00:21:06.475440+00:00] neuffer.test_task.INFO: numbers -22 and 30 are wrong [] []
[2024-12-09T00:21:06.475451+00:00] neuffer.test_task.INFO: numbers 74 and -27 are wrong [] []
[2024-12-09T00:21:06.475462+00:00] neuffer.test_task.INFO: numbers -44 and 34 are wrong [] []
[2024-12-09T00:21:06.475473+00:00] neuffer.test_task.INFO: numbers 96 and -30 are wrong [] []
[2024-12-09T00:21:06.475490+00:00] neuffer.test_task.INFO: numbers 23 and -63 are wrong [] []
[2024-12-09T00:21:06.475505+00:00] neuffer.test_task.INFO: numbers 67 and -98 are wrong [] []
[2024-12-09T00:21:06.475531+00:00] neuffer.test_task.INFO: numbers -13 and 22 are wrong [] []
[2024-12-09T00:21:06.475543+00:00] neuffer.test_task.INFO: numbers 96 and -55 are wrong [] []
[2024-12-09T00:21:06.475555+00:00] neuffer.test_task.INFO: numbers -51 and 19 are wrong [] []
[2024-12-09T00:21:06.475579+00:00] neuffer.test_task.INFO: numbers -32 and 68 are wrong [] []
[2024-12-09T00:21:06.475590+00:00] neuffer.test_task.INFO: numbers 1 and -81 are wrong [] []
[2024-12-09T00:21:06.475600+00:00] neuffer.test_task.INFO: numbers 92 and -34 are wrong [] []
[2024-12-09T00:21:06.475611+00:00] neuffer.test_task.INFO: numbers -61 and 62 are wrong [] []
[2024-12-09T00:21:06.475630+00:00] neuffer.test_task.INFO: numbers -82 and 61 are wrong [] []
[2024-12-09T00:21:06.475646+00:00] neuffer.test_task.INFO: numbers -73 and 9 are wrong [] []
[2024-12-09T00:21:06.475656+00:00] neuffer.test_task.INFO: numbers 31 and -73 are wrong [] []
[2024-12-09T00:21:06.475676+00:00] neuffer.test_task.INFO: numbers -69 and 79 are wrong [] []
[2024-12-09T00:21:06.475700+00:00] neuffer.test_task.INFO: numbers 57 and -94 are wrong [] []
[2024-12-09T00:21:06.475725+00:00] neuffer.test_task.INFO: numbers -19 and 21 are wrong [] []
[2024-12-09T00:21:06.475735+00:00] neuffer.test_task.INFO: numbers 22 and -62 are wrong [] []
[2024-12-09T00:21:06.475746+00:00] neuffer.test_task.INFO: numbers 24 and -62 are wrong [] []
[2024-12-09T00:21:06.475757+00:00] neuffer.test_task.INFO: numbers -55 and 44 are wrong [] []
[2024-12-09T00:21:06.475772+00:00] neuffer.test_task.INFO: numbers 60 and -74 are wrong [] []
[2024-12-09T00:21:06.475783+00:00] neuffer.test_task.INFO: numbers -10 and 86 are wrong [] []
[2024-12-09T00:21:06.475798+00:00] neuffer.test_task.INFO: numbers -68 and 61 are wrong [] []
[2024-12-09T00:21:06.475809+00:00] neuffer.test_task.INFO: numbers -100 and 15 are wrong [] []
[2024-12-09T00:21:06.475833+00:00] neuffer.test_task.INFO: numbers 28 and -62 are wrong [] []
[2024-12-09T00:21:06.475844+00:00] neuffer.test_task.INFO: numbers -38 and 10 are wrong [] []
[2024-12-09T00:21:06.475855+00:00] neuffer.test_task.INFO: numbers -50 and 1 are wrong [] []
[2024-12-09T00:21:06.475870+00:00] neuffer.test_task.INFO: numbers 33 and -3 are wrong [] []
[2024-12-09T00:21:06.475881+00:00] neuffer.test_task.INFO: numbers 85 and -30 are wrong [] []
[2024-12-09T00:21:06.475891+00:00] neuffer.test_task.INFO: numbers -88 and 28 are wrong [] []
[2024-12-09T00:21:06.475902+00:00] neuffer.test_task.INFO: numbers -42 and 77 are wrong [] []
[2024-12-09T00:21:06.475921+00:00] neuffer.test_task.INFO: numbers -50 and 90 are wrong [] []
[2024-12-09T00:21:06.475932+00:00] neuffer.test_task.INFO: numbers -5 and 46 are wrong [] []
[2024-12-09T00:21:06.475951+00:00] neuffer.test_task.INFO: numbers 86 and -6 are wrong [] []
[2024-12-09T00:21:06.475962+00:00] neuffer.test_task.INFO: numbers 87 and -51 are wrong [] []
[2024-12-09T00:21:06.475972+00:00] neuffer.test_task.INFO: numbers 5 and -16 are wrong [] []
[2024-12-09T00:21:06.475983+00:00] neuffer.test_task.INFO: numbers 99 and -53 are wrong [] []
[2024-12-09T00:21:06.476008+00:00] neuffer.test_task.INFO: numbers 18 and -10 are wrong [] []
[2024-12-09T00:21:06.476023+00:00] neuffer.test_task.INFO: numbers 42 and -84 are wrong [] []
[2024-12-09T00:21:06.476047+00:00] neuffer.test_task.INFO: numbers 90 and -50 are wrong [] []
[2024-12-09T00:21:06.476064+00:00] neuffer.test_task.INFO: numbers 0 and 21 are wrong [] []
[2024-12-09T00:21:06.476084+00:00] neuffer.test_task.INFO: numbers 4 and -77 are wrong [] []
[2024-12-09T00:21:06.476103+00:00] neuffer.test_task.INFO: numbers -85 and 13 are wrong [] []
[2024-12-09T00:21:06.476123+00:00] neuffer.test_task.INFO: numbers 62 and -2 are wrong [] []
[2024-12-09T00:21:06.476147+00:00] neuffer.test_task.INFO: numbers 85 and -89 are wrong [] []
[2024-12-09T00:21:06.476158+00:00] neuffer.test_task.INFO: numbers 48 and -9 are wrong [] []
[2024-12-09T00:21:06.476182+00:00] neuffer.test_task.INFO: numbers 57 and -33 are wrong [] []
[2024-12-09T00:21:06.476202+00:00] neuffer.test_task.INFO: numbers 13 and -54 are wrong [] []
[2024-12-09T00:21:06.476212+00:00] neuffer.test_task.INFO: numbers 38 and -51 are wrong [] []
[2024-12-09T00:21:06.476223+00:00] neuffer.test_task.INFO: numbers 82 and -35 are wrong [] []
[2024-12-09T00:21:06.476247+00:00] neuffer.test_task.INFO: numbers 27 and -76 are wrong [] []
[2024-12-09T00:21:06.476262+00:00] neuffer.test_task.INFO: numbers -83 and 32 are wrong [] []
[2024-12-09T00:21:06.476273+00:00] neuffer.test_task.INFO: numbers -54 and 50 are wrong [] []
[2024-12-09T00:21:06.476302+00:00] neuffer.test_task.INFO: numbers -54 and 46 are wrong [] []
[2024-12-09T00:21:06.476322+00:00] neuffer.test_task.INFO: numbers -12 and 62 are wrong [] []
[2024-12-09T00:21:06.476350+00:00] neuffer.test_task.INFO: numbers -35 and 71 are wrong [] []
[2024-12-09T00:21:06.476361+00:00] neuffer.test_task.INFO: numbers -88 and 0 are wrong, is not allowed [] []
[2024-12-09T00:21:06.476373+00:00] neuffer.test_task.INFO: numbers -38 and 18 are wrong [] []
[2024-12-09T00:21:06.476384+00:00] neuffer.test_task.INFO: numbers -47 and 90 are wrong [] []
[2024-12-09T00:21:06.476404+00:00] neuffer.test_task.INFO: numbers 56 and -12 are wrong [] []
[2024-12-09T00:21:06.476419+00:00] neuffer.test_task.INFO: numbers 41 and -19 are wrong [] []
[2024-12-09T00:21:06.476430+00:00] neuffer.test_task.INFO: numbers 99 and -98 are wrong [] []
[2024-12-09T00:21:06.476450+00:00] neuffer.test_task.INFO: numbers 76 and -39 are wrong [] []
[2024-12-09T00:21:06.476465+00:00] neuffer.test_task.INFO: numbers 71 and -71 are wrong [] []
[2024-12-09T00:21:06.476476+00:00] neuffer.test_task.INFO: numbers -32 and 32 are wrong [] []
[2024-12-09T00:21:06.476491+00:00] neuffer.test_task.INFO: numbers 86 and -57 are wrong [] []
[2024-12-09T00:21:06.476524+00:00] neuffer.test_task.INFO: numbers 60 and -4 are wrong [] []
[2024-12-09T00:21:06.476534+00:00] neuffer.test_task.INFO: numbers 95 and -5 are wrong [] []
[2024-12-09T00:21:06.476545+00:00] neuffer.test_task.INFO: numbers -4 and 22 are wrong [] []
[2024-12-09T00:21:06.476556+00:00] neuffer.test_task.INFO: numbers 54 and -39 are wrong [] []
[2024-12-09T00:21:06.476571+00:00] neuffer.test_task.INFO: numbers -41 and 4 are wrong [] []
[2024-12-09T00:21:06.476604+00:00] neuffer.test_task.INFO: numbers 10 and -53 are wrong [] []
[2024-12-09T00:21:06.476620+00:00] neuffer.test_task.INFO: numbers 55 and -92 are wrong [] []
[2024-12-09T00:21:06.476635+00:00] neuffer.test_task.INFO: numbers 60 and -2 are wrong [] []
[2024-12-09T00:21:06.476650+00:00] neuffer.test_task.INFO: numbers 10 and -25 are wrong [] []
[2024-12-09T00:21:06.476665+00:00] neuffer.test_task.INFO: numbers -53 and 25 are wrong [] []
[2024-12-09T00:21:06.476676+00:00] neuffer.test_task.INFO: numbers 95 and -37 are wrong [] []
[2024-12-09T00:21:06.476714+00:00] neuffer.test_task.INFO: numbers 67 and -52 are wrong [] []
[2024-12-09T00:21:06.476725+00:00] neuffer.test_task.INFO: numbers -69 and 43 are wrong [] []
[2024-12-09T00:21:06.476736+00:00] neuffer.test_task.INFO: numbers -6 and 11 are wrong [] []
[2024-12-09T00:21:06.476757+00:00] neuffer.test_task.INFO: numbers 12 and -51 are wrong [] []
[2024-12-09T00:21:06.476772+00:00] neuffer.test_task.INFO: numbers 86 and 0 are wrong, is not allowed [] []
[2024-12-09T00:21:06.476788+00:00] neuffer.test_task.INFO: numbers -16 and 89 are wrong [] []
[2024-12-09T00:21:06.476813+00:00] neuffer.test_task.INFO: numbers 81 and -15 are wrong [] []
[2024-12-09T00:21:06.476833+00:00] neuffer.test_task.INFO: numbers 51 and -12 are wrong [] []
[2024-12-09T00:21:06.476849+00:00] neuffer.test_task.INFO: numbers 66 and -68 are wrong [] []
[2024-12-09T00:21:06.476860+00:00] neuffer.test_task.INFO: numbers -26 and 43 are wrong [] []
[2024-12-09T00:21:06.476870+00:00] neuffer.test_task.INFO: numbers -33 and 7 are wrong [] []
[2024-12-09T00:21:06.476885+00:00] neuffer.test_task.INFO: numbers 86 and -74 are wrong [] []
[2024-12-09T00:21:06.476896+00:00] neuffer.test_task.INFO: numbers 37 and -34 are wrong [] []
[2024-12-09T00:21:06.476930+00:00] neuffer.test_task.INFO: numbers 49 and -32 are wrong [] []
[2024-12-09T00:21:06.476950+00:00] neuffer.test_task.INFO: numbers 33 and -29 are wrong [] []
[2024-12-09T00:21:06.476960+00:00] neuffer.test_task.INFO: numbers 35 and -93 are wrong [] []
[2024-12-09T00:21:06.476971+00:00] neuffer.test_task.INFO: numbers -18 and 29 are wrong [] []
[2024-12-09T00:21:06.476982+00:00] neuffer.test_task.INFO: numbers 57 and -71 are wrong [] []
[2024-12-09T00:21:06.476992+00:00] neuffer.test_task.INFO: numbers 91 and -56 are wrong [] []
[2024-12-09T00:21:06.477003+00:00] neuffer.test_task.INFO: numbers 93 and -25 are wrong [] []
[2024-12-09T00:21:06.477013+00:00] neuffer.test_task.INFO: numbers 27 and -70 are wrong [] []
[2024-12-09T00:21:06.477032+00:00] neuffer.test_task.INFO: numbers 26 and -81 are wrong [] []
[2024-12-09T00:21:06.477048+00:00] neuffer.test_task.INFO: numbers 82 and -48 are wrong [] []
[2024-12-09T00:21:06.477059+00:00] neuffer.test_task.INFO: numbers -36 and 79 are wrong [] []
[2024-12-09T00:21:06.477069+00:00] neuffer.test_task.INFO: numbers 96 and -46 are wrong [] []
[2024-12-09T00:21:06.477080+00:00] neuffer.test_task.INFO: numbers 21 and -18 are wrong [] []
[2024-12-09T00:21:06.477095+00:00] neuffer.test_task.INFO: numbers 58 and -71 are wrong [] []
[2024-12-09T00:21:06.477106+00:00] neuffer.test_task.INFO: numbers 56 and -59 are wrong [] []
[2024-12-09T00:21:06.477125+00:00] neuffer.test_task.INFO: numbers 89 and -50 are wrong [] []
[2024-12-09T00:21:06.477136+00:00] neuffer.test_task.INFO: numbers -48 and 31 are wrong [] []
[2024-12-09T00:21:06.477146+00:00] neuffer.test_task.INFO: numbers -31 and 54 are wrong [] []
[2024-12-09T00:21:06.477157+00:00] neuffer.test_task.INFO: numbers 69 and -13 are wrong [] []
[2024-12-09T00:21:06.477172+00:00] neuffer.test_task.INFO: numbers -95 and 2 are wrong [] []
[2024-12-09T00:21:06.477183+00:00] neuffer.test_task.INFO: numbers 71 and -83 are wrong [] []
[2024-12-09T00:21:06.477211+00:00] neuffer.test_task.INFO: numbers -30 and 75 are wrong [] []
[2024-12-09T00:21:06.477222+00:00] neuffer.test_task.INFO: numbers -47 and 44 are wrong [] []
[2024-12-09T00:21:06.477232+00:00] neuffer.test_task.INFO: numbers 38 and -3 are wrong [] []
[2024-12-09T00:21:06.477243+00:00] neuffer.test_task.INFO: numbers -62 and 48 are wrong [] []
[2024-12-09T00:21:06.477267+00:00] neuffer.test_task.INFO: numbers -76 and 27 are wrong [] []
[2024-12-09T00:21:06.477283+00:00] neuffer.test_task.INFO: numbers -97 and 20 are wrong [] []
[2024-12-09T00:21:06.477298+00:00] neuffer.test_task.INFO: numbers 84 and -100 are wrong [] []
[2024-12-09T00:21:06.477309+00:00] neuffer.test_task.INFO: numbers -88 and 75 are wrong [] []
[2024-12-09T00:21:06.477319+00:00] neuffer.test_task.INFO: numbers 51 and -97 are wrong [] []
[2024-12-09T00:21:06.477330+00:00] neuffer.test_task.INFO: numbers 6 and -26 are wrong [] []
[2024-12-09T00:21:06.477345+00:00] neuffer.test_task.INFO: numbers -97 and 67 are wrong [] []
[2024-12-09T00:21:06.477360+00:00] neuffer.test_task.INFO: numbers -59 and 32 are wrong [] []
[2024-12-09T00:21:06.477371+00:00] neuffer.test_task.INFO: numbers 23 and -33 are wrong [] []
[2024-12-09T00:21:06.477382+00:00] neuffer.test_task.INFO: numbers -86 and 69 are wrong [] []
[2024-12-09T00:21:06.477401+00:00] neuffer.test_task.INFO: numbers -23 and 1 are wrong [] []
[2024-12-09T00:21:06.477412+00:00] neuffer.test_task.INFO: numbers 93 and -96 are wrong [] []
[2024-12-09T00:21:06.477429+00:00] neuffer.test_task.INFO: numbers -3 and 42 are wrong [] []
[2024-12-09T00:21:06.477453+00:00] neuffer.test_task.INFO: numbers 40 and -27 are wrong [] []
[2024-12-09T00:21:06.477486+00:00] neuffer.test_task.INFO: numbers -3 and 87 are wrong [] []
[2024-12-09T00:21:06.477505+00:00] neuffer.test_task.INFO: numbers -92 and 69 are wrong [] []
[2024-12-09T00:21:06.477516+00:00] neuffer.test_task.INFO: numbers -62 and 12 are wrong [] []
[2024-12-09T00:21:06.477540+00:00] neuffer.test_task.INFO: numbers -2 and 53 are wrong [] []
[2024-12-09T00:21:06.477551+00:00] neuffer.test_task.INFO: numbers 32 and -23 are wrong [] []
[2024-12-09T00:21:06.477566+00:00] neuffer.test_task.INFO: numbers 48 and -36 are wrong [] []
[2024-12-09T00:21:06.477590+00:00] neuffer.test_task.INFO: numbers 70 and -98 are wrong [] []
[2024-12-09T00:21:06.477601+00:00] neuffer.test_task.INFO: numbers -93 and 38 are wrong [] []
[2024-12-09T00:21:06.477645+00:00] neuffer.test_task.INFO: numbers 38 and -19 are wrong [] []
[2024-12-09T00:21:06.477656+00:00] neuffer.test_task.INFO: numbers -89 and 92 are wrong [] []
[2024-12-09T00:21:06.477667+00:00] neuffer.test_task.INFO: numbers -50 and 63 are wrong [] []
[2024-12-09T00:21:06.477681+00:00] neuffer.test_task.INFO: numbers 96 and -5 are wrong [] []
[2024-12-09T00:21:06.477692+00:00] neuffer.test_task.INFO: numbers -39 and 36 are wrong [] []
[2024-12-09T00:21:06.477709+00:00] neuffer.test_task.INFO: numbers -88 and 64 are wrong [] []
[2024-12-09T00:21:06.477723+00:00] neuffer.test_task.INFO: numbers -82 and 26 are wrong [] []
[2024-12-09T00:21:06.477733+00:00] neuffer.test_task.INFO: numbers -21 and 35 are wrong [] []
[2024-12-09T00:21:06.477744+00:00] neuffer.test_task.INFO: numbers -94 and 67 are wrong [] []
[2024-12-09T00:21:06.477754+00:00] neuffer.test_task.INFO: numbers -27 and 85 are wrong [] []
[2024-12-09T00:21:06.477764+00:00] neuffer.test_task.INFO: numbers 6 and -77 are wrong [] []
[2024-12-09T00:21:06.477775+00:00] neuffer.test_task.INFO: numbers -50 and 42 are wrong [] []
[2024-12-09T00:21:06.477785+00:00] neuffer.test_task.INFO: numbers -47 and 62 are wrong [] []
[2024-12-09T00:21:06.477806+00:00] neuffer.test_task.INFO: numbers -14 and 76 are wrong [] []
[2024-12-09T00:21:06.477816+00:00] neuffer.test_task.INFO: numbers -13 and 5 are wrong [] []
[2024-12-09T00:21:06.477827+00:00] neuffer.test_task.INFO: numbers 67 and -55 are wrong [] []
[2024-12-09T00:21:06.477847+00:00] neuffer.test_task.INFO: numbers -36 and 95 are wrong [] []
[2024-12-09T00:21:06.477858+00:00] neuffer.test_task.INFO: numbers 27 and -69 are wrong [] []
[2024-12-09T00:21:06.477888+00:00] neuffer.test_task.INFO: numbers 86 and -94 are wrong [] []
[2024-12-09T00:21:06.477898+00:00] neuffer.test_task.INFO: numbers -96 and 2 are wrong [] []
[2024-12-09T00:21:06.477912+00:00] neuffer.test_task.INFO: numbers 90 and -27 are wrong [] []
[2024-12-09T00:21:06.477923+00:00] neuffer.test_task.INFO: numbers -54 and 43 are wrong [] []
[2024-12-09T00:21:06.477943+00:00] neuffer.test_task.INFO: numbers -23 and 71 are wrong [] []
[2024-12-09T00:21:06.477957+00:00] neuffer.test_task.INFO: numbers 56 and -7 are wrong [] []
[2024-12-09T00:21:06.477971+00:00] neuffer.test_task.INFO: numbers -38 and 96 are wrong [] []
[2024-12-09T00:21:06.477985+00:00] neuffer.test_task.INFO: numbers -58 and 53 are wrong [] []
[2024-12-09T00:21:06.478003+00:00] neuffer.test_task.INFO: numbers -7 and 45 are wrong [] []
[2024-12-09T00:21:06.478014+00:00] neuffer.test_task.INFO: numbers -30 and 64 are wrong [] []
[2024-12-09T00:21:06.478024+00:00] neuffer.test_task.INFO: numbers -69 and 2 are wrong [] []
[2024-12-09T00:21:06.478038+00:00] neuffer.test_task.INFO: numbers -5 and 9 are wrong [] []
[2024-12-09T00:21:06.478049+00:00] neuffer.test_task.INFO: numbers -71 and 27 are wrong [] []
[2024-12-09T00:21:06.478059+00:00] neuffer.test_task.INFO: numbers 58 and -47 are wrong [] []
[2024-12-09T00:21:06.478070+00:00] neuffer.test_task.INFO: numbers -78 and 17 are wrong [] []
[2024-12-09T00:21:06.478083+00:00] neuffer.test_task.INFO: numbers -69 and 62 are wrong [] []
[2024-12-09T00:21:06.478102+00:00] neuffer.test_task.INFO: numbers 83 and -89 are wrong [] []
[2024-12-09T00:21:06.478112+00:00] neuffer.test_task.INFO: numbers -32 and 9 are wrong [] []
[2024-12-09T00:21:06.478123+00:00] neuffer.test_task.INFO: numbers -52 and 44 are wrong [] []
[2024-12-09T00:21:06.478133+00:00] neuffer.test_task.INFO: numbers -12 and 11 are wrong [] []
[2024-12-09T00:21:06.478144+00:00] neuffer.test_task.INFO: numbers 45 and -54 are wrong [] []
[2024-12-09T00:21:06.478157+00:00] neuffer.test_task.INFO: numbers -64 and 38 are wrong [] []
[2024-12-09T00:21:06.478168+00:00] neuffer.test_task.INFO: numbers 2 and -40 are wrong [] []
[2024-12-09T00:21:06.478178+00:00] neuffer.test_task.INFO: numbers -65 and 83 are wrong [] []
[2024-12-09T00:21:06.478189+00:00] neuffer.test_task.INFO: numbers 48 and -10 are wrong [] []
[2024-12-09T00:21:06.478203+00:00] neuffer.test_task.INFO: numbers -8 and 44 are wrong [] []
[2024-12-09T00:21:06.478213+00:00] neuffer.test_task.INFO: numbers 98 and -23 are wrong [] []
[2024-12-09T00:21:06.478224+00:00] neuffer.test_task.INFO: numbers -52 and 68 are wrong [] []
[2024-12-09T00:21:06.478234+00:00] neuffer.test_task.INFO: numbers 89 and -100 are wrong [] []
[2024-12-09T00:21:06.478258+00:00] neuffer.test_task.INFO: numbers 57 and -52 are wrong [] []
[2024-12-09T00:21:06.478269+00:00] neuffer.test_task.INFO: numbers 47 and -56 are wrong [] []
[2024-12-09T00:21:06.478279+00:00] neuffer.test_task.INFO: numbers -89 and 79 are wrong [] []
[2024-12-09T00:21:06.478290+00:00] neuffer.test_task.INFO: numbers -48 and 56 are wrong [] []
[2024-12-09T00:21:06.478300+00:00] neuffer.test_task.INFO: numbers -13 and 14 are wrong [] []
[2024-12-09T00:21:06.478321+00:00] neuffer.test_task.INFO: numbers 95 and -98 are wrong [] []
[2024-12-09T00:21:06.478335+00:00] neuffer.test_task.INFO: numbers 50 and -85 are wrong [] []
[2024-12-09T00:21:06.478352+00:00] neuffer.test_task.INFO: numbers 50 and -35 are wrong [] []
[2024-12-09T00:21:06.478365+00:00] neuffer.test_task.INFO: numbers -71 and 6 are wrong [] []
[2024-12-09T00:21:06.478382+00:00] neuffer.test_task.INFO: numbers -46 and 29 are wrong [] []
[2024-12-09T00:21:06.478393+00:00] neuffer.test_task.INFO: numbers -19 and 38 are wrong [] []
[2024-12-09T00:21:06.478407+00:00] neuffer.test_task.INFO: numbers -75 and 68 are wrong [] []
[2024-12-09T00:21:06.478417+00:00] neuffer.test_task.INFO: numbers 22 and -71 are wrong [] []
[2024-12-09T00:21:06.478428+00:00] neuffer.test_task.INFO: numbers -68 and 39 are wrong [] []
[2024-12-09T00:21:06.478438+00:00] neuffer.test_task.INFO: numbers -14 and 13 are wrong [] []
[2024-12-09T00:21:06.478459+00:00] neuffer.test_task.INFO: numbers 96 and -95 are wrong [] []
[2024-12-09T00:21:06.478470+00:00] neuffer.test_task.INFO: numbers 76 and -2 are wrong [] []
[2024-12-09T00:21:06.478480+00:00] neuffer.test_task.INFO: numbers -44 and 29 are wrong [] []
[2024-12-09T00:21:06.478497+00:00] neuffer.test_task.INFO: numbers -38 and 82 are wrong [] []
[2024-12-09T00:21:06.478511+00:00] neuffer.test_task.INFO: numbers -43 and 74 are wrong [] []
[2024-12-09T00:21:06.478525+00:00] neuffer.test_task.INFO: numbers 69 and -5 are wrong [] []
[2024-12-09T00:21:06.478536+00:00] neuffer.test_task.INFO: numbers 14 and -47 are wrong [] []
[2024-12-09T00:21:06.478549+00:00] neuffer.test_task.INFO: numbers -26 and 57 are wrong [] []
[2024-12-09T00:21:06.478560+00:00] neuffer.test_task.INFO: numbers 10 and -80 are wrong [] []
[2024-12-09T00:21:06.478574+00:00] neuffer.test_task.INFO: numbers -67 and 40 are wrong [] []
[2024-12-09T00:21:06.478584+00:00] neuffer.test_task.INFO: numbers 31 and -48 are wrong [] []
[2024-12-09T00:21:06.478598+00:00] neuffer.test_task.INFO: numbers 17 and 0 are wrong, is not allowed [] []
[2024-12-09T00:21:06.478610+00:00] neuffer.test_task.INFO: numbers -51 and 61 are wrong [] []
[2024-12-09T00:21:06.478620+00:00] neuffer.test_task.INFO: numbers 17 and -32 are wrong [] []
[2024-12-09T00:21:06.478634+00:00] neuffer.test_task.INFO: numbers -89 and 43 are wrong [] []
[2024-12-09T00:21:06.478649+00:00] neuffer.test_task.INFO: numbers -65 and 98 are wrong [] []
[2024-12-09T00:21:06.478659+00:00] neuffer.test_task.INFO: numbers -8 and 50 are wrong [] []
[2024-12-09T00:21:06.478670+00:00] neuffer.test_task.INFO: numbers -25 and 17 are wrong [] []
[2024-12-09T00:21:06.478681+00:00] neuffer.test_task.INFO: numbers 56 and -14 are wrong [] []
[2024-12-09T00:21:06.478691+00:00] neuffer.test_task.INFO: numbers -68 and 38 are wrong [] []
[2024-12-09T00:21:06.478702+00:00] neuffer.test_task.INFO: numbers 99 and -38 are wrong [] []
[2024-12-09T00:21:06.478722+00:00] neuffer.test_task.INFO: numbers 31 and -73 are wrong [] []
[2024-12-09T00:21:06.478746+00:00] neuffer.test_task.INFO: numbers 92 and -91 are wrong [] []
[2024-12-09T00:21:06.478760+00:00] neuffer.test_task.INFO: numbers 71 and -45 are wrong [] []
[2024-12-09T00:21:06.478774+00:00] neuffer.test_task.INFO: numbers -52 and 22 are wrong [] []
[2024-12-09T00:21:06.478787+00:00] neuffer.test_task.INFO: numbers 4 and -32 are wrong [] []
[2024-12-09T00:21:06.478798+00:00] neuffer.test_task.INFO: numbers 3 and -11 are wrong [] []
[2024-12-09T00:21:06.478812+00:00] neuffer.test_task.INFO: numbers -31 and 63 are wrong [] []
[2024-12-09T00:21:06.478823+00:00] neuffer.test_task.INFO: numbers -34 and 79 are wrong [] []
[2024-12-09T00:21:06.478840+00:00] neuffer.test_task.INFO: numbers 33 and -76 are wrong [] []
[2024-12-09T00:21:06.478857+00:00] neuffer.test_task.INFO: numbers -92 and 69 are wrong [] []
[2024-12-09T00:21:06.478867+00:00] neuffer.test_task.INFO: numbers -78 and 59 are wrong [] []
[2024-12-09T00:21:06.478878+00:00] neuffer.test_task.INFO: numbers 77 and -95 are wrong [] []
[2024-12-09T00:21:06.478888+00:00] neuffer.test_task.INFO: numbers 72 and -11 are wrong [] []
[2024-12-09T00:21:06.478912+00:00] neuffer.test_task.INFO: numbers 21 and -54 are wrong [] []
[2024-12-09T00:21:06.478932+00:00] neuffer.test_task.INFO: numbers -60 and 99 are wrong [] []
[2024-12-09T00:21:06.478942+00:00] neuffer.test_task.INFO: numbers 58 and -50 are wrong [] []
[2024-12-09T00:21:06.478953+00:00] neuffer.test_task.INFO: numbers -74 and 68 are wrong [] []
[2024-12-09T00:21:06.478964+00:00] neuffer.test_task.INFO: numbers 58 and -18 are wrong [] []
[2024-12-09T00:21:06.478977+00:00] neuffer.test_task.INFO: numbers 82 and -90 are wrong [] []
[2024-12-09T00:21:06.478988+00:00] neuffer.test_task.INFO: numbers -76 and 95 are wrong [] []
[2024-12-09T00:21:06.478999+00:00] neuffer.test_task.INFO: numbers 50 and -85 are wrong [] []
[2024-12-09T00:21:06.479009+00:00] neuffer.test_task.INFO: numbers -32 and 61 are wrong [] []
[2024-12-09T00:21:06.479019+00:00] neuffer.test_task.INFO: numbers -67 and 18 are wrong [] []
[2024-12-09T00:21:06.479030+00:00] neuffer.test_task.INFO: numbers 96 and -36 are wrong [] []
[2024-12-09T00:21:06.479050+00:00] neuffer.test_task.INFO: numbers 90 and -18 are wrong [] []
[2024-12-09T00:21:06.479068+00:00] neuffer.test_task.INFO: numbers 20 and -4 are wrong [] []
[2024-12-09T00:21:06.479085+00:00] neuffer.test_task.INFO: numbers 69 and -72 are wrong [] []
[2024-12-09T00:21:06.479095+00:00] neuffer.test_task.INFO: numbers -47 and 42 are wrong [] []
[2024-12-09T00:21:06.479119+00:00] neuffer.test_task.INFO: numbers 9 and -10 are wrong [] []
[2024-12-09T00:21:06.479130+00:00] neuffer.test_task.INFO: numbers -1 and 57 are wrong [] []
[2024-12-09T00:21:06.479140+00:00] neuffer.test_task.INFO: numbers 1 and -92 are wrong [] []
[2024-12-09T00:21:06.479180+00:00] neuffer.test_task.INFO: numbers 63 and -62 are wrong [] []
[2024-12-09T00:21:06.479206+00:00] neuffer.test_task.INFO: numbers 3 and -98 are wrong [] []
[2024-12-09T00:21:06.479220+00:00] neuffer.test_task.INFO: numbers -93 and 73 are wrong [] []
[2024-12-09T00:21:06.479237+00:00] neuffer.test_task.INFO: numbers 59 and -39 are wrong [] []
[2024-12-09T00:21:06.479259+00:00] neuffer.test_task.INFO: numbers 11 and -94 are wrong [] []
[2024-12-09T00:21:06.479269+00:00] neuffer.test_task.INFO: numbers -7 and 73 are wrong [] []
[2024-12-09T00:21:06.479284+00:00] neuffer.test_task.INFO: numbers -70 and 21 are wrong [] []
[2024-12-09T00:21:06.479298+00:00] neuffer.test_task.INFO: numbers -22 and 71 are wrong [] []
[2024-12-09T00:21:06.479308+00:00] neuffer.test_task.INFO: numbers -71 and 91 are wrong [] []
[2024-12-09T00:21:06.479317+00:00] neuffer.test_task.INFO: numbers 30 and -49 are wrong [] []
[2024-12-09T00:21:06.479327+00:00] neuffer.test_task.INFO: numbers -74 and 33 are wrong [] []
[2024-12-09T00:21:06.479343+00:00] neuffer.test_task.INFO: numbers -19 and 27 are wrong [] []
[2024-12-09T00:21:06.479353+00:00] neuffer.test_task.INFO: numbers -61 and 89 are wrong [] []
[2024-12-09T00:21:06.479363+00:00] neuffer.test_task.INFO: numbers 28 and -6 are wrong [] []
[2024-12-09T00:21:06.479373+00:00] neuffer.test_task.INFO: numbers 1 and -78 are wrong [] []
[2024-12-09T00:21:06.479385+00:00] neuffer.test_task.INFO: numbers 3 and -96 are wrong [] []
[2024-12-09T00:21:06.479395+00:00] neuffer.test_task.INFO: numbers -55 and 25 are wrong [] []
[2024-12-09T00:21:06.479405+00:00] neuffer.test_task.INFO: numbers -16 and 20 are wrong [] []
[2024-12-09T00:21:06.479414+00:00] neuffer.test_task.INFO: numbers -36 and 8 are wrong [] []
[2024-12-09T00:21:06.479430+00:00] neuffer.test_task.INFO: numbers 39 and -83 are wrong [] []
[2024-12-09T00:21:06.479461+00:00] neuffer.test_task.INFO: numbers 36 and -21 are wrong [] []
[2024-12-09T00:21:06.479474+00:00] neuffer.test_task.INFO: numbers 73 and -12 are wrong [] []
[2024-12-09T00:21:06.479484+00:00] neuffer.test_task.INFO: numbers -44 and 56 are wrong [] []
[2024-12-09T00:21:06.479497+00:00] neuffer.test_task.INFO: numbers 87 and -86 are wrong [] []
[2024-12-09T00:21:06.479507+00:00] neuffer.test_task.INFO: numbers 7 and -66 are wrong [] []
[2024-12-09T00:21:06.479519+00:00] neuffer.test_task.INFO: numbers -20 and 28 are wrong [] []
[2024-12-09T00:21:06.479529+00:00] neuffer.test_task.INFO: numbers -67 and 94 are wrong [] []
[2024-12-09T00:21:06.479539+00:00] neuffer.test_task.INFO: numbers 3 and -60 are wrong [] []
[2024-12-09T00:21:06.479548+00:00] neuffer.test_task.INFO: numbers 0 and -14 are wrong [] []
[2024-12-09T00:21:06.479561+00:00] neuffer.test_task.INFO: numbers -91 and 62 are wrong [] []
[2024-12-09T00:21:06.479571+00:00] neuffer.test_task.INFO: numbers 24 and -97 are wrong [] []
[2024-12-09T00:21:06.479580+00:00] neuffer.test_task.INFO: numbers 60 and -68 are wrong [] []
[2024-12-09T00:21:06.479596+00:00] neuffer.test_task.INFO: numbers -4 and 54 are wrong [] []
[2024-12-09T00:21:06.479606+00:00] neuffer.test_task.INFO: numbers 76 and -48 are wrong [] []
[2024-12-09T00:21:06.479619+00:00] neuffer.test_task.INFO: numbers 40 and -77 are wrong [] []
[2024-12-09T00:21:06.479635+00:00] neuffer.test_task.INFO: numbers -35 and 88 are wrong [] []
[2024-12-09T00:21:06.479678+00:00] neuffer.test_task.INFO: numbers 25 and -59 are wrong [] []
[2024-12-09T00:21:06.479688+00:00] neuffer.test_task.INFO: numbers 24 and -71 are wrong [] []
[2024-12-09T00:21:06.479703+00:00] neuffer.test_task.INFO: numbers -45 and 80 are wrong [] []
[2024-12-09T00:21:06.479713+00:00] neuffer.test_task.INFO: numbers -25 and 30 are wrong [] []
[2024-12-09T00:21:06.479723+00:00] neuffer.test_task.INFO: numbers 81 and -16 are wrong [] []
[2024-12-09T00:21:06.479733+00:00] neuffer.test_task.INFO: numbers -99 and 1 are wrong [] []
[2024-12-09T00:21:06.479742+00:00] neuffer.test_task.INFO: numbers -42 and 41 are wrong [] []
[2024-12-09T00:21:06.479758+00:00] neuffer.test_task.INFO: numbers 9 and -40 are wrong [] []
[2024-12-09T00:21:06.479771+00:00] neuffer.test_task.INFO: numbers -82 and 26 are wrong [] []
[2024-12-09T00:21:06.479793+00:00] neuffer.test_task.INFO: numbers 31 and -71 are wrong [] []
[2024-12-09T00:21:06.479805+00:00] neuffer.test_task.INFO: numbers -27 and 86 are wrong [] []
[2024-12-09T00:21:06.479815+00:00] neuffer.test_task.INFO: numbers 95 and -25 are wrong [] []
[2024-12-09T00:21:06.479825+00:00] neuffer.test_task.INFO: numbers 11 and -33 are wrong [] []
[2024-12-09T00:21:06.479838+00:00] neuffer.test_task.INFO: numbers 81 and -44 are wrong [] []
[2024-12-09T00:21:06.479857+00:00] neuffer.test_task.INFO: numbers -69 and 71 are wrong [] []
[2024-12-09T00:21:06.479873+00:00] neuffer.test_task.INFO: numbers 79 and -64 are wrong [] []
[2024-12-09T00:21:06.479883+00:00] neuffer.test_task.INFO: numbers -65 and 19 are wrong [] []
[2024-12-09T00:21:06.479893+00:00] neuffer.test_task.INFO: numbers -66 and 86 are wrong [] []
[2024-12-09T00:21:06.479903+00:00] neuffer.test_task.INFO: numbers 82 and -100 are wrong [] []
[2024-12-09T00:21:06.479920+00:00] neuffer.test_task.INFO: numbers 4 and -8 are wrong [] []
[2024-12-09T00:21:06.479969+00:00] neuffer.test_task.INFO: numbers -66 and 32 are wrong [] []
[2024-12-09T00:21:06.479979+00:00] neuffer.test_task.INFO: numbers -90 and 55 are wrong [] []
[2024-12-09T00:21:06.480001+00:00] neuffer.test_task.INFO: numbers -78 and 4 are wrong [] []
[2024-12-09T00:21:06.480011+00:00] neuffer.test_task.INFO: numbers -44 and 60 are wrong [] []
[2024-12-09T00:21:06.480021+00:00] neuffer.test_task.INFO: numbers 51 and -89 are wrong [] []
[2024-12-09T00:21:06.480031+00:00] neuffer.test_task.INFO: numbers -7 and 31 are wrong [] []
[2024-12-09T00:21:06.480044+00:00] neuffer.test_task.INFO: numbers 89 and -86 are wrong [] []
[2024-12-09T00:21:06.480060+00:00] neuffer.test_task.INFO: numbers -79 and 58 are wrong [] []
[2024-12-09T00:21:06.480076+00:00] neuffer.test_task.INFO: numbers -42 and 86 are wrong [] []
[2024-12-09T00:21:06.480085+00:00] neuffer.test_task.INFO: numbers -4 and 9 are wrong [] []
[2024-12-09T00:21:06.480095+00:00] neuffer.test_task.INFO: numbers -54 and 55 are wrong [] []
[2024-12-09T00:21:06.480108+00:00] neuffer.test_task.INFO: numbers 58 and -97 are wrong [] []
[2024-12-09T00:21:06.480118+00:00] neuffer.test_task.INFO: numbers 46 and -53 are wrong [] []
[2024-12-09T00:21:06.480133+00:00] neuffer.test_task.INFO: numbers -42 and 76 are wrong [] []
[2024-12-09T00:21:06.480143+00:00] neuffer.test_task.INFO: numbers 32 and -85 are wrong [] []
[2024-12-09T00:21:06.480162+00:00] neuffer.test_task.INFO: numbers 22 and -64 are wrong [] []
[2024-12-09T00:21:06.480172+00:00] neuffer.test_task.INFO: numbers 48 and -39 are wrong [] []
[2024-12-09T00:21:06.480184+00:00] neuffer.test_task.INFO: numbers -4 and 96 are wrong [] []
[2024-12-09T00:21:06.480194+00:00] neuffer.test_task.INFO: numbers -5 and 67 are wrong [] []
[2024-12-09T00:21:06.480204+00:00] neuffer.test_task.INFO: numbers -38 and 53 are wrong [] []
[2024-12-09T00:21:06.480214+00:00] neuffer.test_task.INFO: numbers 49 and -78 are wrong [] []
[2024-12-09T00:21:06.480223+00:00] neuffer.test_task.INFO: numbers -80 and 90 are wrong [] []
[2024-12-09T00:21:06.480233+00:00] neuffer.test_task.INFO: numbers 100 and -82 are wrong [] []
[2024-12-09T00:21:06.480246+00:00] neuffer.test_task.INFO: numbers 46 and -32 are wrong [] []
[2024-12-09T00:21:06.480267+00:00] neuffer.test_task.INFO: numbers 90 and -52 are wrong [] []
[2024-12-09T00:21:06.480277+00:00] neuffer.test_task.INFO: numbers -57 and 39 are wrong [] []
[2024-12-09T00:21:06.480287+00:00] neuffer.test_task.INFO: numbers 16 and -69 are wrong [] []
[2024-12-09T00:21:06.480297+00:00] neuffer.test_task.INFO: numbers -75 and 98 are wrong [] []
[2024-12-09T00:21:06.480306+00:00] neuffer.test_task.INFO: numbers 6 and -62 are wrong [] []
[2024-12-09T00:21:06.480319+00:00] neuffer.test_task.INFO: numbers -89 and 75 are wrong [] []
[2024-12-09T00:21:06.480335+00:00] neuffer.test_task.INFO: numbers 51 and -52 are wrong [] []
[2024-12-09T00:21:06.480344+00:00] neuffer.test_task.INFO: numbers 68 and -65 are wrong [] []
[2024-12-09T00:21:06.480364+00:00] neuffer.test_task.INFO: numbers -59 and 77 are wrong [] []
[2024-12-09T00:21:06.480377+00:00] neuffer.test_task.INFO: numbers 64 and -82 are wrong [] []
[2024-12-09T00:21:06.480387+00:00] neuffer.test_task.INFO: numbers -41 and 7 are wrong [] []
[2024-12-09T00:21:06.480397+00:00] neuffer.test_task.INFO: numbers -10 and 77 are wrong [] []
[2024-12-09T00:21:06.480406+00:00] neuffer.test_task.INFO: numbers -62 and 94 are wrong [] []
[2024-12-09T00:21:06.480416+00:00] neuffer.test_task.INFO: numbers 45 and -25 are wrong [] []
[2024-12-09T00:21:06.480440+00:00] neuffer.test_task.INFO: numbers 43 and -84 are wrong [] []
[2024-12-09T00:21:06.480450+00:00] neuffer.test_task.INFO: numbers -48 and 58 are wrong [] []
[2024-12-09T00:21:06.480460+00:00] neuffer.test_task.INFO: numbers -92 and 16 are wrong [] []
[2024-12-09T00:21:06.480469+00:00] neuffer.test_task.INFO: numbers -37 and 68 are wrong [] []
[2024-12-09T00:21:06.480479+00:00] neuffer.test_task.INFO: numbers -30 and 56 are wrong [] []
[2024-12-09T00:21:06.480489+00:00] neuffer.test_task.INFO: numbers 63 and -27 are wrong [] []
[2024-12-09T00:21:06.480505+00:00] neuffer.test_task.INFO: numbers 42 and -70 are wrong [] []
[2024-12-09T00:21:06.480520+00:00] neuffer.test_task.INFO: numbers -18 and 33 are wrong [] []
[2024-12-09T00:21:06.480530+00:00] neuffer.test_task.INFO: numbers -6 and 85 are wrong [] []
[2024-12-09T00:21:06.480540+00:00] neuffer.test_task.INFO: numbers 91 and -66 are wrong [] []
[2024-12-09T00:21:06.480552+00:00] neuffer.test_task.INFO: numbers -59 and 47 are wrong [] []
[2024-12-09T00:21:06.480562+00:00] neuffer.test_task.INFO: numbers 3 and -97 are wrong [] []
[2024-12-09T00:21:06.480578+00:00] neuffer.test_task.INFO: numbers 0 and -91 are wrong [] []
[2024-12-09T00:21:06.480588+00:00] neuffer.test_task.INFO: numbers -17 and 46 are wrong [] []
[2024-12-09T00:21:06.480614+00:00] neuffer.test_task.INFO: numbers 25 and -64 are wrong [] []
[2024-12-09T00:21:06.480623+00:00] neuffer.test_task.INFO: numbers -20 and 78 are wrong [] []
[2024-12-09T00:21:06.480633+00:00] neuffer.test_task.INFO: numbers -66 and 53 are wrong [] []
[2024-12-09T00:21:06.480643+00:00] neuffer.test_task.INFO: numbers 33 and -15 are wrong [] []
[2024-12-09T00:21:06.480664+00:00] neuffer.test_task.INFO: numbers -28 and 85 are wrong [] []
[2024-12-09T00:21:06.480677+00:00] neuffer.test_task.INFO: numbers 44 and -37 are wrong [] []
[2024-12-09T00:21:06.480690+00:00] neuffer.test_task.INFO: numbers -78 and 47 are wrong [] []
[2024-12-09T00:21:06.480703+00:00] neuffer.test_task.INFO: numbers -61 and 28 are wrong [] []
[2024-12-09T00:21:06.480715+00:00] neuffer.test_task.INFO: numbers -15 and 58 are wrong [] []
[2024-12-09T00:21:06.480725+00:00] neuffer.test_task.INFO: numbers -18 and 47 are wrong [] []
[2024-12-09T00:21:06.480734+00:00] neuffer.test_task.INFO: numbers -26 and 62 are wrong [] []
[2024-12-09T00:21:06.480744+00:00] neuffer.test_task.INFO: numbers -99 and 96 are wrong [] []
[2024-12-09T00:21:06.480754+00:00] neuffer.test_task.INFO: numbers -81 and 79 are wrong [] []
[2024-12-09T00:21:06.480784+00:00] neuffer.test_task.INFO: numbers 48 and -9 are wrong [] []
[2024-12-09T00:21:06.480794+00:00] neuffer.test_task.INFO: numbers -24 and 90 are wrong [] []
[2024-12-09T00:21:06.480810+00:00] neuffer.test_task.INFO: numbers -78 and 99 are wrong [] []
[2024-12-09T00:21:06.480823+00:00] neuffer.test_task.INFO: numbers -79 and 89 are wrong [] []
[2024-12-09T00:21:06.480832+00:00] neuffer.test_task.INFO: numbers 85 and -61 are wrong [] []
[2024-12-09T00:21:06.480842+00:00] neuffer.test_task.INFO: numbers -73 and 8 are wrong [] []
[2024-12-09T00:21:06.480878+00:00] neuffer.test_task.INFO: numbers 54 and -63 are wrong [] []
[2024-12-09T00:21:06.480891+00:00] neuffer.test_task.INFO: numbers 5 and -98 are wrong [] []
[2024-12-09T00:21:06.480901+00:00] neuffer.test_task.INFO: numbers 7 and -21 are wrong [] []
[2024-12-09T00:21:06.480914+00:00] neuffer.test_task.INFO: numbers -16 and 94 are wrong [] []
[2024-12-09T00:21:06.480931+00:00] neuffer.test_task.INFO: numbers -67 and 62 are wrong [] []
[2024-12-09T00:21:06.480947+00:00] neuffer.test_task.INFO: numbers -38 and 53 are wrong [] []
[2024-12-09T00:21:06.480957+00:00] neuffer.test_task.INFO: numbers -99 and 40 are wrong [] []
[2024-12-09T00:21:06.480967+00:00] neuffer.test_task.INFO: numbers -37 and 56 are wrong [] []
[2024-12-09T00:21:06.480980+00:00] neuffer.test_task.INFO: numbers 56 and -15 are wrong [] []
[2024-12-09T00:21:06.480993+00:00] neuffer.test_task.INFO: numbers -25 and 17 are wrong [] []
[2024-12-09T00:21:06.481002+00:00] neuffer.test_task.INFO: numbers -13 and 69 are wrong [] []
[2024-12-09T00:21:06.481024+00:00] neuffer.test_task.INFO: numbers 34 and -43 are wrong [] []
[2024-12-09T00:21:06.481037+00:00] neuffer.test_task.INFO: numbers 25 and -54 are wrong [] []
[2024-12-09T00:21:06.481050+00:00] neuffer.test_task.INFO: numbers 56 and -10 are wrong [] []
[2024-12-09T00:21:06.481063+00:00] neuffer.test_task.INFO: numbers 19 and -62 are wrong [] []
[2024-12-09T00:21:06.481073+00:00] neuffer.test_task.INFO: numbers -49 and 81 are wrong [] []
[2024-12-09T00:21:06.481091+00:00] neuffer.test_task.INFO: numbers -66 and 85 are wrong [] []
[2024-12-09T00:21:06.481101+00:00] neuffer.test_task.INFO: numbers 57 and -35 are wrong [] []
[2024-12-09T00:21:06.481114+00:00] neuffer.test_task.INFO: numbers 95 and -2 are wrong [] []
[2024-12-09T00:21:06.481147+00:00] neuffer.test_task.INFO: numbers -42 and 99 are wrong [] []
[2024-12-09T00:21:06.481156+00:00] neuffer.test_task.INFO: numbers -37 and 39 are wrong [] []
[2024-12-09T00:21:06.481181+00:00] neuffer.test_task.INFO: numbers -90 and 70 are wrong [] []
[2024-12-09T00:21:06.481194+00:00] neuffer.test_task.INFO: numbers -63 and 91 are wrong [] []
[2024-12-09T00:21:06.481211+00:00] neuffer.test_task.INFO: numbers -44 and 51 are wrong [] []
[2024-12-09T00:21:06.481230+00:00] neuffer.test_task.INFO: numbers -53 and 77 are wrong [] []
[2024-12-09T00:21:06.481243+00:00] neuffer.test_task.INFO: numbers 52 and -36 are wrong [] []
[2024-12-09T00:21:06.481252+00:00] neuffer.test_task.INFO: numbers 0 and 73 are wrong [] []
[2024-12-09T00:21:06.481271+00:00] neuffer.test_task.INFO: numbers 29 and -100 are wrong [] []
[2024-12-09T00:21:06.481281+00:00] neuffer.test_task.INFO: numbers 40 and -50 are wrong [] []
[2024-12-09T00:21:06.481302+00:00] neuffer.test_task.INFO: numbers 82 and -25 are wrong [] []
[2024-12-09T00:21:06.481312+00:00] neuffer.test_task.INFO: numbers -75 and 93 are wrong [] []
[2024-12-09T00:21:06.481325+00:00] neuffer.test_task.INFO: numbers -78 and 14 are wrong [] []
[2024-12-09T00:21:06.481335+00:00] neuffer.test_task.INFO: numbers -16 and 64 are wrong [] []
[2024-12-09T00:21:06.481345+00:00] neuffer.test_task.INFO: numbers 84 and -34 are wrong [] []
[2024-12-09T00:21:06.481354+00:00] neuffer.test_task.INFO: numbers 76 and -16 are wrong [] []
[2024-12-09T00:21:06.481367+00:00] neuffer.test_task.INFO: numbers -22 and 87 are wrong [] []
[2024-12-09T00:21:06.481380+00:00] neuffer.test_task.INFO: numbers -6 and 94 are wrong [] []
[2024-12-09T00:21:06.481389+00:00] neuffer.test_task.INFO: numbers -69 and 45 are wrong [] []
[2024-12-09T00:21:06.481399+00:00] neuffer.test_task.INFO: numbers -68 and 68 are wrong [] []
[2024-12-09T00:21:06.481412+00:00] neuffer.test_task.INFO: numbers 65 and -55 are wrong [] []
[2024-12-09T00:21:06.481422+00:00] neuffer.test_task.INFO: numbers -17 and 79 are wrong [] []
[2024-12-09T00:21:06.481435+00:00] neuffer.test_task.INFO: numbers -100 and 67 are wrong [] []
[2024-12-09T00:21:06.481450+00:00] neuffer.test_task.INFO: numbers 96 and -42 are wrong [] []
[2024-12-09T00:21:06.481460+00:00] neuffer.test_task.INFO: numbers 97 and -63 are wrong [] []
[2024-12-09T00:21:06.481482+00:00] neuffer.test_task.INFO: numbers -94 and 12 are wrong [] []
[2024-12-09T00:21:06.481497+00:00] neuffer.test_task.INFO: numbers 50 and -33 are wrong [] []
[2024-12-09T00:21:06.481524+00:00] neuffer.test_task.INFO: numbers 19 and -57 are wrong [] []
[2024-12-09T00:21:06.481537+00:00] neuffer.test_task.INFO: numbers 21 and -67 are wrong [] []
[2024-12-09T00:21:06.481546+00:00] neuffer.test_task.INFO: numbers 9 and -5 are wrong [] []
[2024-12-09T00:21:06.481556+00:00] neuffer.test_task.INFO: numbers -72 and 83 are wrong [] []
[2024-12-09T00:21:06.481578+00:00] neuffer.test_task.INFO: numbers -40 and 71 are wrong [] []
[2024-12-09T00:21:06.481587+00:00] neuffer.test_task.INFO: numbers -63 and 36 are wrong [] []
[2024-12-09T00:21:06.481597+00:00] neuffer.test_task.INFO: numbers -94 and 96 are wrong [] []
[2024-12-09T00:21:06.481607+00:00] neuffer.test_task.INFO: numbers -2 and 51 are wrong [] []
[2024-12-09T00:21:06.481625+00:00] neuffer.test_task.INFO: numbers 13 and -88 are wrong [] []
[2024-12-09T00:21:06.481636+00:00] neuffer.test_task.INFO: numbers 53 and -99 are wrong [] []
[2024-12-09T00:21:06.481652+00:00] neuffer.test_task.INFO: numbers -93 and 85 are wrong [] []
[2024-12-09T00:21:06.481661+00:00] neuffer.test_task.INFO: numbers -5 and 48 are wrong [] []
[2024-12-09T00:21:06.481671+00:00] neuffer.test_task.INFO: numbers 71 and -64 are wrong [] []
[2024-12-09T00:21:06.481681+00:00] neuffer.test_task.INFO: numbers 69 and -62 are wrong [] []
[2024-12-09T00:21:06.481693+00:00] neuffer.test_task.INFO: numbers -80 and 71 are wrong [] []
[2024-12-09T00:21:06.481718+00:00] neuffer.test_task.INFO: numbers -9 and 44 are wrong [] []
[2024-12-09T00:21:06.481731+00:00] neuffer.test_task.INFO: numbers -31 and 79 are wrong [] []
[2024-12-09T00:21:06.481741+00:00] neuffer.test_task.INFO: numbers -77 and 96 are wrong [] []
[2024-12-09T00:21:06.481756+00:00] neuffer.test_task.INFO: numbers 96 and -40 are wrong [] []
[2024-12-09T00:21:06.481803+00:00] neuffer.test_task.INFO: numbers 65 and -79 are wrong [] []
[2024-12-09T00:21:06.481833+00:00] neuffer.test_task.INFO: numbers 19 and -30 are wrong [] []
[2024-12-09T00:21:06.481853+00:00] neuffer.test_task.INFO: numbers 22 and -30 are wrong [] []
[2024-12-09T00:21:06.481876+00:00] neuffer.test_task.INFO: numbers 84 and -25 are wrong [] []
[2024-12-09T00:21:06.481897+00:00] neuffer.test_task.INFO: numbers 30 and -88 are wrong [] []
[2024-12-09T00:21:06.481907+00:00] neuffer.test_task.INFO: numbers 41 and -17 are wrong [] []
[2024-12-09T00:21:06.481922+00:00] neuffer.test_task.INFO: numbers -9 and 0 are wrong, is not allowed [] []
[2024-12-09T00:21:06.481933+00:00] neuffer.test_task.INFO: numbers 59 and -29 are wrong [] []
[2024-12-09T00:21:06.481947+00:00] neuffer.test_task.INFO: numbers 87 and -38 are wrong [] []
[2024-12-09T00:21:06.481957+00:00] neuffer.test_task.INFO: numbers -32 and 34 are wrong [] []
[2024-12-09T00:21:06.481967+00:00] neuffer.test_task.INFO: numbers 17 and -17 are wrong [] []
[2024-12-09T00:21:06.481977+00:00] neuffer.test_task.INFO: numbers 78 and -13 are wrong [] []
[2024-12-09T00:21:06.481987+00:00] neuffer.test_task.INFO: numbers 24 and -60 are wrong [] []
[2024-12-09T00:21:06.482007+00:00] neuffer.test_task.INFO: numbers -13 and 27 are wrong [] []
[2024-12-09T00:21:06.482020+00:00] neuffer.test_task.INFO: numbers 79 and -58 are wrong [] []
[2024-12-09T00:21:06.482034+00:00] neuffer.test_task.INFO: numbers 61 and -85 are wrong [] []
[2024-12-09T00:21:06.482044+00:00] neuffer.test_task.INFO: numbers -43 and 17 are wrong [] []
[2024-12-09T00:21:06.482061+00:00] neuffer.test_task.INFO: numbers 59 and -74 are wrong [] []
[2024-12-09T00:21:06.482070+00:00] neuffer.test_task.INFO: numbers -48 and 50 are wrong [] []
[2024-12-09T00:21:06.482084+00:00] neuffer.test_task.INFO: numbers -56 and 10 are wrong [] []
[2024-12-09T00:21:06.482100+00:00] neuffer.test_task.INFO: numbers 29 and -19 are wrong [] []
[2024-12-09T00:21:06.482116+00:00] neuffer.test_task.INFO: numbers 95 and -71 are wrong [] []
[2024-12-09T00:21:06.482130+00:00] neuffer.test_task.INFO: numbers -86 and 31 are wrong [] []
[2024-12-09T00:21:06.482139+00:00] neuffer.test_task.INFO: numbers 75 and -85 are wrong [] []
[2024-12-09T00:21:06.482150+00:00] neuffer.test_task.INFO: numbers 81 and 0 are wrong, is not allowed [] []
[2024-12-09T00:21:06.482169+00:00] neuffer.test_task.INFO: numbers 89 and -61 are wrong [] []
[2024-12-09T00:21:06.482182+00:00] neuffer.test_task.INFO: numbers 10 and -80 are wrong [] []
[2024-12-09T00:21:06.482201+00:00] neuffer.test_task.INFO: numbers 88 and -15 are wrong [] []
[2024-12-09T00:21:06.482215+00:00] neuffer.test_task.INFO: numbers -12 and 92 are wrong [] []
[2024-12-09T00:21:06.482231+00:00] neuffer.test_task.INFO: numbers -81 and 74 are wrong [] []
[2024-12-09T00:21:06.482241+00:00] neuffer.test_task.INFO: numbers -33 and 88 are wrong [] []
[2024-12-09T00:21:06.482254+00:00] neuffer.test_task.INFO: numbers -96 and 97 are wrong [] []
[2024-12-09T00:21:06.482264+00:00] neuffer.test_task.INFO: numbers 57 and -33 are wrong [] []
[2024-12-09T00:21:06.482287+00:00] neuffer.test_task.INFO: numbers -97 and 20 are wrong [] []
[2024-12-09T00:21:06.482319+00:00] neuffer.test_task.INFO: numbers 90 and -60 are wrong [] []
[2024-12-09T00:21:06.482329+00:00] neuffer.test_task.INFO: numbers -46 and 3 are wrong [] []
[2024-12-09T00:21:06.482340+00:00] neuffer.test_task.INFO: numbers 8 and -47 are wrong [] []
[2024-12-09T00:21:06.482353+00:00] neuffer.test_task.INFO: numbers 55 and -78 are wrong [] []
[2024-12-09T00:21:06.482372+00:00] neuffer.test_task.INFO: numbers 87 and -73 are wrong [] []
[2024-12-09T00:21:06.482388+00:00] neuffer.test_task.INFO: numbers 82 and -68 are wrong [] []
[2024-12-09T00:21:06.482400+00:00] neuffer.test_task.INFO: numbers 82 and -55 are wrong [] []
[2024-12-09T00:21:06.482410+00:00] neuffer.test_task.INFO: numbers 56 and -20 are wrong [] []
[2024-12-09T00:21:06.482423+00:00] neuffer.test_task.INFO: numbers -96 and 20 are wrong [] []
[2024-12-09T00:21:06.482436+00:00] neuffer.test_task.INFO: numbers -2 and 63 are wrong [] []
[2024-12-09T00:21:06.482446+00:00] neuffer.test_task.INFO: numbers 53 and -61 are wrong [] []
[2024-12-09T00:21:06.482473+00:00] neuffer.test_task.INFO: numbers -84 and 54 are wrong [] []
[2024-12-09T00:21:06.482483+00:00] neuffer.test_task.INFO: numbers -59 and 34 are wrong [] []
[2024-12-09T00:21:06.482493+00:00] neuffer.test_task.INFO: numbers 52 and -1 are wrong [] []
[2024-12-09T00:21:06.482503+00:00] neuffer.test_task.INFO: numbers 62 and -46 are wrong [] []
[2024-12-09T00:21:06.482513+00:00] neuffer.test_task.INFO: numbers 76 and -33 are wrong [] []
[2024-12-09T00:21:06.482522+00:00] neuffer.test_task.INFO: numbers 1 and -70 are wrong [] []
[2024-12-09T00:21:06.482532+00:00] neuffer.test_task.INFO: numbers 53 and -87 are wrong [] []
[2024-12-09T00:21:06.482548+00:00] neuffer.test_task.INFO: numbers 75 and -91 are wrong [] []
[2024-12-09T00:21:06.482557+00:00] neuffer.test_task.INFO: numbers 85 and -76 are wrong [] []
[2024-12-09T00:21:06.482570+00:00] neuffer.test_task.INFO: numbers -20 and 11 are wrong [] []
[2024-12-09T00:21:06.482580+00:00] neuffer.test_task.INFO: numbers -4 and 50 are wrong [] []
[2024-12-09T00:21:06.482590+00:00] neuffer.test_task.INFO: numbers 72 and -38 are wrong [] []
[2024-12-09T00:21:06.482600+00:00] neuffer.test_task.INFO: numbers -72 and 72 are wrong [] []
[2024-12-09T00:21:06.482623+00:00] neuffer.test_task.INFO: numbers 3 and -84 are wrong [] []
[2024-12-09T00:21:06.482644+00:00] neuffer.test_task.INFO: numbers 68 and -61 are wrong [] []
[2024-12-09T00:21:06.482653+00:00] neuffer.test_task.INFO: numbers -4 and 41 are wrong [] []
[2024-12-09T00:21:06.482663+00:00] neuffer.test_task.INFO: numbers 53 and -7 are wrong [] []
[2024-12-09T00:21:06.482673+00:00] neuffer.test_task.INFO: numbers -3 and 53 are wrong [] []
[2024-12-09T00:21:06.482701+00:00] neuffer.test_task.INFO: numbers -62 and 47 are wrong [] []
[2024-12-09T00:21:06.482711+00:00] neuffer.test_task.INFO: numbers -4 and 13 are wrong [] []
[2024-12-09T00:21:06.482731+00:00] neuffer.test_task.INFO: numbers -61 and 26 are wrong [] []
[2024-12-09T00:21:06.482741+00:00] neuffer.test_task.INFO: numbers 21 and -84 are wrong [] []
[2024-12-09T00:21:06.482751+00:00] neuffer.test_task.INFO: numbers -91 and 69 are wrong [] []
[2024-12-09T00:21:06.482764+00:00] neuffer.test_task.INFO: numbers -89 and 23 are wrong [] []
[2024-12-09T00:21:06.482783+00:00] neuffer.test_task.INFO: numbers -12 and 95 are wrong [] []
[2024-12-09T00:21:06.482793+00:00] neuffer.test_task.INFO: numbers -60 and 68 are wrong [] []
[2024-12-09T00:21:06.482803+00:00] neuffer.test_task.INFO: numbers 58 and -53 are wrong [] []
[2024-12-09T00:21:06.482812+00:00] neuffer.test_task.INFO: numbers -91 and 89 are wrong [] []
[2024-12-09T00:21:06.482825+00:00] neuffer.test_task.INFO: numbers -42 and 99 are wrong [] []
[2024-12-09T00:21:06.482838+00:00] neuffer.test_task.INFO: numbers -71 and 86 are wrong [] []
[2024-12-09T00:21:06.482851+00:00] neuffer.test_task.INFO: numbers -17 and 67 are wrong [] []
[2024-12-09T00:21:06.482866+00:00] neuffer.test_task.INFO: numbers -35 and 79 are wrong [] []
[2024-12-09T00:21:06.482882+00:00] neuffer.test_task.INFO: numbers -12 and 85 are wrong [] []
[2024-12-09T00:21:06.482895+00:00] neuffer.test_task.INFO: numbers 65 and -50 are wrong [] []
[2024-12-09T00:21:06.482908+00:00] neuffer.test_task.INFO: numbers 56 and -75 are wrong [] []
[2024-12-09T00:21:06.482936+00:00] neuffer.test_task.INFO: numbers 94 and -24 are wrong [] []
[2024-12-09T00:21:06.482960+00:00] neuffer.test_task.INFO: numbers 34 and -79 are wrong [] []
[2024-12-09T00:21:06.482970+00:00] neuffer.test_task.INFO: numbers -90 and 89 are wrong [] []
[2024-12-09T00:21:06.482986+00:00] neuffer.test_task.INFO: numbers 34 and -35 are wrong [] []
[2024-12-09T00:21:06.482999+00:00] neuffer.test_task.INFO: numbers -19 and 53 are wrong [] []
[2024-12-09T00:21:06.483014+00:00] neuffer.test_task.INFO: numbers 24 and -99 are wrong [] []
[2024-12-09T00:21:06.483027+00:00] neuffer.test_task.INFO: numbers -45 and 68 are wrong [] []
[2024-12-09T00:21:06.483055+00:00] neuffer.test_task.INFO: numbers -67 and 93 are wrong [] []
[2024-12-09T00:21:06.483065+00:00] neuffer.test_task.INFO: numbers 62 and -53 are wrong [] []
[2024-12-09T00:21:06.483078+00:00] neuffer.test_task.INFO: numbers 1 and -97 are wrong [] []
[2024-12-09T00:21:06.483096+00:00] neuffer.test_task.INFO: numbers -40 and 48 are wrong [] []
[2024-12-09T00:21:06.483106+00:00] neuffer.test_task.INFO: numbers 51 and -94 are wrong [] []
[2024-12-09T00:21:06.483119+00:00] neuffer.test_task.INFO: numbers -41 and 94 are wrong [] []
[2024-12-09T00:21:06.483129+00:00] neuffer.test_task.INFO: numbers -46 and 61 are wrong [] []
[2024-12-09T00:21:06.483139+00:00] neuffer.test_task.INFO: numbers -17 and 99 are wrong [] []
[2024-12-09T00:21:06.483148+00:00] neuffer.test_task.INFO: numbers -68 and 44 are wrong [] []
[2024-12-09T00:21:06.483168+00:00] neuffer.test_task.INFO: numbers 65 and -73 are wrong [] []
[2024-12-09T00:21:06.483187+00:00] neuffer.test_task.INFO: numbers 29 and -54 are wrong [] []
[2024-12-09T00:21:06.483196+00:00] neuffer.test_task.INFO: numbers 76 and -97 are wrong [] []
[2024-12-09T00:21:06.483206+00:00] neuffer.test_task.INFO: numbers -12 and 58 are wrong [] []
[2024-12-09T00:21:06.483216+00:00] neuffer.test_task.INFO: numbers 69 and -49 are wrong [] []
[2024-12-09T00:21:06.483226+00:00] neuffer.test_task.INFO: numbers 65 and -48 are wrong [] []
[2024-12-09T00:21:06.483236+00:00] neuffer.test_task.INFO: numbers -50 and 18 are wrong [] []
[2024-12-09T00:21:06.483245+00:00] neuffer.test_task.INFO: numbers -68 and 46 are wrong [] []
[2024-12-09T00:21:06.483255+00:00] neuffer.test_task.INFO: numbers 43 and -85 are wrong [] []
[2024-12-09T00:21:06.483277+00:00] neuffer.test_task.INFO: numbers 48 and -72 are wrong [] []
[2024-12-09T00:21:06.483287+00:00] neuffer.test_task.INFO: numbers -88 and 14 are wrong [] []
[2024-12-09T00:21:06.483297+00:00] neuffer.test_task.INFO: numbers 58 and -51 are wrong [] []
[2024-12-09T00:21:06.483310+00:00] neuffer.test_task.INFO: numbers 35 and -98 are wrong [] []
[2024-12-09T00:21:06.483322+00:00] neuffer.test_task.INFO: numbers 28 and -86 are wrong [] []
[2024-12-09T00:21:06.483333+00:00] neuffer.test_task.INFO: numbers -47 and 80 are wrong [] []
[2024-12-09T00:21:06.483344+00:00] neuffer.test_task.INFO: numbers 9 and -76 are wrong [] []
[2024-12-09T00:21:06.483356+00:00] neuffer.test_task.INFO: numbers -87 and 6 are wrong [] []
[2024-12-09T00:21:06.483373+00:00] neuffer.test_task.INFO: numbers 58 and -44 are wrong [] []
[2024-12-09T00:21:06.483386+00:00] neuffer.test_task.INFO: numbers 5 and -70 are wrong [] []
[2024-12-09T00:21:06.483404+00:00] neuffer.test_task.INFO: numbers -23 and 99 are wrong [] []
[2024-12-09T00:21:06.483427+00:00] neuffer.test_task.INFO: numbers -15 and 88 are wrong [] []
[2024-12-09T00:21:06.483437+00:00] neuffer.test_task.INFO: numbers 93 and -10 are wrong [] []
[2024-12-09T00:21:06.483450+00:00] neuffer.test_task.INFO: numbers -48 and 44 are wrong [] []
[2024-12-09T00:21:06.483464+00:00] neuffer.test_task.INFO: numbers -18 and 45 are wrong [] []
[2024-12-09T00:21:06.483481+00:00] neuffer.test_task.INFO: numbers 62 and -87 are wrong [] []
[2024-12-09T00:21:06.483496+00:00] neuffer.test_task.INFO: numbers 87 and -66 are wrong [] []
[2024-12-09T00:21:06.483506+00:00] neuffer.test_task.INFO: numbers -30 and 41 are wrong [] []
[2024-12-09T00:21:06.483516+00:00] neuffer.test_task.INFO: numbers -97 and 53 are wrong [] []
[2024-12-09T00:21:06.483529+00:00] neuffer.test_task.INFO: numbers -9 and 77 are wrong [] []
[2024-12-09T00:21:06.483539+00:00] neuffer.test_task.INFO: numbers 60 and -96 are wrong [] []
[2024-12-09T00:21:06.483550+00:00] neuffer.test_task.INFO: numbers -75 and 17 are wrong [] []
[2024-12-09T00:21:06.483572+00:00] neuffer.test_task.INFO: numbers -59 and 28 are wrong [] []
[2024-12-09T00:21:06.483582+00:00] neuffer.test_task.INFO: numbers 66 and -82 are wrong [] []
[2024-12-09T00:21:06.483595+00:00] neuffer.test_task.INFO: numbers -55 and 93 are wrong [] []
[2024-12-09T00:21:06.483611+00:00] neuffer.test_task.INFO: numbers 60 and -22 are wrong [] []
[2024-12-09T00:21:06.483621+00:00] neuffer.test_task.INFO: numbers -79 and 50 are wrong [] []
[2024-12-09T00:21:06.483634+00:00] neuffer.test_task.INFO: numbers 16 and -7 are wrong [] []
[2024-12-09T00:21:06.483644+00:00] neuffer.test_task.INFO: numbers -30 and 59 are wrong [] []
[2024-12-09T00:21:06.483654+00:00] neuffer.test_task.INFO: numbers -70 and 81 are wrong [] []
[2024-12-09T00:21:06.483678+00:00] neuffer.test_task.INFO: numbers 68 and -75 are wrong [] []
[2024-12-09T00:21:06.483694+00:00] neuffer.test_task.INFO: numbers -85 and 50 are wrong [] []
[2024-12-09T00:21:06.483707+00:00] neuffer.test_task.INFO: numbers -4 and 67 are wrong [] []
[2024-12-09T00:21:06.483720+00:00] neuffer.test_task.INFO: numbers -17 and 37 are wrong [] []
[2024-12-09T00:21:06.483741+00:00] neuffer.test_task.INFO: numbers 94 and -49 are wrong [] []
[2024-12-09T00:21:06.483751+00:00] neuffer.test_task.INFO: numbers -7 and 96 are wrong [] []
[2024-12-09T00:21:06.483761+00:00] neuffer.test_task.INFO: numbers -37 and 53 are wrong [] []
[2024-12-09T00:21:06.483771+00:00] neuffer.test_task.INFO: numbers -56 and 90 are wrong [] []
[2024-12-09T00:21:06.483796+00:00] neuffer.test_task.INFO: numbers -64 and 75 are wrong [] []
[2024-12-09T00:21:06.483809+00:00] neuffer.test_task.INFO: numbers 89 and -26 are wrong [] []
[2024-12-09T00:21:06.483828+00:00] neuffer.test_task.INFO: numbers -94 and 72 are wrong [] []
[2024-12-09T00:21:06.483839+00:00] neuffer.test_task.INFO: numbers 29 and -56 are wrong [] []
[2024-12-09T00:21:06.483855+00:00] neuffer.test_task.INFO: numbers -41 and 65 are wrong [] []
[2024-12-09T00:21:06.483865+00:00] neuffer.test_task.INFO: numbers -43 and 5 are wrong [] []
[2024-12-09T00:21:06.483878+00:00] neuffer.test_task.INFO: numbers -43 and 28 are wrong [] []
[2024-12-09T00:21:06.483891+00:00] neuffer.test_task.INFO: numbers -92 and 32 are wrong [] []
[2024-12-09T00:21:06.483901+00:00] neuffer.test_task.INFO: numbers -19 and 92 are wrong [] []
[2024-12-09T00:21:06.483912+00:00] neuffer.test_task.INFO: numbers 67 and -99 are wrong [] []
[2024-12-09T00:21:06.483937+00:00] neuffer.test_task.INFO: numbers -76 and 51 are wrong [] []
[2024-12-09T00:21:06.483951+00:00] neuffer.test_task.INFO: numbers 26 and -48 are wrong [] []
[2024-12-09T00:21:06.483965+00:00] neuffer.test_task.INFO: numbers -57 and 31 are wrong [] []
[2024-12-09T00:21:06.483974+00:00] neuffer.test_task.INFO: numbers 43 and -87 are wrong [] []
[2024-12-09T00:21:06.483984+00:00] neuffer.test_task.INFO: numbers 51 and -57 are wrong [] []
[2024-12-09T00:21:06.483994+00:00] neuffer.test_task.INFO: numbers 82 and -77 are wrong [] []
[2024-12-09T00:21:06.484013+00:00] neuffer.test_task.INFO: numbers 80 and -69 are wrong [] []
[2024-12-09T00:21:06.484022+00:00] neuffer.test_task.INFO: numbers -51 and 39 are wrong [] []
[2024-12-09T00:21:06.484032+00:00] neuffer.test_task.INFO: numbers -9 and 20 are wrong [] []
[2024-12-09T00:21:06.484042+00:00] neuffer.test_task.INFO: numbers 91 and -49 are wrong [] []
[2024-12-09T00:21:06.484058+00:00] neuffer.test_task.INFO: numbers -21 and 35 are wrong [] []
[2024-12-09T00:21:06.484076+00:00] neuffer.test_task.INFO: numbers 54 and -98 are wrong [] []
[2024-12-09T00:21:06.484086+00:00] neuffer.test_task.INFO: numbers -30 and 21 are wrong [] []
[2024-12-09T00:21:06.484095+00:00] neuffer.test_task.INFO: numbers -95 and 52 are wrong [] []
[2024-12-09T00:21:06.484108+00:00] neuffer.test_task.INFO: numbers -5 and 0 are wrong, is not allowed [] []
[2024-12-09T00:21:06.484125+00:00] neuffer.test_task.INFO: numbers 31 and -5 are wrong [] []
[2024-12-09T00:21:06.484147+00:00] neuffer.test_task.INFO: numbers -5 and 33 are wrong [] []
[2024-12-09T00:21:06.484167+00:00] neuffer.test_task.INFO: numbers 26 and -19 are wrong [] []
[2024-12-09T00:21:06.484177+00:00] neuffer.test_task.INFO: numbers -11 and 44 are wrong [] []
[2024-12-09T00:21:06.484190+00:00] neuffer.test_task.INFO: numbers 11 and -27 are wrong [] []
[2024-12-09T00:21:06.484209+00:00] neuffer.test_task.INFO: numbers -90 and 43 are wrong [] []
[2024-12-09T00:21:06.484222+00:00] neuffer.test_task.INFO: numbers 0 and -32 are wrong [] []
[2024-12-09T00:21:06.484232+00:00] neuffer.test_task.INFO: numbers -43 and 4 are wrong [] []
[2024-12-09T00:21:06.484241+00:00] neuffer.test_task.INFO: numbers -63 and 28 are wrong [] []
[2024-12-09T00:21:06.484254+00:00] neuffer.test_task.INFO: numbers -33 and 75 are wrong [] []
[2024-12-09T00:21:06.484264+00:00] neuffer.test_task.INFO: numbers 38 and -50 are wrong [] []
[2024-12-09T00:21:06.484274+00:00] neuffer.test_task.INFO: numbers 98 and -51 are wrong [] []
[2024-12-09T00:21:06.484287+00:00] neuffer.test_task.INFO: numbers 92 and -73 are wrong [] []
[2024-12-09T00:21:06.484300+00:00] neuffer.test_task.INFO: numbers -62 and 79 are wrong [] []
[2024-12-09T00:21:06.484310+00:00] neuffer.test_task.INFO: numbers -34 and 47 are wrong [] []
[2024-12-09T00:21:06.484319+00:00] neuffer.test_task.INFO: numbers -97 and 33 are wrong [] []
[2024-12-09T00:21:06.484340+00:00] neuffer.test_task.INFO: numbers 83 and -26 are wrong [] []
[2024-12-09T00:21:06.484350+00:00] neuffer.test_task.INFO: numbers -55 and 92 are wrong [] []
[2024-12-09T00:21:06.484363+00:00] neuffer.test_task.INFO: numbers -27 and 66 are wrong [] []
[2024-12-09T00:21:06.484372+00:00] neuffer.test_task.INFO: numbers -3 and 56 are wrong [] []
[2024-12-09T00:21:06.484395+00:00] neuffer.test_task.INFO: numbers 30 and -26 are wrong [] []
[2024-12-09T00:21:06.484404+00:00] neuffer.test_task.INFO: numbers -83 and 4 are wrong [] []
[2024-12-09T00:21:06.484426+00:00] neuffer.test_task.INFO: numbers -39 and 82 are wrong [] []
[2024-12-09T00:21:06.484442+00:00] neuffer.test_task.INFO: numbers -74 and 59 are wrong [] []
[2024-12-09T00:21:06.484458+00:00] neuffer.test_task.INFO: numbers 66 and -44 are wrong [] []
[2024-12-09T00:21:06.484468+00:00] neuffer.test_task.INFO: numbers -60 and 29 are wrong [] []
[2024-12-09T00:21:06.484479+00:00] neuffer.test_task.INFO: numbers -79 and 78 are wrong [] []
[2024-12-09T00:21:06.484490+00:00] neuffer.test_task.INFO: numbers -90 and 11 are wrong [] []
[2024-12-09T00:21:06.484500+00:00] neuffer.test_task.INFO: numbers 32 and -57 are wrong [] []
[2024-12-09T00:21:06.484509+00:00] neuffer.test_task.INFO: numbers 36 and -89 are wrong [] []
[2024-12-09T00:21:06.484525+00:00] neuffer.test_task.INFO: numbers -28 and 42 are wrong [] []
[2024-12-09T00:21:06.484535+00:00] neuffer.test_task.INFO: numbers -61 and 89 are wrong [] []
[2024-12-09T00:21:06.484560+00:00] neuffer.test_task.INFO: numbers -55 and 81 are wrong [] []
[2024-12-09T00:21:06.484573+00:00] neuffer.test_task.INFO: numbers 27 and -20 are wrong [] []
[2024-12-09T00:21:06.484589+00:00] neuffer.test_task.INFO: numbers 46 and -97 are wrong [] []
[2024-12-09T00:21:06.484602+00:00] neuffer.test_task.INFO: numbers 62 and -41 are wrong [] []
[2024-12-09T00:21:06.484618+00:00] neuffer.test_task.INFO: numbers 1 and -97 are wrong [] []
[2024-12-09T00:21:06.484631+00:00] neuffer.test_task.INFO: numbers 16 and -83 are wrong [] []
[2024-12-09T00:21:06.484643+00:00] neuffer.test_task.INFO: numbers -58 and 30 are wrong [] []
[2024-12-09T00:21:06.484672+00:00] neuffer.test_task.INFO: numbers 27 and -46 are wrong [] []
[2024-12-09T00:21:06.484682+00:00] neuffer.test_task.INFO: numbers 53 and -3 are wrong [] []
[2024-12-09T00:21:06.484692+00:00] neuffer.test_task.INFO: numbers 89 and -26 are wrong [] []
[2024-12-09T00:21:06.484710+00:00] neuffer.test_task.INFO: numbers -56 and 54 are wrong [] []
[2024-12-09T00:21:06.484720+00:00] neuffer.test_task.INFO: numbers -88 and 58 are wrong [] []
[2024-12-09T00:21:06.484732+00:00] neuffer.test_task.INFO: numbers 66 and -33 are wrong [] []
[2024-12-09T00:21:06.484759+00:00] neuffer.test_task.INFO: numbers 65 and -63 are wrong [] []
[2024-12-09T00:21:06.484790+00:00] neuffer.test_task.INFO: numbers 2 and -77 are wrong [] []
[2024-12-09T00:21:06.484806+00:00] neuffer.test_task.INFO: numbers -33 and 61 are wrong [] []
[2024-12-09T00:21:06.484816+00:00] neuffer.test_task.INFO: numbers 80 and -77 are wrong [] []
[2024-12-09T00:21:06.484828+00:00] neuffer.test_task.INFO: numbers -34 and 88 are wrong [] []
[2024-12-09T00:21:06.484841+00:00] neuffer.test_task.INFO: numbers -39 and 98 are wrong [] []
[2024-12-09T00:21:06.484851+00:00] neuffer.test_task.INFO: numbers 20 and -30 are wrong [] []
[2024-12-09T00:21:06.484861+00:00] neuffer.test_task.INFO: numbers 40 and -23 are wrong [] []
[2024-12-09T00:21:06.484875+00:00] neuffer.test_task.INFO: numbers 12 and -6 are wrong [] []
[2024-12-09T00:21:06.484887+00:00] neuffer.test_task.INFO: numbers 20 and -2 are wrong [] []
[2024-12-09T00:21:06.484902+00:00] neuffer.test_task.INFO: numbers -14 and 33 are wrong [] []
[2024-12-09T00:21:06.484915+00:00] neuffer.test_task.INFO: numbers -14 and 88 are wrong [] []
[2024-12-09T00:21:06.484930+00:00] neuffer.test_task.INFO: numbers -3 and 92 are wrong [] []
[2024-12-09T00:21:06.484943+00:00] neuffer.test_task.INFO: numbers -30 and 62 are wrong [] []
[2024-12-09T00:21:06.484952+00:00] neuffer.test_task.INFO: numbers -12 and 22 are wrong [] []
[2024-12-09T00:21:06.484962+00:00] neuffer.test_task.INFO: numbers -55 and 20 are wrong [] []
[2024-12-09T00:21:06.484971+00:00] neuffer.test_task.INFO: numbers -74 and 65 are wrong [] []
[2024-12-09T00:21:06.484984+00:00] neuffer.test_task.INFO: numbers 44 and -92 are wrong [] []
[2024-12-09T00:21:06.485000+00:00] neuffer.test_task.INFO: numbers -55 and 67 are wrong [] []
[2024-12-09T00:21:06.485012+00:00] neuffer.test_task.INFO: numbers 96 and -56 are wrong [] []
[2024-12-09T00:21:06.485022+00:00] neuffer.test_task.INFO: numbers -71 and 97 are wrong [] []
[2024-12-09T00:21:06.485047+00:00] neuffer.test_task.INFO: numbers 87 and -1 are wrong [] []
[2024-12-09T00:21:06.485069+00:00] neuffer.test_task.INFO: numbers 70 and -18 are wrong [] []
[2024-12-09T00:21:06.485078+00:00] neuffer.test_task.INFO: numbers 39 and -42 are wrong [] []
[2024-12-09T00:21:06.485091+00:00] neuffer.test_task.INFO: numbers -10 and 52 are wrong [] []
[2024-12-09T00:21:06.485101+00:00] neuffer.test_task.INFO: numbers -97 and 42 are wrong [] []
[2024-12-09T00:21:06.485116+00:00] neuffer.test_task.INFO: numbers -68 and 57 are wrong [] []
[2024-12-09T00:21:06.485126+00:00] neuffer.test_task.INFO: numbers 59 and -57 are wrong [] []
[2024-12-09T00:21:06.485139+00:00] neuffer.test_task.INFO: numbers -6 and 73 are wrong [] []
[2024-12-09T00:21:06.485149+00:00] neuffer.test_task.INFO: numbers 63 and -77 are wrong [] []
[2024-12-09T00:21:06.485159+00:00] neuffer.test_task.INFO: numbers 71 and -45 are wrong [] []
[2024-12-09T00:21:06.485171+00:00] neuffer.test_task.INFO: numbers -72 and 66 are wrong [] []
[2024-12-09T00:21:06.485181+00:00] neuffer.test_task.INFO: numbers 67 and -74 are wrong [] []
[2024-12-09T00:21:06.485200+00:00] neuffer.test_task.INFO: numbers 93 and -76 are wrong [] []
[2024-12-09T00:21:06.485230+00:00] neuffer.test_task.INFO: numbers -3 and 21 are wrong [] []
[2024-12-09T00:21:06.485243+00:00] neuffer.test_task.INFO: numbers -8 and 72 are wrong [] []
[2024-12-09T00:21:06.485256+00:00] neuffer.test_task.INFO: numbers -93 and 62 are wrong [] []
[2024-12-09T00:21:06.485272+00:00] neuffer.test_task.INFO: numbers 84 and -1 are wrong [] []
[2024-12-09T00:21:06.485286+00:00] neuffer.test_task.INFO: numbers 19 and 0 are wrong, is not allowed [] []
[2024-12-09T00:21:06.485307+00:00] neuffer.test_task.INFO: numbers -36 and 34 are wrong [] []
[2024-12-09T00:21:06.485320+00:00] neuffer.test_task.INFO: numbers 66 and -30 are wrong [] []
[2024-12-09T00:21:06.485336+00:00] neuffer.test_task.INFO: numbers 19 and -57 are wrong [] []
[2024-12-09T00:21:06.485346+00:00] neuffer.test_task.INFO: numbers 79 and -42 are wrong [] []
[2024-12-09T00:21:06.485355+00:00] neuffer.test_task.INFO: numbers 99 and -22 are wrong [] []
[2024-12-09T00:21:06.485380+00:00] neuffer.test_task.INFO: numbers 77 and -82 are wrong [] []
[2024-12-09T00:21:06.485390+00:00] neuffer.test_task.INFO: numbers 67 and -93 are wrong [] []
[2024-12-09T00:21:06.485400+00:00] neuffer.test_task.INFO: numbers -83 and 36 are wrong [] []
[2024-12-09T00:21:06.485413+00:00] neuffer.test_task.INFO: numbers 24 and -52 are wrong [] []
[2024-12-09T00:21:06.485423+00:00] neuffer.test_task.INFO: numbers -21 and 17 are wrong [] []
[2024-12-09T00:21:06.485432+00:00] neuffer.test_task.INFO: numbers 90 and -93 are wrong [] []
[2024-12-09T00:21:06.485448+00:00] neuffer.test_task.INFO: numbers 32 and -13 are wrong [] []
[2024-12-09T00:21:06.485473+00:00] neuffer.test_task.INFO: numbers 93 and -56 are wrong [] []
[2024-12-09T00:21:06.485486+00:00] neuffer.test_task.INFO: numbers 54 and -65 are wrong [] []
[2024-12-09T00:21:06.485495+00:00] neuffer.test_task.INFO: numbers 74 and -56 are wrong [] []
[2024-12-09T00:21:06.485505+00:00] neuffer.test_task.INFO: numbers 57 and -64 are wrong [] []
[2024-12-09T00:21:06.485524+00:00] neuffer.test_task.INFO: numbers -38 and 81 are wrong [] []
[2024-12-09T00:21:06.485534+00:00] neuffer.test_task.INFO: numbers 86 and -46 are wrong [] []
[2024-12-09T00:21:06.485551+00:00] neuffer.test_task.INFO: numbers 62 and -79 are wrong [] []
[2024-12-09T00:21:06.485570+00:00] neuffer.test_task.INFO: numbers -45 and 24 are wrong [] []
[2024-12-09T00:21:06.485579+00:00] neuffer.test_task.INFO: numbers 78 and -62 are wrong [] []
[2024-12-09T00:21:06.485589+00:00] neuffer.test_task.INFO: numbers -79 and 3 are wrong [] []
[2024-12-09T00:21:06.485600+00:00] neuffer.test_task.INFO: numbers -12 and 98 are wrong [] []
[2024-12-09T00:21:06.485609+00:00] neuffer.test_task.INFO: numbers 49 and -6 are wrong [] []
[2024-12-09T00:21:06.485632+00:00] neuffer.test_task.INFO: numbers 89 and -92 are wrong [] []
[2024-12-09T00:21:06.485642+00:00] neuffer.test_task.INFO: numbers -84 and 22 are wrong [] []
[2024-12-09T00:21:06.485652+00:00] neuffer.test_task.INFO: numbers -64 and 60 are wrong [] []
[2024-12-09T00:21:06.485662+00:00] neuffer.test_task.INFO: numbers 77 and -30 are wrong [] []
[2024-12-09T00:21:06.485672+00:00] neuffer.test_task.INFO: numbers 67 and -70 are wrong [] []
[2024-12-09T00:21:06.485685+00:00] neuffer.test_task.INFO: numbers -36 and 22 are wrong [] []
[2024-12-09T00:21:06.485702+00:00] neuffer.test_task.INFO: numbers -2 and 55 are wrong [] []
[2024-12-09T00:21:06.485715+00:00] neuffer.test_task.INFO: numbers -27 and 9 are wrong [] []
[2024-12-09T00:21:06.485731+00:00] neuffer.test_task.INFO: numbers 57 and -99 are wrong [] []
[2024-12-09T00:21:06.485748+00:00] neuffer.test_task.INFO: numbers -65 and 11 are wrong [] []
[2024-12-09T00:21:06.485761+00:00] neuffer.test_task.INFO: numbers 21 and -25 are wrong [] []
[2024-12-09T00:21:06.485771+00:00] neuffer.test_task.INFO: numbers 38 and -32 are wrong [] []
[2024-12-09T00:21:06.485781+00:00] neuffer.test_task.INFO: numbers -77 and 80 are wrong [] []
[2024-12-09T00:21:06.485791+00:00] neuffer.test_task.INFO: numbers 71 and -68 are wrong [] []
[2024-12-09T00:21:06.485807+00:00] neuffer.test_task.INFO: numbers 96 and -40 are wrong [] []
[2024-12-09T00:21:06.485817+00:00] neuffer.test_task.INFO: numbers 11 and -80 are wrong [] []
[2024-12-09T00:21:06.485830+00:00] neuffer.test_task.INFO: numbers 11 and -61 are wrong [] []
[2024-12-09T00:21:06.485840+00:00] neuffer.test_task.INFO: numbers -55 and 24 are wrong [] []
[2024-12-09T00:21:06.485860+00:00] neuffer.test_task.INFO: numbers -86 and 78 are wrong [] []
[2024-12-09T00:21:06.485869+00:00] neuffer.test_task.INFO: numbers 51 and -94 are wrong [] []
[2024-12-09T00:21:06.485879+00:00] neuffer.test_task.INFO: numbers 83 and -57 are wrong [] []
[2024-12-09T00:21:06.485889+00:00] neuffer.test_task.INFO: numbers -57 and 5 are wrong [] []
[2024-12-09T00:21:06.485902+00:00] neuffer.test_task.INFO: numbers -88 and 19 are wrong [] []
[2024-12-09T00:21:06.485915+00:00] neuffer.test_task.INFO: numbers -62 and 64 are wrong [] []
[2024-12-09T00:21:06.485931+00:00] neuffer.test_task.INFO: numbers -73 and 2 are wrong [] []
[2024-12-09T00:21:06.485940+00:00] neuffer.test_task.INFO: numbers 81 and -75 are wrong [] []
[2024-12-09T00:21:06.485953+00:00] neuffer.test_task.INFO: numbers 0 and -72 are wrong [] []
[2024-12-09T00:21:06.485963+00:00] neuffer.test_task.INFO: numbers -83 and 92 are wrong [] []
[2024-12-09T00:21:06.485982+00:00] neuffer.test_task.INFO: numbers -81 and 45 are wrong [] []
[2024-12-09T00:21:06.485995+00:00] neuffer.test_task.INFO: numbers -44 and 46 are wrong [] []
[2024-12-09T00:21:06.486005+00:00] neuffer.test_task.INFO: numbers 80 and -92 are wrong [] []
[2024-12-09T00:21:06.486015+00:00] neuffer.test_task.INFO: numbers -21 and 47 are wrong [] []
[2024-12-09T00:21:06.486034+00:00] neuffer.test_task.INFO: numbers 78 and -70 are wrong [] []
[2024-12-09T00:21:06.486043+00:00] neuffer.test_task.INFO: numbers 62 and -67 are wrong [] []
[2024-12-09T00:21:06.486053+00:00] neuffer.test_task.INFO: numbers 42 and -63 are wrong [] []
[2024-12-09T00:21:06.486066+00:00] neuffer.test_task.INFO: numbers 23 and -31 are wrong [] []
[2024-12-09T00:21:06.486076+00:00] neuffer.test_task.INFO: numbers -19 and 32 are wrong [] []
[2024-12-09T00:21:06.486085+00:00] neuffer.test_task.INFO: numbers 41 and -72 are wrong [] []
[2024-12-09T00:21:06.486098+00:00] neuffer.test_task.INFO: numbers 56 and -24 are wrong [] []
[2024-12-09T00:21:06.486108+00:00] neuffer.test_task.INFO: numbers 75 and -59 are wrong [] []
[2024-12-09T00:21:06.486117+00:00] neuffer.test_task.INFO: numbers 77 and -57 are wrong [] []
[2024-12-09T00:21:06.486127+00:00] neuffer.test_task.INFO: numbers -83 and 62 are wrong [] []
[2024-12-09T00:21:06.486137+00:00] neuffer.test_task.INFO: numbers -32 and 34 are wrong [] []
[2024-12-09T00:21:06.486156+00:00] neuffer.test_task.INFO: numbers -88 and 74 are wrong [] []
[2024-12-09T00:21:06.486172+00:00] neuffer.test_task.INFO: numbers -19 and 66 are wrong [] []
[2024-12-09T00:21:06.486212+00:00] neuffer.test_task.INFO: numbers 82 and -74 are wrong [] []
[2024-12-09T00:21:06.486222+00:00] neuffer.test_task.INFO: numbers -70 and 38 are wrong [] []
[2024-12-09T00:21:06.486234+00:00] neuffer.test_task.INFO: numbers -58 and 74 are wrong [] []
[2024-12-09T00:21:06.486247+00:00] neuffer.test_task.INFO: numbers 74 and -6 are wrong [] []
[2024-12-09T00:21:06.486257+00:00] neuffer.test_task.INFO: numbers -76 and 10 are wrong [] []
[2024-12-09T00:21:06.486267+00:00] neuffer.test_task.INFO: numbers 51 and -4 are wrong [] []
[2024-12-09T00:21:06.486277+00:00] neuffer.test_task.INFO: numbers 95 and -42 are wrong [] []
[2024-12-09T00:21:06.486290+00:00] neuffer.test_task.INFO: numbers 68 and -40 are wrong [] []
[2024-12-09T00:21:06.486303+00:00] neuffer.test_task.INFO: numbers 1 and -13 are wrong [] []
[2024-12-09T00:21:06.486312+00:00] neuffer.test_task.INFO: numbers 23 and -8 are wrong [] []
[2024-12-09T00:21:06.486322+00:00] neuffer.test_task.INFO: numbers 55 and -31 are wrong [] []
[2024-12-09T00:21:06.486331+00:00] neuffer.test_task.INFO: numbers -79 and 22 are wrong [] []
[2024-12-09T00:21:06.486341+00:00] neuffer.test_task.INFO: numbers 62 and -5 are wrong [] []
[2024-12-09T00:21:06.486354+00:00] neuffer.test_task.INFO: numbers 19 and -45 are wrong [] []
[2024-12-09T00:21:06.486363+00:00] neuffer.test_task.INFO: numbers 90 and -57 are wrong [] []
[2024-12-09T00:21:06.486373+00:00] neuffer.test_task.INFO: numbers -49 and 31 are wrong [] []
[2024-12-09T00:21:06.486386+00:00] neuffer.test_task.INFO: numbers 10 and -11 are wrong [] []
[2024-12-09T00:21:06.486399+00:00] neuffer.test_task.INFO: numbers -18 and 52 are wrong [] []
[2024-12-09T00:21:06.486409+00:00] neuffer.test_task.INFO: numbers 26 and -83 are wrong [] []
[2024-12-09T00:21:06.486425+00:00] neuffer.test_task.INFO: numbers 30 and -76 are wrong [] []
[2024-12-09T00:21:06.486435+00:00] neuffer.test_task.INFO: numbers 32 and -89 are wrong [] []
[2024-12-09T00:21:06.486444+00:00] neuffer.test_task.INFO: numbers 13 and -5 are wrong [] []
[2024-12-09T00:21:06.486454+00:00] neuffer.test_task.INFO: numbers 81 and -11 are wrong [] []
[2024-12-09T00:21:06.486464+00:00] neuffer.test_task.INFO: numbers 4 and -11 are wrong [] []
[2024-12-09T00:21:06.486486+00:00] neuffer.test_task.INFO: numbers 6 and -82 are wrong [] []
[2024-12-09T00:21:06.486496+00:00] neuffer.test_task.INFO: numbers 58 and -8 are wrong [] []
[2024-12-09T00:21:06.486505+00:00] neuffer.test_task.INFO: numbers 20 and -39 are wrong [] []
[2024-12-09T00:21:06.486515+00:00] neuffer.test_task.INFO: numbers -86 and 26 are wrong [] []
[2024-12-09T00:21:06.486525+00:00] neuffer.test_task.INFO: numbers -50 and 89 are wrong [] []
[2024-12-09T00:21:06.486534+00:00] neuffer.test_task.INFO: numbers 19 and -43 are wrong [] []
[2024-12-09T00:21:06.486547+00:00] neuffer.test_task.INFO: numbers 26 and -33 are wrong [] []
[2024-12-09T00:21:06.486560+00:00] neuffer.test_task.INFO: numbers -37 and 91 are wrong [] []
[2024-12-09T00:21:06.486570+00:00] neuffer.test_task.INFO: numbers -85 and 4 are wrong [] []
[2024-12-09T00:21:06.486582+00:00] neuffer.test_task.INFO: numbers 95 and -53 are wrong [] []
[2024-12-09T00:21:06.486595+00:00] neuffer.test_task.INFO: numbers 6 and -58 are wrong [] []
[2024-12-09T00:21:06.486605+00:00] neuffer.test_task.INFO: numbers 12 and -82 are wrong [] []
[2024-12-09T00:21:06.486632+00:00] neuffer.test_task.INFO: numbers 85 and -40 are wrong [] []
[2024-12-09T00:21:06.486645+00:00] neuffer.test_task.INFO: numbers 37 and -37 are wrong [] []
[2024-12-09T00:21:06.486655+00:00] neuffer.test_task.INFO: numbers 33 and -83 are wrong [] []
[2024-12-09T00:21:06.486674+00:00] neuffer.test_task.INFO: numbers 22 and -7 are wrong [] []
[2024-12-09T00:21:06.486684+00:00] neuffer.test_task.INFO: numbers 19 and -81 are wrong [] []
[2024-12-09T00:21:06.486693+00:00] neuffer.test_task.INFO: numbers 97 and -82 are wrong [] []
[2024-12-09T00:21:06.486712+00:00] neuffer.test_task.INFO: numbers 75 and -27 are wrong [] []
[2024-12-09T00:21:06.486740+00:00] neuffer.test_task.INFO: numbers 6 and -39 are wrong [] []
[2024-12-09T00:21:06.486753+00:00] neuffer.test_task.INFO: numbers -15 and 37 are wrong [] []
[2024-12-09T00:21:06.486763+00:00] neuffer.test_task.INFO: numbers 40 and -54 are wrong [] []
[2024-12-09T00:21:06.486778+00:00] neuffer.test_task.INFO: numbers -79 and 17 are wrong [] []
[2024-12-09T00:21:06.486791+00:00] neuffer.test_task.INFO: numbers 13 and -27 are wrong [] []
[2024-12-09T00:21:06.486804+00:00] neuffer.test_task.INFO: numbers 38 and -81 are wrong [] []
[2024-12-09T00:21:06.486820+00:00] neuffer.test_task.INFO: numbers 0 and 28 are wrong [] []
[2024-12-09T00:21:06.486832+00:00] neuffer.test_task.INFO: numbers 18 and -36 are wrong [] []
[2024-12-09T00:21:06.486845+00:00] neuffer.test_task.INFO: numbers 45 and -36 are wrong [] []
[2024-12-09T00:21:06.486855+00:00] neuffer.test_task.INFO: numbers -75 and 11 are wrong [] []
[2024-12-09T00:21:06.486865+00:00] neuffer.test_task.INFO: numbers 91 and -55 are wrong [] []
[2024-12-09T00:21:06.486878+00:00] neuffer.test_task.INFO: numbers 34 and 0 are wrong, is not allowed [] []
[2024-12-09T00:21:06.486894+00:00] neuffer.test_task.INFO: numbers -56 and 8 are wrong [] []
[2024-12-09T00:21:06.486915+00:00] neuffer.test_task.INFO: numbers -64 and 0 are wrong, is not allowed [] []
[2024-12-09T00:21:06.486938+00:00] neuffer.test_task.INFO: numbers -75 and 38 are wrong [] []
[2024-12-09T00:21:06.486959+00:00] neuffer.test_task.INFO: numbers 99 and -86 are wrong [] []
[2024-12-09T00:21:06.486969+00:00] neuffer.test_task.INFO: numbers -6 and 30 are wrong [] []
[2024-12-09T00:21:06.486991+00:00] neuffer.test_task.INFO: numbers -52 and 14 are wrong [] []
[2024-12-09T00:21:06.487007+00:00] neuffer.test_task.INFO: numbers 86 and -66 are wrong [] []
[2024-12-09T00:21:06.487020+00:00] neuffer.test_task.INFO: numbers 60 and -55 are wrong [] []
[2024-12-09T00:21:06.487039+00:00] neuffer.test_task.INFO: numbers 32 and -6 are wrong [] []
[2024-12-09T00:21:06.487049+00:00] neuffer.test_task.INFO: numbers -84 and 9 are wrong [] []
[2024-12-09T00:21:06.487059+00:00] neuffer.test_task.INFO: numbers -36 and 8 are wrong [] []
[2024-12-09T00:21:06.487075+00:00] neuffer.test_task.INFO: numbers -36 and 16 are wrong [] []
[2024-12-09T00:21:06.487087+00:00] neuffer.test_task.INFO: numbers -65 and 30 are wrong [] []
[2024-12-09T00:21:06.487103+00:00] neuffer.test_task.INFO: numbers -85 and 76 are wrong [] []
[2024-12-09T00:21:06.487116+00:00] neuffer.test_task.INFO: numbers 52 and -48 are wrong [] []
[2024-12-09T00:21:06.487126+00:00] neuffer.test_task.INFO: numbers 90 and -49 are wrong [] []
[2024-12-09T00:21:06.487139+00:00] neuffer.test_task.INFO: numbers -74 and 27 are wrong [] []
[2024-12-09T00:21:06.487148+00:00] neuffer.test_task.INFO: numbers 5 and -10 are wrong [] []
[2024-12-09T00:21:06.487160+00:00] neuffer.test_task.INFO: numbers -99 and 49 are wrong [] []
[2024-12-09T00:21:06.487169+00:00] neuffer.test_task.INFO: numbers 73 and -30 are wrong [] []
[2024-12-09T00:21:06.487184+00:00] neuffer.test_task.INFO: numbers 30 and -51 are wrong [] []
[2024-12-09T00:21:06.487210+00:00] neuffer.test_task.INFO: numbers 21 and -45 are wrong [] []
[2024-12-09T00:21:06.487219+00:00] neuffer.test_task.INFO: numbers -4 and 18 are wrong [] []
[2024-12-09T00:21:06.487236+00:00] neuffer.test_task.INFO: numbers -45 and 61 are wrong [] []
[2024-12-09T00:21:06.487259+00:00] neuffer.test_task.INFO: numbers 8 and -57 are wrong [] []
[2024-12-09T00:21:06.487282+00:00] neuffer.test_task.INFO: numbers 13 and -45 are wrong [] []
[2024-12-09T00:21:06.487294+00:00] neuffer.test_task.INFO: numbers -4 and 88 are wrong [] []
[2024-12-09T00:21:06.487306+00:00] neuffer.test_task.INFO: numbers 70 and -77 are wrong [] []
[2024-12-09T00:21:06.487315+00:00] neuffer.test_task.INFO: numbers -43 and 45 are wrong [] []
[2024-12-09T00:21:06.487327+00:00] neuffer.test_task.INFO: numbers -2 and 96 are wrong [] []
[2024-12-09T00:21:06.487339+00:00] neuffer.test_task.INFO: numbers 16 and -18 are wrong [] []
[2024-12-09T00:21:06.487357+00:00] neuffer.test_task.INFO: numbers -53 and 40 are wrong [] []
[2024-12-09T00:21:06.487375+00:00] neuffer.test_task.INFO: numbers 29 and -51 are wrong [] []
[2024-12-09T00:21:06.487384+00:00] neuffer.test_task.INFO: numbers -89 and 68 are wrong [] []
[2024-12-09T00:21:06.487396+00:00] neuffer.test_task.INFO: numbers -64 and 65 are wrong [] []
[2024-12-09T00:21:06.487410+00:00] neuffer.test_task.INFO: numbers 97 and -80 are wrong [] []
[2024-12-09T00:21:06.487427+00:00] neuffer.test_task.INFO: numbers 55 and -59 are wrong [] []
[2024-12-09T00:21:06.487440+00:00] neuffer.test_task.INFO: numbers 5 and -67 are wrong [] []
[2024-12-09T00:21:06.487449+00:00] neuffer.test_task.INFO: numbers -76 and 21 are wrong [] []
[2024-12-09T00:21:06.487469+00:00] neuffer.test_task.INFO: numbers 0 and 0 are wrong, is not allowed [] []
[2024-12-09T00:21:06.487478+00:00] neuffer.test_task.INFO: numbers -43 and 16 are wrong [] []
[2024-12-09T00:21:06.487494+00:00] neuffer.test_task.INFO: numbers 20 and -4 are wrong [] []
[2024-12-09T00:21:06.487506+00:00] neuffer.test_task.INFO: numbers 27 and -80 are wrong [] []
[2024-12-09T00:21:06.487520+00:00] neuffer.test_task.INFO: numbers -96 and 86 are wrong [] []
[2024-12-09T00:21:06.487529+00:00] neuffer.test_task.INFO: numbers 25 and -9 are wrong [] []
[2024-12-09T00:21:06.487541+00:00] neuffer.test_task.INFO: numbers 48 and -60 are wrong [] []
[2024-12-09T00:21:06.487550+00:00] neuffer.test_task.INFO: numbers -12 and 70 are wrong [] []
[2024-12-09T00:21:06.487573+00:00] neuffer.test_task.INFO: numbers 38 and -88 are wrong [] []
[2024-12-09T00:21:06.487585+00:00] neuffer.test_task.INFO: numbers -13 and 6 are wrong [] []
[2024-12-09T00:21:06.487601+00:00] neuffer.test_task.INFO: numbers -55 and 60 are wrong [] []
[2024-12-09T00:21:06.487610+00:00] neuffer.test_task.INFO: numbers -80 and 35 are wrong [] []
[2024-12-09T00:21:06.487619+00:00] neuffer.test_task.INFO: numbers 47 and -57 are wrong [] []
[2024-12-09T00:21:06.487643+00:00] neuffer.test_task.INFO: numbers 77 and -46 are wrong [] []
[2024-12-09T00:21:06.487653+00:00] neuffer.test_task.INFO: numbers 44 and 0 are wrong, is not allowed [] []
[2024-12-09T00:21:06.487668+00:00] neuffer.test_task.INFO: numbers 10 and -20 are wrong [] []
[2024-12-09T00:21:06.487677+00:00] neuffer.test_task.INFO: numbers 53 and -76 are wrong [] []
[2024-12-09T00:21:06.487689+00:00] neuffer.test_task.INFO: numbers 87 and -2 are wrong [] []
[2024-12-09T00:21:06.487704+00:00] neuffer.test_task.INFO: numbers 77 and -23 are wrong [] []
[2024-12-09T00:21:06.487716+00:00] neuffer.test_task.INFO: numbers 77 and -29 are wrong [] []
[2024-12-09T00:21:06.487725+00:00] neuffer.test_task.INFO: numbers 59 and -98 are wrong [] []
[2024-12-09T00:21:06.487743+00:00] neuffer.test_task.INFO: numbers 83 and -58 are wrong [] []
[2024-12-09T00:21:06.487752+00:00] neuffer.test_task.INFO: numbers -71 and 60 are wrong [] []
[2024-12-09T00:21:06.487761+00:00] neuffer.test_task.INFO: numbers -68 and 93 are wrong [] []
[2024-12-09T00:21:06.487770+00:00] neuffer.test_task.INFO: numbers -2 and 36 are wrong [] []
[2024-12-09T00:21:06.487785+00:00] neuffer.test_task.INFO: numbers 65 and -62 are wrong [] []
[2024-12-09T00:21:06.487794+00:00] neuffer.test_task.INFO: numbers 87 and -17 are wrong [] []
[2024-12-09T00:21:06.487809+00:00] neuffer.test_task.INFO: numbers 41 and -51 are wrong [] []
[2024-12-09T00:21:06.487823+00:00] neuffer.test_task.INFO: numbers -38 and 20 are wrong [] []
[2024-12-09T00:21:06.487835+00:00] neuffer.test_task.INFO: numbers -22 and 5 are wrong [] []
[2024-12-09T00:21:06.487847+00:00] neuffer.test_task.INFO: numbers -55 and 13 are wrong [] []
[2024-12-09T00:21:06.487856+00:00] neuffer.test_task.INFO: numbers -50 and 96 are wrong [] []
[2024-12-09T00:21:06.487871+00:00] neuffer.test_task.INFO: numbers 93 and -10 are wrong [] []
[2024-12-09T00:21:06.487880+00:00] neuffer.test_task.INFO: numbers -57 and 4 are wrong [] []
[2024-12-09T00:21:06.487892+00:00] neuffer.test_task.INFO: numbers 49 and -39 are wrong [] []
[2024-12-09T00:21:06.487901+00:00] neuffer.test_task.INFO: numbers 28 and -48 are wrong [] []
[2024-12-09T00:21:06.487913+00:00] neuffer.test_task.INFO: numbers -74 and 46 are wrong [] []
[2024-12-09T00:21:06.487933+00:00] neuffer.test_task.INFO: numbers -33 and 90 are wrong [] []
[2024-12-09T00:21:06.487957+00:00] neuffer.test_task.INFO: numbers -36 and 65 are wrong [] []
[2024-12-09T00:21:06.487969+00:00] neuffer.test_task.INFO: numbers -22 and 97 are wrong [] []
[2024-12-09T00:21:06.487986+00:00] neuffer.test_task.INFO: numbers -80 and 11 are wrong [] []
[2024-12-09T00:21:06.487995+00:00] neuffer.test_task.INFO: numbers -8 and 52 are wrong [] []
[2024-12-09T00:21:06.488004+00:00] neuffer.test_task.INFO: numbers -39 and 86 are wrong [] []
[2024-12-09T00:21:06.488022+00:00] neuffer.test_task.INFO: numbers -63 and 81 are wrong [] []
[2024-12-09T00:21:06.488031+00:00] neuffer.test_task.INFO: numbers 50 and -12 are wrong [] []
[2024-12-09T00:21:06.488040+00:00] neuffer.test_task.INFO: numbers 8 and -46 are wrong [] []
[2024-12-09T00:21:06.488063+00:00] neuffer.test_task.INFO: numbers 57 and -37 are wrong [] []
[2024-12-09T00:21:06.488075+00:00] neuffer.test_task.INFO: numbers -63 and 71 are wrong [] []
[2024-12-09T00:21:06.488084+00:00] neuffer.test_task.INFO: numbers 31 and -43 are wrong [] []
[2024-12-09T00:21:06.488094+00:00] neuffer.test_task.INFO: numbers 11 and -27 are wrong [] []
[2024-12-09T00:21:06.488103+00:00] neuffer.test_task.INFO: numbers 23 and -23 are wrong [] []
[2024-12-09T00:21:06.488112+00:00] neuffer.test_task.INFO: numbers 18 and -22 are wrong [] []
[2024-12-09T00:21:06.488121+00:00] neuffer.test_task.INFO: numbers -52 and 64 are wrong [] []
[2024-12-09T00:21:06.488138+00:00] neuffer.test_task.INFO: numbers -9 and 98 are wrong [] []
[2024-12-09T00:21:06.488147+00:00] neuffer.test_task.INFO: numbers -30 and 10 are wrong [] []
[2024-12-09T00:21:06.488160+00:00] neuffer.test_task.INFO: numbers -36 and 73 are wrong [] []
[2024-12-09T00:21:06.488178+00:00] neuffer.test_task.INFO: numbers 17 and -67 are wrong [] []
[2024-12-09T00:21:06.488187+00:00] neuffer.test_task.INFO: numbers -51 and 74 are wrong [] []
[2024-12-09T00:21:06.488196+00:00] neuffer.test_task.INFO: numbers -32 and 66 are wrong [] []
[2024-12-09T00:21:06.488211+00:00] neuffer.test_task.INFO: numbers 86 and -24 are wrong [] []
[2024-12-09T00:21:06.488231+00:00] neuffer.test_task.INFO: numbers 4 and -52 are wrong [] []
[2024-12-09T00:21:06.488241+00:00] neuffer.test_task.INFO: numbers 39 and -44 are wrong [] []
[2024-12-09T00:21:06.488253+00:00] neuffer.test_task.INFO: numbers 4 and -83 are wrong [] []
[2024-12-09T00:21:06.488276+00:00] neuffer.test_task.INFO: numbers -9 and 70 are wrong [] []
[2024-12-09T00:21:06.488288+00:00] neuffer.test_task.INFO: numbers -44 and 40 are wrong [] []
[2024-12-09T00:21:06.488303+00:00] neuffer.test_task.INFO: numbers -20 and 0 are wrong, is not allowed [] []
[2024-12-09T00:21:06.488312+00:00] neuffer.test_task.INFO: numbers -83 and 1 are wrong [] []
[2024-12-09T00:21:06.488322+00:00] neuffer.test_task.INFO: numbers 95 and -68 are wrong [] []
[2024-12-09T00:21:06.488331+00:00] neuffer.test_task.INFO: numbers 59 and -36 are wrong [] []
[2024-12-09T00:21:06.488343+00:00] neuffer.test_task.INFO: numbers -79 and 4 are wrong [] []
[2024-12-09T00:21:06.488352+00:00] neuffer.test_task.INFO: numbers 32 and -11 are wrong [] []
[2024-12-09T00:21:06.488361+00:00] neuffer.test_task.INFO: numbers 77 and -64 are wrong [] []
[2024-12-09T00:21:06.488373+00:00] neuffer.test_task.INFO: numbers -66 and 0 are wrong, is not allowed [] []
[2024-12-09T00:21:06.488385+00:00] neuffer.test_task.INFO: numbers -11 and 26 are wrong [] []
[2024-12-09T00:21:06.488400+00:00] neuffer.test_task.INFO: numbers -86 and 90 are wrong [] []
[2024-12-09T00:21:06.488409+00:00] neuffer.test_task.INFO: numbers -16 and 53 are wrong [] []
[2024-12-09T00:21:06.488418+00:00] neuffer.test_task.INFO: numbers 58 and -24 are wrong [] []
[2024-12-09T00:21:06.488432+00:00] neuffer.test_task.INFO: numbers -74 and 96 are wrong [] []
[2024-12-09T00:21:06.488441+00:00] neuffer.test_task.INFO: numbers 98 and -4 are wrong [] []
[2024-12-09T00:21:06.488450+00:00] neuffer.test_task.INFO: numbers -39 and 26 are wrong [] []
[2024-12-09T00:21:06.488459+00:00] neuffer.test_task.INFO: numbers -58 and 88 are wrong [] []
[2024-12-09T00:21:06.488468+00:00] neuffer.test_task.INFO: numbers 22 and -54 are wrong [] []
[2024-12-09T00:21:06.488477+00:00] neuffer.test_task.INFO: numbers 70 and -62 are wrong [] []
[2024-12-09T00:21:06.488486+00:00] neuffer.test_task.INFO: numbers 42 and -79 are wrong [] []
[2024-12-09T00:21:06.488503+00:00] neuffer.test_task.INFO: numbers -14 and 46 are wrong [] []
[2024-12-09T00:21:06.488515+00:00] neuffer.test_task.INFO: numbers -13 and 60 are wrong [] []
[2024-12-09T00:21:06.488524+00:00] neuffer.test_task.INFO: numbers 66 and -22 are wrong [] []
[2024-12-09T00:21:06.488533+00:00] neuffer.test_task.INFO: numbers -22 and 93 are wrong [] []
[2024-12-09T00:21:06.488542+00:00] neuffer.test_task.INFO: numbers -25 and 76 are wrong [] []
[2024-12-09T00:21:06.488554+00:00] neuffer.test_task.INFO: numbers -10 and 8 are wrong [] []
[2024-12-09T00:21:06.488568+00:00] neuffer.test_task.INFO: numbers -15 and 60 are wrong [] []
[2024-12-09T00:21:06.488580+00:00] neuffer.test_task.INFO: numbers 39 and -69 are wrong [] []
[2024-12-09T00:21:06.488611+00:00] neuffer.test_task.INFO: Finished division operation   [] []
