[2024-12-09T00:21:38.988881+00:00] neuffer.test_task.INFO: Started minus operation   [] []
[2024-12-09T00:21:38.989632+00:00] neuffer.test_task.INFO: numbers 0 and 90 are wrong [] []
[2024-12-09T00:21:38.989700+00:00] neuffer.test_task.INFO: numbers -1 and 10 are wrong [] []
[2024-12-09T00:21:38.989741+00:00] neuffer.test_task.INFO: numbers 28 and 96 are wrong [] []
[2024-12-09T00:21:38.989760+00:00] neuffer.test_task.INFO: numbers -39 and -23 are wrong [] []
[2024-12-09T00:21:38.989798+00:00] neuffer.test_task.INFO: numbers -88 and -77 are wrong [] []
[2024-12-09T00:21:38.989815+00:00] neuffer.test_task.INFO: numbers -57 and 60 are wrong [] []
[2024-12-09T00:21:38.989828+00:00] neuffer.test_task.INFO: numbers -22 and 16 are wrong [] []
[2024-12-09T00:21:38.989841+00:00] neuffer.test_task.INFO: numbers 16 and 81 are wrong [] []
[2024-12-09T00:21:38.989858+00:00] neuffer.test_task.INFO: numbers -48 and 41 are wrong [] []
[2024-12-09T00:21:38.989870+00:00] neuffer.test_task.INFO: numbers -65 and 73 are wrong [] []
[2024-12-09T00:21:38.989882+00:00] neuffer.test_task.INFO: numbers -41 and -6 are wrong [] []
[2024-12-09T00:21:38.989894+00:00] neuffer.test_task.INFO: numbers -67 and 78 are wrong [] []
[2024-12-09T00:21:38.989906+00:00] neuffer.test_task.INFO: numbers -26 and 8 are wrong [] []
[2024-12-09T00:21:38.989919+00:00] neuffer.test_task.INFO: numbers 9 and 34 are wrong [] []
[2024-12-09T00:21:38.989948+00:00] neuffer.test_task.INFO: numbers -55 and 33 are wrong [] []
[2024-12-09T00:21:38.989960+00:00] neuffer.test_task.INFO: numbers -45 and 91 are wrong [] []
[2024-12-09T00:21:38.989972+00:00] neuffer.test_task.INFO: numbers 2 and 17 are wrong [] []
[2024-12-09T00:21:38.989984+00:00] neuffer.test_task.INFO: numbers 71 and 86 are wrong [] []
[2024-12-09T00:21:38.989996+00:00] neuffer.test_task.INFO: numbers 76 and 87 are wrong [] []
[2024-12-09T00:21:38.990008+00:00] neuffer.test_task.INFO: numbers 36 and 98 are wrong [] []
[2024-12-09T00:21:38.990024+00:00] neuffer.test_task.INFO: numbers -99 and 39 are wrong [] []
[2024-12-09T00:21:38.990040+00:00] neuffer.test_task.INFO: numbers -83 and 40 are wrong [] []
[2024-12-09T00:21:38.990052+00:00] neuffer.test_task.INFO: numbers 0 and 88 are wrong [] []
[2024-12-09T00:21:38.990064+00:00] neuffer.test_task.INFO: numbers -91 and 70 are wrong [] []
[2024-12-09T00:21:38.990075+00:00] neuffer.test_task.INFO: numbers -36 and 35 are wrong [] []
[2024-12-09T00:21:38.990089+00:00] neuffer.test_task.INFO: numbers -2 and 13 are wrong [] []
[2024-12-09T00:21:38.990101+00:00] neuffer.test_task.INFO: numbers -93 and 92 are wrong [] []
[2024-12-09T00:21:38.990137+00:00] neuffer.test_task.INFO: numbers 13 and 83 are wrong [] []
[2024-12-09T00:21:38.990153+00:00] neuffer.test_task.INFO: numbers 12 and 21 are wrong [] []
[2024-12-09T00:21:38.990174+00:00] neuffer.test_task.INFO: numbers -25 and -18 are wrong [] []
[2024-12-09T00:21:38.990190+00:00] neuffer.test_task.INFO: numbers 16 and 32 are wrong [] []
[2024-12-09T00:21:38.990203+00:00] neuffer.test_task.INFO: numbers -18 and 3 are wrong [] []
[2024-12-09T00:21:38.990227+00:00] neuffer.test_task.INFO: numbers -86 and 56 are wrong [] []
[2024-12-09T00:21:38.990255+00:00] neuffer.test_task.INFO: numbers -98 and -37 are wrong [] []
[2024-12-09T00:21:38.990279+00:00] neuffer.test_task.INFO: numbers -96 and 32 are wrong [] []
[2024-12-09T00:21:38.990291+00:00] neuffer.test_task.INFO: numbers -39 and 90 are wrong [] []
[2024-12-09T00:21:38.990303+00:00] neuffer.test_task.INFO: numbers 43 and 69 are wrong [] []
[2024-12-09T00:21:38.990332+00:00] neuffer.test_task.INFO: numbers -64 and 59 are wrong [] []
[2024-12-09T00:21:38.990352+00:00] neuffer.test_task.INFO: numbers -87 and 70 are wrong [] []
[2024-12-09T00:21:38.990369+00:00] neuffer.test_task.INFO: numbers -94 and 33 are wrong [] []
[2024-12-09T00:21:38.990382+00:00] neuffer.test_task.INFO: numbers -81 and 93 are wrong [] []
[2024-12-09T00:21:38.990394+00:00] neuffer.test_task.INFO: numbers -84 and -57 are wrong [] []
[2024-12-09T00:21:38.990406+00:00] neuffer.test_task.INFO: numbers -64 and 11 are wrong [] []
[2024-12-09T00:21:38.990425+00:00] neuffer.test_task.INFO: numbers -46 and 65 are wrong [] []
[2024-12-09T00:21:38.990436+00:00] neuffer.test_task.INFO: numbers 25 and 35 are wrong [] []
[2024-12-09T00:21:38.990447+00:00] neuffer.test_task.INFO: numbers -89 and 1 are wrong [] []
[2024-12-09T00:21:38.990458+00:00] neuffer.test_task.INFO: numbers -67 and 40 are wrong [] []
[2024-12-09T00:21:38.990469+00:00] neuffer.test_task.INFO: numbers 94 and 95 are wrong [] []
[2024-12-09T00:21:38.990481+00:00] neuffer.test_task.INFO: numbers -42 and -34 are wrong [] []
[2024-12-09T00:21:38.990492+00:00] neuffer.test_task.INFO: numbers -22 and 30 are wrong [] []
[2024-12-09T00:21:38.990507+00:00] neuffer.test_task.INFO: numbers -44 and 34 are wrong [] []
[2024-12-09T00:21:38.990522+00:00] neuffer.test_task.INFO: numbers -89 and -40 are wrong [] []
[2024-12-09T00:21:38.990548+00:00] neuffer.test_task.INFO: numbers -96 and -55 are wrong [] []
[2024-12-09T00:21:38.990561+00:00] neuffer.test_task.INFO: numbers -46 and -33 are wrong [] []
[2024-12-09T00:21:38.990573+00:00] neuffer.test_task.INFO: numbers -46 and -45 are wrong [] []
[2024-12-09T00:21:38.990584+00:00] neuffer.test_task.INFO: numbers -13 and 22 are wrong [] []
[2024-12-09T00:21:38.990599+00:00] neuffer.test_task.INFO: numbers -51 and 19 are wrong [] []
[2024-12-09T00:21:38.990609+00:00] neuffer.test_task.INFO: numbers -32 and 68 are wrong [] []
[2024-12-09T00:21:38.990628+00:00] neuffer.test_task.INFO: numbers -61 and 62 are wrong [] []
[2024-12-09T00:21:38.990643+00:00] neuffer.test_task.INFO: numbers -82 and 61 are wrong [] []
[2024-12-09T00:21:38.990658+00:00] neuffer.test_task.INFO: numbers -73 and 9 are wrong [] []
[2024-12-09T00:21:38.990675+00:00] neuffer.test_task.INFO: numbers -80 and -29 are wrong [] []
[2024-12-09T00:21:38.990689+00:00] neuffer.test_task.INFO: numbers -69 and 79 are wrong [] []
[2024-12-09T00:21:38.990700+00:00] neuffer.test_task.INFO: numbers 26 and 39 are wrong [] []
[2024-12-09T00:21:38.990715+00:00] neuffer.test_task.INFO: numbers 62 and 82 are wrong [] []
[2024-12-09T00:21:38.990730+00:00] neuffer.test_task.INFO: numbers -30 and -21 are wrong [] []
[2024-12-09T00:21:38.990749+00:00] neuffer.test_task.INFO: numbers -19 and 21 are wrong [] []
[2024-12-09T00:21:38.990770+00:00] neuffer.test_task.INFO: numbers -55 and 44 are wrong [] []
[2024-12-09T00:21:38.990783+00:00] neuffer.test_task.INFO: numbers 48 and 51 are wrong [] []
[2024-12-09T00:21:38.990800+00:00] neuffer.test_task.INFO: numbers -10 and 86 are wrong [] []
[2024-12-09T00:21:38.990817+00:00] neuffer.test_task.INFO: numbers -68 and 61 are wrong [] []
[2024-12-09T00:21:38.990829+00:00] neuffer.test_task.INFO: numbers -100 and 15 are wrong [] []
[2024-12-09T00:21:38.990857+00:00] neuffer.test_task.INFO: numbers -38 and 10 are wrong [] []
[2024-12-09T00:21:38.990867+00:00] neuffer.test_task.INFO: numbers -50 and 1 are wrong [] []
[2024-12-09T00:21:38.990891+00:00] neuffer.test_task.INFO: numbers -88 and 28 are wrong [] []
[2024-12-09T00:21:38.990901+00:00] neuffer.test_task.INFO: numbers -42 and 77 are wrong [] []
[2024-12-09T00:21:38.990912+00:00] neuffer.test_task.INFO: numbers 37 and 98 are wrong [] []
[2024-12-09T00:21:38.990923+00:00] neuffer.test_task.INFO: numbers -50 and 90 are wrong [] []
[2024-12-09T00:21:38.990933+00:00] neuffer.test_task.INFO: numbers -5 and 46 are wrong [] []
[2024-12-09T00:21:38.990961+00:00] neuffer.test_task.INFO: numbers -45 and -31 are wrong [] []
[2024-12-09T00:21:38.990992+00:00] neuffer.test_task.INFO: numbers -55 and -17 are wrong [] []
[2024-12-09T00:21:38.991003+00:00] neuffer.test_task.INFO: numbers 9 and 47 are wrong [] []
[2024-12-09T00:21:38.991022+00:00] neuffer.test_task.INFO: numbers 0 and 21 are wrong [] []
[2024-12-09T00:21:38.991037+00:00] neuffer.test_task.INFO: numbers -68 and -31 are wrong [] []
[2024-12-09T00:21:38.991058+00:00] neuffer.test_task.INFO: numbers 18 and 40 are wrong [] []
[2024-12-09T00:21:38.991070+00:00] neuffer.test_task.INFO: numbers -85 and 13 are wrong [] []
[2024-12-09T00:21:38.991083+00:00] neuffer.test_task.INFO: numbers -51 and -30 are wrong [] []
[2024-12-09T00:21:38.991136+00:00] neuffer.test_task.INFO: numbers -88 and -21 are wrong [] []
[2024-12-09T00:21:38.991164+00:00] neuffer.test_task.INFO: numbers 10 and 46 are wrong [] []
[2024-12-09T00:21:38.991187+00:00] neuffer.test_task.INFO: numbers 2 and 51 are wrong [] []
[2024-12-09T00:21:38.991210+00:00] neuffer.test_task.INFO: numbers -97 and -70 are wrong [] []
[2024-12-09T00:21:38.991221+00:00] neuffer.test_task.INFO: numbers -83 and 32 are wrong [] []
[2024-12-09T00:21:38.991232+00:00] neuffer.test_task.INFO: numbers -54 and 50 are wrong [] []
[2024-12-09T00:21:38.991243+00:00] neuffer.test_task.INFO: numbers -77 and -27 are wrong [] []
[2024-12-09T00:21:38.991254+00:00] neuffer.test_task.INFO: numbers 25 and 82 are wrong [] []
[2024-12-09T00:21:38.991271+00:00] neuffer.test_task.INFO: numbers 19 and 48 are wrong [] []
[2024-12-09T00:21:38.991282+00:00] neuffer.test_task.INFO: numbers -54 and 46 are wrong [] []
[2024-12-09T00:21:38.991293+00:00] neuffer.test_task.INFO: numbers -96 and -54 are wrong [] []
[2024-12-09T00:21:38.991308+00:00] neuffer.test_task.INFO: numbers -12 and 62 are wrong [] []
[2024-12-09T00:21:38.991327+00:00] neuffer.test_task.INFO: numbers 56 and 78 are wrong [] []
[2024-12-09T00:21:38.991338+00:00] neuffer.test_task.INFO: numbers -39 and -33 are wrong [] []
[2024-12-09T00:21:38.991348+00:00] neuffer.test_task.INFO: numbers -35 and 71 are wrong [] []
[2024-12-09T00:21:38.991359+00:00] neuffer.test_task.INFO: numbers -88 and 0 are wrong [] []
[2024-12-09T00:21:38.991370+00:00] neuffer.test_task.INFO: numbers -38 and 18 are wrong [] []
[2024-12-09T00:21:38.991380+00:00] neuffer.test_task.INFO: numbers -47 and 90 are wrong [] []
[2024-12-09T00:21:38.991395+00:00] neuffer.test_task.INFO: numbers 3 and 9 are wrong [] []
[2024-12-09T00:21:38.991410+00:00] neuffer.test_task.INFO: numbers 29 and 100 are wrong [] []
[2024-12-09T00:21:38.991450+00:00] neuffer.test_task.INFO: numbers -32 and 32 are wrong [] []
[2024-12-09T00:21:38.991486+00:00] neuffer.test_task.INFO: numbers 40 and 68 are wrong [] []
[2024-12-09T00:21:38.991505+00:00] neuffer.test_task.INFO: numbers -4 and 22 are wrong [] []
[2024-12-09T00:21:38.991520+00:00] neuffer.test_task.INFO: numbers -76 and -44 are wrong [] []
[2024-12-09T00:21:38.991530+00:00] neuffer.test_task.INFO: numbers -41 and 4 are wrong [] []
[2024-12-09T00:21:38.991566+00:00] neuffer.test_task.INFO: numbers 19 and 26 are wrong [] []
[2024-12-09T00:21:38.991601+00:00] neuffer.test_task.INFO: numbers -53 and 25 are wrong [] []
[2024-12-09T00:21:38.991620+00:00] neuffer.test_task.INFO: numbers 35 and 77 are wrong [] []
[2024-12-09T00:21:38.991634+00:00] neuffer.test_task.INFO: numbers -69 and 43 are wrong [] []
[2024-12-09T00:21:38.991645+00:00] neuffer.test_task.INFO: numbers -6 and 11 are wrong [] []
[2024-12-09T00:21:38.991660+00:00] neuffer.test_task.INFO: numbers -64 and -12 are wrong [] []
[2024-12-09T00:21:38.991687+00:00] neuffer.test_task.INFO: numbers -16 and 89 are wrong [] []
[2024-12-09T00:21:38.991710+00:00] neuffer.test_task.INFO: numbers -16 and -5 are wrong [] []
[2024-12-09T00:21:38.991721+00:00] neuffer.test_task.INFO: numbers 35 and 72 are wrong [] []
[2024-12-09T00:21:38.991744+00:00] neuffer.test_task.INFO: numbers -26 and 43 are wrong [] []
[2024-12-09T00:21:38.991754+00:00] neuffer.test_task.INFO: numbers -33 and 7 are wrong [] []
[2024-12-09T00:21:38.991785+00:00] neuffer.test_task.INFO: numbers -29 and -7 are wrong [] []
[2024-12-09T00:21:38.991796+00:00] neuffer.test_task.INFO: numbers 4 and 15 are wrong [] []
[2024-12-09T00:21:38.991810+00:00] neuffer.test_task.INFO: numbers 33 and 87 are wrong [] []
[2024-12-09T00:21:38.991829+00:00] neuffer.test_task.INFO: numbers -18 and 29 are wrong [] []
[2024-12-09T00:21:38.991876+00:00] neuffer.test_task.INFO: numbers -36 and 79 are wrong [] []
[2024-12-09T00:21:38.991919+00:00] neuffer.test_task.INFO: numbers -48 and 31 are wrong [] []
[2024-12-09T00:21:38.991930+00:00] neuffer.test_task.INFO: numbers -31 and 54 are wrong [] []
[2024-12-09T00:21:38.991945+00:00] neuffer.test_task.INFO: numbers 54 and 66 are wrong [] []
[2024-12-09T00:21:38.991964+00:00] neuffer.test_task.INFO: numbers -95 and 2 are wrong [] []
[2024-12-09T00:21:38.991995+00:00] neuffer.test_task.INFO: numbers 35 and 55 are wrong [] []
[2024-12-09T00:21:38.992010+00:00] neuffer.test_task.INFO: numbers -30 and 75 are wrong [] []
[2024-12-09T00:21:38.992021+00:00] neuffer.test_task.INFO: numbers -47 and 44 are wrong [] []
[2024-12-09T00:21:38.992041+00:00] neuffer.test_task.INFO: numbers -62 and 48 are wrong [] []
[2024-12-09T00:21:38.992064+00:00] neuffer.test_task.INFO: numbers -76 and 27 are wrong [] []
[2024-12-09T00:21:38.992079+00:00] neuffer.test_task.INFO: numbers -97 and 20 are wrong [] []
[2024-12-09T00:21:38.992107+00:00] neuffer.test_task.INFO: numbers -88 and 75 are wrong [] []
[2024-12-09T00:21:38.992135+00:00] neuffer.test_task.INFO: numbers -97 and 67 are wrong [] []
[2024-12-09T00:21:38.992150+00:00] neuffer.test_task.INFO: numbers -59 and 32 are wrong [] []
[2024-12-09T00:21:38.992173+00:00] neuffer.test_task.INFO: numbers -86 and 69 are wrong [] []
[2024-12-09T00:21:38.992193+00:00] neuffer.test_task.INFO: numbers -86 and -29 are wrong [] []
[2024-12-09T00:21:38.992204+00:00] neuffer.test_task.INFO: numbers -23 and 1 are wrong [] []
[2024-12-09T00:21:38.992227+00:00] neuffer.test_task.INFO: numbers -3 and 42 are wrong [] []
[2024-12-09T00:21:38.992242+00:00] neuffer.test_task.INFO: numbers -92 and -57 are wrong [] []
[2024-12-09T00:21:38.992257+00:00] neuffer.test_task.INFO: numbers -89 and -83 are wrong [] []
[2024-12-09T00:21:38.992276+00:00] neuffer.test_task.INFO: numbers -90 and -67 are wrong [] []
[2024-12-09T00:21:38.992295+00:00] neuffer.test_task.INFO: numbers 88 and 96 are wrong [] []
[2024-12-09T00:21:38.992310+00:00] neuffer.test_task.INFO: numbers -54 and -11 are wrong [] []
[2024-12-09T00:21:38.992320+00:00] neuffer.test_task.INFO: numbers 9 and 98 are wrong [] []
[2024-12-09T00:21:38.992331+00:00] neuffer.test_task.INFO: numbers -3 and 87 are wrong [] []
[2024-12-09T00:21:38.992346+00:00] neuffer.test_task.INFO: numbers -69 and -28 are wrong [] []
[2024-12-09T00:21:38.992356+00:00] neuffer.test_task.INFO: numbers -92 and 69 are wrong [] []
[2024-12-09T00:21:38.992367+00:00] neuffer.test_task.INFO: numbers -62 and 12 are wrong [] []
[2024-12-09T00:21:38.992382+00:00] neuffer.test_task.INFO: numbers -70 and -14 are wrong [] []
[2024-12-09T00:21:38.992401+00:00] neuffer.test_task.INFO: numbers 12 and 81 are wrong [] []
[2024-12-09T00:21:38.992412+00:00] neuffer.test_task.INFO: numbers -2 and 53 are wrong [] []
[2024-12-09T00:21:38.992431+00:00] neuffer.test_task.INFO: numbers -31 and -17 are wrong [] []
[2024-12-09T00:21:38.992446+00:00] neuffer.test_task.INFO: numbers 30 and 67 are wrong [] []
[2024-12-09T00:21:38.992457+00:00] neuffer.test_task.INFO: numbers -88 and -73 are wrong [] []
[2024-12-09T00:21:38.992467+00:00] neuffer.test_task.INFO: numbers -84 and -70 are wrong [] []
[2024-12-09T00:21:38.992482+00:00] neuffer.test_task.INFO: numbers -93 and 38 are wrong [] []
[2024-12-09T00:21:38.992502+00:00] neuffer.test_task.INFO: numbers -79 and -45 are wrong [] []
[2024-12-09T00:21:38.992513+00:00] neuffer.test_task.INFO: numbers 62 and 63 are wrong [] []
[2024-12-09T00:21:38.992532+00:00] neuffer.test_task.INFO: numbers -55 and -39 are wrong [] []
[2024-12-09T00:21:38.992542+00:00] neuffer.test_task.INFO: numbers 78 and 99 are wrong [] []
[2024-12-09T00:21:38.992553+00:00] neuffer.test_task.INFO: numbers -62 and -28 are wrong [] []
[2024-12-09T00:21:38.992568+00:00] neuffer.test_task.INFO: numbers -89 and 92 are wrong [] []
[2024-12-09T00:21:38.992586+00:00] neuffer.test_task.INFO: numbers -50 and 63 are wrong [] []
[2024-12-09T00:21:38.992605+00:00] neuffer.test_task.INFO: numbers -39 and 36 are wrong [] []
[2024-12-09T00:21:38.992616+00:00] neuffer.test_task.INFO: numbers -39 and -33 are wrong [] []
[2024-12-09T00:21:38.992627+00:00] neuffer.test_task.INFO: numbers 19 and 83 are wrong [] []
[2024-12-09T00:21:38.992637+00:00] neuffer.test_task.INFO: numbers -88 and 64 are wrong [] []
[2024-12-09T00:21:38.992657+00:00] neuffer.test_task.INFO: numbers 42 and 54 are wrong [] []
[2024-12-09T00:21:38.992668+00:00] neuffer.test_task.INFO: numbers -82 and 26 are wrong [] []
[2024-12-09T00:21:38.992679+00:00] neuffer.test_task.INFO: numbers -21 and 35 are wrong [] []
[2024-12-09T00:21:38.992689+00:00] neuffer.test_task.INFO: numbers -94 and 67 are wrong [] []
[2024-12-09T00:21:38.992699+00:00] neuffer.test_task.INFO: numbers -27 and 85 are wrong [] []
[2024-12-09T00:21:38.992714+00:00] neuffer.test_task.INFO: numbers -50 and 42 are wrong [] []
[2024-12-09T00:21:38.992729+00:00] neuffer.test_task.INFO: numbers -47 and 62 are wrong [] []
[2024-12-09T00:21:38.992740+00:00] neuffer.test_task.INFO: numbers -97 and -80 are wrong [] []
[2024-12-09T00:21:38.992750+00:00] neuffer.test_task.INFO: numbers 40 and 97 are wrong [] []
[2024-12-09T00:21:38.992761+00:00] neuffer.test_task.INFO: numbers 26 and 99 are wrong [] []
[2024-12-09T00:21:38.992779+00:00] neuffer.test_task.INFO: numbers -14 and 76 are wrong [] []
[2024-12-09T00:21:38.992790+00:00] neuffer.test_task.INFO: numbers -13 and 5 are wrong [] []
[2024-12-09T00:21:38.992813+00:00] neuffer.test_task.INFO: numbers 26 and 77 are wrong [] []
[2024-12-09T00:21:38.992824+00:00] neuffer.test_task.INFO: numbers -36 and 95 are wrong [] []
[2024-12-09T00:21:38.992844+00:00] neuffer.test_task.INFO: numbers -91 and -33 are wrong [] []
[2024-12-09T00:21:38.992854+00:00] neuffer.test_task.INFO: numbers -63 and -50 are wrong [] []
[2024-12-09T00:21:38.992873+00:00] neuffer.test_task.INFO: numbers -16 and -9 are wrong [] []
[2024-12-09T00:21:38.992888+00:00] neuffer.test_task.INFO: numbers -20 and -13 are wrong [] []
[2024-12-09T00:21:38.992907+00:00] neuffer.test_task.INFO: numbers -96 and 2 are wrong [] []
[2024-12-09T00:21:38.992930+00:00] neuffer.test_task.INFO: numbers -54 and 43 are wrong [] []
[2024-12-09T00:21:38.992941+00:00] neuffer.test_task.INFO: numbers -98 and -76 are wrong [] []
[2024-12-09T00:21:38.992951+00:00] neuffer.test_task.INFO: numbers 37 and 92 are wrong [] []
[2024-12-09T00:21:38.992966+00:00] neuffer.test_task.INFO: numbers -23 and 71 are wrong [] []
[2024-12-09T00:21:38.992989+00:00] neuffer.test_task.INFO: numbers -15 and -11 are wrong [] []
[2024-12-09T00:21:38.993009+00:00] neuffer.test_task.INFO: numbers -38 and 96 are wrong [] []
[2024-12-09T00:21:38.993020+00:00] neuffer.test_task.INFO: numbers 10 and 74 are wrong [] []
[2024-12-09T00:21:38.993030+00:00] neuffer.test_task.INFO: numbers -58 and 53 are wrong [] []
[2024-12-09T00:21:38.993049+00:00] neuffer.test_task.INFO: numbers -7 and 45 are wrong [] []
[2024-12-09T00:21:38.993060+00:00] neuffer.test_task.INFO: numbers -30 and 64 are wrong [] []
[2024-12-09T00:21:38.993070+00:00] neuffer.test_task.INFO: numbers -69 and 2 are wrong [] []
[2024-12-09T00:21:38.993085+00:00] neuffer.test_task.INFO: numbers -5 and 9 are wrong [] []
[2024-12-09T00:21:38.993096+00:00] neuffer.test_task.INFO: numbers -71 and 27 are wrong [] []
[2024-12-09T00:21:38.993121+00:00] neuffer.test_task.INFO: numbers -78 and 17 are wrong [] []
[2024-12-09T00:21:38.993135+00:00] neuffer.test_task.INFO: numbers -57 and -56 are wrong [] []
[2024-12-09T00:21:38.993145+00:00] neuffer.test_task.INFO: numbers -69 and 62 are wrong [] []
[2024-12-09T00:21:38.993155+00:00] neuffer.test_task.INFO: numbers 25 and 84 are wrong [] []
[2024-12-09T00:21:38.993170+00:00] neuffer.test_task.INFO: numbers -32 and 9 are wrong [] []
[2024-12-09T00:21:38.993181+00:00] neuffer.test_task.INFO: numbers -52 and 44 are wrong [] []
[2024-12-09T00:21:38.993191+00:00] neuffer.test_task.INFO: numbers -12 and 11 are wrong [] []
[2024-12-09T00:21:38.993206+00:00] neuffer.test_task.INFO: numbers -87 and -87 are wrong [] []
[2024-12-09T00:21:38.993217+00:00] neuffer.test_task.INFO: numbers -64 and 38 are wrong [] []
[2024-12-09T00:21:38.993231+00:00] neuffer.test_task.INFO: numbers -65 and 83 are wrong [] []
[2024-12-09T00:21:38.993246+00:00] neuffer.test_task.INFO: numbers -80 and -10 are wrong [] []
[2024-12-09T00:21:38.993257+00:00] neuffer.test_task.INFO: numbers -8 and 44 are wrong [] []
[2024-12-09T00:21:38.993276+00:00] neuffer.test_task.INFO: numbers -52 and 68 are wrong [] []
[2024-12-09T00:21:38.993296+00:00] neuffer.test_task.INFO: numbers -83 and -39 are wrong [] []
[2024-12-09T00:21:38.993306+00:00] neuffer.test_task.INFO: numbers -93 and -74 are wrong [] []
[2024-12-09T00:21:38.993330+00:00] neuffer.test_task.INFO: numbers -89 and 79 are wrong [] []
[2024-12-09T00:21:38.993340+00:00] neuffer.test_task.INFO: numbers -48 and 56 are wrong [] []
[2024-12-09T00:21:38.993350+00:00] neuffer.test_task.INFO: numbers -13 and 14 are wrong [] []
[2024-12-09T00:21:38.993378+00:00] neuffer.test_task.INFO: numbers 99 and 99 are wrong [] []
[2024-12-09T00:21:38.993407+00:00] neuffer.test_task.INFO: numbers 63 and 88 are wrong [] []
[2024-12-09T00:21:38.993422+00:00] neuffer.test_task.INFO: numbers 53 and 93 are wrong [] []
[2024-12-09T00:21:38.993433+00:00] neuffer.test_task.INFO: numbers -71 and 6 are wrong [] []
[2024-12-09T00:21:38.993443+00:00] neuffer.test_task.INFO: numbers 49 and 59 are wrong [] []
[2024-12-09T00:21:38.993458+00:00] neuffer.test_task.INFO: numbers -46 and 29 are wrong [] []
[2024-12-09T00:21:38.993469+00:00] neuffer.test_task.INFO: numbers -19 and 38 are wrong [] []
[2024-12-09T00:21:38.993479+00:00] neuffer.test_task.INFO: numbers 11 and 75 are wrong [] []
[2024-12-09T00:21:38.993490+00:00] neuffer.test_task.INFO: numbers -75 and 68 are wrong [] []
[2024-12-09T00:21:38.993504+00:00] neuffer.test_task.INFO: numbers -68 and 39 are wrong [] []
[2024-12-09T00:21:38.993515+00:00] neuffer.test_task.INFO: numbers -14 and 13 are wrong [] []
[2024-12-09T00:21:38.993530+00:00] neuffer.test_task.INFO: numbers -73 and -45 are wrong [] []
[2024-12-09T00:21:38.993553+00:00] neuffer.test_task.INFO: numbers -44 and 29 are wrong [] []
[2024-12-09T00:21:38.993564+00:00] neuffer.test_task.INFO: numbers -99 and -36 are wrong [] []
[2024-12-09T00:21:38.993574+00:00] neuffer.test_task.INFO: numbers -99 and -54 are wrong [] []
[2024-12-09T00:21:38.993585+00:00] neuffer.test_task.INFO: numbers -38 and 82 are wrong [] []
[2024-12-09T00:21:38.993595+00:00] neuffer.test_task.INFO: numbers -57 and -8 are wrong [] []
[2024-12-09T00:21:38.993605+00:00] neuffer.test_task.INFO: numbers -43 and 74 are wrong [] []
[2024-12-09T00:21:38.993628+00:00] neuffer.test_task.INFO: numbers 18 and 95 are wrong [] []
[2024-12-09T00:21:38.993639+00:00] neuffer.test_task.INFO: numbers -26 and 57 are wrong [] []
[2024-12-09T00:21:38.993658+00:00] neuffer.test_task.INFO: numbers -67 and 40 are wrong [] []
[2024-12-09T00:21:38.993681+00:00] neuffer.test_task.INFO: numbers -51 and 61 are wrong [] []
[2024-12-09T00:21:38.993700+00:00] neuffer.test_task.INFO: numbers -89 and 43 are wrong [] []
[2024-12-09T00:21:38.993711+00:00] neuffer.test_task.INFO: numbers -65 and 98 are wrong [] []
[2024-12-09T00:21:38.993721+00:00] neuffer.test_task.INFO: numbers -8 and 50 are wrong [] []
[2024-12-09T00:21:38.993732+00:00] neuffer.test_task.INFO: numbers -25 and 17 are wrong [] []
[2024-12-09T00:21:38.993747+00:00] neuffer.test_task.INFO: numbers -68 and 38 are wrong [] []
[2024-12-09T00:21:38.993770+00:00] neuffer.test_task.INFO: numbers 61 and 71 are wrong [] []
[2024-12-09T00:21:38.993785+00:00] neuffer.test_task.INFO: numbers -53 and -7 are wrong [] []
[2024-12-09T00:21:38.993800+00:00] neuffer.test_task.INFO: numbers 15 and 22 are wrong [] []
[2024-12-09T00:21:38.993810+00:00] neuffer.test_task.INFO: numbers 7 and 61 are wrong [] []
[2024-12-09T00:21:38.993825+00:00] neuffer.test_task.INFO: numbers -77 and -11 are wrong [] []
[2024-12-09T00:21:38.993844+00:00] neuffer.test_task.INFO: numbers -52 and 22 are wrong [] []
[2024-12-09T00:21:38.993855+00:00] neuffer.test_task.INFO: numbers -69 and -4 are wrong [] []
[2024-12-09T00:21:38.993878+00:00] neuffer.test_task.INFO: numbers -31 and 63 are wrong [] []
[2024-12-09T00:21:38.993889+00:00] neuffer.test_task.INFO: numbers -34 and 79 are wrong [] []
[2024-12-09T00:21:38.993903+00:00] neuffer.test_task.INFO: numbers -99 and -93 are wrong [] []
[2024-12-09T00:21:38.993931+00:00] neuffer.test_task.INFO: numbers -92 and 69 are wrong [] []
[2024-12-09T00:21:38.993942+00:00] neuffer.test_task.INFO: numbers -78 and 59 are wrong [] []
[2024-12-09T00:21:38.993960+00:00] neuffer.test_task.INFO: numbers -6 and -4 are wrong [] []
[2024-12-09T00:21:38.993975+00:00] neuffer.test_task.INFO: numbers 55 and 62 are wrong [] []
[2024-12-09T00:21:38.993994+00:00] neuffer.test_task.INFO: numbers -60 and 99 are wrong [] []
[2024-12-09T00:21:38.994009+00:00] neuffer.test_task.INFO: numbers -74 and 68 are wrong [] []
[2024-12-09T00:21:38.994032+00:00] neuffer.test_task.INFO: numbers -76 and 95 are wrong [] []
[2024-12-09T00:21:38.994047+00:00] neuffer.test_task.INFO: numbers -32 and 61 are wrong [] []
[2024-12-09T00:21:38.994058+00:00] neuffer.test_task.INFO: numbers -67 and 18 are wrong [] []
[2024-12-09T00:21:38.994089+00:00] neuffer.test_task.INFO: numbers -98 and -39 are wrong [] []
[2024-12-09T00:21:38.994108+00:00] neuffer.test_task.INFO: numbers -78 and -37 are wrong [] []
[2024-12-09T00:21:38.994127+00:00] neuffer.test_task.INFO: numbers -47 and 42 are wrong [] []
[2024-12-09T00:21:38.994138+00:00] neuffer.test_task.INFO: numbers -72 and -42 are wrong [] []
[2024-12-09T00:21:38.994148+00:00] neuffer.test_task.INFO: numbers -42 and -5 are wrong [] []
[2024-12-09T00:21:38.994159+00:00] neuffer.test_task.INFO: numbers -61 and -50 are wrong [] []
[2024-12-09T00:21:38.994178+00:00] neuffer.test_task.INFO: numbers -1 and 57 are wrong [] []
[2024-12-09T00:21:38.994201+00:00] neuffer.test_task.INFO: numbers 33 and 92 are wrong [] []
[2024-12-09T00:21:38.994228+00:00] neuffer.test_task.INFO: numbers -48 and -29 are wrong [] []
[2024-12-09T00:21:38.994239+00:00] neuffer.test_task.INFO: numbers -30 and -10 are wrong [] []
[2024-12-09T00:21:38.994253+00:00] neuffer.test_task.INFO: numbers 57 and 98 are wrong [] []
[2024-12-09T00:21:38.994268+00:00] neuffer.test_task.INFO: numbers -35 and -4 are wrong [] []
[2024-12-09T00:21:38.994279+00:00] neuffer.test_task.INFO: numbers -76 and -38 are wrong [] []
[2024-12-09T00:21:38.994301+00:00] neuffer.test_task.INFO: numbers -93 and 73 are wrong [] []
[2024-12-09T00:21:38.994312+00:00] neuffer.test_task.INFO: numbers 27 and 100 are wrong [] []
[2024-12-09T00:21:38.994323+00:00] neuffer.test_task.INFO: numbers 4 and 45 are wrong [] []
[2024-12-09T00:21:38.994341+00:00] neuffer.test_task.INFO: numbers 15 and 56 are wrong [] []
[2024-12-09T00:21:38.994352+00:00] neuffer.test_task.INFO: numbers 91 and 94 are wrong [] []
[2024-12-09T00:21:38.994362+00:00] neuffer.test_task.INFO: numbers 75 and 94 are wrong [] []
[2024-12-09T00:21:38.994377+00:00] neuffer.test_task.INFO: numbers -7 and 73 are wrong [] []
[2024-12-09T00:21:38.994387+00:00] neuffer.test_task.INFO: numbers 49 and 76 are wrong [] []
[2024-12-09T00:21:38.994398+00:00] neuffer.test_task.INFO: numbers 64 and 80 are wrong [] []
[2024-12-09T00:21:38.994408+00:00] neuffer.test_task.INFO: numbers -70 and 21 are wrong [] []
[2024-12-09T00:21:38.994419+00:00] neuffer.test_task.INFO: numbers -22 and 71 are wrong [] []
[2024-12-09T00:21:38.994429+00:00] neuffer.test_task.INFO: numbers -71 and 91 are wrong [] []
[2024-12-09T00:21:38.994444+00:00] neuffer.test_task.INFO: numbers -74 and 33 are wrong [] []
[2024-12-09T00:21:38.994463+00:00] neuffer.test_task.INFO: numbers -19 and 27 are wrong [] []
[2024-12-09T00:21:38.994473+00:00] neuffer.test_task.INFO: numbers -61 and 89 are wrong [] []
[2024-12-09T00:21:38.994500+00:00] neuffer.test_task.INFO: numbers -55 and 25 are wrong [] []
[2024-12-09T00:21:38.994511+00:00] neuffer.test_task.INFO: numbers -16 and 20 are wrong [] []
[2024-12-09T00:21:38.994521+00:00] neuffer.test_task.INFO: numbers -36 and 8 are wrong [] []
[2024-12-09T00:21:38.994531+00:00] neuffer.test_task.INFO: numbers 63 and 91 are wrong [] []
[2024-12-09T00:21:38.994551+00:00] neuffer.test_task.INFO: numbers -80 and -61 are wrong [] []
[2024-12-09T00:21:38.994570+00:00] neuffer.test_task.INFO: numbers -81 and -6 are wrong [] []
[2024-12-09T00:21:38.994589+00:00] neuffer.test_task.INFO: numbers -90 and -55 are wrong [] []
[2024-12-09T00:21:38.994608+00:00] neuffer.test_task.INFO: numbers -54 and -5 are wrong [] []
[2024-12-09T00:21:38.994623+00:00] neuffer.test_task.INFO: numbers -44 and 56 are wrong [] []
[2024-12-09T00:21:38.994650+00:00] neuffer.test_task.INFO: numbers -20 and 28 are wrong [] []
[2024-12-09T00:21:38.994661+00:00] neuffer.test_task.INFO: numbers -67 and 94 are wrong [] []
[2024-12-09T00:21:38.994684+00:00] neuffer.test_task.INFO: numbers -91 and 62 are wrong [] []
[2024-12-09T00:21:38.994711+00:00] neuffer.test_task.INFO: numbers -4 and 54 are wrong [] []
[2024-12-09T00:21:38.994726+00:00] neuffer.test_task.INFO: numbers 4 and 92 are wrong [] []
[2024-12-09T00:21:38.994749+00:00] neuffer.test_task.INFO: numbers -35 and 88 are wrong [] []
[2024-12-09T00:21:38.994759+00:00] neuffer.test_task.INFO: numbers 77 and 99 are wrong [] []
[2024-12-09T00:21:38.994774+00:00] neuffer.test_task.INFO: numbers 36 and 73 are wrong [] []
[2024-12-09T00:21:38.994785+00:00] neuffer.test_task.INFO: numbers 37 and 84 are wrong [] []
[2024-12-09T00:21:38.994804+00:00] neuffer.test_task.INFO: numbers -68 and -41 are wrong [] []
[2024-12-09T00:21:38.994823+00:00] neuffer.test_task.INFO: numbers -93 and -91 are wrong [] []
[2024-12-09T00:21:38.994834+00:00] neuffer.test_task.INFO: numbers -62 and -61 are wrong [] []
[2024-12-09T00:21:38.994860+00:00] neuffer.test_task.INFO: numbers -45 and 80 are wrong [] []
[2024-12-09T00:21:38.994871+00:00] neuffer.test_task.INFO: numbers -25 and 30 are wrong [] []
[2024-12-09T00:21:38.994886+00:00] neuffer.test_task.INFO: numbers -99 and 1 are wrong [] []
[2024-12-09T00:21:38.994896+00:00] neuffer.test_task.INFO: numbers -42 and 41 are wrong [] []
[2024-12-09T00:21:38.994907+00:00] neuffer.test_task.INFO: numbers -41 and -38 are wrong [] []
[2024-12-09T00:21:38.994926+00:00] neuffer.test_task.INFO: numbers -67 and -36 are wrong [] []
[2024-12-09T00:21:38.994936+00:00] neuffer.test_task.INFO: numbers -82 and 26 are wrong [] []
[2024-12-09T00:21:38.994955+00:00] neuffer.test_task.INFO: numbers 6 and 41 are wrong [] []
[2024-12-09T00:21:38.994974+00:00] neuffer.test_task.INFO: numbers -77 and -45 are wrong [] []
[2024-12-09T00:21:38.994989+00:00] neuffer.test_task.INFO: numbers -27 and 86 are wrong [] []
[2024-12-09T00:21:38.995016+00:00] neuffer.test_task.INFO: numbers -69 and 71 are wrong [] []
[2024-12-09T00:21:38.995031+00:00] neuffer.test_task.INFO: numbers -67 and -31 are wrong [] []
[2024-12-09T00:21:38.995046+00:00] neuffer.test_task.INFO: numbers -65 and 19 are wrong [] []
[2024-12-09T00:21:38.995057+00:00] neuffer.test_task.INFO: numbers -66 and 86 are wrong [] []
[2024-12-09T00:21:38.995080+00:00] neuffer.test_task.INFO: numbers -48 and -25 are wrong [] []
[2024-12-09T00:21:38.995106+00:00] neuffer.test_task.INFO: numbers -93 and -26 are wrong [] []
[2024-12-09T00:21:38.995126+00:00] neuffer.test_task.INFO: numbers -95 and -78 are wrong [] []
[2024-12-09T00:21:38.995141+00:00] neuffer.test_task.INFO: numbers 19 and 32 are wrong [] []
[2024-12-09T00:21:38.995156+00:00] neuffer.test_task.INFO: numbers -66 and 32 are wrong [] []
[2024-12-09T00:21:38.995167+00:00] neuffer.test_task.INFO: numbers -90 and 55 are wrong [] []
[2024-12-09T00:21:38.995194+00:00] neuffer.test_task.INFO: numbers -78 and 4 are wrong [] []
[2024-12-09T00:21:38.995204+00:00] neuffer.test_task.INFO: numbers -44 and 60 are wrong [] []
[2024-12-09T00:21:38.995219+00:00] neuffer.test_task.INFO: numbers -7 and 31 are wrong [] []
[2024-12-09T00:21:38.995229+00:00] neuffer.test_task.INFO: numbers 52 and 61 are wrong [] []
[2024-12-09T00:21:38.995244+00:00] neuffer.test_task.INFO: numbers 35 and 53 are wrong [] []
[2024-12-09T00:21:38.995255+00:00] neuffer.test_task.INFO: numbers -100 and -78 are wrong [] []
[2024-12-09T00:21:38.995266+00:00] neuffer.test_task.INFO: numbers -79 and 58 are wrong [] []
[2024-12-09T00:21:38.995290+00:00] neuffer.test_task.INFO: numbers -42 and 86 are wrong [] []
[2024-12-09T00:21:38.995301+00:00] neuffer.test_task.INFO: numbers -4 and 9 are wrong [] []
[2024-12-09T00:21:38.995311+00:00] neuffer.test_task.INFO: numbers -54 and 55 are wrong [] []
[2024-12-09T00:21:38.995327+00:00] neuffer.test_task.INFO: numbers 10 and 16 are wrong [] []
[2024-12-09T00:21:38.995347+00:00] neuffer.test_task.INFO: numbers 43 and 72 are wrong [] []
[2024-12-09T00:21:38.995357+00:00] neuffer.test_task.INFO: numbers -42 and 76 are wrong [] []
[2024-12-09T00:21:38.995379+00:00] neuffer.test_task.INFO: numbers -4 and 96 are wrong [] []
[2024-12-09T00:21:38.995389+00:00] neuffer.test_task.INFO: numbers -5 and 67 are wrong [] []
[2024-12-09T00:21:38.995399+00:00] neuffer.test_task.INFO: numbers -38 and 53 are wrong [] []
[2024-12-09T00:21:38.995411+00:00] neuffer.test_task.INFO: numbers -80 and 90 are wrong [] []
[2024-12-09T00:21:38.995430+00:00] neuffer.test_task.INFO: numbers 10 and 39 are wrong [] []
[2024-12-09T00:21:38.995445+00:00] neuffer.test_task.INFO: numbers 49 and 56 are wrong [] []
[2024-12-09T00:21:38.995458+00:00] neuffer.test_task.INFO: numbers -57 and 39 are wrong [] []
[2024-12-09T00:21:38.995470+00:00] neuffer.test_task.INFO: numbers -75 and 98 are wrong [] []
[2024-12-09T00:21:38.995483+00:00] neuffer.test_task.INFO: numbers 71 and 83 are wrong [] []
[2024-12-09T00:21:38.995493+00:00] neuffer.test_task.INFO: numbers -89 and 75 are wrong [] []
[2024-12-09T00:21:38.995502+00:00] neuffer.test_task.INFO: numbers 6 and 56 are wrong [] []
[2024-12-09T00:21:38.995512+00:00] neuffer.test_task.INFO: numbers -82 and -20 are wrong [] []
[2024-12-09T00:21:38.995528+00:00] neuffer.test_task.INFO: numbers -18 and -9 are wrong [] []
[2024-12-09T00:21:38.995540+00:00] neuffer.test_task.INFO: numbers -59 and 77 are wrong [] []
[2024-12-09T00:21:38.995556+00:00] neuffer.test_task.INFO: numbers -41 and 7 are wrong [] []
[2024-12-09T00:21:38.995566+00:00] neuffer.test_task.INFO: numbers -10 and 77 are wrong [] []
[2024-12-09T00:21:38.995575+00:00] neuffer.test_task.INFO: numbers -62 and 94 are wrong [] []
[2024-12-09T00:21:38.995594+00:00] neuffer.test_task.INFO: numbers -48 and 58 are wrong [] []
[2024-12-09T00:21:38.995603+00:00] neuffer.test_task.INFO: numbers -92 and 16 are wrong [] []
[2024-12-09T00:21:38.995613+00:00] neuffer.test_task.INFO: numbers -37 and 68 are wrong [] []
[2024-12-09T00:21:38.995623+00:00] neuffer.test_task.INFO: numbers -30 and 56 are wrong [] []
[2024-12-09T00:21:38.995635+00:00] neuffer.test_task.INFO: numbers 14 and 56 are wrong [] []
[2024-12-09T00:21:38.995645+00:00] neuffer.test_task.INFO: numbers -90 and -43 are wrong [] []
[2024-12-09T00:21:38.995657+00:00] neuffer.test_task.INFO: numbers 10 and 14 are wrong [] []
[2024-12-09T00:21:38.995670+00:00] neuffer.test_task.INFO: numbers -18 and 33 are wrong [] []
[2024-12-09T00:21:38.995680+00:00] neuffer.test_task.INFO: numbers -6 and 85 are wrong [] []
[2024-12-09T00:21:38.995695+00:00] neuffer.test_task.INFO: numbers -59 and 47 are wrong [] []
[2024-12-09T00:21:38.995715+00:00] neuffer.test_task.INFO: numbers -17 and 46 are wrong [] []
[2024-12-09T00:21:38.995725+00:00] neuffer.test_task.INFO: numbers 50 and 55 are wrong [] []
[2024-12-09T00:21:38.995740+00:00] neuffer.test_task.INFO: numbers -20 and 78 are wrong [] []
[2024-12-09T00:21:38.995750+00:00] neuffer.test_task.INFO: numbers -66 and 53 are wrong [] []
[2024-12-09T00:21:38.995768+00:00] neuffer.test_task.INFO: numbers -61 and -52 are wrong [] []
[2024-12-09T00:21:38.995781+00:00] neuffer.test_task.INFO: numbers -28 and 85 are wrong [] []
[2024-12-09T00:21:38.995791+00:00] neuffer.test_task.INFO: numbers 25 and 45 are wrong [] []
[2024-12-09T00:21:38.995804+00:00] neuffer.test_task.INFO: numbers -55 and -4 are wrong [] []
[2024-12-09T00:21:38.995813+00:00] neuffer.test_task.INFO: numbers -78 and 47 are wrong [] []
[2024-12-09T00:21:38.995823+00:00] neuffer.test_task.INFO: numbers 84 and 92 are wrong [] []
[2024-12-09T00:21:38.995833+00:00] neuffer.test_task.INFO: numbers -61 and 28 are wrong [] []
[2024-12-09T00:21:38.995842+00:00] neuffer.test_task.INFO: numbers 17 and 67 are wrong [] []
[2024-12-09T00:21:38.995852+00:00] neuffer.test_task.INFO: numbers -15 and 58 are wrong [] []
[2024-12-09T00:21:38.995865+00:00] neuffer.test_task.INFO: numbers -18 and 47 are wrong [] []
[2024-12-09T00:21:38.995875+00:00] neuffer.test_task.INFO: numbers -26 and 62 are wrong [] []
[2024-12-09T00:21:38.995885+00:00] neuffer.test_task.INFO: numbers -99 and 96 are wrong [] []
[2024-12-09T00:21:38.995894+00:00] neuffer.test_task.INFO: numbers -81 and 79 are wrong [] []
[2024-12-09T00:21:38.995910+00:00] neuffer.test_task.INFO: numbers 1 and 89 are wrong [] []
[2024-12-09T00:21:38.995925+00:00] neuffer.test_task.INFO: numbers 63 and 76 are wrong [] []
[2024-12-09T00:21:38.995937+00:00] neuffer.test_task.INFO: numbers -24 and 90 are wrong [] []
[2024-12-09T00:21:38.995947+00:00] neuffer.test_task.INFO: numbers 26 and 36 are wrong [] []
[2024-12-09T00:21:38.995959+00:00] neuffer.test_task.INFO: numbers -78 and 99 are wrong [] []
[2024-12-09T00:21:38.995971+00:00] neuffer.test_task.INFO: numbers -79 and 89 are wrong [] []
[2024-12-09T00:21:38.995984+00:00] neuffer.test_task.INFO: numbers -73 and 8 are wrong [] []
[2024-12-09T00:21:38.995996+00:00] neuffer.test_task.INFO: numbers -99 and -86 are wrong [] []
[2024-12-09T00:21:38.996020+00:00] neuffer.test_task.INFO: numbers -89 and -40 are wrong [] []
[2024-12-09T00:21:38.996029+00:00] neuffer.test_task.INFO: numbers -32 and -24 are wrong [] []
[2024-12-09T00:21:38.996042+00:00] neuffer.test_task.INFO: numbers -96 and -71 are wrong [] []
[2024-12-09T00:21:38.996057+00:00] neuffer.test_task.INFO: numbers 3 and 53 are wrong [] []
[2024-12-09T00:21:38.996067+00:00] neuffer.test_task.INFO: numbers -16 and 94 are wrong [] []
[2024-12-09T00:21:38.996077+00:00] neuffer.test_task.INFO: numbers 14 and 70 are wrong [] []
[2024-12-09T00:21:38.996086+00:00] neuffer.test_task.INFO: numbers -67 and 62 are wrong [] []
[2024-12-09T00:21:38.996099+00:00] neuffer.test_task.INFO: numbers -38 and 53 are wrong [] []
[2024-12-09T00:21:38.996109+00:00] neuffer.test_task.INFO: numbers -99 and 40 are wrong [] []
[2024-12-09T00:21:38.996118+00:00] neuffer.test_task.INFO: numbers -37 and 56 are wrong [] []
[2024-12-09T00:21:38.996128+00:00] neuffer.test_task.INFO: numbers 23 and 90 are wrong [] []
[2024-12-09T00:21:38.996143+00:00] neuffer.test_task.INFO: numbers -25 and 17 are wrong [] []
[2024-12-09T00:21:38.996153+00:00] neuffer.test_task.INFO: numbers -13 and 69 are wrong [] []
[2024-12-09T00:21:38.996176+00:00] neuffer.test_task.INFO: numbers -43 and -23 are wrong [] []
[2024-12-09T00:21:38.996189+00:00] neuffer.test_task.INFO: numbers -49 and 81 are wrong [] []
[2024-12-09T00:21:38.996207+00:00] neuffer.test_task.INFO: numbers -66 and 85 are wrong [] []
[2024-12-09T00:21:38.996219+00:00] neuffer.test_task.INFO: numbers 65 and 90 are wrong [] []
[2024-12-09T00:21:38.996232+00:00] neuffer.test_task.INFO: numbers 38 and 63 are wrong [] []
[2024-12-09T00:21:38.996242+00:00] neuffer.test_task.INFO: numbers 10 and 26 are wrong [] []
[2024-12-09T00:21:38.996254+00:00] neuffer.test_task.INFO: numbers -88 and -27 are wrong [] []
[2024-12-09T00:21:38.996264+00:00] neuffer.test_task.INFO: numbers -85 and -59 are wrong [] []
[2024-12-09T00:21:38.996276+00:00] neuffer.test_task.INFO: numbers -42 and 99 are wrong [] []
[2024-12-09T00:21:38.996286+00:00] neuffer.test_task.INFO: numbers -37 and 39 are wrong [] []
[2024-12-09T00:21:38.996301+00:00] neuffer.test_task.INFO: numbers 14 and 65 are wrong [] []
[2024-12-09T00:21:38.996313+00:00] neuffer.test_task.INFO: numbers 29 and 66 are wrong [] []
[2024-12-09T00:21:38.996323+00:00] neuffer.test_task.INFO: numbers -90 and 70 are wrong [] []
[2024-12-09T00:21:38.996335+00:00] neuffer.test_task.INFO: numbers -63 and 91 are wrong [] []
[2024-12-09T00:21:38.996348+00:00] neuffer.test_task.INFO: numbers -44 and 51 are wrong [] []
[2024-12-09T00:21:38.996357+00:00] neuffer.test_task.INFO: numbers -53 and 77 are wrong [] []
[2024-12-09T00:21:38.996367+00:00] neuffer.test_task.INFO: numbers -58 and -3 are wrong [] []
[2024-12-09T00:21:38.996380+00:00] neuffer.test_task.INFO: numbers 0 and 73 are wrong [] []
[2024-12-09T00:21:38.996409+00:00] neuffer.test_task.INFO: numbers 13 and 77 are wrong [] []
[2024-12-09T00:21:38.996426+00:00] neuffer.test_task.INFO: numbers -87 and -81 are wrong [] []
[2024-12-09T00:21:38.996439+00:00] neuffer.test_task.INFO: numbers -75 and 93 are wrong [] []
[2024-12-09T00:21:38.996449+00:00] neuffer.test_task.INFO: numbers 35 and 90 are wrong [] []
[2024-12-09T00:21:38.996459+00:00] neuffer.test_task.INFO: numbers -78 and 14 are wrong [] []
[2024-12-09T00:21:38.996468+00:00] neuffer.test_task.INFO: numbers -16 and 64 are wrong [] []
[2024-12-09T00:21:38.996486+00:00] neuffer.test_task.INFO: numbers -22 and 87 are wrong [] []
[2024-12-09T00:21:38.996499+00:00] neuffer.test_task.INFO: numbers -6 and 94 are wrong [] []
[2024-12-09T00:21:38.996514+00:00] neuffer.test_task.INFO: numbers -69 and 45 are wrong [] []
[2024-12-09T00:21:38.996524+00:00] neuffer.test_task.INFO: numbers -68 and 68 are wrong [] []
[2024-12-09T00:21:38.996539+00:00] neuffer.test_task.INFO: numbers -17 and 79 are wrong [] []
[2024-12-09T00:21:38.996549+00:00] neuffer.test_task.INFO: numbers 55 and 79 are wrong [] []
[2024-12-09T00:21:38.996558+00:00] neuffer.test_task.INFO: numbers -100 and 67 are wrong [] []
[2024-12-09T00:21:38.996568+00:00] neuffer.test_task.INFO: numbers 9 and 81 are wrong [] []
[2024-12-09T00:21:38.996578+00:00] neuffer.test_task.INFO: numbers -68 and -43 are wrong [] []
[2024-12-09T00:21:38.996593+00:00] neuffer.test_task.INFO: numbers 66 and 97 are wrong [] []
[2024-12-09T00:21:38.996606+00:00] neuffer.test_task.INFO: numbers 45 and 46 are wrong [] []
[2024-12-09T00:21:38.996618+00:00] neuffer.test_task.INFO: numbers -94 and 12 are wrong [] []
[2024-12-09T00:21:38.996628+00:00] neuffer.test_task.INFO: numbers 20 and 95 are wrong [] []
[2024-12-09T00:21:38.996643+00:00] neuffer.test_task.INFO: numbers -77 and -66 are wrong [] []
[2024-12-09T00:21:38.996687+00:00] neuffer.test_task.INFO: numbers -72 and 83 are wrong [] []
[2024-12-09T00:21:38.996697+00:00] neuffer.test_task.INFO: numbers 59 and 66 are wrong [] []
[2024-12-09T00:21:38.996707+00:00] neuffer.test_task.INFO: numbers -39 and -20 are wrong [] []
[2024-12-09T00:21:38.996722+00:00] neuffer.test_task.INFO: numbers -40 and 71 are wrong [] []
[2024-12-09T00:21:38.996732+00:00] neuffer.test_task.INFO: numbers -63 and 36 are wrong [] []
[2024-12-09T00:21:38.996742+00:00] neuffer.test_task.INFO: numbers -94 and 96 are wrong [] []
[2024-12-09T00:21:38.996751+00:00] neuffer.test_task.INFO: numbers -2 and 51 are wrong [] []
[2024-12-09T00:21:38.996769+00:00] neuffer.test_task.INFO: numbers 1 and 81 are wrong [] []
[2024-12-09T00:21:38.996779+00:00] neuffer.test_task.INFO: numbers 18 and 71 are wrong [] []
[2024-12-09T00:21:38.996789+00:00] neuffer.test_task.INFO: numbers -93 and 85 are wrong [] []
[2024-12-09T00:21:38.996798+00:00] neuffer.test_task.INFO: numbers -5 and 48 are wrong [] []
[2024-12-09T00:21:38.996813+00:00] neuffer.test_task.INFO: numbers -80 and 71 are wrong [] []
[2024-12-09T00:21:38.996829+00:00] neuffer.test_task.INFO: numbers 49 and 79 are wrong [] []
[2024-12-09T00:21:38.996841+00:00] neuffer.test_task.INFO: numbers -9 and 44 are wrong [] []
[2024-12-09T00:21:38.996854+00:00] neuffer.test_task.INFO: numbers -31 and 79 are wrong [] []
[2024-12-09T00:21:38.996863+00:00] neuffer.test_task.INFO: numbers -77 and 96 are wrong [] []
[2024-12-09T00:21:38.996878+00:00] neuffer.test_task.INFO: numbers 12 and 64 are wrong [] []
[2024-12-09T00:21:38.996891+00:00] neuffer.test_task.INFO: numbers 10 and 73 are wrong [] []
[2024-12-09T00:21:38.996906+00:00] neuffer.test_task.INFO: numbers -66 and -26 are wrong [] []
[2024-12-09T00:21:38.996927+00:00] neuffer.test_task.INFO: numbers -80 and -2 are wrong [] []
[2024-12-09T00:21:38.996937+00:00] neuffer.test_task.INFO: numbers 65 and 71 are wrong [] []
[2024-12-09T00:21:38.996947+00:00] neuffer.test_task.INFO: numbers -84 and -14 are wrong [] []
[2024-12-09T00:21:38.996962+00:00] neuffer.test_task.INFO: numbers 23 and 80 are wrong [] []
[2024-12-09T00:21:38.996971+00:00] neuffer.test_task.INFO: numbers -9 and 0 are wrong [] []
[2024-12-09T00:21:38.996984+00:00] neuffer.test_task.INFO: numbers 63 and 63 are wrong [] []
[2024-12-09T00:21:38.997000+00:00] neuffer.test_task.INFO: numbers -32 and 34 are wrong [] []
[2024-12-09T00:21:38.997024+00:00] neuffer.test_task.INFO: numbers 31 and 89 are wrong [] []
[2024-12-09T00:21:38.997034+00:00] neuffer.test_task.INFO: numbers -13 and 27 are wrong [] []
[2024-12-09T00:21:38.997054+00:00] neuffer.test_task.INFO: numbers -43 and 17 are wrong [] []
[2024-12-09T00:21:38.997072+00:00] neuffer.test_task.INFO: numbers -48 and 50 are wrong [] []
[2024-12-09T00:21:38.997082+00:00] neuffer.test_task.INFO: numbers 54 and 74 are wrong [] []
[2024-12-09T00:21:38.997092+00:00] neuffer.test_task.INFO: numbers -56 and 10 are wrong [] []
[2024-12-09T00:21:38.997102+00:00] neuffer.test_task.INFO: numbers 55 and 56 are wrong [] []
[2024-12-09T00:21:38.997119+00:00] neuffer.test_task.INFO: numbers -80 and -9 are wrong [] []
[2024-12-09T00:21:38.997135+00:00] neuffer.test_task.INFO: numbers -86 and 31 are wrong [] []
[2024-12-09T00:21:38.997168+00:00] neuffer.test_task.INFO: numbers 34 and 49 are wrong [] []
[2024-12-09T00:21:38.997178+00:00] neuffer.test_task.INFO: numbers 80 and 80 are wrong [] []
[2024-12-09T00:21:38.997193+00:00] neuffer.test_task.INFO: numbers -12 and 92 are wrong [] []
[2024-12-09T00:21:38.997206+00:00] neuffer.test_task.INFO: numbers 37 and 72 are wrong [] []
[2024-12-09T00:21:38.997215+00:00] neuffer.test_task.INFO: numbers -81 and 74 are wrong [] []
[2024-12-09T00:21:38.997225+00:00] neuffer.test_task.INFO: numbers -33 and 88 are wrong [] []
[2024-12-09T00:21:38.997234+00:00] neuffer.test_task.INFO: numbers -97 and -83 are wrong [] []
[2024-12-09T00:21:38.997244+00:00] neuffer.test_task.INFO: numbers -96 and 97 are wrong [] []
[2024-12-09T00:21:38.997256+00:00] neuffer.test_task.INFO: numbers 50 and 51 are wrong [] []
[2024-12-09T00:21:38.997266+00:00] neuffer.test_task.INFO: numbers -97 and 20 are wrong [] []
[2024-12-09T00:21:38.997275+00:00] neuffer.test_task.INFO: numbers 20 and 57 are wrong [] []
[2024-12-09T00:21:38.997285+00:00] neuffer.test_task.INFO: numbers -95 and -64 are wrong [] []
[2024-12-09T00:21:38.997297+00:00] neuffer.test_task.INFO: numbers 29 and 39 are wrong [] []
[2024-12-09T00:21:38.997307+00:00] neuffer.test_task.INFO: numbers -85 and -3 are wrong [] []
[2024-12-09T00:21:38.997316+00:00] neuffer.test_task.INFO: numbers 86 and 92 are wrong [] []
[2024-12-09T00:21:38.997329+00:00] neuffer.test_task.INFO: numbers -46 and 3 are wrong [] []
[2024-12-09T00:21:38.997365+00:00] neuffer.test_task.INFO: numbers 49 and 91 are wrong [] []
[2024-12-09T00:21:38.997380+00:00] neuffer.test_task.INFO: numbers 86 and 99 are wrong [] []
[2024-12-09T00:21:38.997390+00:00] neuffer.test_task.INFO: numbers -96 and 20 are wrong [] []
[2024-12-09T00:21:38.997402+00:00] neuffer.test_task.INFO: numbers -2 and 63 are wrong [] []
[2024-12-09T00:21:38.997418+00:00] neuffer.test_task.INFO: numbers -68 and -19 are wrong [] []
[2024-12-09T00:21:38.997427+00:00] neuffer.test_task.INFO: numbers -15 and -12 are wrong [] []
[2024-12-09T00:21:38.997437+00:00] neuffer.test_task.INFO: numbers -84 and 54 are wrong [] []
[2024-12-09T00:21:38.997447+00:00] neuffer.test_task.INFO: numbers -59 and 34 are wrong [] []
[2024-12-09T00:21:38.997483+00:00] neuffer.test_task.INFO: numbers -20 and 11 are wrong [] []
[2024-12-09T00:21:38.997493+00:00] neuffer.test_task.INFO: numbers -4 and 50 are wrong [] []
[2024-12-09T00:21:38.997506+00:00] neuffer.test_task.INFO: numbers -72 and 72 are wrong [] []
[2024-12-09T00:21:38.997518+00:00] neuffer.test_task.INFO: numbers -10 and -10 are wrong [] []
[2024-12-09T00:21:38.997539+00:00] neuffer.test_task.INFO: numbers -4 and 41 are wrong [] []
[2024-12-09T00:21:38.997551+00:00] neuffer.test_task.INFO: numbers -3 and 53 are wrong [] []
[2024-12-09T00:21:38.997561+00:00] neuffer.test_task.INFO: numbers -99 and -42 are wrong [] []
[2024-12-09T00:21:38.997573+00:00] neuffer.test_task.INFO: numbers 7 and 58 are wrong [] []
[2024-12-09T00:21:38.997586+00:00] neuffer.test_task.INFO: numbers 40 and 42 are wrong [] []
[2024-12-09T00:21:38.997598+00:00] neuffer.test_task.INFO: numbers -62 and 47 are wrong [] []
[2024-12-09T00:21:38.997613+00:00] neuffer.test_task.INFO: numbers -4 and 13 are wrong [] []
[2024-12-09T00:21:38.997623+00:00] neuffer.test_task.INFO: numbers 53 and 99 are wrong [] []
[2024-12-09T00:21:38.997635+00:00] neuffer.test_task.INFO: numbers 28 and 69 are wrong [] []
[2024-12-09T00:21:38.997645+00:00] neuffer.test_task.INFO: numbers -61 and 26 are wrong [] []
[2024-12-09T00:21:38.997657+00:00] neuffer.test_task.INFO: numbers -91 and 69 are wrong [] []
[2024-12-09T00:21:38.997667+00:00] neuffer.test_task.INFO: numbers 37 and 41 are wrong [] []
[2024-12-09T00:21:38.997677+00:00] neuffer.test_task.INFO: numbers -89 and 23 are wrong [] []
[2024-12-09T00:21:38.997692+00:00] neuffer.test_task.INFO: numbers -91 and -28 are wrong [] []
[2024-12-09T00:21:38.997701+00:00] neuffer.test_task.INFO: numbers -12 and 95 are wrong [] []
[2024-12-09T00:21:38.997711+00:00] neuffer.test_task.INFO: numbers -60 and 68 are wrong [] []
[2024-12-09T00:21:38.997724+00:00] neuffer.test_task.INFO: numbers -91 and 89 are wrong [] []
[2024-12-09T00:21:38.997736+00:00] neuffer.test_task.INFO: numbers -42 and 99 are wrong [] []
[2024-12-09T00:21:38.997746+00:00] neuffer.test_task.INFO: numbers -73 and -62 are wrong [] []
[2024-12-09T00:21:38.997755+00:00] neuffer.test_task.INFO: numbers -71 and 86 are wrong [] []
[2024-12-09T00:21:38.997765+00:00] neuffer.test_task.INFO: numbers 48 and 89 are wrong [] []
[2024-12-09T00:21:38.997774+00:00] neuffer.test_task.INFO: numbers -17 and 67 are wrong [] []
[2024-12-09T00:21:38.997784+00:00] neuffer.test_task.INFO: numbers -35 and 79 are wrong [] []
[2024-12-09T00:21:38.997799+00:00] neuffer.test_task.INFO: numbers -12 and 85 are wrong [] []
[2024-12-09T00:21:38.997825+00:00] neuffer.test_task.INFO: numbers -78 and -22 are wrong [] []
[2024-12-09T00:21:38.997843+00:00] neuffer.test_task.INFO: numbers 62 and 79 are wrong [] []
[2024-12-09T00:21:38.997856+00:00] neuffer.test_task.INFO: numbers -90 and 89 are wrong [] []
[2024-12-09T00:21:38.997868+00:00] neuffer.test_task.INFO: numbers 44 and 57 are wrong [] []
[2024-12-09T00:21:38.997881+00:00] neuffer.test_task.INFO: numbers 17 and 51 are wrong [] []
[2024-12-09T00:21:38.997890+00:00] neuffer.test_task.INFO: numbers -19 and 53 are wrong [] []
[2024-12-09T00:21:38.997908+00:00] neuffer.test_task.INFO: numbers -93 and -47 are wrong [] []
[2024-12-09T00:21:38.997918+00:00] neuffer.test_task.INFO: numbers -45 and 68 are wrong [] []
[2024-12-09T00:21:38.997930+00:00] neuffer.test_task.INFO: numbers -20 and -17 are wrong [] []
[2024-12-09T00:21:38.997940+00:00] neuffer.test_task.INFO: numbers -67 and -42 are wrong [] []
[2024-12-09T00:21:38.997950+00:00] neuffer.test_task.INFO: numbers -76 and -12 are wrong [] []
[2024-12-09T00:21:38.997959+00:00] neuffer.test_task.INFO: numbers 30 and 68 are wrong [] []
[2024-12-09T00:21:38.997977+00:00] neuffer.test_task.INFO: numbers -67 and 93 are wrong [] []
[2024-12-09T00:21:38.998011+00:00] neuffer.test_task.INFO: numbers -34 and -10 are wrong [] []
[2024-12-09T00:21:38.998021+00:00] neuffer.test_task.INFO: numbers -76 and -36 are wrong [] []
[2024-12-09T00:21:38.998031+00:00] neuffer.test_task.INFO: numbers -40 and 48 are wrong [] []
[2024-12-09T00:21:38.998046+00:00] neuffer.test_task.INFO: numbers -41 and 94 are wrong [] []
[2024-12-09T00:21:38.998055+00:00] neuffer.test_task.INFO: numbers -46 and 61 are wrong [] []
[2024-12-09T00:21:38.998065+00:00] neuffer.test_task.INFO: numbers -17 and 99 are wrong [] []
[2024-12-09T00:21:38.998074+00:00] neuffer.test_task.INFO: numbers -68 and 44 are wrong [] []
[2024-12-09T00:21:38.998098+00:00] neuffer.test_task.INFO: numbers -51 and -40 are wrong [] []
[2024-12-09T00:21:38.998130+00:00] neuffer.test_task.INFO: numbers -12 and 58 are wrong [] []
[2024-12-09T00:21:38.998149+00:00] neuffer.test_task.INFO: numbers -50 and 18 are wrong [] []
[2024-12-09T00:21:38.998159+00:00] neuffer.test_task.INFO: numbers -68 and 46 are wrong [] []
[2024-12-09T00:21:38.998187+00:00] neuffer.test_task.INFO: numbers -87 and -4 are wrong [] []
[2024-12-09T00:21:38.998204+00:00] neuffer.test_task.INFO: numbers -88 and 14 are wrong [] []
[2024-12-09T00:21:38.998236+00:00] neuffer.test_task.INFO: numbers -47 and 80 are wrong [] []
[2024-12-09T00:21:38.998248+00:00] neuffer.test_task.INFO: numbers -87 and 6 are wrong [] []
[2024-12-09T00:21:38.998265+00:00] neuffer.test_task.INFO: numbers -34 and -1 are wrong [] []
[2024-12-09T00:21:38.998280+00:00] neuffer.test_task.INFO: numbers -97 and -63 are wrong [] []
[2024-12-09T00:21:38.998297+00:00] neuffer.test_task.INFO: numbers -86 and -74 are wrong [] []
[2024-12-09T00:21:38.998311+00:00] neuffer.test_task.INFO: numbers -23 and 99 are wrong [] []
[2024-12-09T00:21:38.998320+00:00] neuffer.test_task.INFO: numbers 11 and 58 are wrong [] []
[2024-12-09T00:21:38.998333+00:00] neuffer.test_task.INFO: numbers -40 and -32 are wrong [] []
[2024-12-09T00:21:38.998343+00:00] neuffer.test_task.INFO: numbers 54 and 73 are wrong [] []
[2024-12-09T00:21:38.998352+00:00] neuffer.test_task.INFO: numbers -15 and 88 are wrong [] []
[2024-12-09T00:21:38.998370+00:00] neuffer.test_task.INFO: numbers -48 and 44 are wrong [] []
[2024-12-09T00:21:38.998383+00:00] neuffer.test_task.INFO: numbers -94 and -49 are wrong [] []
[2024-12-09T00:21:38.998393+00:00] neuffer.test_task.INFO: numbers -18 and 45 are wrong [] []
[2024-12-09T00:21:38.998412+00:00] neuffer.test_task.INFO: numbers -92 and -12 are wrong [] []
[2024-12-09T00:21:38.998434+00:00] neuffer.test_task.INFO: numbers -30 and 41 are wrong [] []
[2024-12-09T00:21:38.998444+00:00] neuffer.test_task.INFO: numbers -97 and 53 are wrong [] []
[2024-12-09T00:21:38.998454+00:00] neuffer.test_task.INFO: numbers -34 and -19 are wrong [] []
[2024-12-09T00:21:38.998465+00:00] neuffer.test_task.INFO: numbers -9 and 77 are wrong [] []
[2024-12-09T00:21:38.998478+00:00] neuffer.test_task.INFO: numbers -75 and 17 are wrong [] []
[2024-12-09T00:21:38.998488+00:00] neuffer.test_task.INFO: numbers 43 and 76 are wrong [] []
[2024-12-09T00:21:38.998497+00:00] neuffer.test_task.INFO: numbers 44 and 52 are wrong [] []
[2024-12-09T00:21:38.998513+00:00] neuffer.test_task.INFO: numbers -59 and 28 are wrong [] []
[2024-12-09T00:21:38.998528+00:00] neuffer.test_task.INFO: numbers -55 and 93 are wrong [] []
[2024-12-09T00:21:38.998546+00:00] neuffer.test_task.INFO: numbers -79 and 50 are wrong [] []
[2024-12-09T00:21:38.998561+00:00] neuffer.test_task.INFO: numbers -30 and 59 are wrong [] []
[2024-12-09T00:21:38.998571+00:00] neuffer.test_task.INFO: numbers -70 and 81 are wrong [] []
[2024-12-09T00:21:38.998583+00:00] neuffer.test_task.INFO: numbers 75 and 93 are wrong [] []
[2024-12-09T00:21:38.998593+00:00] neuffer.test_task.INFO: numbers 51 and 58 are wrong [] []
[2024-12-09T00:21:38.998602+00:00] neuffer.test_task.INFO: numbers 47 and 58 are wrong [] []
[2024-12-09T00:21:38.998620+00:00] neuffer.test_task.INFO: numbers -85 and 50 are wrong [] []
[2024-12-09T00:21:38.998630+00:00] neuffer.test_task.INFO: numbers -93 and -58 are wrong [] []
[2024-12-09T00:21:38.998640+00:00] neuffer.test_task.INFO: numbers -4 and 67 are wrong [] []
[2024-12-09T00:21:38.998650+00:00] neuffer.test_task.INFO: numbers 2 and 35 are wrong [] []
[2024-12-09T00:21:38.998659+00:00] neuffer.test_task.INFO: numbers -17 and 37 are wrong [] []
[2024-12-09T00:21:38.998680+00:00] neuffer.test_task.INFO: numbers -7 and 96 are wrong [] []
[2024-12-09T00:21:38.998690+00:00] neuffer.test_task.INFO: numbers -37 and 53 are wrong [] []
[2024-12-09T00:21:38.998699+00:00] neuffer.test_task.INFO: numbers -56 and 90 are wrong [] []
[2024-12-09T00:21:38.998712+00:00] neuffer.test_task.INFO: numbers 76 and 92 are wrong [] []
[2024-12-09T00:21:38.998722+00:00] neuffer.test_task.INFO: numbers 12 and 86 are wrong [] []
[2024-12-09T00:21:38.998737+00:00] neuffer.test_task.INFO: numbers -64 and 75 are wrong [] []
[2024-12-09T00:21:38.998747+00:00] neuffer.test_task.INFO: numbers -95 and -88 are wrong [] []
[2024-12-09T00:21:38.998759+00:00] neuffer.test_task.INFO: numbers 1 and 5 are wrong [] []
[2024-12-09T00:21:38.998769+00:00] neuffer.test_task.INFO: numbers -87 and -22 are wrong [] []
[2024-12-09T00:21:38.998784+00:00] neuffer.test_task.INFO: numbers -65 and -42 are wrong [] []
[2024-12-09T00:21:38.998795+00:00] neuffer.test_task.INFO: numbers -94 and 72 are wrong [] []
[2024-12-09T00:21:38.998854+00:00] neuffer.test_task.INFO: numbers -41 and 65 are wrong [] []
[2024-12-09T00:21:38.998875+00:00] neuffer.test_task.INFO: numbers -43 and 5 are wrong [] []
[2024-12-09T00:21:38.998886+00:00] neuffer.test_task.INFO: numbers -20 and -15 are wrong [] []
[2024-12-09T00:21:38.998960+00:00] neuffer.test_task.INFO: numbers -43 and 28 are wrong [] []
[2024-12-09T00:21:38.999000+00:00] neuffer.test_task.INFO: numbers -92 and 32 are wrong [] []
[2024-12-09T00:21:38.999014+00:00] neuffer.test_task.INFO: numbers -19 and 92 are wrong [] []
[2024-12-09T00:21:38.999030+00:00] neuffer.test_task.INFO: numbers -70 and -45 are wrong [] []
[2024-12-09T00:21:38.999050+00:00] neuffer.test_task.INFO: numbers -43 and -32 are wrong [] []
[2024-12-09T00:21:38.999061+00:00] neuffer.test_task.INFO: numbers -76 and 51 are wrong [] []
[2024-12-09T00:21:38.999071+00:00] neuffer.test_task.INFO: numbers 44 and 58 are wrong [] []
[2024-12-09T00:21:38.999085+00:00] neuffer.test_task.INFO: numbers 9 and 41 are wrong [] []
[2024-12-09T00:21:38.999095+00:00] neuffer.test_task.INFO: numbers -57 and 31 are wrong [] []
[2024-12-09T00:21:38.999114+00:00] neuffer.test_task.INFO: numbers -46 and -37 are wrong [] []
[2024-12-09T00:21:38.999127+00:00] neuffer.test_task.INFO: numbers 10 and 100 are wrong [] []
[2024-12-09T00:21:38.999139+00:00] neuffer.test_task.INFO: numbers -51 and 39 are wrong [] []
[2024-12-09T00:21:38.999149+00:00] neuffer.test_task.INFO: numbers -9 and 20 are wrong [] []
[2024-12-09T00:21:38.999165+00:00] neuffer.test_task.INFO: numbers -49 and -10 are wrong [] []
[2024-12-09T00:21:38.999175+00:00] neuffer.test_task.INFO: numbers -21 and 35 are wrong [] []
[2024-12-09T00:21:38.999188+00:00] neuffer.test_task.INFO: numbers -30 and 21 are wrong [] []
[2024-12-09T00:21:38.999198+00:00] neuffer.test_task.INFO: numbers -95 and 52 are wrong [] []
[2024-12-09T00:21:38.999208+00:00] neuffer.test_task.INFO: numbers 3 and 64 are wrong [] []
[2024-12-09T00:21:38.999218+00:00] neuffer.test_task.INFO: numbers -5 and 0 are wrong [] []
[2024-12-09T00:21:38.999243+00:00] neuffer.test_task.INFO: numbers -36 and -20 are wrong [] []
[2024-12-09T00:21:38.999256+00:00] neuffer.test_task.INFO: numbers -5 and 33 are wrong [] []
[2024-12-09T00:21:38.999266+00:00] neuffer.test_task.INFO: numbers -48 and -46 are wrong [] []
[2024-12-09T00:21:38.999276+00:00] neuffer.test_task.INFO: numbers -15 and -11 are wrong [] []
[2024-12-09T00:21:38.999289+00:00] neuffer.test_task.INFO: numbers -11 and 44 are wrong [] []
[2024-12-09T00:21:38.999314+00:00] neuffer.test_task.INFO: numbers -90 and 43 are wrong [] []
[2024-12-09T00:21:38.999324+00:00] neuffer.test_task.INFO: numbers 57 and 66 are wrong [] []
[2024-12-09T00:21:38.999337+00:00] neuffer.test_task.INFO: numbers -43 and 4 are wrong [] []
[2024-12-09T00:21:38.999347+00:00] neuffer.test_task.INFO: numbers -63 and 28 are wrong [] []
[2024-12-09T00:21:38.999360+00:00] neuffer.test_task.INFO: numbers -33 and 75 are wrong [] []
[2024-12-09T00:21:38.999375+00:00] neuffer.test_task.INFO: numbers 10 and 26 are wrong [] []
[2024-12-09T00:21:38.999388+00:00] neuffer.test_task.INFO: numbers 50 and 76 are wrong [] []
[2024-12-09T00:21:38.999398+00:00] neuffer.test_task.INFO: numbers -62 and 79 are wrong [] []
[2024-12-09T00:21:38.999408+00:00] neuffer.test_task.INFO: numbers -34 and 47 are wrong [] []
[2024-12-09T00:21:38.999417+00:00] neuffer.test_task.INFO: numbers -97 and 33 are wrong [] []
[2024-12-09T00:21:38.999433+00:00] neuffer.test_task.INFO: numbers -55 and 92 are wrong [] []
[2024-12-09T00:21:38.999445+00:00] neuffer.test_task.INFO: numbers -27 and 66 are wrong [] []
[2024-12-09T00:21:38.999455+00:00] neuffer.test_task.INFO: numbers -3 and 56 are wrong [] []
[2024-12-09T00:21:38.999465+00:00] neuffer.test_task.INFO: numbers -52 and -35 are wrong [] []
[2024-12-09T00:21:38.999486+00:00] neuffer.test_task.INFO: numbers -97 and -54 are wrong [] []
[2024-12-09T00:21:38.999499+00:00] neuffer.test_task.INFO: numbers -68 and -25 are wrong [] []
[2024-12-09T00:21:38.999511+00:00] neuffer.test_task.INFO: numbers -83 and 4 are wrong [] []
[2024-12-09T00:21:38.999521+00:00] neuffer.test_task.INFO: numbers -91 and -62 are wrong [] []
[2024-12-09T00:21:38.999534+00:00] neuffer.test_task.INFO: numbers -94 and -7 are wrong [] []
[2024-12-09T00:21:38.999543+00:00] neuffer.test_task.INFO: numbers -97 and -8 are wrong [] []
[2024-12-09T00:21:38.999553+00:00] neuffer.test_task.INFO: numbers -39 and 82 are wrong [] []
[2024-12-09T00:21:38.999563+00:00] neuffer.test_task.INFO: numbers -75 and -14 are wrong [] []
[2024-12-09T00:21:38.999575+00:00] neuffer.test_task.INFO: numbers -74 and 59 are wrong [] []
[2024-12-09T00:21:38.999585+00:00] neuffer.test_task.INFO: numbers 1 and 79 are wrong [] []
[2024-12-09T00:21:38.999597+00:00] neuffer.test_task.INFO: numbers -60 and 29 are wrong [] []
[2024-12-09T00:21:38.999607+00:00] neuffer.test_task.INFO: numbers -79 and 78 are wrong [] []
[2024-12-09T00:21:38.999616+00:00] neuffer.test_task.INFO: numbers -90 and 11 are wrong [] []
[2024-12-09T00:21:38.999632+00:00] neuffer.test_task.INFO: numbers 12 and 72 are wrong [] []
[2024-12-09T00:21:38.999641+00:00] neuffer.test_task.INFO: numbers -28 and 42 are wrong [] []
[2024-12-09T00:21:38.999651+00:00] neuffer.test_task.INFO: numbers -61 and 89 are wrong [] []
[2024-12-09T00:21:38.999666+00:00] neuffer.test_task.INFO: numbers -68 and -63 are wrong [] []
[2024-12-09T00:21:38.999676+00:00] neuffer.test_task.INFO: numbers 9 and 57 are wrong [] []
[2024-12-09T00:21:38.999688+00:00] neuffer.test_task.INFO: numbers -55 and 81 are wrong [] []
[2024-12-09T00:21:38.999703+00:00] neuffer.test_task.INFO: numbers -94 and -7 are wrong [] []
[2024-12-09T00:21:38.999719+00:00] neuffer.test_task.INFO: numbers 83 and 98 are wrong [] []
[2024-12-09T00:21:38.999731+00:00] neuffer.test_task.INFO: numbers 27 and 73 are wrong [] []
[2024-12-09T00:21:38.999751+00:00] neuffer.test_task.INFO: numbers -58 and 30 are wrong [] []
[2024-12-09T00:21:38.999777+00:00] neuffer.test_task.INFO: numbers -56 and 54 are wrong [] []
[2024-12-09T00:21:38.999787+00:00] neuffer.test_task.INFO: numbers -88 and 58 are wrong [] []
[2024-12-09T00:21:38.999802+00:00] neuffer.test_task.INFO: numbers 46 and 77 are wrong [] []
[2024-12-09T00:21:38.999812+00:00] neuffer.test_task.INFO: numbers 74 and 79 are wrong [] []
[2024-12-09T00:21:38.999821+00:00] neuffer.test_task.INFO: numbers -56 and -18 are wrong [] []
[2024-12-09T00:21:38.999831+00:00] neuffer.test_task.INFO: numbers -98 and -59 are wrong [] []
[2024-12-09T00:21:38.999849+00:00] neuffer.test_task.INFO: numbers 47 and 75 are wrong [] []
[2024-12-09T00:21:38.999859+00:00] neuffer.test_task.INFO: numbers 1 and 34 are wrong [] []
[2024-12-09T00:21:38.999869+00:00] neuffer.test_task.INFO: numbers 33 and 70 are wrong [] []
[2024-12-09T00:21:38.999878+00:00] neuffer.test_task.INFO: numbers 35 and 62 are wrong [] []
[2024-12-09T00:21:38.999893+00:00] neuffer.test_task.INFO: numbers 75 and 85 are wrong [] []
[2024-12-09T00:21:38.999903+00:00] neuffer.test_task.INFO: numbers -33 and 61 are wrong [] []
[2024-12-09T00:21:38.999918+00:00] neuffer.test_task.INFO: numbers -34 and 88 are wrong [] []
[2024-12-09T00:21:38.999928+00:00] neuffer.test_task.INFO: numbers -36 and -36 are wrong [] []
[2024-12-09T00:21:38.999938+00:00] neuffer.test_task.INFO: numbers -39 and 98 are wrong [] []
[2024-12-09T00:21:38.999953+00:00] neuffer.test_task.INFO: numbers -72 and -9 are wrong [] []
[2024-12-09T00:21:38.999970+00:00] neuffer.test_task.INFO: numbers -14 and 33 are wrong [] []
[2024-12-09T00:21:38.999983+00:00] neuffer.test_task.INFO: numbers -14 and 88 are wrong [] []
[2024-12-09T00:21:38.999992+00:00] neuffer.test_task.INFO: numbers -29 and -17 are wrong [] []
[2024-12-09T00:21:39.000002+00:00] neuffer.test_task.INFO: numbers -3 and 92 are wrong [] []
[2024-12-09T00:21:39.000012+00:00] neuffer.test_task.INFO: numbers 89 and 90 are wrong [] []
[2024-12-09T00:21:39.000032+00:00] neuffer.test_task.INFO: numbers -30 and 62 are wrong [] []
[2024-12-09T00:21:39.000043+00:00] neuffer.test_task.INFO: numbers -12 and 22 are wrong [] []
[2024-12-09T00:21:39.000052+00:00] neuffer.test_task.INFO: numbers -55 and 20 are wrong [] []
[2024-12-09T00:21:39.000062+00:00] neuffer.test_task.INFO: numbers -74 and 65 are wrong [] []
[2024-12-09T00:21:39.000077+00:00] neuffer.test_task.INFO: numbers 68 and 79 are wrong [] []
[2024-12-09T00:21:39.000087+00:00] neuffer.test_task.INFO: numbers 4 and 4 are wrong [] []
[2024-12-09T00:21:39.000097+00:00] neuffer.test_task.INFO: numbers -55 and 67 are wrong [] []
[2024-12-09T00:21:39.000112+00:00] neuffer.test_task.INFO: numbers -71 and 97 are wrong [] []
[2024-12-09T00:21:39.000125+00:00] neuffer.test_task.INFO: numbers -57 and -44 are wrong [] []
[2024-12-09T00:21:39.000138+00:00] neuffer.test_task.INFO: numbers -22 and -9 are wrong [] []
[2024-12-09T00:21:39.000149+00:00] neuffer.test_task.INFO: numbers 45 and 85 are wrong [] []
[2024-12-09T00:21:39.000162+00:00] neuffer.test_task.INFO: numbers 48 and 90 are wrong [] []
[2024-12-09T00:21:39.000188+00:00] neuffer.test_task.INFO: numbers -10 and 52 are wrong [] []
[2024-12-09T00:21:39.000198+00:00] neuffer.test_task.INFO: numbers -97 and 42 are wrong [] []
[2024-12-09T00:21:39.000207+00:00] neuffer.test_task.INFO: numbers 4 and 22 are wrong [] []
[2024-12-09T00:21:39.000220+00:00] neuffer.test_task.INFO: numbers -68 and 57 are wrong [] []
[2024-12-09T00:21:39.000240+00:00] neuffer.test_task.INFO: numbers -6 and 73 are wrong [] []
[2024-12-09T00:21:39.000255+00:00] neuffer.test_task.INFO: numbers 55 and 68 are wrong [] []
[2024-12-09T00:21:39.000265+00:00] neuffer.test_task.INFO: numbers -72 and 66 are wrong [] []
[2024-12-09T00:21:39.000280+00:00] neuffer.test_task.INFO: numbers -74 and -16 are wrong [] []
[2024-12-09T00:21:39.000296+00:00] neuffer.test_task.INFO: numbers -81 and -61 are wrong [] []
[2024-12-09T00:21:39.000305+00:00] neuffer.test_task.INFO: numbers -74 and -23 are wrong [] []
[2024-12-09T00:21:39.000318+00:00] neuffer.test_task.INFO: numbers 61 and 89 are wrong [] []
[2024-12-09T00:21:39.000327+00:00] neuffer.test_task.INFO: numbers -75 and -32 are wrong [] []
[2024-12-09T00:21:39.000342+00:00] neuffer.test_task.INFO: numbers -3 and 21 are wrong [] []
[2024-12-09T00:21:39.000352+00:00] neuffer.test_task.INFO: numbers 18 and 30 are wrong [] []
[2024-12-09T00:21:39.000361+00:00] neuffer.test_task.INFO: numbers -8 and 72 are wrong [] []
[2024-12-09T00:21:39.000371+00:00] neuffer.test_task.INFO: numbers -42 and -20 are wrong [] []
[2024-12-09T00:21:39.000381+00:00] neuffer.test_task.INFO: numbers -93 and 62 are wrong [] []
[2024-12-09T00:21:39.000393+00:00] neuffer.test_task.INFO: numbers -43 and -24 are wrong [] []
[2024-12-09T00:21:39.000408+00:00] neuffer.test_task.INFO: numbers -70 and -25 are wrong [] []
[2024-12-09T00:21:39.000421+00:00] neuffer.test_task.INFO: numbers -36 and 34 are wrong [] []
[2024-12-09T00:21:39.000436+00:00] neuffer.test_task.INFO: numbers 28 and 36 are wrong [] []
[2024-12-09T00:21:39.000456+00:00] neuffer.test_task.INFO: numbers -78 and -43 are wrong [] []
[2024-12-09T00:21:39.000477+00:00] neuffer.test_task.INFO: numbers -83 and 36 are wrong [] []
[2024-12-09T00:21:39.000487+00:00] neuffer.test_task.INFO: numbers 19 and 60 are wrong [] []
[2024-12-09T00:21:39.000499+00:00] neuffer.test_task.INFO: numbers -21 and 17 are wrong [] []
[2024-12-09T00:21:39.000520+00:00] neuffer.test_task.INFO: numbers -29 and -2 are wrong [] []
[2024-12-09T00:21:39.000530+00:00] neuffer.test_task.INFO: numbers 17 and 65 are wrong [] []
[2024-12-09T00:21:39.000550+00:00] neuffer.test_task.INFO: numbers 38 and 91 are wrong [] []
[2024-12-09T00:21:39.000571+00:00] neuffer.test_task.INFO: numbers 6 and 51 are wrong [] []
[2024-12-09T00:21:39.000585+00:00] neuffer.test_task.INFO: numbers -38 and 81 are wrong [] []
[2024-12-09T00:21:39.000615+00:00] neuffer.test_task.INFO: numbers 59 and 86 are wrong [] []
[2024-12-09T00:21:39.000625+00:00] neuffer.test_task.INFO: numbers -45 and 24 are wrong [] []
[2024-12-09T00:21:39.000643+00:00] neuffer.test_task.INFO: numbers -79 and 3 are wrong [] []
[2024-12-09T00:21:39.000654+00:00] neuffer.test_task.INFO: numbers -12 and 98 are wrong [] []
[2024-12-09T00:21:39.000671+00:00] neuffer.test_task.INFO: numbers -29 and -23 are wrong [] []
[2024-12-09T00:21:39.000689+00:00] neuffer.test_task.INFO: numbers -84 and 22 are wrong [] []
[2024-12-09T00:21:39.000699+00:00] neuffer.test_task.INFO: numbers -64 and 60 are wrong [] []
[2024-12-09T00:21:39.000718+00:00] neuffer.test_task.INFO: numbers -36 and 22 are wrong [] []
[2024-12-09T00:21:39.000728+00:00] neuffer.test_task.INFO: numbers -27 and -11 are wrong [] []
[2024-12-09T00:21:39.000737+00:00] neuffer.test_task.INFO: numbers -68 and -24 are wrong [] []
[2024-12-09T00:21:39.000747+00:00] neuffer.test_task.INFO: numbers -2 and 55 are wrong [] []
[2024-12-09T00:21:39.000757+00:00] neuffer.test_task.INFO: numbers -39 and -36 are wrong [] []
[2024-12-09T00:21:39.000766+00:00] neuffer.test_task.INFO: numbers -27 and 9 are wrong [] []
[2024-12-09T00:21:39.000777+00:00] neuffer.test_task.INFO: numbers 75 and 85 are wrong [] []
[2024-12-09T00:21:39.000796+00:00] neuffer.test_task.INFO: numbers -99 and -22 are wrong [] []
[2024-12-09T00:21:39.000809+00:00] neuffer.test_task.INFO: numbers -65 and 11 are wrong [] []
[2024-12-09T00:21:39.000819+00:00] neuffer.test_task.INFO: numbers -56 and -50 are wrong [] []
[2024-12-09T00:21:39.000839+00:00] neuffer.test_task.INFO: numbers -77 and 80 are wrong [] []
[2024-12-09T00:21:39.000851+00:00] neuffer.test_task.INFO: numbers -65 and -19 are wrong [] []
[2024-12-09T00:21:39.000870+00:00] neuffer.test_task.INFO: numbers 29 and 96 are wrong [] []
[2024-12-09T00:21:39.000884+00:00] neuffer.test_task.INFO: numbers -55 and 24 are wrong [] []
[2024-12-09T00:21:39.000897+00:00] neuffer.test_task.INFO: numbers -95 and -39 are wrong [] []
[2024-12-09T00:21:39.000907+00:00] neuffer.test_task.INFO: numbers -85 and -50 are wrong [] []
[2024-12-09T00:21:39.000917+00:00] neuffer.test_task.INFO: numbers -86 and 78 are wrong [] []
[2024-12-09T00:21:39.000933+00:00] neuffer.test_task.INFO: numbers -57 and 5 are wrong [] []
[2024-12-09T00:21:39.000942+00:00] neuffer.test_task.INFO: numbers -88 and -7 are wrong [] []
[2024-12-09T00:21:39.000952+00:00] neuffer.test_task.INFO: numbers -88 and 19 are wrong [] []
[2024-12-09T00:21:39.000965+00:00] neuffer.test_task.INFO: numbers -62 and 64 are wrong [] []
[2024-12-09T00:21:39.000980+00:00] neuffer.test_task.INFO: numbers -73 and 2 are wrong [] []
[2024-12-09T00:21:39.000993+00:00] neuffer.test_task.INFO: numbers -38 and -16 are wrong [] []
[2024-12-09T00:21:39.001005+00:00] neuffer.test_task.INFO: numbers -83 and 92 are wrong [] []
[2024-12-09T00:21:39.001015+00:00] neuffer.test_task.INFO: numbers -70 and -52 are wrong [] []
[2024-12-09T00:21:39.001028+00:00] neuffer.test_task.INFO: numbers -55 and -12 are wrong [] []
[2024-12-09T00:21:39.001038+00:00] neuffer.test_task.INFO: numbers -81 and 45 are wrong [] []
[2024-12-09T00:21:39.001050+00:00] neuffer.test_task.INFO: numbers -44 and 46 are wrong [] []
[2024-12-09T00:21:39.001062+00:00] neuffer.test_task.INFO: numbers -21 and 47 are wrong [] []
[2024-12-09T00:21:39.001072+00:00] neuffer.test_task.INFO: numbers 30 and 74 are wrong [] []
[2024-12-09T00:21:39.001082+00:00] neuffer.test_task.INFO: numbers -54 and -22 are wrong [] []
[2024-12-09T00:21:39.001107+00:00] neuffer.test_task.INFO: numbers -19 and 32 are wrong [] []
[2024-12-09T00:21:39.001120+00:00] neuffer.test_task.INFO: numbers 43 and 66 are wrong [] []
[2024-12-09T00:21:39.001138+00:00] neuffer.test_task.INFO: numbers -83 and 62 are wrong [] []
[2024-12-09T00:21:39.001147+00:00] neuffer.test_task.INFO: numbers -32 and 34 are wrong [] []
[2024-12-09T00:21:39.001160+00:00] neuffer.test_task.INFO: numbers 44 and 46 are wrong [] []
[2024-12-09T00:21:39.001170+00:00] neuffer.test_task.INFO: numbers -91 and -75 are wrong [] []
[2024-12-09T00:21:39.001179+00:00] neuffer.test_task.INFO: numbers -88 and 74 are wrong [] []
[2024-12-09T00:21:39.001194+00:00] neuffer.test_task.INFO: numbers 82 and 98 are wrong [] []
[2024-12-09T00:21:39.001207+00:00] neuffer.test_task.INFO: numbers -19 and 66 are wrong [] []
[2024-12-09T00:21:39.001236+00:00] neuffer.test_task.INFO: numbers 68 and 82 are wrong [] []
[2024-12-09T00:21:39.001248+00:00] neuffer.test_task.INFO: numbers -65 and -6 are wrong [] []
[2024-12-09T00:21:39.001261+00:00] neuffer.test_task.INFO: numbers -70 and 38 are wrong [] []
[2024-12-09T00:21:39.001273+00:00] neuffer.test_task.INFO: numbers -58 and 74 are wrong [] []
[2024-12-09T00:21:39.001288+00:00] neuffer.test_task.INFO: numbers -76 and 10 are wrong [] []
[2024-12-09T00:21:39.001320+00:00] neuffer.test_task.INFO: numbers -79 and 22 are wrong [] []
[2024-12-09T00:21:39.001341+00:00] neuffer.test_task.INFO: numbers -49 and 31 are wrong [] []
[2024-12-09T00:21:39.001350+00:00] neuffer.test_task.INFO: numbers 12 and 46 are wrong [] []
[2024-12-09T00:21:39.001363+00:00] neuffer.test_task.INFO: numbers -18 and 52 are wrong [] []
[2024-12-09T00:21:39.001375+00:00] neuffer.test_task.INFO: numbers 39 and 89 are wrong [] []
[2024-12-09T00:21:39.001385+00:00] neuffer.test_task.INFO: numbers -99 and -96 are wrong [] []
[2024-12-09T00:21:39.001408+00:00] neuffer.test_task.INFO: numbers -46 and -27 are wrong [] []
[2024-12-09T00:21:39.001418+00:00] neuffer.test_task.INFO: numbers -90 and -53 are wrong [] []
[2024-12-09T00:21:39.001427+00:00] neuffer.test_task.INFO: numbers 5 and 51 are wrong [] []
[2024-12-09T00:21:39.001437+00:00] neuffer.test_task.INFO: numbers 54 and 65 are wrong [] []
[2024-12-09T00:21:39.001455+00:00] neuffer.test_task.INFO: numbers -86 and 26 are wrong [] []
[2024-12-09T00:21:39.001465+00:00] neuffer.test_task.INFO: numbers -50 and 89 are wrong [] []
[2024-12-09T00:21:39.001486+00:00] neuffer.test_task.INFO: numbers -37 and 91 are wrong [] []
[2024-12-09T00:21:39.001495+00:00] neuffer.test_task.INFO: numbers -85 and 4 are wrong [] []
[2024-12-09T00:21:39.001505+00:00] neuffer.test_task.INFO: numbers -34 and -14 are wrong [] []
[2024-12-09T00:21:39.001518+00:00] neuffer.test_task.INFO: numbers -51 and -21 are wrong [] []
[2024-12-09T00:21:39.001533+00:00] neuffer.test_task.INFO: numbers -93 and -12 are wrong [] []
[2024-12-09T00:21:39.001542+00:00] neuffer.test_task.INFO: numbers 26 and 35 are wrong [] []
[2024-12-09T00:21:39.001552+00:00] neuffer.test_task.INFO: numbers 50 and 58 are wrong [] []
[2024-12-09T00:21:39.001562+00:00] neuffer.test_task.INFO: numbers 70 and 99 are wrong [] []
[2024-12-09T00:21:39.001571+00:00] neuffer.test_task.INFO: numbers -31 and -17 are wrong [] []
[2024-12-09T00:21:39.001581+00:00] neuffer.test_task.INFO: numbers -55 and -14 are wrong [] []
[2024-12-09T00:21:39.001593+00:00] neuffer.test_task.INFO: numbers -70 and -46 are wrong [] []
[2024-12-09T00:21:39.001608+00:00] neuffer.test_task.INFO: numbers -61 and -57 are wrong [] []
[2024-12-09T00:21:39.001618+00:00] neuffer.test_task.INFO: numbers 48 and 77 are wrong [] []
[2024-12-09T00:21:39.001627+00:00] neuffer.test_task.INFO: numbers 63 and 69 are wrong [] []
[2024-12-09T00:21:39.001645+00:00] neuffer.test_task.INFO: numbers -64 and -18 are wrong [] []
[2024-12-09T00:21:39.001658+00:00] neuffer.test_task.INFO: numbers 17 and 70 are wrong [] []
[2024-12-09T00:21:39.001671+00:00] neuffer.test_task.INFO: numbers 1 and 88 are wrong [] []
[2024-12-09T00:21:39.001688+00:00] neuffer.test_task.INFO: numbers -27 and -19 are wrong [] []
[2024-12-09T00:21:39.001698+00:00] neuffer.test_task.INFO: numbers -77 and -39 are wrong [] []
[2024-12-09T00:21:39.001711+00:00] neuffer.test_task.INFO: numbers -39 and -30 are wrong [] []
[2024-12-09T00:21:39.001721+00:00] neuffer.test_task.INFO: numbers -15 and 37 are wrong [] []
[2024-12-09T00:21:39.001739+00:00] neuffer.test_task.INFO: numbers -79 and 17 are wrong [] []
[2024-12-09T00:21:39.001748+00:00] neuffer.test_task.INFO: numbers 31 and 95 are wrong [] []
[2024-12-09T00:21:39.001761+00:00] neuffer.test_task.INFO: numbers 31 and 46 are wrong [] []
[2024-12-09T00:21:39.001773+00:00] neuffer.test_task.INFO: numbers 17 and 81 are wrong [] []
[2024-12-09T00:21:39.001789+00:00] neuffer.test_task.INFO: numbers 0 and 28 are wrong [] []
[2024-12-09T00:21:39.001799+00:00] neuffer.test_task.INFO: numbers -62 and -41 are wrong [] []
[2024-12-09T00:21:39.001812+00:00] neuffer.test_task.INFO: numbers -60 and -34 are wrong [] []
[2024-12-09T00:21:39.001825+00:00] neuffer.test_task.INFO: numbers -75 and 11 are wrong [] []
[2024-12-09T00:21:39.001839+00:00] neuffer.test_task.INFO: numbers 6 and 55 are wrong [] []
[2024-12-09T00:21:39.001851+00:00] neuffer.test_task.INFO: numbers 26 and 90 are wrong [] []
[2024-12-09T00:21:39.001864+00:00] neuffer.test_task.INFO: numbers -56 and 8 are wrong [] []
[2024-12-09T00:21:39.001873+00:00] neuffer.test_task.INFO: numbers -46 and -22 are wrong [] []
[2024-12-09T00:21:39.001883+00:00] neuffer.test_task.INFO: numbers -89 and -21 are wrong [] []
[2024-12-09T00:21:39.001898+00:00] neuffer.test_task.INFO: numbers -64 and 0 are wrong [] []
[2024-12-09T00:21:39.001908+00:00] neuffer.test_task.INFO: numbers 24 and 84 are wrong [] []
[2024-12-09T00:21:39.001917+00:00] neuffer.test_task.INFO: numbers -75 and 38 are wrong [] []
[2024-12-09T00:21:39.001932+00:00] neuffer.test_task.INFO: numbers -6 and 30 are wrong [] []
[2024-12-09T00:21:39.001945+00:00] neuffer.test_task.INFO: numbers -52 and 14 are wrong [] []
[2024-12-09T00:21:39.001954+00:00] neuffer.test_task.INFO: numbers 28 and 74 are wrong [] []
[2024-12-09T00:21:39.001964+00:00] neuffer.test_task.INFO: numbers -70 and -26 are wrong [] []
[2024-12-09T00:21:39.001976+00:00] neuffer.test_task.INFO: numbers 45 and 95 are wrong [] []
[2024-12-09T00:21:39.001994+00:00] neuffer.test_task.INFO: numbers -11 and -3 are wrong [] []
[2024-12-09T00:21:39.002007+00:00] neuffer.test_task.INFO: numbers -84 and 9 are wrong [] []
[2024-12-09T00:21:39.002017+00:00] neuffer.test_task.INFO: numbers -36 and 8 are wrong [] []
[2024-12-09T00:21:39.002026+00:00] neuffer.test_task.INFO: numbers -39 and -13 are wrong [] []
[2024-12-09T00:21:39.002036+00:00] neuffer.test_task.INFO: numbers 78 and 83 are wrong [] []
[2024-12-09T00:21:39.002045+00:00] neuffer.test_task.INFO: numbers -36 and 16 are wrong [] []
[2024-12-09T00:21:39.002058+00:00] neuffer.test_task.INFO: numbers -65 and 30 are wrong [] []
[2024-12-09T00:21:39.002067+00:00] neuffer.test_task.INFO: numbers 66 and 66 are wrong [] []
[2024-12-09T00:21:39.002080+00:00] neuffer.test_task.INFO: numbers -85 and 76 are wrong [] []
[2024-12-09T00:21:39.002100+00:00] neuffer.test_task.INFO: numbers -74 and 27 are wrong [] []
[2024-12-09T00:21:39.002115+00:00] neuffer.test_task.INFO: numbers -99 and 49 are wrong [] []
[2024-12-09T00:21:39.002131+00:00] neuffer.test_task.INFO: numbers -90 and -27 are wrong [] []
[2024-12-09T00:21:39.002143+00:00] neuffer.test_task.INFO: numbers -67 and -59 are wrong [] []
[2024-12-09T00:21:39.002156+00:00] neuffer.test_task.INFO: numbers 24 and 62 are wrong [] []
[2024-12-09T00:21:39.002166+00:00] neuffer.test_task.INFO: numbers 9 and 51 are wrong [] []
[2024-12-09T00:21:39.002176+00:00] neuffer.test_task.INFO: numbers 5 and 22 are wrong [] []
[2024-12-09T00:21:39.002186+00:00] neuffer.test_task.INFO: numbers -51 and -14 are wrong [] []
[2024-12-09T00:21:39.002198+00:00] neuffer.test_task.INFO: numbers -4 and 18 are wrong [] []
[2024-12-09T00:21:39.002208+00:00] neuffer.test_task.INFO: numbers 39 and 52 are wrong [] []
[2024-12-09T00:21:39.002217+00:00] neuffer.test_task.INFO: numbers -52 and -37 are wrong [] []
[2024-12-09T00:21:39.002227+00:00] neuffer.test_task.INFO: numbers 35 and 53 are wrong [] []
[2024-12-09T00:21:39.002237+00:00] neuffer.test_task.INFO: numbers -45 and 61 are wrong [] []
[2024-12-09T00:21:39.002252+00:00] neuffer.test_task.INFO: numbers 44 and 88 are wrong [] []
[2024-12-09T00:21:39.002262+00:00] neuffer.test_task.INFO: numbers -96 and -78 are wrong [] []
[2024-12-09T00:21:39.002288+00:00] neuffer.test_task.INFO: numbers -29 and -21 are wrong [] []
[2024-12-09T00:21:39.002300+00:00] neuffer.test_task.INFO: numbers -59 and -53 are wrong [] []
[2024-12-09T00:21:39.002310+00:00] neuffer.test_task.INFO: numbers -4 and 88 are wrong [] []
[2024-12-09T00:21:39.002325+00:00] neuffer.test_task.INFO: numbers 69 and 87 are wrong [] []
[2024-12-09T00:21:39.002338+00:00] neuffer.test_task.INFO: numbers -43 and 45 are wrong [] []
[2024-12-09T00:21:39.002351+00:00] neuffer.test_task.INFO: numbers -2 and 96 are wrong [] []
[2024-12-09T00:21:39.002366+00:00] neuffer.test_task.INFO: numbers 66 and 69 are wrong [] []
[2024-12-09T00:21:39.002382+00:00] neuffer.test_task.INFO: numbers -53 and 40 are wrong [] []
[2024-12-09T00:21:39.002392+00:00] neuffer.test_task.INFO: numbers 54 and 70 are wrong [] []
[2024-12-09T00:21:39.002410+00:00] neuffer.test_task.INFO: numbers -89 and 68 are wrong [] []
[2024-12-09T00:21:39.002423+00:00] neuffer.test_task.INFO: numbers -64 and 65 are wrong [] []
[2024-12-09T00:21:39.002435+00:00] neuffer.test_task.INFO: numbers -25 and -11 are wrong [] []
[2024-12-09T00:21:39.002447+00:00] neuffer.test_task.INFO: numbers 11 and 93 are wrong [] []
[2024-12-09T00:21:39.002466+00:00] neuffer.test_task.INFO: numbers 100 and 100 are wrong [] []
[2024-12-09T00:21:39.002478+00:00] neuffer.test_task.INFO: numbers -76 and 21 are wrong [] []
[2024-12-09T00:21:39.002491+00:00] neuffer.test_task.INFO: numbers -35 and -2 are wrong [] []
[2024-12-09T00:21:39.002500+00:00] neuffer.test_task.INFO: numbers 28 and 34 are wrong [] []
[2024-12-09T00:21:39.002510+00:00] neuffer.test_task.INFO: numbers 89 and 89 are wrong [] []
[2024-12-09T00:21:39.002520+00:00] neuffer.test_task.INFO: numbers 0 and 0 are wrong [] []
[2024-12-09T00:21:39.002530+00:00] neuffer.test_task.INFO: numbers -43 and 16 are wrong [] []
[2024-12-09T00:21:39.002539+00:00] neuffer.test_task.INFO: numbers -59 and -9 are wrong [] []
[2024-12-09T00:21:39.002549+00:00] neuffer.test_task.INFO: numbers 31 and 39 are wrong [] []
[2024-12-09T00:21:39.002572+00:00] neuffer.test_task.INFO: numbers -96 and 86 are wrong [] []
[2024-12-09T00:21:39.002591+00:00] neuffer.test_task.INFO: numbers -12 and 70 are wrong [] []
[2024-12-09T00:21:39.002606+00:00] neuffer.test_task.INFO: numbers -13 and 6 are wrong [] []
[2024-12-09T00:21:39.002616+00:00] neuffer.test_task.INFO: numbers -75 and -61 are wrong [] []
[2024-12-09T00:21:39.002625+00:00] neuffer.test_task.INFO: numbers -55 and 60 are wrong [] []
[2024-12-09T00:21:39.002635+00:00] neuffer.test_task.INFO: numbers -80 and 35 are wrong [] []
[2024-12-09T00:21:39.002647+00:00] neuffer.test_task.INFO: numbers -76 and -30 are wrong [] []
[2024-12-09T00:21:39.002657+00:00] neuffer.test_task.INFO: numbers -100 and -37 are wrong [] []
[2024-12-09T00:21:39.002667+00:00] neuffer.test_task.INFO: numbers -95 and -47 are wrong [] []
[2024-12-09T00:21:39.002685+00:00] neuffer.test_task.INFO: numbers 20 and 24 are wrong [] []
[2024-12-09T00:21:39.002704+00:00] neuffer.test_task.INFO: numbers 49 and 82 are wrong [] []
[2024-12-09T00:21:39.002719+00:00] neuffer.test_task.INFO: numbers 79 and 81 are wrong [] []
[2024-12-09T00:21:39.002732+00:00] neuffer.test_task.INFO: numbers -76 and -47 are wrong [] []
[2024-12-09T00:21:39.002752+00:00] neuffer.test_task.INFO: numbers 18 and 49 are wrong [] []
[2024-12-09T00:21:39.002765+00:00] neuffer.test_task.INFO: numbers -71 and 60 are wrong [] []
[2024-12-09T00:21:39.002774+00:00] neuffer.test_task.INFO: numbers -68 and 93 are wrong [] []
[2024-12-09T00:21:39.002784+00:00] neuffer.test_task.INFO: numbers -2 and 36 are wrong [] []
[2024-12-09T00:21:39.002795+00:00] neuffer.test_task.INFO: numbers 13 and 77 are wrong [] []
[2024-12-09T00:21:39.002804+00:00] neuffer.test_task.INFO: numbers 3 and 87 are wrong [] []
[2024-12-09T00:21:39.002820+00:00] neuffer.test_task.INFO: numbers -37 and -10 are wrong [] []
[2024-12-09T00:21:39.002842+00:00] neuffer.test_task.INFO: numbers -38 and 20 are wrong [] []
[2024-12-09T00:21:39.002856+00:00] neuffer.test_task.INFO: numbers -22 and 5 are wrong [] []
[2024-12-09T00:21:39.002866+00:00] neuffer.test_task.INFO: numbers 13 and 65 are wrong [] []
[2024-12-09T00:21:39.002877+00:00] neuffer.test_task.INFO: numbers -55 and 13 are wrong [] []
[2024-12-09T00:21:39.002891+00:00] neuffer.test_task.INFO: numbers -50 and 96 are wrong [] []
[2024-12-09T00:21:39.002901+00:00] neuffer.test_task.INFO: numbers -72 and -14 are wrong [] []
[2024-12-09T00:21:39.002912+00:00] neuffer.test_task.INFO: numbers 58 and 66 are wrong [] []
[2024-12-09T00:21:39.002925+00:00] neuffer.test_task.INFO: numbers -57 and 4 are wrong [] []
[2024-12-09T00:21:39.002947+00:00] neuffer.test_task.INFO: numbers -74 and 46 are wrong [] []
[2024-12-09T00:21:39.002957+00:00] neuffer.test_task.INFO: numbers 4 and 14 are wrong [] []
[2024-12-09T00:21:39.002969+00:00] neuffer.test_task.INFO: numbers -33 and 90 are wrong [] []
[2024-12-09T00:21:39.002988+00:00] neuffer.test_task.INFO: numbers -36 and 65 are wrong [] []
[2024-12-09T00:21:39.002998+00:00] neuffer.test_task.INFO: numbers 11 and 77 are wrong [] []
[2024-12-09T00:21:39.003007+00:00] neuffer.test_task.INFO: numbers -22 and 97 are wrong [] []
[2024-12-09T00:21:39.003017+00:00] neuffer.test_task.INFO: numbers -80 and 11 are wrong [] []
[2024-12-09T00:21:39.003026+00:00] neuffer.test_task.INFO: numbers -8 and 52 are wrong [] []
[2024-12-09T00:21:39.003036+00:00] neuffer.test_task.INFO: numbers -39 and 86 are wrong [] []
[2024-12-09T00:21:39.003054+00:00] neuffer.test_task.INFO: numbers -63 and 81 are wrong [] []
[2024-12-09T00:21:39.003072+00:00] neuffer.test_task.INFO: numbers 10 and 79 are wrong [] []
[2024-12-09T00:21:39.003084+00:00] neuffer.test_task.INFO: numbers 49 and 71 are wrong [] []
[2024-12-09T00:21:39.003102+00:00] neuffer.test_task.INFO: numbers -63 and 71 are wrong [] []
[2024-12-09T00:21:39.003122+00:00] neuffer.test_task.INFO: numbers -52 and 64 are wrong [] []
[2024-12-09T00:21:39.003132+00:00] neuffer.test_task.INFO: numbers -9 and 98 are wrong [] []
[2024-12-09T00:21:39.003142+00:00] neuffer.test_task.INFO: numbers -30 and 10 are wrong [] []
[2024-12-09T00:21:39.003151+00:00] neuffer.test_task.INFO: numbers -36 and 73 are wrong [] []
[2024-12-09T00:21:39.003171+00:00] neuffer.test_task.INFO: numbers 34 and 77 are wrong [] []
[2024-12-09T00:21:39.003184+00:00] neuffer.test_task.INFO: numbers -51 and 74 are wrong [] []
[2024-12-09T00:21:39.003194+00:00] neuffer.test_task.INFO: numbers -32 and 66 are wrong [] []
[2024-12-09T00:21:39.003206+00:00] neuffer.test_task.INFO: numbers -67 and -43 are wrong [] []
[2024-12-09T00:21:39.003226+00:00] neuffer.test_task.INFO: numbers 27 and 57 are wrong [] []
[2024-12-09T00:21:39.003242+00:00] neuffer.test_task.INFO: numbers 90 and 96 are wrong [] []
[2024-12-09T00:21:39.003251+00:00] neuffer.test_task.INFO: numbers -97 and -22 are wrong [] []
[2024-12-09T00:21:39.003266+00:00] neuffer.test_task.INFO: numbers -9 and 70 are wrong [] []
[2024-12-09T00:21:39.003275+00:00] neuffer.test_task.INFO: numbers -90 and -3 are wrong [] []
[2024-12-09T00:21:39.003284+00:00] neuffer.test_task.INFO: numbers -44 and 40 are wrong [] []
[2024-12-09T00:21:39.003293+00:00] neuffer.test_task.INFO: numbers -53 and -33 are wrong [] []
[2024-12-09T00:21:39.003302+00:00] neuffer.test_task.INFO: numbers -96 and -85 are wrong [] []
[2024-12-09T00:21:39.003311+00:00] neuffer.test_task.INFO: numbers -20 and 0 are wrong [] []
[2024-12-09T00:21:39.003320+00:00] neuffer.test_task.INFO: numbers -83 and 1 are wrong [] []
[2024-12-09T00:21:39.003337+00:00] neuffer.test_task.INFO: numbers -79 and 4 are wrong [] []
[2024-12-09T00:21:39.003353+00:00] neuffer.test_task.INFO: numbers -66 and 0 are wrong [] []
[2024-12-09T00:21:39.003365+00:00] neuffer.test_task.INFO: numbers -11 and 26 are wrong [] []
[2024-12-09T00:21:39.003379+00:00] neuffer.test_task.INFO: numbers -86 and 90 are wrong [] []
[2024-12-09T00:21:39.003388+00:00] neuffer.test_task.INFO: numbers -16 and 53 are wrong [] []
[2024-12-09T00:21:39.003400+00:00] neuffer.test_task.INFO: numbers -74 and 96 are wrong [] []
[2024-12-09T00:21:39.003411+00:00] neuffer.test_task.INFO: numbers -39 and 26 are wrong [] []
[2024-12-09T00:21:39.003420+00:00] neuffer.test_task.INFO: numbers -58 and 88 are wrong [] []
[2024-12-09T00:21:39.003442+00:00] neuffer.test_task.INFO: numbers -58 and -43 are wrong [] []
[2024-12-09T00:21:39.003455+00:00] neuffer.test_task.INFO: numbers -14 and 46 are wrong [] []
[2024-12-09T00:21:39.003467+00:00] neuffer.test_task.INFO: numbers -13 and 60 are wrong [] []
[2024-12-09T00:21:39.003479+00:00] neuffer.test_task.INFO: numbers -22 and 93 are wrong [] []
[2024-12-09T00:21:39.003488+00:00] neuffer.test_task.INFO: numbers -25 and 76 are wrong [] []
[2024-12-09T00:21:39.003496+00:00] neuffer.test_task.INFO: numbers -52 and -13 are wrong [] []
[2024-12-09T00:21:39.003505+00:00] neuffer.test_task.INFO: numbers -10 and 8 are wrong [] []
[2024-12-09T00:21:39.003514+00:00] neuffer.test_task.INFO: numbers -32 and -31 are wrong [] []
[2024-12-09T00:21:39.003523+00:00] neuffer.test_task.INFO: numbers -75 and -52 are wrong [] []
[2024-12-09T00:21:39.003532+00:00] neuffer.test_task.INFO: numbers -15 and 60 are wrong [] []
[2024-12-09T00:21:39.003541+00:00] neuffer.test_task.INFO: numbers -97 and -73 are wrong [] []
[2024-12-09T00:21:39.003556+00:00] neuffer.test_task.INFO: numbers 27 and 31 are wrong [] []
[2024-12-09T00:21:39.003600+00:00] neuffer.test_task.INFO: Finished minus operation   [] []
